<?xml version="1.0" encoding="UTF-8"?>
<testsuites name="Request_Moduler" time="883" tests="2" failures="2" errors="0">
   <testsuite name="Request_Moduler" tests="2" failures="2" errors="0" time="883" timestamp="2018-07-03 09:03:49" hostname="arokia.raj - N9449.intellectdesign.com" id="Test Suites/Request_Moduler">
      <properties>
         <property name="deviceName" value=""/>
         <property name="devicePlatform" value=""/>
         <property name="logFolder" value="D:\\Sheepa\\Katalon\\Studio Smoke Test\\Studio Smoke Test\\Reports\\Request_Moduler\\20180703_090341"/>
         <property name="logFiles" value="D:\\Sheepa\\Katalon\\Studio Smoke Test\\Studio Smoke Test\\Reports\\Request_Moduler\\20180703_090341\\execution0.log"/>
         <property name="attachments" value="D:\\Sheepa\\Katalon\\Studio Smoke Test\\Studio Smoke Test\\Reports\\Request_Moduler\\20180703_090341\\1530589009750.png, D:\\Sheepa\\Katalon\\Studio Smoke Test\\Studio Smoke Test\\Reports\\Request_Moduler\\20180703_090341\\1530589034993.png, D:\\Sheepa\\Katalon\\Studio Smoke Test\\Studio Smoke Test\\Reports\\Request_Moduler\\20180703_090341\\1530589069939.png, D:\\Sheepa\\Katalon\\Studio Smoke Test\\Studio Smoke Test\\Reports\\Request_Moduler\\20180703_090341\\1530589104066.png, D:\\Sheepa\\Katalon\\Studio Smoke Test\\Studio Smoke Test\\Reports\\Request_Moduler\\20180703_090341\\1530589140177.png, D:\\Sheepa\\Katalon\\Studio Smoke Test\\Studio Smoke Test\\Reports\\Request_Moduler\\20180703_090341\\1530589176251.png, D:\\Sheepa\\Katalon\\Studio Smoke Test\\Studio Smoke Test\\Reports\\Request_Moduler\\20180703_090341\\1530589208280.png, D:\\Sheepa\\Katalon\\Studio Smoke Test\\Studio Smoke Test\\Reports\\Request_Moduler\\20180703_090341\\1530589216044.png, D:\\Sheepa\\Katalon\\Studio Smoke Test\\Studio Smoke Test\\Reports\\Request_Moduler\\20180703_090341\\1530589248151.png, D:\\Sheepa\\Katalon\\Studio Smoke Test\\Studio Smoke Test\\Reports\\Request_Moduler\\20180703_090341\\1530589284166.png, D:\\Sheepa\\Katalon\\Studio Smoke Test\\Studio Smoke Test\\Reports\\Request_Moduler\\20180703_090341\\1530589373345.png, D:\\Sheepa\\Katalon\\Studio Smoke Test\\Studio Smoke Test\\Reports\\Request_Moduler\\20180703_090341\\1530589415282.png, D:\\Sheepa\\Katalon\\Studio Smoke Test\\Studio Smoke Test\\Reports\\Request_Moduler\\20180703_090341\\1530589447231.png, D:\\Sheepa\\Katalon\\Studio Smoke Test\\Studio Smoke Test\\Reports\\Request_Moduler\\20180703_090341\\1530589479185.png, D:\\Sheepa\\Katalon\\Studio Smoke Test\\Studio Smoke Test\\Reports\\Request_Moduler\\20180703_090341\\1530589511072.png, D:\\Sheepa\\Katalon\\Studio Smoke Test\\Studio Smoke Test\\Reports\\Request_Moduler\\20180703_090341\\1530589543069.png, D:\\Sheepa\\Katalon\\Studio Smoke Test\\Studio Smoke Test\\Reports\\Request_Moduler\\20180703_090341\\1530589574950.png, D:\\Sheepa\\Katalon\\Studio Smoke Test\\Studio Smoke Test\\Reports\\Request_Moduler\\20180703_090341\\1530589606862.png, D:\\Sheepa\\Katalon\\Studio Smoke Test\\Studio Smoke Test\\Reports\\Request_Moduler\\20180703_090341\\1530589638730.png, D:\\Sheepa\\Katalon\\Studio Smoke Test\\Studio Smoke Test\\Reports\\Request_Moduler\\20180703_090341\\1530589673690.png, D:\\Sheepa\\Katalon\\Studio Smoke Test\\Studio Smoke Test\\Reports\\Request_Moduler\\20180703_090341\\1530589711836.png"/>
         <property name="hostName" value="arokia.raj - N9449.intellectdesign.com"/>
         <property name="os" value="Windows 7 64bit"/>
         <property name="katalonVersion" value="5.4.1.1"/>
         <property name="browser" value="Chrome 67.0.3396.99"/>
         <property name="hostAddress" value="172.29.24.220"/>
         <property name="sessionId" value="87ec89bd21e7544251be0d4f85ea7677"/>
         <property name="seleniumVersion" value="3.7.1"/>
         <property name="proxyInformation" value="ProxyInformation{proxyOption=NO_PROXY, proxyServerType=HTTP, password=, proxyServerAddress=, proxyServerPort=0}"/>
         <property name="platform" value="Windows 7"/>
      </properties>
      <testcase name="Test Cases/Studio Smoke Test Cases/Common Functions" classname="Test Cases/Studio Smoke Test Cases/Common Functions" status="PASSED">
         <system-out><![CDATA[2018-07-03 09:03:50 - [TEST_CASE][PASSED] - Test Cases/Studio Smoke Test Cases/Common Functions: Test Cases/Studio Smoke Test Cases/Common Functions

2018-07-03 09:03:51 - [TEST_STEP][PASSED] - Statement - digi = generateRandomInt(9999999): null

2018-07-03 09:03:51 - [TEST_STEP][PASSED] - Statement - random = new java.util.Random(): null

2018-07-03 09:03:51 - [TEST_STEP][PASSED] - Statement - return random.nextInt(upperRange): null

2018-07-03 09:03:51 - [TEST_STEP][PASSED] - Statement - acc = generateRandomInt(999999999): null

2018-07-03 09:03:51 - [TEST_STEP][PASSED] - Statement - random = new java.util.Random(): null

2018-07-03 09:03:51 - [TEST_STEP][PASSED] - Statement - return random.nextInt(upperRange): null

2018-07-03 09:03:51 - [TEST_STEP][PASSED] - Statement - accNo = java.lang.String.valueOf(acc): null

2018-07-03 09:03:51 - [TEST_STEP][PASSED] - Statement - println(accNo): null

2018-07-03 09:03:51 - [TEST_STEP][PASSED] - Statement - form_id = "F" + digi: null

2018-07-03 09:03:51 - [TEST_STEP][PASSED] - Statement - println(form_id): null

2018-07-03 09:03:51 - [TEST_STEP][PASSED] - Statement - view_id = "AV" + digi: null

2018-07-03 09:03:51 - [TEST_STEP][PASSED] - Statement - println(view_id): null

2018-07-03 09:03:51 - [TEST_STEP][PASSED] - Statement - app_id = "AA" + digi: null

2018-07-03 09:03:51 - [TEST_STEP][PASSED] - Statement - println(app_id): null

2018-07-03 09:03:51 - [TEST_STEP][PASSED] - Statement - subWS_id = "ASUB" + digi: null

2018-07-03 09:03:51 - [TEST_STEP][PASSED] - Statement - println(subWS_id): null

2018-07-03 09:03:51 - [TEST_STEP][PASSED] - Statement - WS_id = "AWS" + digi: null

2018-07-03 09:03:51 - [TEST_STEP][PASSED] - Statement - println(WS_id): null

2018-07-03 09:03:51 - [TEST_STEP][PASSED] - Statement - req_id = "AR" + digi: null

2018-07-03 09:03:51 - [TEST_STEP][PASSED] - Statement - println(req_id): null

2018-07-03 09:03:51 - [TEST_STEP][PASSED] - Statement - filePath = "D:\Sheepa\Katalon\Studio Smoke Test\Studio Smoke Test\Data Files\Data Input.xls": null

2018-07-03 09:03:51 - [TEST_STEP][PASSED] - Statement - file = new java.io.File(filePath): null

2018-07-03 09:03:51 - [TEST_STEP][PASSED] - Statement - fis = new java.io.FileInputStream(file): null

2018-07-03 09:03:51 - [TEST_STEP][PASSED] - Statement - fileOut = new java.io.FileOutputStream(filePath): null

2018-07-03 09:03:51 - [TEST_STEP][PASSED] - Statement - workbook = new org.apache.poi.hssf.usermodel.HSSFWorkbook(): null

2018-07-03 09:03:51 - [TEST_STEP][PASSED] - Statement - st = workbook.createSheet("POI Worksheet"): null

2018-07-03 09:03:51 - [TEST_STEP][PASSED] - Statement - row = st.createRow(0): null

2018-07-03 09:03:51 - [TEST_STEP][PASSED] - Statement - cell0 = row.createCell(0): null

2018-07-03 09:03:51 - [TEST_STEP][PASSED] - Statement - cell0.setCellValue("FormID"): null

2018-07-03 09:03:52 - [TEST_STEP][PASSED] - Statement - cell1 = row.createCell(1): null

2018-07-03 09:03:52 - [TEST_STEP][PASSED] - Statement - cell1.setCellValue("ViewID"): null

2018-07-03 09:03:52 - [TEST_STEP][PASSED] - Statement - cell2 = row.createCell(2): null

2018-07-03 09:03:52 - [TEST_STEP][PASSED] - Statement - cell2.setCellValue("AppID"): null

2018-07-03 09:03:52 - [TEST_STEP][PASSED] - Statement - cell3 = row.createCell(3): null

2018-07-03 09:03:52 - [TEST_STEP][PASSED] - Statement - cell3.setCellValue("SubWSID"): null

2018-07-03 09:03:52 - [TEST_STEP][PASSED] - Statement - cell4 = row.createCell(4): null

2018-07-03 09:03:52 - [TEST_STEP][PASSED] - Statement - cell4.setCellValue("WSID"): null

2018-07-03 09:03:52 - [TEST_STEP][PASSED] - Statement - cell5 = row.createCell(5): null

2018-07-03 09:03:52 - [TEST_STEP][PASSED] - Statement - cell5.setCellValue("ReqMod_id"): null

2018-07-03 09:03:52 - [TEST_STEP][PASSED] - Statement - cell6 = row.createCell(6): null

2018-07-03 09:03:52 - [TEST_STEP][PASSED] - Statement - cell6.setCellValue("Acc_No"): null

2018-07-03 09:03:52 - [TEST_STEP][PASSED] - Statement - row1 = st.createRow(1): null

2018-07-03 09:03:52 - [TEST_STEP][PASSED] - Statement - cell01 = row1.createCell(0): null

2018-07-03 09:03:52 - [TEST_STEP][PASSED] - Statement - cell01.setCellValue(form_id): null

2018-07-03 09:03:52 - [TEST_STEP][PASSED] - Statement - cell11 = row1.createCell(1): null

2018-07-03 09:03:52 - [TEST_STEP][PASSED] - Statement - cell11.setCellValue(view_id): null

2018-07-03 09:03:52 - [TEST_STEP][PASSED] - Statement - cell21 = row1.createCell(2): null

2018-07-03 09:03:52 - [TEST_STEP][PASSED] - Statement - cell21.setCellValue(app_id): null

2018-07-03 09:03:52 - [TEST_STEP][PASSED] - Statement - cell31 = row1.createCell(3): null

2018-07-03 09:03:52 - [TEST_STEP][PASSED] - Statement - cell31.setCellValue(subWS_id): null

2018-07-03 09:03:52 - [TEST_STEP][PASSED] - Statement - cell41 = row1.createCell(4): null

2018-07-03 09:03:52 - [TEST_STEP][PASSED] - Statement - cell41.setCellValue(WS_id): null

2018-07-03 09:03:52 - [TEST_STEP][PASSED] - Statement - cell51 = row1.createCell(5): null

2018-07-03 09:03:52 - [TEST_STEP][PASSED] - Statement - cell51.setCellValue(req_id): null

2018-07-03 09:03:52 - [TEST_STEP][PASSED] - Statement - cell61 = row1.createCell(6): null

2018-07-03 09:03:52 - [TEST_STEP][PASSED] - Statement - cell61.setCellValue(accNo): null

2018-07-03 09:03:52 - [TEST_STEP][PASSED] - Statement - workbook.write(fileOut): null

2018-07-03 09:03:52 - [TEST_STEP][PASSED] - Statement - f_id = row1.getCell(0): null

2018-07-03 09:03:52 - [TEST_STEP][PASSED] - Statement - println(f_id): null

2018-07-03 09:03:52 - [TEST_STEP][PASSED] - Statement - Map_TC1 = [:]: null

2018-07-03 09:03:52 - [TEST_STEP][PASSED] - Statement - Map_TC1.put("formID", f_id): null

2018-07-03 09:03:52 - [TEST_STEP][PASSED] - Statement - Map_TC1.put("viewID", row1.getCell(1)): null

2018-07-03 09:03:52 - [TEST_STEP][PASSED] - Statement - Map_TC1.put("appID", row1.getCell(2)): null

2018-07-03 09:03:52 - [TEST_STEP][PASSED] - Statement - Map_TC1.put("subWSID", row1.getCell(3)): null

2018-07-03 09:03:53 - [TEST_STEP][PASSED] - Statement - Map_TC1.put("WSID", row1.getCell(4)): null

2018-07-03 09:03:53 - [TEST_STEP][PASSED] - Statement - Map_TC1.put("REQID", row1.getCell(5)): null

2018-07-03 09:03:53 - [TEST_STEP][PASSED] - Statement - Map_TC1.put("AccNo", row1.getCell(6)): null

2018-07-03 09:03:53 - [TEST_STEP][PASSED] - Statement - fileOut.flush(): null

2018-07-03 09:03:53 - [TEST_STEP][PASSED] - Statement - fileOut.close(): null

2018-07-03 09:03:53 - [TEST_STEP][PASSED] - Statement - return Map_TC1: null]]></system-out>
         <system-err><![CDATA[]]></system-err>
      </testcase>
      <testcase name="Test Cases/Studio Smoke Test Cases/ReadExcel" classname="Test Cases/Studio Smoke Test Cases/ReadExcel" status="PASSED">
         <system-out><![CDATA[2018-07-03 09:03:53 - [TEST_CASE][PASSED] - Test Cases/Studio Smoke Test Cases/ReadExcel: Test Cases/Studio Smoke Test Cases/ReadExcel

2018-07-03 09:03:53 - [TEST_STEP][PASSED] - Statement - path = "D:\Sheepa\Katalon\Studio Smoke Test\Studio Smoke Test\Data Files\Data Input.xls": null

2018-07-03 09:03:53 - [TEST_STEP][PASSED] - Statement - fis = new java.io.FileInputStream(path): null

2018-07-03 09:03:53 - [TEST_STEP][PASSED] - Statement - hssfWorkbook = new org.apache.poi.hssf.usermodel.HSSFWorkbook(fis): null

2018-07-03 09:03:54 - [TEST_STEP][PASSED] - Statement - sc = hssfWorkbook.getNumberOfSheets(): null

2018-07-03 09:03:54 - [TEST_STEP][PASSED] - Statement - println(sc): null

2018-07-03 09:03:54 - [TEST_STEP][PASSED] - Statement - hssfSheet = hssfWorkbook.getSheetAt(0): null

2018-07-03 09:03:54 - [TEST_STEP][PASSED] - Statement - hssfRow = hssfSheet.getRow(1): null

2018-07-03 09:03:54 - [TEST_STEP][PASSED] - Statement - fid = hssfRow.getCell(0): null

2018-07-03 09:03:54 - [TEST_STEP][PASSED] - Statement - vid = hssfRow.getCell(1): null

2018-07-03 09:03:54 - [TEST_STEP][PASSED] - Statement - aid = hssfRow.getCell(2): null

2018-07-03 09:03:54 - [TEST_STEP][PASSED] - Statement - subid = hssfRow.getCell(3): null

2018-07-03 09:03:54 - [TEST_STEP][PASSED] - Statement - wsid = hssfRow.getCell(4): null

2018-07-03 09:03:54 - [TEST_STEP][PASSED] - Statement - reqid = hssfRow.getCell(5): null

2018-07-03 09:03:54 - [TEST_STEP][PASSED] - Statement - accNo = hssfRow.getCell(6): null

2018-07-03 09:03:54 - [TEST_STEP][PASSED] - Statement - println(vid): null

2018-07-03 09:03:54 - [TEST_STEP][PASSED] - Statement - map = [:]: null

2018-07-03 09:03:54 - [TEST_STEP][PASSED] - Statement - map.put("formID", fid): null

2018-07-03 09:03:54 - [TEST_STEP][PASSED] - Statement - map.put("viewID", vid): null

2018-07-03 09:03:54 - [TEST_STEP][PASSED] - Statement - map.put("appID", aid): null

2018-07-03 09:03:54 - [TEST_STEP][PASSED] - Statement - map.put("subWSID", subid): null

2018-07-03 09:03:54 - [TEST_STEP][PASSED] - Statement - map.put("WSID", wsid): null

2018-07-03 09:03:54 - [TEST_STEP][PASSED] - Statement - map.put("REQID", reqid): null

2018-07-03 09:03:56 - [TEST_STEP][PASSED] - Statement - map.put("AccNo", accNo): null

2018-07-03 09:03:56 - [TEST_STEP][PASSED] - Statement - return map: null]]></system-out>
         <system-err><![CDATA[]]></system-err>
      </testcase>
      <testcase name="Test Cases/Smoke Test/New Test Request Moduler" classname="Test Cases/Smoke Test/New Test Request Moduler" status="FAILED">
         <failure type="FAILED" message="Unable to click on object 'Object Repository/New_Test_Create_Request Moduler/Page_Canvas World/enter_workspaceId' (Root cause: com.kms.katalon.core.webui.exception.WebElementNotFoundException: Web element with id: 'Object Repository/New_Test_Create_Request Moduler/Page_Canvas World/enter_workspaceId' located by 'By.xpath: //input[@id='REQ_DEFAULT_PREF_WSMENU-WORKSPACE_ID']' not found)"/>
         <system-out><![CDATA[2018-07-03 09:03:56 - [TEST_CASE][FAILED] - Test Cases/Smoke Test/New Test Request Moduler: Test Cases/Smoke Test/New Test Request Moduler FAILED because (of) Unable to click on object 'Object Repository/New_Test_Create_Request Moduler/Page_Canvas World/enter_workspaceId' (Root cause: com.kms.katalon.core.webui.exception.WebElementNotFoundException: Web element with id: 'Object Repository/New_Test_Create_Request Moduler/Page_Canvas World/enter_workspaceId' located by 'By.xpath: //input[@id='REQ_DEFAULT_PREF_WSMENU-WORKSPACE_ID']' not found)

2018-07-03 09:03:56 - [TEST_STEP][PASSED] - Statement - common = com.kms.katalon.core.webui.keyword.WebUiBuiltInKeywords.callTestCase(com.kms.katalon.core.testcase.TestCaseFactory.findTestCase(Test Cases/Studio Smoke Test Cases/ReadExcel), [:]): Call Test Case 'Test Cases/Studio Smoke Test Cases/ReadExcel' successfully

2018-07-03 09:03:57 - [TEST_CASE][PASSED] - Test Cases/Studio Smoke Test Cases/ReadExcel: Test Cases/Studio Smoke Test Cases/ReadExcel

2018-07-03 09:03:57 - [TEST_STEP][PASSED] - Statement - path = "D:\Sheepa\Katalon\Studio Smoke Test\Studio Smoke Test\Data Files\Data Input.xls": null

2018-07-03 09:03:57 - [TEST_STEP][PASSED] - Statement - fis = new java.io.FileInputStream(path): null

2018-07-03 09:03:57 - [TEST_STEP][PASSED] - Statement - hssfWorkbook = new org.apache.poi.hssf.usermodel.HSSFWorkbook(fis): null

2018-07-03 09:03:57 - [TEST_STEP][PASSED] - Statement - sc = hssfWorkbook.getNumberOfSheets(): null

2018-07-03 09:03:57 - [TEST_STEP][PASSED] - Statement - println(sc): null

2018-07-03 09:03:57 - [TEST_STEP][PASSED] - Statement - hssfSheet = hssfWorkbook.getSheetAt(0): null

2018-07-03 09:03:57 - [TEST_STEP][PASSED] - Statement - hssfRow = hssfSheet.getRow(1): null

2018-07-03 09:03:57 - [TEST_STEP][PASSED] - Statement - fid = hssfRow.getCell(0): null

2018-07-03 09:03:57 - [TEST_STEP][PASSED] - Statement - vid = hssfRow.getCell(1): null

2018-07-03 09:03:57 - [TEST_STEP][PASSED] - Statement - aid = hssfRow.getCell(2): null

2018-07-03 09:03:57 - [TEST_STEP][PASSED] - Statement - subid = hssfRow.getCell(3): null

2018-07-03 09:03:57 - [TEST_STEP][PASSED] - Statement - wsid = hssfRow.getCell(4): null

2018-07-03 09:03:57 - [TEST_STEP][PASSED] - Statement - reqid = hssfRow.getCell(5): null

2018-07-03 09:03:57 - [TEST_STEP][PASSED] - Statement - accNo = hssfRow.getCell(6): null

2018-07-03 09:03:57 - [TEST_STEP][PASSED] - Statement - println(vid): null

2018-07-03 09:03:57 - [TEST_STEP][PASSED] - Statement - map = [:]: null

2018-07-03 09:03:57 - [TEST_STEP][PASSED] - Statement - map.put("formID", fid): null

2018-07-03 09:03:57 - [TEST_STEP][PASSED] - Statement - map.put("viewID", vid): null

2018-07-03 09:03:57 - [TEST_STEP][PASSED] - Statement - map.put("appID", aid): null

2018-07-03 09:03:57 - [TEST_STEP][PASSED] - Statement - map.put("subWSID", subid): null

2018-07-03 09:03:57 - [TEST_STEP][PASSED] - Statement - map.put("WSID", wsid): null

2018-07-03 09:03:57 - [TEST_STEP][PASSED] - Statement - map.put("REQID", reqid): null

2018-07-03 09:03:57 - [TEST_STEP][PASSED] - Statement - map.put("AccNo", accNo): null

2018-07-03 09:03:58 - [TEST_STEP][PASSED] - Statement - return map: null

2018-07-03 09:03:58 - [MESSAGE][PASSED] - Call Test Case 'Test Cases/Studio Smoke Test Cases/ReadExcel' successfully

2018-07-03 09:03:58 - [TEST_STEP][PASSED] - Statement - req_id = common["REQID"]: null

2018-07-03 09:03:58 - [TEST_STEP][PASSED] - Statement - println(req_id): null

2018-07-03 09:03:58 - [TEST_STEP][PASSED] - Statement - ws_id = common["WSID"]: null

2018-07-03 09:03:58 - [TEST_STEP][PASSED] - Statement - println(ws_id): null

2018-07-03 09:03:58 - [TEST_STEP][PASSED] - openBrowser: Browser is opened with url: ''

2018-07-03 09:04:18 - [MESSAGE][PASSED] - Browser is opened with url: ''

2018-07-03 09:04:18 - [TEST_STEP][PASSED] - maximizeWindow: Current window maximized

2018-07-03 09:04:19 - [MESSAGE][PASSED] - Current window maximized

2018-07-03 09:04:19 - [TEST_STEP][PASSED] - navigateToUrl: Navigate to 'http://localhost:8082/expertctstudio/' successfully

2018-07-03 09:04:43 - [MESSAGE][PASSED] - Navigate to 'http://localhost:8082/expertctstudio/' successfully

2018-07-03 09:04:43 - [TEST_STEP][PASSED] - Statement - java.lang.Thread.sleep(3000): null

2018-07-03 09:04:46 - [TEST_STEP][PASSED] - setText: Text 'CTSTUD1' is set on object 'Object Repository/New_Test_Create_Form/Page_Expert CT Studio/input_loginID'

2018-07-03 09:04:46 - [MESSAGE][PASSED] - Text 'CTSTUD1' is set on object 'Object Repository/New_Test_Create_Form/Page_Expert CT Studio/input_loginID'

2018-07-03 09:04:46 - [TEST_STEP][PASSED] - setText: Text 'TEST123' is set on object 'Object Repository/New_Test_Create_Form/Page_Expert CT Studio/input_loginPSW'

2018-07-03 09:04:47 - [MESSAGE][PASSED] - Text 'TEST123' is set on object 'Object Repository/New_Test_Create_Form/Page_Expert CT Studio/input_loginPSW'

2018-07-03 09:04:47 - [TEST_STEP][PASSED] - click: Object: 'Object Repository/New_Test_Create_Form/Page_Expert CT Studio/input_commit' is clicked on

2018-07-03 09:04:49 - [MESSAGE][PASSED] - Object: 'Object Repository/New_Test_Create_Form/Page_Expert CT Studio/input_commit' is clicked on

2018-07-03 09:04:49 - [TEST_STEP][PASSED] - waitForPageLoad: Wait for page load successfully

2018-07-03 09:04:49 - [MESSAGE][PASSED] - Wait for page load successfully

2018-07-03 09:04:49 - [TEST_STEP][NOT_RUN] - Statement - pageHeader = com.kms.katalon.core.webui.keyword.WebUiBuiltInKeywords.getText(com.kms.katalon.core.testobject.ObjectRepository.findTestObject(New_Test_Create_Form/Page_Canvas World/get_HomePage_Header)): NOT_RUN: Statement - pageHeader = com.kms.katalon.core.webui.keyword.WebUiBuiltInKeywords.getText(com.kms.katalon.core.testobject.ObjectRepository.findTestObject(New_Test_Create_Form/Page_Canvas World/get_HomePage_Header))

2018-07-03 09:04:49 - [MESSAGE][NOT_RUN] - NOT_RUN: Statement - pageHeader = com.kms.katalon.core.webui.keyword.WebUiBuiltInKeywords.getText(com.kms.katalon.core.testobject.ObjectRepository.findTestObject(New_Test_Create_Form/Page_Canvas World/get_HomePage_Header))

2018-07-03 09:04:49 - [TEST_STEP][NOT_RUN] - Statement - println(pageHeader): NOT_RUN: Statement - println(pageHeader)

2018-07-03 09:04:49 - [MESSAGE][NOT_RUN] - NOT_RUN: Statement - println(pageHeader)

2018-07-03 09:04:49 - [TEST_STEP][NOT_RUN] - Statement - assert pageHeader == "WORKSPACE CANVAS LIST": NOT_RUN: Statement - assert pageHeader == "WORKSPACE CANVAS LIST"

2018-07-03 09:04:49 - [MESSAGE][NOT_RUN] - NOT_RUN: Statement - assert pageHeader == "WORKSPACE CANVAS LIST"

2018-07-03 09:04:49 - [TEST_STEP][PASSED] - click: Object: 'Object Repository/New_Test_Create_Request Moduler/Page_Canvas World/span_Create' is clicked on

2018-07-03 09:04:51 - [MESSAGE][PASSED] - Object: 'Object Repository/New_Test_Create_Request Moduler/Page_Canvas World/span_Create' is clicked on

2018-07-03 09:04:51 - [TEST_STEP][PASSED] - click: Object: 'Object Repository/New_Test_Create_Request Moduler/Page_Canvas World/span_Request_Modular' is clicked on

2018-07-03 09:04:52 - [MESSAGE][PASSED] - Object: 'Object Repository/New_Test_Create_Request Moduler/Page_Canvas World/span_Request_Modular' is clicked on

2018-07-03 09:04:52 - [TEST_STEP][PASSED] - waitForPageLoad: Wait for page load successfully

2018-07-03 09:04:52 - [MESSAGE][PASSED] - Wait for page load successfully

2018-07-03 09:04:52 - [TEST_STEP][PASSED] - click: Object: 'Object Repository/New_Test_Create_Request Moduler/Page_Canvas World/click_Req_id' is clicked on

2018-07-03 09:04:55 - [MESSAGE][PASSED] - Object: 'Object Repository/New_Test_Create_Request Moduler/Page_Canvas World/click_Req_id' is clicked on

2018-07-03 09:04:55 - [TEST_STEP][PASSED] - setText: Text 'AR959703' is set on object 'Object Repository/New_Test_Create_Request Moduler/Page_Canvas World/click_Req_id'

2018-07-03 09:04:56 - [MESSAGE][PASSED] - Text 'AR959703' is set on object 'Object Repository/New_Test_Create_Request Moduler/Page_Canvas World/click_Req_id'

2018-07-03 09:04:56 - [TEST_STEP][PASSED] - click: Object: 'Object Repository/New_Test_Create_Request Moduler/Page_Canvas World/click_Req_Name' is clicked on

2018-07-03 09:04:56 - [MESSAGE][PASSED] - Object: 'Object Repository/New_Test_Create_Request Moduler/Page_Canvas World/click_Req_Name' is clicked on

2018-07-03 09:04:56 - [TEST_STEP][PASSED] - setText: Text 'AR959703' is set on object 'Object Repository/New_Test_Create_Request Moduler/Page_Canvas World/click_Req_Name'

2018-07-03 09:04:57 - [MESSAGE][PASSED] - Text 'AR959703' is set on object 'Object Repository/New_Test_Create_Request Moduler/Page_Canvas World/click_Req_Name'

2018-07-03 09:04:57 - [TEST_STEP][PASSED] - Statement - service_type = com.kms.katalon.core.testdata.TestDataFactory.findTestData(Req_Mod_Test Data).getValue("Service_Type", 1): Reading excel file with source file 'C:\Users\arokia.raj\Desktop\Req_Mod_Test Data.xls' and sheet name 'Login'

2018-07-03 09:04:57 - [TEST_STEP][PASSED] - Statement - If (service_type == "HAL"): null

2018-07-03 09:04:57 - [TEST_STEP][PASSED] - Statement - Else If (service_type == "Web Service"): null

2018-07-03 09:04:57 - [TEST_STEP][PASSED] - Statement - Else: null

2018-07-03 09:04:57 - [TEST_STEP][PASSED] - Statement - println("Service Type is DATABASE"): null

2018-07-03 09:04:57 - [TEST_STEP][PASSED] - Statement - request_type = com.kms.katalon.core.testdata.TestDataFactory.findTestData(Req_Mod_Test Data).getValue("Req_type", 1): Reading excel file with source file 'C:\Users\arokia.raj\Desktop\Req_Mod_Test Data.xls' and sheet name 'Login'

2018-07-03 09:04:57 - [TEST_STEP][PASSED] - Statement - If (request_type == "Admin"): Object: 'Object Repository/New_Test_Create_Request Moduler/Page_Canvas World/Req_Type_Admin' is clicked on

2018-07-03 09:04:57 - [TEST_STEP][PASSED] - click: Object: 'Object Repository/New_Test_Create_Request Moduler/Page_Canvas World/Req_Type_Admin' is clicked on

2018-07-03 09:04:57 - [MESSAGE][PASSED] - Object: 'Object Repository/New_Test_Create_Request Moduler/Page_Canvas World/Req_Type_Admin' is clicked on

2018-07-03 09:04:57 - [TEST_STEP][PASSED] - Statement - request_mode = com.kms.katalon.core.testdata.TestDataFactory.findTestData(Req_Mod_Test Data).getValue("Req_mode", 1): Reading excel file with source file 'C:\Users\arokia.raj\Desktop\Req_Mod_Test Data.xls' and sheet name 'Login'

2018-07-03 09:04:57 - [TEST_STEP][PASSED] - Statement - If (request_mode == "Private"): null

2018-07-03 09:04:57 - [TEST_STEP][PASSED] - Statement - Else If (request_mode == "Public"): Object: 'Object Repository/New_Test_Create_Request Moduler/Page_Canvas World/req_mode_public' is clicked on

2018-07-03 09:04:57 - [TEST_STEP][PASSED] - click: Object: 'Object Repository/New_Test_Create_Request Moduler/Page_Canvas World/req_mode_public' is clicked on

2018-07-03 09:04:57 - [MESSAGE][PASSED] - Object: 'Object Repository/New_Test_Create_Request Moduler/Page_Canvas World/req_mode_public' is clicked on

2018-07-03 09:04:57 - [TEST_STEP][PASSED] - click: Object: 'Object Repository/New_Test_Create_Request Moduler/Page_Canvas World/bundle_key' is clicked on

2018-07-03 09:04:57 - [MESSAGE][PASSED] - Object: 'Object Repository/New_Test_Create_Request Moduler/Page_Canvas World/bundle_key' is clicked on

2018-07-03 09:04:57 - [TEST_STEP][PASSED] - setText: Text 'COMMON' is set on object 'Object Repository/New_Test_Create_Request Moduler/Page_Canvas World/bundle_key'

2018-07-03 09:04:58 - [MESSAGE][PASSED] - Text 'COMMON' is set on object 'Object Repository/New_Test_Create_Request Moduler/Page_Canvas World/bundle_key'

2018-07-03 09:04:58 - [TEST_STEP][PASSED] - Statement - req_category = com.kms.katalon.core.testdata.TestDataFactory.findTestData(Req_Mod_Test Data).getValue("Req_category", 1): Reading excel file with source file 'C:\Users\arokia.raj\Desktop\Req_Mod_Test Data.xls' and sheet name 'Login'

2018-07-03 09:04:58 - [TEST_STEP][PASSED] - selectOptionByValue: All options with value 'LIBRARY' are selected in object 'Object Repository/New_Test_Create_Request Moduler/Page_Canvas World/req_category' 

2018-07-03 09:04:58 - [MESSAGE][PASSED] - All options with value 'LIBRARY' are selected in object 'Object Repository/New_Test_Create_Request Moduler/Page_Canvas World/req_category' 

2018-07-03 09:04:58 - [TEST_STEP][PASSED] - click: Object: 'Object Repository/New_Test_Create_Request Moduler/Page_Canvas World/req_desc' is clicked on

2018-07-03 09:04:58 - [MESSAGE][PASSED] - Object: 'Object Repository/New_Test_Create_Request Moduler/Page_Canvas World/req_desc' is clicked on

2018-07-03 09:04:58 - [TEST_STEP][PASSED] - setText: Text 'This is a new request' is set on object 'Object Repository/New_Test_Create_Request Moduler/Page_Canvas World/req_desc'

2018-07-03 09:04:59 - [MESSAGE][PASSED] - Text 'This is a new request' is set on object 'Object Repository/New_Test_Create_Request Moduler/Page_Canvas World/req_desc'

2018-07-03 09:04:59 - [TEST_STEP][PASSED] - click: Object: 'Object Repository/New_Test_Create_Request Moduler/Page_Canvas World/search_connection' is clicked on

2018-07-03 09:04:59 - [MESSAGE][PASSED] - Object: 'Object Repository/New_Test_Create_Request Moduler/Page_Canvas World/search_connection' is clicked on

2018-07-03 09:04:59 - [TEST_STEP][PASSED] - delay: Delayed 4 second(s)

2018-07-03 09:05:03 - [MESSAGE][PASSED] - Delayed 4 second(s)

2018-07-03 09:05:03 - [TEST_STEP][PASSED] - Statement - selectDB = "//span[starts-with(text(), '" + com.kms.katalon.core.testdata.TestDataFactory.findTestData(Req_Mod_Test Data).getValue("DB_Name", 1) + "')]": Reading excel file with source file 'C:\Users\arokia.raj\Desktop\Req_Mod_Test Data.xls' and sheet name 'Login'

2018-07-03 09:05:03 - [TEST_STEP][PASSED] - Statement - println(selectDB): null

2018-07-03 09:05:03 - [TEST_STEP][PASSED] - Statement - dynamicObject = new com.kms.katalon.core.testobject.TestObject(selectDB).addProperty("xpath", EQUALS, selectDB, true): null

2018-07-03 09:05:03 - [TEST_STEP][PASSED] - waitForElementVisible: Object '//span[starts-with(text(), 'CONN1')]' is visible

2018-07-03 09:05:03 - [MESSAGE][PASSED] - Object '//span[starts-with(text(), 'CONN1')]' is visible

2018-07-03 09:05:03 - [TEST_STEP][PASSED] - doubleClick: Object: '//span[starts-with(text(), 'CONN1')]' is double clicked on

2018-07-03 09:05:03 - [MESSAGE][PASSED] - Object: '//span[starts-with(text(), 'CONN1')]' is double clicked on

2018-07-03 09:05:03 - [TEST_STEP][PASSED] - doubleClick: Object: '//span[starts-with(text(), 'CONN1')]' is double clicked on

2018-07-03 09:05:03 - [MESSAGE][PASSED] - Object: '//span[starts-with(text(), 'CONN1')]' is double clicked on

2018-07-03 09:05:03 - [TEST_STEP][PASSED] - delay: Delayed 6 second(s)

2018-07-03 09:05:09 - [MESSAGE][PASSED] - Delayed 6 second(s)

2018-07-03 09:05:09 - [TEST_STEP][PASSED] - Statement - For ([i = 1, i <= 3, (i++)]): All options with value 'CUSER' are selected in object '(//select[@id='REQ_ENTITLEMENT_FRM-REQ_PRODUCT'])[3]' 

2018-07-03 09:05:09 - [TEST_STEP][PASSED] - Statement - prdtDetails = "(//select[@id='REQ_ENTITLEMENT_FRM-REQ_PRODUCT'])[" + i + "]": null

2018-07-03 09:05:09 - [TEST_STEP][PASSED] - Statement - println(prdtDetails): null

2018-07-03 09:05:09 - [TEST_STEP][PASSED] - Statement - dynamicObject1 = new com.kms.katalon.core.testobject.TestObject(prdtDetails).addProperty("xpath", EQUALS, prdtDetails, true): null

2018-07-03 09:05:09 - [TEST_STEP][PASSED] - waitForElementVisible: Object '(//select[@id='REQ_ENTITLEMENT_FRM-REQ_PRODUCT'])[1]' is visible

2018-07-03 09:05:09 - [MESSAGE][PASSED] - Object '(//select[@id='REQ_ENTITLEMENT_FRM-REQ_PRODUCT'])[1]' is visible

2018-07-03 09:05:09 - [TEST_STEP][PASSED] - selectOptionByValue: All options with value 'CUSER' are selected in object '(//select[@id='REQ_ENTITLEMENT_FRM-REQ_PRODUCT'])[1]' 

2018-07-03 09:05:10 - [MESSAGE][PASSED] - All options with value 'CUSER' are selected in object '(//select[@id='REQ_ENTITLEMENT_FRM-REQ_PRODUCT'])[1]' 

2018-07-03 09:05:10 - [TEST_STEP][PASSED] - Statement - prdtDetails = "(//select[@id='REQ_ENTITLEMENT_FRM-REQ_PRODUCT'])[" + i + "]": null

2018-07-03 09:05:10 - [TEST_STEP][PASSED] - Statement - println(prdtDetails): null

2018-07-03 09:05:10 - [TEST_STEP][PASSED] - Statement - dynamicObject1 = new com.kms.katalon.core.testobject.TestObject(prdtDetails).addProperty("xpath", EQUALS, prdtDetails, true): null

2018-07-03 09:05:10 - [TEST_STEP][PASSED] - waitForElementVisible: Object '(//select[@id='REQ_ENTITLEMENT_FRM-REQ_PRODUCT'])[2]' is visible

2018-07-03 09:05:10 - [MESSAGE][PASSED] - Object '(//select[@id='REQ_ENTITLEMENT_FRM-REQ_PRODUCT'])[2]' is visible

2018-07-03 09:05:10 - [TEST_STEP][PASSED] - selectOptionByValue: All options with value 'CUSER' are selected in object '(//select[@id='REQ_ENTITLEMENT_FRM-REQ_PRODUCT'])[2]' 

2018-07-03 09:05:10 - [MESSAGE][PASSED] - All options with value 'CUSER' are selected in object '(//select[@id='REQ_ENTITLEMENT_FRM-REQ_PRODUCT'])[2]' 

2018-07-03 09:05:10 - [TEST_STEP][PASSED] - Statement - prdtDetails = "(//select[@id='REQ_ENTITLEMENT_FRM-REQ_PRODUCT'])[" + i + "]": null

2018-07-03 09:05:10 - [TEST_STEP][PASSED] - Statement - println(prdtDetails): null

2018-07-03 09:05:10 - [TEST_STEP][PASSED] - Statement - dynamicObject1 = new com.kms.katalon.core.testobject.TestObject(prdtDetails).addProperty("xpath", EQUALS, prdtDetails, true): null

2018-07-03 09:05:10 - [TEST_STEP][PASSED] - waitForElementVisible: Object '(//select[@id='REQ_ENTITLEMENT_FRM-REQ_PRODUCT'])[3]' is visible

2018-07-03 09:05:10 - [MESSAGE][PASSED] - Object '(//select[@id='REQ_ENTITLEMENT_FRM-REQ_PRODUCT'])[3]' is visible

2018-07-03 09:05:10 - [TEST_STEP][PASSED] - selectOptionByValue: All options with value 'CUSER' are selected in object '(//select[@id='REQ_ENTITLEMENT_FRM-REQ_PRODUCT'])[3]' 

2018-07-03 09:05:10 - [MESSAGE][PASSED] - All options with value 'CUSER' are selected in object '(//select[@id='REQ_ENTITLEMENT_FRM-REQ_PRODUCT'])[3]' 

2018-07-03 09:05:10 - [TEST_STEP][PASSED] - Statement - For ([j = 1, j <= 3, (j++)]): All options with value 'CUSER' are selected in object '(//select[@id='REQ_ENTITLEMENT_FRM-REQ_SUB_PRODUCT'])[3]' 

2018-07-03 09:05:10 - [TEST_STEP][PASSED] - Statement - subprdtDetails = "(//select[@id='REQ_ENTITLEMENT_FRM-REQ_SUB_PRODUCT'])[" + j + "]": null

2018-07-03 09:05:10 - [TEST_STEP][PASSED] - Statement - println(subprdtDetails): null

2018-07-03 09:05:10 - [TEST_STEP][PASSED] - Statement - dynamicObject2 = new com.kms.katalon.core.testobject.TestObject(subprdtDetails).addProperty("xpath", EQUALS, subprdtDetails, true): null

2018-07-03 09:05:10 - [TEST_STEP][PASSED] - waitForElementVisible: Object '(//select[@id='REQ_ENTITLEMENT_FRM-REQ_SUB_PRODUCT'])[1]' is visible

2018-07-03 09:05:11 - [MESSAGE][PASSED] - Object '(//select[@id='REQ_ENTITLEMENT_FRM-REQ_SUB_PRODUCT'])[1]' is visible

2018-07-03 09:05:11 - [TEST_STEP][PASSED] - selectOptionByValue: All options with value 'CUSER' are selected in object '(//select[@id='REQ_ENTITLEMENT_FRM-REQ_SUB_PRODUCT'])[1]' 

2018-07-03 09:05:11 - [MESSAGE][PASSED] - All options with value 'CUSER' are selected in object '(//select[@id='REQ_ENTITLEMENT_FRM-REQ_SUB_PRODUCT'])[1]' 

2018-07-03 09:05:11 - [TEST_STEP][PASSED] - Statement - subprdtDetails = "(//select[@id='REQ_ENTITLEMENT_FRM-REQ_SUB_PRODUCT'])[" + j + "]": null

2018-07-03 09:05:11 - [TEST_STEP][PASSED] - Statement - println(subprdtDetails): null

2018-07-03 09:05:11 - [TEST_STEP][PASSED] - Statement - dynamicObject2 = new com.kms.katalon.core.testobject.TestObject(subprdtDetails).addProperty("xpath", EQUALS, subprdtDetails, true): null

2018-07-03 09:05:11 - [TEST_STEP][PASSED] - waitForElementVisible: Object '(//select[@id='REQ_ENTITLEMENT_FRM-REQ_SUB_PRODUCT'])[2]' is visible

2018-07-03 09:05:11 - [MESSAGE][PASSED] - Object '(//select[@id='REQ_ENTITLEMENT_FRM-REQ_SUB_PRODUCT'])[2]' is visible

2018-07-03 09:05:11 - [TEST_STEP][PASSED] - selectOptionByValue: All options with value 'CUSER' are selected in object '(//select[@id='REQ_ENTITLEMENT_FRM-REQ_SUB_PRODUCT'])[2]' 

2018-07-03 09:05:12 - [MESSAGE][PASSED] - All options with value 'CUSER' are selected in object '(//select[@id='REQ_ENTITLEMENT_FRM-REQ_SUB_PRODUCT'])[2]' 

2018-07-03 09:05:12 - [TEST_STEP][PASSED] - Statement - subprdtDetails = "(//select[@id='REQ_ENTITLEMENT_FRM-REQ_SUB_PRODUCT'])[" + j + "]": null

2018-07-03 09:05:12 - [TEST_STEP][PASSED] - Statement - println(subprdtDetails): null

2018-07-03 09:05:12 - [TEST_STEP][PASSED] - Statement - dynamicObject2 = new com.kms.katalon.core.testobject.TestObject(subprdtDetails).addProperty("xpath", EQUALS, subprdtDetails, true): null

2018-07-03 09:05:12 - [TEST_STEP][PASSED] - waitForElementVisible: Object '(//select[@id='REQ_ENTITLEMENT_FRM-REQ_SUB_PRODUCT'])[3]' is visible

2018-07-03 09:05:12 - [MESSAGE][PASSED] - Object '(//select[@id='REQ_ENTITLEMENT_FRM-REQ_SUB_PRODUCT'])[3]' is visible

2018-07-03 09:05:12 - [TEST_STEP][PASSED] - selectOptionByValue: All options with value 'CUSER' are selected in object '(//select[@id='REQ_ENTITLEMENT_FRM-REQ_SUB_PRODUCT'])[3]' 

2018-07-03 09:05:12 - [MESSAGE][PASSED] - All options with value 'CUSER' are selected in object '(//select[@id='REQ_ENTITLEMENT_FRM-REQ_SUB_PRODUCT'])[3]' 

2018-07-03 09:05:12 - [TEST_STEP][PASSED] - selectOptionByValue: All options with value 'INIT' are selected in object 'Object Repository/New_Test_Create_Request Moduler/Page_Canvas World/func_initiate' 

2018-07-03 09:05:13 - [MESSAGE][PASSED] - All options with value 'INIT' are selected in object 'Object Repository/New_Test_Create_Request Moduler/Page_Canvas World/func_initiate' 

2018-07-03 09:05:13 - [TEST_STEP][PASSED] - selectOptionByValue: All options with value 'APPROVE' are selected in object 'Object Repository/New_Test_Create_Request Moduler/Page_Canvas World/func_approve' 

2018-07-03 09:05:14 - [MESSAGE][PASSED] - All options with value 'APPROVE' are selected in object 'Object Repository/New_Test_Create_Request Moduler/Page_Canvas World/func_approve' 

2018-07-03 09:05:14 - [TEST_STEP][PASSED] - selectOptionByValue: All options with value 'VIEW' are selected in object 'Object Repository/New_Test_Create_Request Moduler/Page_Canvas World/func_enquiry' 

2018-07-03 09:05:14 - [MESSAGE][PASSED] - All options with value 'VIEW' are selected in object 'Object Repository/New_Test_Create_Request Moduler/Page_Canvas World/func_enquiry' 

2018-07-03 09:05:14 - [TEST_STEP][PASSED] - click: Object: 'Object Repository/New_Test_Create_Request Moduler/Page_Canvas World/addTable_button' is clicked on

2018-07-03 09:05:14 - [MESSAGE][PASSED] - Object: 'Object Repository/New_Test_Create_Request Moduler/Page_Canvas World/addTable_button' is clicked on

2018-07-03 09:05:14 - [TEST_STEP][PASSED] - delay: Delayed 20 second(s)

2018-07-03 09:05:34 - [MESSAGE][PASSED] - Delayed 20 second(s)

2018-07-03 09:05:34 - [TEST_STEP][PASSED] - click: Object: 'Object Repository/New_Test_Create_Request Moduler/Page_Canvas World/select_Table' is clicked on

2018-07-03 09:05:34 - [MESSAGE][PASSED] - Object: 'Object Repository/New_Test_Create_Request Moduler/Page_Canvas World/select_Table' is clicked on

2018-07-03 09:05:34 - [TEST_STEP][PASSED] - click: Object: 'Object Repository/New_Test_Create_Request Moduler/Page_Canvas World/enter_tableName' is clicked on

2018-07-03 09:05:35 - [MESSAGE][PASSED] - Object: 'Object Repository/New_Test_Create_Request Moduler/Page_Canvas World/enter_tableName' is clicked on

2018-07-03 09:05:35 - [TEST_STEP][PASSED] - delay: Delayed 2 second(s)

2018-07-03 09:05:37 - [MESSAGE][PASSED] - Delayed 2 second(s)

2018-07-03 09:05:37 - [TEST_STEP][PASSED] - setText: Text 'account_summary_data' is set on object 'Object Repository/New_Test_Create_Request Moduler/Page_Canvas World/input_tableName_contains'

2018-07-03 09:05:38 - [MESSAGE][PASSED] - Text 'account_summary_data' is set on object 'Object Repository/New_Test_Create_Request Moduler/Page_Canvas World/input_tableName_contains'

2018-07-03 09:05:38 - [TEST_STEP][PASSED] - click: Object: 'Object Repository/New_Test_Create_Request Moduler/Page_Canvas World/table_search' is clicked on

2018-07-03 09:05:38 - [MESSAGE][PASSED] - Object: 'Object Repository/New_Test_Create_Request Moduler/Page_Canvas World/table_search' is clicked on

2018-07-03 09:05:38 - [TEST_STEP][PASSED] - delay: Delayed 4 second(s)

2018-07-03 09:05:42 - [MESSAGE][PASSED] - Delayed 4 second(s)

2018-07-03 09:05:42 - [TEST_STEP][PASSED] - Statement - resultTable = "(//span[contains(text(),'" + com.kms.katalon.core.testdata.TestDataFactory.findTestData(Req_Mod_Test Data).getValue("Table_Name", 1) + "')])[1]": Reading excel file with source file 'C:\Users\arokia.raj\Desktop\Req_Mod_Test Data.xls' and sheet name 'Login'

2018-07-03 09:05:42 - [TEST_STEP][PASSED] - Statement - println(resultTable): null

2018-07-03 09:05:42 - [TEST_STEP][PASSED] - Statement - dynamicObject3 = new com.kms.katalon.core.testobject.TestObject(resultTable).addProperty("xpath", EQUALS, resultTable, true): null

2018-07-03 09:05:42 - [TEST_STEP][PASSED] - waitForElementVisible: Object '(//span[contains(text(),'account_summary_data')])[1]' is visible

2018-07-03 09:05:42 - [MESSAGE][PASSED] - Object '(//span[contains(text(),'account_summary_data')])[1]' is visible

2018-07-03 09:05:42 - [TEST_STEP][PASSED] - doubleClick: Object: '(//span[contains(text(),'account_summary_data')])[1]' is double clicked on

2018-07-03 09:05:43 - [MESSAGE][PASSED] - Object: '(//span[contains(text(),'account_summary_data')])[1]' is double clicked on

2018-07-03 09:05:43 - [TEST_STEP][PASSED] - doubleClick: Object: '(//span[contains(text(),'account_summary_data')])[1]' is double clicked on

2018-07-03 09:05:43 - [MESSAGE][PASSED] - Object: '(//span[contains(text(),'account_summary_data')])[1]' is double clicked on

2018-07-03 09:05:43 - [TEST_STEP][PASSED] - delay: Delayed 15 second(s)

2018-07-03 09:05:58 - [MESSAGE][PASSED] - Delayed 15 second(s)

2018-07-03 09:05:58 - [TEST_STEP][PASSED] - scrollToElement: Scroll to object 'Object Repository/Create Request Modeler/Page_Canvas World/SummaryColumn' successfully

2018-07-03 09:05:58 - [MESSAGE][PASSED] - Scroll to object 'Object Repository/Create Request Modeler/Page_Canvas World/SummaryColumn' successfully

2018-07-03 09:05:58 - [TEST_STEP][PASSED] - focus: Object: 'Object Repository/Create Request Modeler/Page_Canvas World/SummaryColumn' is focused

2018-07-03 09:05:58 - [MESSAGE][PASSED] - Object: 'Object Repository/Create Request Modeler/Page_Canvas World/SummaryColumn' is focused

2018-07-03 09:05:58 - [TEST_STEP][PASSED] - sendKeys: Keys 'ACCOUNT_NO' sent to object: 'Object Repository/Create Request Modeler/Page_Canvas World/SummaryColumn'

2018-07-03 09:05:58 - [MESSAGE][PASSED] - Keys 'ACCOUNT_NO' sent to object: 'Object Repository/Create Request Modeler/Page_Canvas World/SummaryColumn'

2018-07-03 09:05:58 - [TEST_STEP][PASSED] - delay: Delayed 4 second(s)

2018-07-03 09:06:02 - [MESSAGE][PASSED] - Delayed 4 second(s)

2018-07-03 09:06:02 - [TEST_STEP][PASSED] - sendKeys: Keys 'DOWN + ' sent to object: 'Object Repository/Create Request Modeler/Page_Canvas World/SummaryColumn'

2018-07-03 09:06:02 - [MESSAGE][PASSED] - Keys 'DOWN + ' sent to object: 'Object Repository/Create Request Modeler/Page_Canvas World/SummaryColumn'

2018-07-03 09:06:02 - [TEST_STEP][PASSED] - sendKeys: Keys 'ENTER + ' sent to object: 'Object Repository/Create Request Modeler/Page_Canvas World/SummaryColumn'

2018-07-03 09:06:02 - [MESSAGE][PASSED] - Keys 'ENTER + ' sent to object: 'Object Repository/Create Request Modeler/Page_Canvas World/SummaryColumn'

2018-07-03 09:06:02 - [TEST_STEP][PASSED] - Statement - If (request_mode == "Private"): null

2018-07-03 09:06:02 - [TEST_STEP][PASSED] - focus: Object: 'Object Repository/New_Test_Create_Request Moduler/Page_Canvas World/business_key' is focused

2018-07-03 09:06:03 - [MESSAGE][PASSED] - Object: 'Object Repository/New_Test_Create_Request Moduler/Page_Canvas World/business_key' is focused

2018-07-03 09:06:03 - [TEST_STEP][PASSED] - sendKeys: Keys 'ACCOUNT_NO' sent to object: 'Object Repository/New_Test_Create_Request Moduler/Page_Canvas World/business_key'

2018-07-03 09:06:03 - [MESSAGE][PASSED] - Keys 'ACCOUNT_NO' sent to object: 'Object Repository/New_Test_Create_Request Moduler/Page_Canvas World/business_key'

2018-07-03 09:06:03 - [TEST_STEP][PASSED] - delay: Delayed 4 second(s)

2018-07-03 09:06:07 - [MESSAGE][PASSED] - Delayed 4 second(s)

2018-07-03 09:06:07 - [TEST_STEP][PASSED] - sendKeys: Keys 'DOWN + ' sent to object: 'Object Repository/New_Test_Create_Request Moduler/Page_Canvas World/business_key'

2018-07-03 09:06:07 - [MESSAGE][PASSED] - Keys 'DOWN + ' sent to object: 'Object Repository/New_Test_Create_Request Moduler/Page_Canvas World/business_key'

2018-07-03 09:06:07 - [TEST_STEP][PASSED] - delay: Delayed 1 second(s)

2018-07-03 09:06:08 - [MESSAGE][PASSED] - Delayed 1 second(s)

2018-07-03 09:06:08 - [TEST_STEP][PASSED] - sendKeys: Keys 'ENTER + ' sent to object: 'Object Repository/New_Test_Create_Request Moduler/Page_Canvas World/business_key'

2018-07-03 09:06:08 - [MESSAGE][PASSED] - Keys 'ENTER + ' sent to object: 'Object Repository/New_Test_Create_Request Moduler/Page_Canvas World/business_key'

2018-07-03 09:06:08 - [TEST_STEP][PASSED] - delay: Delayed 3 second(s)

2018-07-03 09:06:11 - [MESSAGE][PASSED] - Delayed 3 second(s)

2018-07-03 09:06:11 - [TEST_STEP][PASSED] - click: Object: 'Object Repository/New_Test_Create_Request Moduler/Page_Canvas World/click_save' is clicked on

2018-07-03 09:06:12 - [MESSAGE][PASSED] - Object: 'Object Repository/New_Test_Create_Request Moduler/Page_Canvas World/click_save' is clicked on

2018-07-03 09:06:12 - [TEST_STEP][PASSED] - setText: Text '{}' is set on object 'Object Repository/New_Test_Create_Request Moduler/Page_Canvas World/json_textarea'

2018-07-03 09:06:12 - [MESSAGE][PASSED] - Text '{}' is set on object 'Object Repository/New_Test_Create_Request Moduler/Page_Canvas World/json_textarea'

2018-07-03 09:06:12 - [TEST_STEP][PASSED] - delay: Delayed 3 second(s)

2018-07-03 09:06:15 - [MESSAGE][PASSED] - Delayed 3 second(s)

2018-07-03 09:06:15 - [TEST_STEP][PASSED] - click: Object: 'Object Repository/New_Test_Create_Request Moduler/Page_Canvas World/reqMod_save' is clicked on

2018-07-03 09:06:15 - [MESSAGE][PASSED] - Object: 'Object Repository/New_Test_Create_Request Moduler/Page_Canvas World/reqMod_save' is clicked on

2018-07-03 09:06:15 - [TEST_STEP][PASSED] - delay: Delayed 3 second(s)

2018-07-03 09:06:18 - [MESSAGE][PASSED] - Delayed 3 second(s)

2018-07-03 09:06:18 - [TEST_STEP][FAILED] - click: Unable to click on object 'Object Repository/New_Test_Create_Request Moduler/Page_Canvas World/enter_workspaceId' (Root cause: com.kms.katalon.core.webui.exception.WebElementNotFoundException: Web element with id: 'Object Repository/New_Test_Create_Request Moduler/Page_Canvas World/enter_workspaceId' located by 'By.xpath: //input[@id='REQ_DEFAULT_PREF_WSMENU-WORKSPACE_ID']' not found)

2018-07-03 09:06:50 - [MESSAGE][FAILED] - Unable to click on object 'Object Repository/New_Test_Create_Request Moduler/Page_Canvas World/enter_workspaceId' (Root cause: com.kms.katalon.core.webui.exception.WebElementNotFoundException: Web element with id: 'Object Repository/New_Test_Create_Request Moduler/Page_Canvas World/enter_workspaceId' located by 'By.xpath: //input[@id='REQ_DEFAULT_PREF_WSMENU-WORKSPACE_ID']' not found)
[[ATTACHMENT|D:\\Sheepa\\Katalon\\Studio Smoke Test\\Studio Smoke Test\\Reports\\Request_Moduler\\20180703_090341\\1530589009750.png]]

2018-07-03 09:06:50 - [TEST_STEP][PASSED] - delay: Delayed 5 second(s)

2018-07-03 09:06:55 - [MESSAGE][PASSED] - Delayed 5 second(s)

2018-07-03 09:06:55 - [TEST_STEP][PASSED] - sendKeys: Keys 'Pay' sent to object: 'Object Repository/New_Test_Create_Request Moduler/Page_Canvas World/enter_workspaceId'

2018-07-03 09:06:56 - [MESSAGE][PASSED] - Keys 'Pay' sent to object: 'Object Repository/New_Test_Create_Request Moduler/Page_Canvas World/enter_workspaceId'

2018-07-03 09:06:56 - [TEST_STEP][PASSED] - delay: Delayed 2 second(s)

2018-07-03 09:06:58 - [MESSAGE][PASSED] - Delayed 2 second(s)

2018-07-03 09:06:58 - [TEST_STEP][PASSED] - sendKeys: Keys 'DOWN + ' sent to object: 'Object Repository/New_Test_Create_Request Moduler/Page_Canvas World/enter_workspaceId'

2018-07-03 09:06:58 - [MESSAGE][PASSED] - Keys 'DOWN + ' sent to object: 'Object Repository/New_Test_Create_Request Moduler/Page_Canvas World/enter_workspaceId'

2018-07-03 09:06:58 - [TEST_STEP][PASSED] - delay: Delayed 2 second(s)

2018-07-03 09:07:00 - [MESSAGE][PASSED] - Delayed 2 second(s)

2018-07-03 09:07:00 - [TEST_STEP][PASSED] - sendKeys: Keys 'TAB + ' sent to object: 'Object Repository/New_Test_Create_Request Moduler/Page_Canvas World/enter_workspaceId'

2018-07-03 09:07:00 - [MESSAGE][PASSED] - Keys 'TAB + ' sent to object: 'Object Repository/New_Test_Create_Request Moduler/Page_Canvas World/enter_workspaceId'

2018-07-03 09:07:00 - [TEST_STEP][PASSED] - getText: Text of object 'Object Repository/New_Test_Create_Request Moduler/Page_Canvas World/getLable' is: 'Workspace Id'

2018-07-03 09:07:00 - [MESSAGE][PASSED] - Text of object 'Object Repository/New_Test_Create_Request Moduler/Page_Canvas World/getLable' is: 'Workspace Id'

2018-07-03 09:07:00 - [TEST_STEP][PASSED] - delay: Delayed 3 second(s)

2018-07-03 09:07:03 - [MESSAGE][PASSED] - Delayed 3 second(s)

2018-07-03 09:07:03 - [TEST_STEP][PASSED] - click: Object: 'Object Repository/New_Test_Create_Request Moduler/Page_Canvas World/WS_Save' is clicked on

2018-07-03 09:07:03 - [MESSAGE][PASSED] - Object: 'Object Repository/New_Test_Create_Request Moduler/Page_Canvas World/WS_Save' is clicked on

2018-07-03 09:07:03 - [TEST_STEP][PASSED] - delay: Delayed 3 second(s)

2018-07-03 09:07:06 - [MESSAGE][PASSED] - Delayed 3 second(s)

2018-07-03 09:07:06 - [TEST_STEP][PASSED] - click: Object: 'Object Repository/New_Test_Create_Request Moduler/Page_Canvas World/WS_dialog' is clicked on

2018-07-03 09:07:06 - [MESSAGE][PASSED] - Object: 'Object Repository/New_Test_Create_Request Moduler/Page_Canvas World/WS_dialog' is clicked on

2018-07-03 09:07:06 - [TEST_STEP][PASSED] - delay: Delayed 8 second(s)

2018-07-03 09:07:14 - [MESSAGE][PASSED] - Delayed 8 second(s)

2018-07-03 09:07:14 - [TEST_STEP][FAILED] - click: Unable to click on object 'Object Repository/New_Test_Create_Request Moduler/Page_Canvas World/WS_for_widget' (Root cause: org.openqa.selenium.WebDriverException: unknown error: Element <a href="javascript:void(0)" class="lftmenu_appsrt impl-studio-WS_WORKSPACE" data-wrkspace-id="WS_WORKSPACE">...</a> is not clickable at point (88, 357). Other element would receive the click: <div class="modal-content" data-item-id="ct-modal-content">...</div>
  (Session info: chrome=67.0.3396.99)
  (Driver info: chromedriver=2.35.528161 (5b82f2d2aae0ca24b877009200ced9065a772e73),platform=Windows NT 6.1.7601 SP1 x86_64) (WARNING: The server did not provide any stacktrace information)
Command duration or timeout: 0 milliseconds
Build info: version: '3.7.1', revision: '8a0099a', time: '2017-11-06T21:07:36.161Z'
System info: host: 'N9449', ip: '172.29.24.220', os.name: 'Windows 7', os.arch: 'amd64', os.version: '6.1', java.version: '1.8.0_102'
Driver info: com.kms.katalon.selenium.driver.CChromeDriver
Capabilities {acceptInsecureCerts: false, acceptSslCerts: false, applicationCacheEnabled: false, browserConnectionEnabled: false, browserName: chrome, chrome: {chromedriverVersion: 2.35.528161 (5b82f2d2aae0ca..., userDataDir: C:\Users\arokia.raj\AppData...}, cssSelectorsEnabled: true, databaseEnabled: false, handlesAlerts: true, hasTouchScreen: false, javascriptEnabled: true, locationContextEnabled: true, mobileEmulationEnabled: false, nativeEvents: true, networkConnectionEnabled: false, pageLoadStrategy: normal, platform: XP, platformName: XP, rotatable: false, setWindowRect: true, takesHeapSnapshot: true, takesScreenshot: true, unexpectedAlertBehaviour: , unhandledPromptBehavior: , version: 67.0.3396.99, webStorageEnabled: true}
Session ID: dff718722cc238c367a0f69784cfdff7)

2018-07-03 09:07:15 - [MESSAGE][FAILED] - Unable to click on object 'Object Repository/New_Test_Create_Request Moduler/Page_Canvas World/WS_for_widget' (Root cause: org.openqa.selenium.WebDriverException: unknown error: Element <a href="javascript:void(0)" class="lftmenu_appsrt impl-studio-WS_WORKSPACE" data-wrkspace-id="WS_WORKSPACE">...</a> is not clickable at point (88, 357). Other element would receive the click: <div class="modal-content" data-item-id="ct-modal-content">...</div>
  (Session info: chrome=67.0.3396.99)
  (Driver info: chromedriver=2.35.528161 (5b82f2d2aae0ca24b877009200ced9065a772e73),platform=Windows NT 6.1.7601 SP1 x86_64) (WARNING: The server did not provide any stacktrace information)
Command duration or timeout: 0 milliseconds
Build info: version: '3.7.1', revision: '8a0099a', time: '2017-11-06T21:07:36.161Z'
System info: host: 'N9449', ip: '172.29.24.220', os.name: 'Windows 7', os.arch: 'amd64', os.version: '6.1', java.version: '1.8.0_102'
Driver info: com.kms.katalon.selenium.driver.CChromeDriver
Capabilities {acceptInsecureCerts: false, acceptSslCerts: false, applicationCacheEnabled: false, browserConnectionEnabled: false, browserName: chrome, chrome: {chromedriverVersion: 2.35.528161 (5b82f2d2aae0ca..., userDataDir: C:\Users\arokia.raj\AppData...}, cssSelectorsEnabled: true, databaseEnabled: false, handlesAlerts: true, hasTouchScreen: false, javascriptEnabled: true, locationContextEnabled: true, mobileEmulationEnabled: false, nativeEvents: true, networkConnectionEnabled: false, pageLoadStrategy: normal, platform: XP, platformName: XP, rotatable: false, setWindowRect: true, takesHeapSnapshot: true, takesScreenshot: true, unexpectedAlertBehaviour: , unhandledPromptBehavior: , version: 67.0.3396.99, webStorageEnabled: true}
Session ID: dff718722cc238c367a0f69784cfdff7)
[[ATTACHMENT|D:\\Sheepa\\Katalon\\Studio Smoke Test\\Studio Smoke Test\\Reports\\Request_Moduler\\20180703_090341\\1530589034993.png]]

2018-07-03 09:07:15 - [TEST_STEP][PASSED] - Statement - selectReqWS = "//span[contains(text(),'" + com.kms.katalon.core.testdata.TestDataFactory.findTestData(Req_Mod_Test Data).getValue("Edit_WS", 1) + "')]": Reading excel file with source file 'C:\Users\arokia.raj\Desktop\Req_Mod_Test Data.xls' and sheet name 'Login'

2018-07-03 09:07:15 - [TEST_STEP][PASSED] - Statement - println(selectReqWS): null

2018-07-03 09:07:15 - [TEST_STEP][PASSED] - Statement - wdgt = new com.kms.katalon.core.testobject.TestObject(selectReqWS).addProperty("xpath", EQUALS, selectReqWS, true): null

2018-07-03 09:07:15 - [TEST_STEP][PASSED] - waitForElementVisible: Web element with id: '//span[contains(text(),'PAYMENT_WS')]' located by 'By.xpath: //span[contains(text(),'PAYMENT_WS')]' not found

2018-07-03 09:07:18 - [MESSAGE][WARNING] - Web element with id: '//span[contains(text(),'PAYMENT_WS')]' located by 'By.xpath: //span[contains(text(),'PAYMENT_WS')]' not found

2018-07-03 09:07:18 - [TEST_STEP][FAILED] - rightClick: Unable to right click on object '//span[contains(text(),'PAYMENT_WS')]' (Root cause: com.kms.katalon.core.webui.exception.WebElementNotFoundException: Web element with id: '//span[contains(text(),'PAYMENT_WS')]' located by 'By.xpath: //span[contains(text(),'PAYMENT_WS')]' not found)

2018-07-03 09:07:50 - [MESSAGE][FAILED] - Unable to right click on object '//span[contains(text(),'PAYMENT_WS')]' (Root cause: com.kms.katalon.core.webui.exception.WebElementNotFoundException: Web element with id: '//span[contains(text(),'PAYMENT_WS')]' located by 'By.xpath: //span[contains(text(),'PAYMENT_WS')]' not found)
[[ATTACHMENT|D:\\Sheepa\\Katalon\\Studio Smoke Test\\Studio Smoke Test\\Reports\\Request_Moduler\\20180703_090341\\1530589069939.png]]

2018-07-03 09:07:50 - [TEST_STEP][PASSED] - delay: Delayed 2 second(s)

2018-07-03 09:07:52 - [MESSAGE][PASSED] - Delayed 2 second(s)

2018-07-03 09:07:52 - [TEST_STEP][FAILED] - click: Unable to click on object 'Object Repository/New_Test_Create_Request Moduler/Page_Canvas World/edit_sub_WS' (Root cause: com.kms.katalon.core.webui.exception.WebElementNotFoundException: Web element with id: 'Object Repository/New_Test_Create_Request Moduler/Page_Canvas World/edit_sub_WS' located by 'By.xpath: //a[contains(text(),'Edit Sub Workspace Information')]' not found)

2018-07-03 09:08:24 - [MESSAGE][FAILED] - Unable to click on object 'Object Repository/New_Test_Create_Request Moduler/Page_Canvas World/edit_sub_WS' (Root cause: com.kms.katalon.core.webui.exception.WebElementNotFoundException: Web element with id: 'Object Repository/New_Test_Create_Request Moduler/Page_Canvas World/edit_sub_WS' located by 'By.xpath: //a[contains(text(),'Edit Sub Workspace Information')]' not found)
[[ATTACHMENT|D:\\Sheepa\\Katalon\\Studio Smoke Test\\Studio Smoke Test\\Reports\\Request_Moduler\\20180703_090341\\1530589104066.png]]

2018-07-03 09:08:24 - [TEST_STEP][PASSED] - delay: Delayed 4 second(s)

2018-07-03 09:08:28 - [MESSAGE][PASSED] - Delayed 4 second(s)

2018-07-03 09:08:28 - [TEST_STEP][FAILED] - click: Unable to click on object 'Object Repository/New_Test_Create_Request Moduler/Page_Canvas World/add_childApp' (Root cause: com.kms.katalon.core.webui.exception.WebElementNotFoundException: Web element with id: 'Object Repository/New_Test_Create_Request Moduler/Page_Canvas World/add_childApp' located by 'By.xpath: //button[contains(text(),'Add Child App ')]' not found)

2018-07-03 09:09:00 - [MESSAGE][FAILED] - Unable to click on object 'Object Repository/New_Test_Create_Request Moduler/Page_Canvas World/add_childApp' (Root cause: com.kms.katalon.core.webui.exception.WebElementNotFoundException: Web element with id: 'Object Repository/New_Test_Create_Request Moduler/Page_Canvas World/add_childApp' located by 'By.xpath: //button[contains(text(),'Add Child App ')]' not found)
[[ATTACHMENT|D:\\Sheepa\\Katalon\\Studio Smoke Test\\Studio Smoke Test\\Reports\\Request_Moduler\\20180703_090341\\1530589140177.png]]

2018-07-03 09:09:00 - [TEST_STEP][PASSED] - delay: Delayed 4 second(s)

2018-07-03 09:09:04 - [MESSAGE][PASSED] - Delayed 4 second(s)

2018-07-03 09:09:04 - [TEST_STEP][FAILED] - doubleClick: Unable to double click on object 'Object Repository/New_Test_Create_Request Moduler/Page_Canvas World/add_approve_wdgt' (Root cause: com.kms.katalon.core.webui.exception.WebElementNotFoundException: Web element with id: 'Object Repository/New_Test_Create_Request Moduler/Page_Canvas World/add_approve_wdgt' located by 'By.xpath: //span[contains(text(),'RM_ACTSUM_APP')]' not found)

2018-07-03 09:09:36 - [MESSAGE][FAILED] - Unable to double click on object 'Object Repository/New_Test_Create_Request Moduler/Page_Canvas World/add_approve_wdgt' (Root cause: com.kms.katalon.core.webui.exception.WebElementNotFoundException: Web element with id: 'Object Repository/New_Test_Create_Request Moduler/Page_Canvas World/add_approve_wdgt' located by 'By.xpath: //span[contains(text(),'RM_ACTSUM_APP')]' not found)
[[ATTACHMENT|D:\\Sheepa\\Katalon\\Studio Smoke Test\\Studio Smoke Test\\Reports\\Request_Moduler\\20180703_090341\\1530589176251.png]]

2018-07-03 09:09:36 - [TEST_STEP][FAILED] - doubleClick: Unable to double click on object 'Object Repository/New_Test_Create_Request Moduler/Page_Canvas World/add_approve_wdgt' (Root cause: com.kms.katalon.core.webui.exception.WebElementNotFoundException: Web element with id: 'Object Repository/New_Test_Create_Request Moduler/Page_Canvas World/add_approve_wdgt' located by 'By.xpath: //span[contains(text(),'RM_ACTSUM_APP')]' not found)

2018-07-03 09:10:08 - [MESSAGE][FAILED] - Unable to double click on object 'Object Repository/New_Test_Create_Request Moduler/Page_Canvas World/add_approve_wdgt' (Root cause: com.kms.katalon.core.webui.exception.WebElementNotFoundException: Web element with id: 'Object Repository/New_Test_Create_Request Moduler/Page_Canvas World/add_approve_wdgt' located by 'By.xpath: //span[contains(text(),'RM_ACTSUM_APP')]' not found)
[[ATTACHMENT|D:\\Sheepa\\Katalon\\Studio Smoke Test\\Studio Smoke Test\\Reports\\Request_Moduler\\20180703_090341\\1530589208280.png]]

2018-07-03 09:10:08 - [TEST_STEP][PASSED] - delay: Delayed 2 second(s)

2018-07-03 09:10:10 - [MESSAGE][PASSED] - Delayed 2 second(s)

2018-07-03 09:10:10 - [TEST_STEP][FAILED] - Statement - error_msg = com.kms.katalon.core.webui.keyword.WebUiBuiltInKeywords.verifyElementPresent(com.kms.katalon.core.testobject.ObjectRepository.findTestObject(New_Test_Create_Request Moduler/Page_Canvas World/error_msg), 5): com.kms.katalon.core.webui.exception.WebElementNotFoundException: Web element with id: 'Object Repository/New_Test_Create_Request Moduler/Page_Canvas World/error_msg' located by 'By.xpath: //h3[contains(text(),'Error')]' not found

2018-07-03 09:10:16 - [MESSAGE][FAILED] - com.kms.katalon.core.webui.exception.WebElementNotFoundException: Web element with id: 'Object Repository/New_Test_Create_Request Moduler/Page_Canvas World/error_msg' located by 'By.xpath: //h3[contains(text(),'Error')]' not found
[[ATTACHMENT|D:\\Sheepa\\Katalon\\Studio Smoke Test\\Studio Smoke Test\\Reports\\Request_Moduler\\20180703_090341\\1530589216044.png]]

2018-07-03 09:10:16 - [TEST_STEP][PASSED] - Statement - If (java.lang.String.valueOf(error_msg) == "true"): null

2018-07-03 09:10:16 - [TEST_STEP][PASSED] - Statement - Else: null

2018-07-03 09:10:16 - [TEST_STEP][PASSED] - Statement - println("WS added"): null

2018-07-03 09:10:16 - [TEST_STEP][FAILED] - click: Unable to click on object 'Object Repository/New_Test_Create_Request Moduler/Page_Canvas World/button_submit' (Root cause: com.kms.katalon.core.webui.exception.WebElementNotFoundException: Web element with id: 'Object Repository/New_Test_Create_Request Moduler/Page_Canvas World/button_submit' located by 'By.xpath: //a[contains(text(),'Submit')]' not found)

2018-07-03 09:10:48 - [MESSAGE][FAILED] - Unable to click on object 'Object Repository/New_Test_Create_Request Moduler/Page_Canvas World/button_submit' (Root cause: com.kms.katalon.core.webui.exception.WebElementNotFoundException: Web element with id: 'Object Repository/New_Test_Create_Request Moduler/Page_Canvas World/button_submit' located by 'By.xpath: //a[contains(text(),'Submit')]' not found)
[[ATTACHMENT|D:\\Sheepa\\Katalon\\Studio Smoke Test\\Studio Smoke Test\\Reports\\Request_Moduler\\20180703_090341\\1530589248151.png]]

2018-07-03 09:10:48 - [TEST_STEP][PASSED] - delay: Delayed 4 second(s)

2018-07-03 09:10:52 - [MESSAGE][PASSED] - Delayed 4 second(s)

2018-07-03 09:10:52 - [TEST_STEP][FAILED] - click: Unable to click on object 'Object Repository/New_Test_Create_Request Moduler/Page_Canvas World/layout_dialog_ok' (Root cause: com.kms.katalon.core.webui.exception.WebElementNotFoundException: Web element with id: 'Object Repository/New_Test_Create_Request Moduler/Page_Canvas World/layout_dialog_ok' located by 'By.xpath: //a[contains(text(),'Ok')]' not found)

2018-07-03 09:11:24 - [MESSAGE][FAILED] - Unable to click on object 'Object Repository/New_Test_Create_Request Moduler/Page_Canvas World/layout_dialog_ok' (Root cause: com.kms.katalon.core.webui.exception.WebElementNotFoundException: Web element with id: 'Object Repository/New_Test_Create_Request Moduler/Page_Canvas World/layout_dialog_ok' located by 'By.xpath: //a[contains(text(),'Ok')]' not found)
[[ATTACHMENT|D:\\Sheepa\\Katalon\\Studio Smoke Test\\Studio Smoke Test\\Reports\\Request_Moduler\\20180703_090341\\1530589284166.png]]]]></system-out>
         <system-err><![CDATA[2018-07-03 09:03:56 - [TEST_CASE][FAILED] - Test Cases/Smoke Test/New Test Request Moduler: Test Cases/Smoke Test/New Test Request Moduler FAILED because (of) Unable to click on object 'Object Repository/New_Test_Create_Request Moduler/Page_Canvas World/enter_workspaceId' (Root cause: com.kms.katalon.core.webui.exception.WebElementNotFoundException: Web element with id: 'Object Repository/New_Test_Create_Request Moduler/Page_Canvas World/enter_workspaceId' located by 'By.xpath: //input[@id='REQ_DEFAULT_PREF_WSMENU-WORKSPACE_ID']' not found)]]></system-err>
      </testcase>
      <testcase name="Test Cases/Smoke Test/Model House Req Mod Test" classname="Test Cases/Smoke Test/Model House Req Mod Test" status="FAILED">
         <failure type="FAILED" message="Unable to click on object '//span[starts-with(@class,'workspace_label workspace_label-AR959703')]' (Root cause: com.kms.katalon.core.webui.exception.WebElementNotFoundException: Web element with id: '//span[starts-with(@class,'workspace_label workspace_label-AR959703')]' located by 'By.xpath: //span[starts-with(@class,'workspace_label workspace_label-AR959703')]' not found)"/>
         <system-out><![CDATA[2018-07-03 09:11:24 - [TEST_CASE][FAILED] - Test Cases/Smoke Test/Model House Req Mod Test: Test Cases/Smoke Test/Model House Req Mod Test FAILED because (of) Unable to click on object '//span[starts-with(@class,'workspace_label workspace_label-AR959703')]' (Root cause: com.kms.katalon.core.webui.exception.WebElementNotFoundException: Web element with id: '//span[starts-with(@class,'workspace_label workspace_label-AR959703')]' located by 'By.xpath: //span[starts-with(@class,'workspace_label workspace_label-AR959703')]' not found)

2018-07-03 09:11:24 - [TEST_STEP][PASSED] - Statement - common = com.kms.katalon.core.webui.keyword.WebUiBuiltInKeywords.callTestCase(com.kms.katalon.core.testcase.TestCaseFactory.findTestCase(Test Cases/Studio Smoke Test Cases/ReadExcel), [:]): Call Test Case 'Test Cases/Studio Smoke Test Cases/ReadExcel' successfully

2018-07-03 09:11:24 - [TEST_CASE][PASSED] - Test Cases/Studio Smoke Test Cases/ReadExcel: Test Cases/Studio Smoke Test Cases/ReadExcel

2018-07-03 09:11:25 - [TEST_STEP][PASSED] - Statement - path = "D:\Sheepa\Katalon\Studio Smoke Test\Studio Smoke Test\Data Files\Data Input.xls": null

2018-07-03 09:11:25 - [TEST_STEP][PASSED] - Statement - fis = new java.io.FileInputStream(path): null

2018-07-03 09:11:25 - [TEST_STEP][PASSED] - Statement - hssfWorkbook = new org.apache.poi.hssf.usermodel.HSSFWorkbook(fis): null

2018-07-03 09:11:25 - [TEST_STEP][PASSED] - Statement - sc = hssfWorkbook.getNumberOfSheets(): null

2018-07-03 09:11:25 - [TEST_STEP][PASSED] - Statement - println(sc): null

2018-07-03 09:11:25 - [TEST_STEP][PASSED] - Statement - hssfSheet = hssfWorkbook.getSheetAt(0): null

2018-07-03 09:11:25 - [TEST_STEP][PASSED] - Statement - hssfRow = hssfSheet.getRow(1): null

2018-07-03 09:11:25 - [TEST_STEP][PASSED] - Statement - fid = hssfRow.getCell(0): null

2018-07-03 09:11:25 - [TEST_STEP][PASSED] - Statement - vid = hssfRow.getCell(1): null

2018-07-03 09:11:25 - [TEST_STEP][PASSED] - Statement - aid = hssfRow.getCell(2): null

2018-07-03 09:11:25 - [TEST_STEP][PASSED] - Statement - subid = hssfRow.getCell(3): null

2018-07-03 09:11:25 - [TEST_STEP][PASSED] - Statement - wsid = hssfRow.getCell(4): null

2018-07-03 09:11:25 - [TEST_STEP][PASSED] - Statement - reqid = hssfRow.getCell(5): null

2018-07-03 09:11:25 - [TEST_STEP][PASSED] - Statement - accNo = hssfRow.getCell(6): null

2018-07-03 09:11:25 - [TEST_STEP][PASSED] - Statement - println(vid): null

2018-07-03 09:11:25 - [TEST_STEP][PASSED] - Statement - map = [:]: null

2018-07-03 09:11:25 - [TEST_STEP][PASSED] - Statement - map.put("formID", fid): null

2018-07-03 09:11:25 - [TEST_STEP][PASSED] - Statement - map.put("viewID", vid): null

2018-07-03 09:11:25 - [TEST_STEP][PASSED] - Statement - map.put("appID", aid): null

2018-07-03 09:11:25 - [TEST_STEP][PASSED] - Statement - map.put("subWSID", subid): null

2018-07-03 09:11:25 - [TEST_STEP][PASSED] - Statement - map.put("WSID", wsid): null

2018-07-03 09:11:25 - [TEST_STEP][PASSED] - Statement - map.put("REQID", reqid): null

2018-07-03 09:11:25 - [TEST_STEP][PASSED] - Statement - map.put("AccNo", accNo): null

2018-07-03 09:11:25 - [TEST_STEP][PASSED] - Statement - return map: null

2018-07-03 09:11:25 - [MESSAGE][PASSED] - Call Test Case 'Test Cases/Studio Smoke Test Cases/ReadExcel' successfully

2018-07-03 09:11:25 - [TEST_STEP][PASSED] - Statement - ws_id = common["WSID"]: null

2018-07-03 09:11:25 - [TEST_STEP][PASSED] - Statement - println(ws_id): null

2018-07-03 09:11:25 - [TEST_STEP][PASSED] - Statement - req_id = common["REQID"]: null

2018-07-03 09:11:25 - [TEST_STEP][PASSED] - Statement - println(req_id): null

2018-07-03 09:11:25 - [TEST_STEP][PASSED] - Statement - acc_No = common["AccNo"]: null

2018-07-03 09:11:25 - [TEST_STEP][PASSED] - Statement - println(acc_No): null

2018-07-03 09:11:25 - [TEST_STEP][PASSED] - openBrowser: Browser is opened with url: ''

2018-07-03 09:11:25 - [MESSAGE][WARNING] - A browser is already opened. Closing browser and opening a new one

2018-07-03 09:11:30 - [MESSAGE][PASSED] - Browser is opened with url: ''

2018-07-03 09:11:30 - [TEST_STEP][PASSED] - maximizeWindow: Current window maximized

2018-07-03 09:11:31 - [MESSAGE][PASSED] - Current window maximized

2018-07-03 09:11:31 - [TEST_STEP][PASSED] - navigateToUrl: Navigate to 'http://localhost:8082/ctmodelhouse/cacheReset.jsp' successfully

2018-07-03 09:11:33 - [MESSAGE][PASSED] - Navigate to 'http://localhost:8082/ctmodelhouse/cacheReset.jsp' successfully

2018-07-03 09:11:33 - [TEST_STEP][PASSED] - closeBrowser: Browser is closed

2018-07-03 09:11:34 - [MESSAGE][PASSED] - Browser is closed

2018-07-03 09:11:34 - [TEST_STEP][PASSED] - openBrowser: Browser is opened with url: ''

2018-07-03 09:11:37 - [MESSAGE][PASSED] - Browser is opened with url: ''

2018-07-03 09:11:37 - [TEST_STEP][PASSED] - maximizeWindow: Current window maximized

2018-07-03 09:11:38 - [MESSAGE][PASSED] - Current window maximized

2018-07-03 09:11:38 - [TEST_STEP][PASSED] - navigateToUrl: Navigate to 'http://localhost:8082/ctmodelhouse/' successfully

2018-07-03 09:12:02 - [MESSAGE][PASSED] - Navigate to 'http://localhost:8082/ctmodelhouse/' successfully

2018-07-03 09:12:02 - [TEST_STEP][PASSED] - waitForPageLoad: Wait for page load successfully

2018-07-03 09:12:02 - [MESSAGE][PASSED] - Wait for page load successfully

2018-07-03 09:12:02 - [TEST_STEP][PASSED] - setText: Text 'terrim' is set on object 'Object Repository/Model House Login/Page_Model House/input_loginID'

2018-07-03 09:12:02 - [MESSAGE][PASSED] - Text 'terrim' is set on object 'Object Repository/Model House Login/Page_Model House/input_loginID'

2018-07-03 09:12:02 - [TEST_STEP][PASSED] - setText: Text 'canvas' is set on object 'Object Repository/Model House Login/Page_Model House/input_loginPSW'

2018-07-03 09:12:02 - [MESSAGE][PASSED] - Text 'canvas' is set on object 'Object Repository/Model House Login/Page_Model House/input_loginPSW'

2018-07-03 09:12:02 - [TEST_STEP][PASSED] - click: Object: 'Object Repository/Model House Login/Page_Model House/input_commit' is clicked on

2018-07-03 09:12:07 - [MESSAGE][PASSED] - Object: 'Object Repository/Model House Login/Page_Model House/input_commit' is clicked on

2018-07-03 09:12:07 - [TEST_STEP][PASSED] - waitForPageLoad: Wait for page load successfully

2018-07-03 09:12:07 - [MESSAGE][PASSED] - Wait for page load successfully

2018-07-03 09:12:07 - [TEST_STEP][PASSED] - Statement - pageHeader = com.kms.katalon.core.webui.keyword.WebUiBuiltInKeywords.getAttribute(com.kms.katalon.core.testobject.ObjectRepository.findTestObject(Model House Home Page/Page_Canvas World/Home_Page_Title), "title"): Attribute 'title' of object 'Object Repository/Model House Home Page/Page_Canvas World/Home_Page_Title' is: 'Canvas Technology'

2018-07-03 09:12:08 - [MESSAGE][PASSED] - Attribute 'title' of object 'Object Repository/Model House Home Page/Page_Canvas World/Home_Page_Title' is: 'Canvas Technology'

2018-07-03 09:12:08 - [TEST_STEP][PASSED] - Statement - println(pageHeader): null

2018-07-03 09:12:08 - [TEST_STEP][PASSED] - Statement - assert pageHeader == "Canvas Technology": null

2018-07-03 09:12:08 - [TEST_STEP][PASSED] - Statement - selectWS = "//div[contains(text(),'" + com.kms.katalon.core.testdata.TestDataFactory.findTestData(Req_Mod_Test Data).getValue("Req_Mod_WS", 1) + "')]": Reading excel file with source file 'C:\Users\arokia.raj\Desktop\Req_Mod_Test Data.xls' and sheet name 'Login'

2018-07-03 09:12:08 - [TEST_STEP][PASSED] - Statement - println(selectWS): null

2018-07-03 09:12:08 - [TEST_STEP][PASSED] - Statement - dynamicObject = new com.kms.katalon.core.testobject.TestObject(selectWS).addProperty("xpath", EQUALS, selectWS, true): null

2018-07-03 09:12:08 - [TEST_STEP][PASSED] - waitForElementVisible: Object '//div[contains(text(),'Payment')]' is visible

2018-07-03 09:12:08 - [MESSAGE][PASSED] - Object '//div[contains(text(),'Payment')]' is visible

2018-07-03 09:12:08 - [TEST_STEP][PASSED] - click: Object: '//div[contains(text(),'Payment')]' is clicked on

2018-07-03 09:12:08 - [MESSAGE][PASSED] - Object: '//div[contains(text(),'Payment')]' is clicked on

2018-07-03 09:12:08 - [TEST_STEP][PASSED] - delay: Delayed 10 second(s)

2018-07-03 09:12:18 - [MESSAGE][PASSED] - Delayed 10 second(s)

2018-07-03 09:12:18 - [TEST_STEP][PASSED] - Statement - selectRM = "//span[starts-with(@class,'workspace_label workspace_label-" + req_id + "')]": null

2018-07-03 09:12:18 - [TEST_STEP][PASSED] - Statement - println(selectRM): null

2018-07-03 09:12:18 - [TEST_STEP][PASSED] - Statement - dynamicObject1 = new com.kms.katalon.core.testobject.TestObject(selectRM).addProperty("xpath", EQUALS, selectRM, true): null

2018-07-03 09:12:18 - [TEST_STEP][PASSED] - waitForElementVisible: Web element with id: '//span[starts-with(@class,'workspace_label workspace_label-AR959703')]' located by 'By.xpath: //span[starts-with(@class,'workspace_label workspace_label-AR959703')]' not found

2018-07-03 09:12:21 - [MESSAGE][WARNING] - Web element with id: '//span[starts-with(@class,'workspace_label workspace_label-AR959703')]' located by 'By.xpath: //span[starts-with(@class,'workspace_label workspace_label-AR959703')]' not found

2018-07-03 09:12:21 - [TEST_STEP][FAILED] - click: Unable to click on object '//span[starts-with(@class,'workspace_label workspace_label-AR959703')]' (Root cause: com.kms.katalon.core.webui.exception.WebElementNotFoundException: Web element with id: '//span[starts-with(@class,'workspace_label workspace_label-AR959703')]' located by 'By.xpath: //span[starts-with(@class,'workspace_label workspace_label-AR959703')]' not found)

2018-07-03 09:12:53 - [MESSAGE][FAILED] - Unable to click on object '//span[starts-with(@class,'workspace_label workspace_label-AR959703')]' (Root cause: com.kms.katalon.core.webui.exception.WebElementNotFoundException: Web element with id: '//span[starts-with(@class,'workspace_label workspace_label-AR959703')]' located by 'By.xpath: //span[starts-with(@class,'workspace_label workspace_label-AR959703')]' not found)
[[ATTACHMENT|D:\\Sheepa\\Katalon\\Studio Smoke Test\\Studio Smoke Test\\Reports\\Request_Moduler\\20180703_090341\\1530589373345.png]]

2018-07-03 09:12:53 - [TEST_STEP][PASSED] - delay: Delayed 10 second(s)

2018-07-03 09:13:03 - [MESSAGE][PASSED] - Delayed 10 second(s)

2018-07-03 09:13:03 - [TEST_STEP][FAILED] - setText: Unable to set text '845704854' of object 'Object Repository/Model House RM Test/Page_Canvas World/enter_ac_no' (Root cause: com.kms.katalon.core.webui.exception.WebElementNotFoundException: Web element with id: 'Object Repository/Model House RM Test/Page_Canvas World/enter_ac_no' located by 'By.xpath: //input[@name='ACCOUNT_NO']' not found)

2018-07-03 09:13:35 - [MESSAGE][FAILED] - Unable to set text '845704854' of object 'Object Repository/Model House RM Test/Page_Canvas World/enter_ac_no' (Root cause: com.kms.katalon.core.webui.exception.WebElementNotFoundException: Web element with id: 'Object Repository/Model House RM Test/Page_Canvas World/enter_ac_no' located by 'By.xpath: //input[@name='ACCOUNT_NO']' not found)
[[ATTACHMENT|D:\\Sheepa\\Katalon\\Studio Smoke Test\\Studio Smoke Test\\Reports\\Request_Moduler\\20180703_090341\\1530589415282.png]]

2018-07-03 09:13:35 - [TEST_STEP][FAILED] - setText: Unable to set text 'Savings' of object 'Object Repository/Model House RM Test/Page_Canvas World/enter_acc_type' (Root cause: com.kms.katalon.core.webui.exception.WebElementNotFoundException: Web element with id: 'Object Repository/Model House RM Test/Page_Canvas World/enter_acc_type' located by 'By.xpath: //input[@name='ACCOUNT_TYPE']' not found)

2018-07-03 09:14:07 - [MESSAGE][FAILED] - Unable to set text 'Savings' of object 'Object Repository/Model House RM Test/Page_Canvas World/enter_acc_type' (Root cause: com.kms.katalon.core.webui.exception.WebElementNotFoundException: Web element with id: 'Object Repository/Model House RM Test/Page_Canvas World/enter_acc_type' located by 'By.xpath: //input[@name='ACCOUNT_TYPE']' not found)
[[ATTACHMENT|D:\\Sheepa\\Katalon\\Studio Smoke Test\\Studio Smoke Test\\Reports\\Request_Moduler\\20180703_090341\\1530589447231.png]]

2018-07-03 09:14:07 - [TEST_STEP][FAILED] - setText: Unable to set text '12345' of object 'Object Repository/Model House RM Test/Page_Canvas World/enter_avail_bal' (Root cause: com.kms.katalon.core.webui.exception.WebElementNotFoundException: Web element with id: 'Object Repository/Model House RM Test/Page_Canvas World/enter_avail_bal' located by 'By.xpath: //input[@name='AVAI_BALANCE']' not found)

2018-07-03 09:14:39 - [MESSAGE][FAILED] - Unable to set text '12345' of object 'Object Repository/Model House RM Test/Page_Canvas World/enter_avail_bal' (Root cause: com.kms.katalon.core.webui.exception.WebElementNotFoundException: Web element with id: 'Object Repository/Model House RM Test/Page_Canvas World/enter_avail_bal' located by 'By.xpath: //input[@name='AVAI_BALANCE']' not found)
[[ATTACHMENT|D:\\Sheepa\\Katalon\\Studio Smoke Test\\Studio Smoke Test\\Reports\\Request_Moduler\\20180703_090341\\1530589479185.png]]

2018-07-03 09:14:39 - [TEST_STEP][FAILED] - setText: Unable to set text 'Open' of object 'Object Repository/Model House RM Test/Page_Canvas World/enter_status' (Root cause: com.kms.katalon.core.webui.exception.WebElementNotFoundException: Web element with id: 'Object Repository/Model House RM Test/Page_Canvas World/enter_status' located by 'By.xpath: //input[@name='STATUS']' not found)

2018-07-03 09:15:11 - [MESSAGE][FAILED] - Unable to set text 'Open' of object 'Object Repository/Model House RM Test/Page_Canvas World/enter_status' (Root cause: com.kms.katalon.core.webui.exception.WebElementNotFoundException: Web element with id: 'Object Repository/Model House RM Test/Page_Canvas World/enter_status' located by 'By.xpath: //input[@name='STATUS']' not found)
[[ATTACHMENT|D:\\Sheepa\\Katalon\\Studio Smoke Test\\Studio Smoke Test\\Reports\\Request_Moduler\\20180703_090341\\1530589511072.png]]

2018-07-03 09:15:11 - [TEST_STEP][FAILED] - setText: Unable to set text '1234' of object 'Object Repository/Model House RM Test/Page_Canvas World/enter_unclearedFund' (Root cause: com.kms.katalon.core.webui.exception.WebElementNotFoundException: Web element with id: 'Object Repository/Model House RM Test/Page_Canvas World/enter_unclearedFund' located by 'By.xpath: //input[@name='UNCLEARED_FUND']' not found)

2018-07-03 09:15:43 - [MESSAGE][FAILED] - Unable to set text '1234' of object 'Object Repository/Model House RM Test/Page_Canvas World/enter_unclearedFund' (Root cause: com.kms.katalon.core.webui.exception.WebElementNotFoundException: Web element with id: 'Object Repository/Model House RM Test/Page_Canvas World/enter_unclearedFund' located by 'By.xpath: //input[@name='UNCLEARED_FUND']' not found)
[[ATTACHMENT|D:\\Sheepa\\Katalon\\Studio Smoke Test\\Studio Smoke Test\\Reports\\Request_Moduler\\20180703_090341\\1530589543069.png]]

2018-07-03 09:15:43 - [TEST_STEP][FAILED] - setText: Unable to set text '123' of object 'Object Repository/Model House RM Test/Page_Canvas World/enter_ovrdft_lmt' (Root cause: com.kms.katalon.core.webui.exception.WebElementNotFoundException: Web element with id: 'Object Repository/Model House RM Test/Page_Canvas World/enter_ovrdft_lmt' located by 'By.xpath: //input[@name='OVER_DRAFT_LMT']' not found)

2018-07-03 09:16:15 - [MESSAGE][FAILED] - Unable to set text '123' of object 'Object Repository/Model House RM Test/Page_Canvas World/enter_ovrdft_lmt' (Root cause: com.kms.katalon.core.webui.exception.WebElementNotFoundException: Web element with id: 'Object Repository/Model House RM Test/Page_Canvas World/enter_ovrdft_lmt' located by 'By.xpath: //input[@name='OVER_DRAFT_LMT']' not found)
[[ATTACHMENT|D:\\Sheepa\\Katalon\\Studio Smoke Test\\Studio Smoke Test\\Reports\\Request_Moduler\\20180703_090341\\1530589574950.png]]

2018-07-03 09:16:15 - [TEST_STEP][FAILED] - setText: Unable to set text 'USD' of object 'Object Repository/Model House RM Test/Page_Canvas World/enter_currency' (Root cause: com.kms.katalon.core.webui.exception.WebElementNotFoundException: Web element with id: 'Object Repository/Model House RM Test/Page_Canvas World/enter_currency' located by 'By.xpath: //input[@name='CURRENCY']' not found)

2018-07-03 09:16:47 - [MESSAGE][FAILED] - Unable to set text 'USD' of object 'Object Repository/Model House RM Test/Page_Canvas World/enter_currency' (Root cause: com.kms.katalon.core.webui.exception.WebElementNotFoundException: Web element with id: 'Object Repository/Model House RM Test/Page_Canvas World/enter_currency' located by 'By.xpath: //input[@name='CURRENCY']' not found)
[[ATTACHMENT|D:\\Sheepa\\Katalon\\Studio Smoke Test\\Studio Smoke Test\\Reports\\Request_Moduler\\20180703_090341\\1530589606862.png]]

2018-07-03 09:16:47 - [TEST_STEP][FAILED] - setText: Unable to set text 'RMTest' of object 'Object Repository/Model House RM Test/Page_Canvas World/enter_ac_name' (Root cause: com.kms.katalon.core.webui.exception.WebElementNotFoundException: Web element with id: 'Object Repository/Model House RM Test/Page_Canvas World/enter_ac_name' located by 'By.xpath: //input[@name='ACCOUNT_NAME']' not found)

2018-07-03 09:17:19 - [MESSAGE][FAILED] - Unable to set text 'RMTest' of object 'Object Repository/Model House RM Test/Page_Canvas World/enter_ac_name' (Root cause: com.kms.katalon.core.webui.exception.WebElementNotFoundException: Web element with id: 'Object Repository/Model House RM Test/Page_Canvas World/enter_ac_name' located by 'By.xpath: //input[@name='ACCOUNT_NAME']' not found)
[[ATTACHMENT|D:\\Sheepa\\Katalon\\Studio Smoke Test\\Studio Smoke Test\\Reports\\Request_Moduler\\20180703_090341\\1530589638730.png]]

2018-07-03 09:17:19 - [TEST_STEP][PASSED] - delay: Delayed 3 second(s)

2018-07-03 09:17:22 - [MESSAGE][PASSED] - Delayed 3 second(s)

2018-07-03 09:17:22 - [TEST_STEP][FAILED] - click: Unable to click on object 'Object Repository/Model House RM Test/Page_Canvas World/click_submit' (Root cause: com.kms.katalon.core.webui.exception.WebElementNotFoundException: Web element with id: 'Object Repository/Model House RM Test/Page_Canvas World/click_submit' located by 'By.xpath: //div[@data-item-id='REQ_MODEL_INIT|SUBMIT_innerCont']' not found)

2018-07-03 09:17:54 - [MESSAGE][FAILED] - Unable to click on object 'Object Repository/Model House RM Test/Page_Canvas World/click_submit' (Root cause: com.kms.katalon.core.webui.exception.WebElementNotFoundException: Web element with id: 'Object Repository/Model House RM Test/Page_Canvas World/click_submit' located by 'By.xpath: //div[@data-item-id='REQ_MODEL_INIT|SUBMIT_innerCont']' not found)
[[ATTACHMENT|D:\\Sheepa\\Katalon\\Studio Smoke Test\\Studio Smoke Test\\Reports\\Request_Moduler\\20180703_090341\\1530589673690.png]]

2018-07-03 09:17:54 - [TEST_STEP][PASSED] - delay: Delayed 3 second(s)

2018-07-03 09:17:57 - [MESSAGE][PASSED] - Delayed 3 second(s)

2018-07-03 09:17:57 - [TEST_STEP][PASSED] - Statement - readAccNo = "//span[@name='" + com.kms.katalon.core.testdata.TestDataFactory.findTestData(Req_Mod_Test Data).getValue("Col_1", 1) + "']": Reading excel file with source file 'C:\Users\arokia.raj\Desktop\Req_Mod_Test Data.xls' and sheet name 'Login'

2018-07-03 09:17:57 - [TEST_STEP][PASSED] - Statement - println(readAccNo): null

2018-07-03 09:17:57 - [TEST_STEP][PASSED] - Statement - dO = new com.kms.katalon.core.testobject.TestObject(readAccNo).addProperty("xpath", EQUALS, readAccNo, true): null

2018-07-03 09:17:57 - [TEST_STEP][PASSED] - waitForElementVisible: Web element with id: '//span[@name='ACCOUNT_NO']' located by 'By.xpath: //span[@name='ACCOUNT_NO']' not found

2018-07-03 09:18:00 - [MESSAGE][WARNING] - Web element with id: '//span[@name='ACCOUNT_NO']' located by 'By.xpath: //span[@name='ACCOUNT_NO']' not found

2018-07-03 09:18:00 - [TEST_STEP][FAILED] - Statement - accNo = com.kms.katalon.core.webui.keyword.WebUiBuiltInKeywords.getText(dO): Unable to get text of object '//span[@name='ACCOUNT_NO']' (Root cause: com.kms.katalon.core.webui.exception.WebElementNotFoundException: Web element with id: '//span[@name='ACCOUNT_NO']' located by 'By.xpath: //span[@name='ACCOUNT_NO']' not found)

2018-07-03 09:18:32 - [MESSAGE][FAILED] - Unable to get text of object '//span[@name='ACCOUNT_NO']' (Root cause: com.kms.katalon.core.webui.exception.WebElementNotFoundException: Web element with id: '//span[@name='ACCOUNT_NO']' located by 'By.xpath: //span[@name='ACCOUNT_NO']' not found)
[[ATTACHMENT|D:\\Sheepa\\Katalon\\Studio Smoke Test\\Studio Smoke Test\\Reports\\Request_Moduler\\20180703_090341\\1530589711836.png]]

2018-07-03 09:18:32 - [TEST_STEP][PASSED] - Statement - println(accNo): null

2018-07-03 09:18:32 - [TEST_STEP][PASSED] - Statement - assert accNo == acc_No: null]]></system-out>
         <system-err><![CDATA[2018-07-03 09:11:24 - [TEST_CASE][FAILED] - Test Cases/Smoke Test/Model House Req Mod Test: Test Cases/Smoke Test/Model House Req Mod Test FAILED because (of) Unable to click on object '//span[starts-with(@class,'workspace_label workspace_label-AR959703')]' (Root cause: com.kms.katalon.core.webui.exception.WebElementNotFoundException: Web element with id: '//span[starts-with(@class,'workspace_label workspace_label-AR959703')]' located by 'By.xpath: //span[starts-with(@class,'workspace_label workspace_label-AR959703')]' not found)]]></system-err>
      </testcase>
      <system-out><![CDATA[2018-07-03 09:03:49 - [TEST_SUITE][FAILED] - Request_Moduler: Test Cases/Smoke Test/New Test Request Moduler FAILED because (of) Unable to click on object 'Object Repository/New_Test_Create_Request Moduler/Page_Canvas World/enter_workspaceId' (Root cause: com.kms.katalon.core.webui.exception.WebElementNotFoundException: Web element with id: 'Object Repository/New_Test_Create_Request Moduler/Page_Canvas World/enter_workspaceId' located by 'By.xpath: //input[@id='REQ_DEFAULT_PREF_WSMENU-WORKSPACE_ID']' not found)]]></system-out>
      <system-err><![CDATA[2018-07-03 09:03:49 - [TEST_SUITE][FAILED] - Request_Moduler: Test Cases/Smoke Test/New Test Request Moduler FAILED because (of) Unable to click on object 'Object Repository/New_Test_Create_Request Moduler/Page_Canvas World/enter_workspaceId' (Root cause: com.kms.katalon.core.webui.exception.WebElementNotFoundException: Web element with id: 'Object Repository/New_Test_Create_Request Moduler/Page_Canvas World/enter_workspaceId' located by 'By.xpath: //input[@id='REQ_DEFAULT_PREF_WSMENU-WORKSPACE_ID']' not found)]]></system-err>
   </testsuite>
</testsuites>
