<?xml version="1.0" encoding="UTF-8"?>
<testsuites name="Grid_Suite" time="272" tests="7" failures="1" errors="0">
   <testsuite name="Grid_Suite" tests="7" failures="1" errors="0" time="272" timestamp="2018-06-27 15:34:48" hostname="arokia.raj - N9449.intellectdesign.com" id="Test Suites/Grid_Suite">
      <properties>
         <property name="deviceName" value=""/>
         <property name="devicePlatform" value=""/>
         <property name="logFolder" value="D:\\Sheepa\\Katalon\\Studio Smoke Test\\Studio Smoke Test\\Reports\\Grid_Suite\\20180627_153446"/>
         <property name="logFiles" value="D:\\Sheepa\\Katalon\\Studio Smoke Test\\Studio Smoke Test\\Reports\\Grid_Suite\\20180627_153446\\execution0.log"/>
         <property name="attachments" value="D:\\Sheepa\\Katalon\\Studio Smoke Test\\Studio Smoke Test\\Reports\\Grid_Suite\\20180627_153446\\1530094159693.png"/>
         <property name="hostName" value="arokia.raj - N9449.intellectdesign.com"/>
         <property name="os" value="Windows 7 64bit"/>
         <property name="katalonVersion" value="5.4.1.1"/>
         <property name="browser" value="Chrome 67.0.3396.99"/>
         <property name="hostAddress" value="172.29.24.220"/>
         <property name="sessionId" value="7a2953a217689c3967fcca9e31b5d437"/>
         <property name="seleniumVersion" value="3.7.1"/>
         <property name="proxyInformation" value="ProxyInformation{proxyOption=NO_PROXY, proxyServerType=HTTP, password=, proxyServerAddress=, proxyServerPort=0}"/>
         <property name="platform" value="Windows 7"/>
      </properties>
      <testcase name="Test Cases/Smoke Test/Delete Grid Views" classname="Test Cases/Smoke Test/Delete Grid Views" status="PASSED">
         <system-out><![CDATA[2018-06-27 15:34:49 - [TEST_CASE][PASSED] - Test Cases/Smoke Test/Delete Grid Views: Test Cases/Smoke Test/Delete Grid Views

2018-06-27 15:34:50 - [TEST_STEP][PASSED] - openBrowser: Browser is opened with url: ''

2018-06-27 15:34:57 - [MESSAGE][PASSED] - Browser is opened with url: ''

2018-06-27 15:34:57 - [TEST_STEP][PASSED] - maximizeWindow: Current window maximized

2018-06-27 15:34:58 - [MESSAGE][PASSED] - Current window maximized

2018-06-27 15:34:58 - [TEST_STEP][PASSED] - navigateToUrl: Navigate to 'http://localhost:8080/expertctstudio' successfully

2018-06-27 15:35:20 - [MESSAGE][PASSED] - Navigate to 'http://localhost:8080/expertctstudio' successfully

2018-06-27 15:35:20 - [TEST_STEP][PASSED] - setText: Text 'CTSTUD1' is set on object 'Object Repository/New_Test_Create_Form/Page_Expert CT Studio/input_loginID'

2018-06-27 15:35:20 - [MESSAGE][PASSED] - Text 'CTSTUD1' is set on object 'Object Repository/New_Test_Create_Form/Page_Expert CT Studio/input_loginID'

2018-06-27 15:35:20 - [TEST_STEP][PASSED] - setText: Text 'TEST123' is set on object 'Object Repository/New_Test_Create_Form/Page_Expert CT Studio/input_loginPSW'

2018-06-27 15:35:20 - [MESSAGE][PASSED] - Text 'TEST123' is set on object 'Object Repository/New_Test_Create_Form/Page_Expert CT Studio/input_loginPSW'

2018-06-27 15:35:20 - [TEST_STEP][PASSED] - click: Object: 'Object Repository/New_Test_Create_Form/Page_Expert CT Studio/input_commit' is clicked on

2018-06-27 15:35:22 - [MESSAGE][PASSED] - Object: 'Object Repository/New_Test_Create_Form/Page_Expert CT Studio/input_commit' is clicked on

2018-06-27 15:35:22 - [TEST_STEP][PASSED] - waitForPageLoad: Wait for page load successfully

2018-06-27 15:35:22 - [MESSAGE][PASSED] - Wait for page load successfully

2018-06-27 15:35:22 - [TEST_STEP][PASSED] - click: Object: 'Object Repository/New_Test_Create_List_Grid/Page_Canvas World/click_view_def' is clicked on

2018-06-27 15:35:23 - [MESSAGE][PASSED] - Object: 'Object Repository/New_Test_Create_List_Grid/Page_Canvas World/click_view_def' is clicked on

2018-06-27 15:35:23 - [TEST_STEP][PASSED] - waitForPageLoad: Wait for page load successfully

2018-06-27 15:35:23 - [MESSAGE][PASSED] - Wait for page load successfully

2018-06-27 15:35:23 - [TEST_STEP][PASSED] - Statement - returnVal_View = delete(5): null

2018-06-27 15:35:23 - [TEST_STEP][PASSED] - Statement - path = "D:\Sheepa\Katalon\Studio Smoke Test\Studio Smoke Test\Data Files\Grid_view_id.xls": null

2018-06-27 15:35:23 - [TEST_STEP][PASSED] - Statement - fis = new java.io.FileInputStream(path): null

2018-06-27 15:35:23 - [TEST_STEP][PASSED] - Statement - hssfWorkbook = new org.apache.poi.hssf.usermodel.HSSFWorkbook(fis): null

2018-06-27 15:35:23 - [TEST_STEP][PASSED] - Statement - sc = hssfWorkbook.getNumberOfSheets(): null

2018-06-27 15:35:23 - [TEST_STEP][PASSED] - Statement - println(sc): null

2018-06-27 15:35:23 - [TEST_STEP][PASSED] - Statement - hssfSheet = hssfWorkbook.getSheetAt(0): null

2018-06-27 15:35:23 - [TEST_STEP][PASSED] - Statement - hssfRow = hssfSheet.getRow(1): null

2018-06-27 15:35:23 - [TEST_STEP][PASSED] - Statement - For ([i = 0, i <= j, (i++)]): null

2018-06-27 15:35:23 - [TEST_STEP][PASSED] - Statement - id = hssfRow.getCell(i): null

2018-06-27 15:35:23 - [TEST_STEP][PASSED] - Statement - selectForm = "//span[contains(text(), '" + id + "')]": null

2018-06-27 15:35:23 - [TEST_STEP][PASSED] - Statement - println(selectForm): null

2018-06-27 15:35:23 - [TEST_STEP][PASSED] - Statement - dynamicObject = new com.kms.katalon.core.testobject.TestObject(selectForm).addProperty("xpath", EQUALS, selectForm, true): null

2018-06-27 15:35:23 - [TEST_STEP][PASSED] - Statement - present = com.kms.katalon.core.webui.keyword.WebUiBuiltInKeywords.verifyElementNotPresent(dynamicObject, 4, CONTINUE_ON_FAILURE): Web element with id: '//span[contains(text(), 'A001')]' located by 'By.xpath: //span[contains(text(), 'A001')]' is not present after '4' second(s)

2018-06-27 15:35:24 - [MESSAGE][PASSED] - Web element with id: '//span[contains(text(), 'A001')]' located by 'By.xpath: //span[contains(text(), 'A001')]' is not present after '4' second(s)

2018-06-27 15:35:24 - [TEST_STEP][PASSED] - Statement - If (java.lang.String.valueOf(present) == "false"): null

2018-06-27 15:35:24 - [TEST_STEP][PASSED] - Statement - Else: null

2018-06-27 15:35:24 - [TEST_STEP][PASSED] - Statement - println("No View exist"): null

2018-06-27 15:35:24 - [TEST_STEP][PASSED] - Statement - id = hssfRow.getCell(i): null

2018-06-27 15:35:24 - [TEST_STEP][PASSED] - Statement - selectForm = "//span[contains(text(), '" + id + "')]": null

2018-06-27 15:35:24 - [TEST_STEP][PASSED] - Statement - println(selectForm): null

2018-06-27 15:35:24 - [TEST_STEP][PASSED] - Statement - dynamicObject = new com.kms.katalon.core.testobject.TestObject(selectForm).addProperty("xpath", EQUALS, selectForm, true): null

2018-06-27 15:35:24 - [TEST_STEP][PASSED] - Statement - present = com.kms.katalon.core.webui.keyword.WebUiBuiltInKeywords.verifyElementNotPresent(dynamicObject, 4, CONTINUE_ON_FAILURE): Web element with id: '//span[contains(text(), 'A002')]' located by 'By.xpath: //span[contains(text(), 'A002')]' is not present after '4' second(s)

2018-06-27 15:35:24 - [MESSAGE][PASSED] - Web element with id: '//span[contains(text(), 'A002')]' located by 'By.xpath: //span[contains(text(), 'A002')]' is not present after '4' second(s)

2018-06-27 15:35:24 - [TEST_STEP][PASSED] - Statement - If (java.lang.String.valueOf(present) == "false"): null

2018-06-27 15:35:24 - [TEST_STEP][PASSED] - Statement - Else: null

2018-06-27 15:35:24 - [TEST_STEP][PASSED] - Statement - println("No View exist"): null

2018-06-27 15:35:24 - [TEST_STEP][PASSED] - Statement - id = hssfRow.getCell(i): null

2018-06-27 15:35:24 - [TEST_STEP][PASSED] - Statement - selectForm = "//span[contains(text(), '" + id + "')]": null

2018-06-27 15:35:24 - [TEST_STEP][PASSED] - Statement - println(selectForm): null

2018-06-27 15:35:24 - [TEST_STEP][PASSED] - Statement - dynamicObject = new com.kms.katalon.core.testobject.TestObject(selectForm).addProperty("xpath", EQUALS, selectForm, true): null

2018-06-27 15:35:24 - [TEST_STEP][PASSED] - Statement - present = com.kms.katalon.core.webui.keyword.WebUiBuiltInKeywords.verifyElementNotPresent(dynamicObject, 4, CONTINUE_ON_FAILURE): Web element with id: '//span[contains(text(), 'A003')]' located by 'By.xpath: //span[contains(text(), 'A003')]' is not present after '4' second(s)

2018-06-27 15:35:24 - [MESSAGE][PASSED] - Web element with id: '//span[contains(text(), 'A003')]' located by 'By.xpath: //span[contains(text(), 'A003')]' is not present after '4' second(s)

2018-06-27 15:35:24 - [TEST_STEP][PASSED] - Statement - If (java.lang.String.valueOf(present) == "false"): null

2018-06-27 15:35:24 - [TEST_STEP][PASSED] - Statement - Else: null

2018-06-27 15:35:24 - [TEST_STEP][PASSED] - Statement - println("No View exist"): null

2018-06-27 15:35:24 - [TEST_STEP][PASSED] - Statement - id = hssfRow.getCell(i): null

2018-06-27 15:35:24 - [TEST_STEP][PASSED] - Statement - selectForm = "//span[contains(text(), '" + id + "')]": null

2018-06-27 15:35:24 - [TEST_STEP][PASSED] - Statement - println(selectForm): null

2018-06-27 15:35:24 - [TEST_STEP][PASSED] - Statement - dynamicObject = new com.kms.katalon.core.testobject.TestObject(selectForm).addProperty("xpath", EQUALS, selectForm, true): null

2018-06-27 15:35:24 - [TEST_STEP][PASSED] - Statement - present = com.kms.katalon.core.webui.keyword.WebUiBuiltInKeywords.verifyElementNotPresent(dynamicObject, 4, CONTINUE_ON_FAILURE): Web element with id: '//span[contains(text(), 'A004')]' located by 'By.xpath: //span[contains(text(), 'A004')]' is not present after '4' second(s)

2018-06-27 15:35:24 - [MESSAGE][PASSED] - Web element with id: '//span[contains(text(), 'A004')]' located by 'By.xpath: //span[contains(text(), 'A004')]' is not present after '4' second(s)

2018-06-27 15:35:24 - [TEST_STEP][PASSED] - Statement - If (java.lang.String.valueOf(present) == "false"): null

2018-06-27 15:35:24 - [TEST_STEP][PASSED] - Statement - Else: null

2018-06-27 15:35:24 - [TEST_STEP][PASSED] - Statement - println("No View exist"): null

2018-06-27 15:35:24 - [TEST_STEP][PASSED] - Statement - id = hssfRow.getCell(i): null

2018-06-27 15:35:24 - [TEST_STEP][PASSED] - Statement - selectForm = "//span[contains(text(), '" + id + "')]": null

2018-06-27 15:35:24 - [TEST_STEP][PASSED] - Statement - println(selectForm): null

2018-06-27 15:35:24 - [TEST_STEP][PASSED] - Statement - dynamicObject = new com.kms.katalon.core.testobject.TestObject(selectForm).addProperty("xpath", EQUALS, selectForm, true): null

2018-06-27 15:35:24 - [TEST_STEP][PASSED] - Statement - present = com.kms.katalon.core.webui.keyword.WebUiBuiltInKeywords.verifyElementNotPresent(dynamicObject, 4, CONTINUE_ON_FAILURE): Web element with id: '//span[contains(text(), 'A005')]' located by 'By.xpath: //span[contains(text(), 'A005')]' is not present after '4' second(s)

2018-06-27 15:35:24 - [MESSAGE][PASSED] - Web element with id: '//span[contains(text(), 'A005')]' located by 'By.xpath: //span[contains(text(), 'A005')]' is not present after '4' second(s)

2018-06-27 15:35:24 - [TEST_STEP][PASSED] - Statement - If (java.lang.String.valueOf(present) == "false"): null

2018-06-27 15:35:24 - [TEST_STEP][PASSED] - Statement - Else: null

2018-06-27 15:35:24 - [TEST_STEP][PASSED] - Statement - println("No View exist"): null

2018-06-27 15:35:24 - [TEST_STEP][PASSED] - Statement - id = hssfRow.getCell(i): null

2018-06-27 15:35:24 - [TEST_STEP][PASSED] - Statement - selectForm = "//span[contains(text(), '" + id + "')]": null

2018-06-27 15:35:24 - [TEST_STEP][PASSED] - Statement - println(selectForm): null

2018-06-27 15:35:24 - [TEST_STEP][PASSED] - Statement - dynamicObject = new com.kms.katalon.core.testobject.TestObject(selectForm).addProperty("xpath", EQUALS, selectForm, true): null

2018-06-27 15:35:25 - [TEST_STEP][PASSED] - Statement - present = com.kms.katalon.core.webui.keyword.WebUiBuiltInKeywords.verifyElementNotPresent(dynamicObject, 4, CONTINUE_ON_FAILURE): Web element with id: '//span[contains(text(), 'A006')]' located by 'By.xpath: //span[contains(text(), 'A006')]' is not present after '4' second(s)

2018-06-27 15:35:25 - [MESSAGE][PASSED] - Web element with id: '//span[contains(text(), 'A006')]' located by 'By.xpath: //span[contains(text(), 'A006')]' is not present after '4' second(s)

2018-06-27 15:35:25 - [TEST_STEP][PASSED] - Statement - If (java.lang.String.valueOf(present) == "false"): null

2018-06-27 15:35:25 - [TEST_STEP][PASSED] - Statement - Else: null

2018-06-27 15:35:25 - [TEST_STEP][PASSED] - Statement - println("No View exist"): null

2018-06-27 15:35:25 - [TEST_STEP][PASSED] - Statement - return done: null

2018-06-27 15:35:25 - [TEST_STEP][PASSED] - Statement - println("View " + returnVal_View): null

2018-06-27 15:35:25 - [TEST_STEP][PASSED] - delay: Delayed 5 second(s)

2018-06-27 15:35:30 - [MESSAGE][PASSED] - Delayed 5 second(s)

2018-06-27 15:35:30 - [TEST_STEP][PASSED] - click: Object: 'Object Repository/New_Test_Create_List_Grid/Page_Canvas World/click_app_def' is clicked on

2018-06-27 15:35:30 - [MESSAGE][PASSED] - Object: 'Object Repository/New_Test_Create_List_Grid/Page_Canvas World/click_app_def' is clicked on

2018-06-27 15:35:30 - [TEST_STEP][PASSED] - waitForPageLoad: Wait for page load successfully

2018-06-27 15:35:30 - [MESSAGE][PASSED] - Wait for page load successfully

2018-06-27 15:35:30 - [TEST_STEP][PASSED] - Statement - returnVal_App = delete(6): null

2018-06-27 15:35:30 - [TEST_STEP][PASSED] - Statement - path = "D:\Sheepa\Katalon\Studio Smoke Test\Studio Smoke Test\Data Files\Grid_view_id.xls": null

2018-06-27 15:35:30 - [TEST_STEP][PASSED] - Statement - fis = new java.io.FileInputStream(path): null

2018-06-27 15:35:30 - [TEST_STEP][PASSED] - Statement - hssfWorkbook = new org.apache.poi.hssf.usermodel.HSSFWorkbook(fis): null

2018-06-27 15:35:30 - [TEST_STEP][PASSED] - Statement - sc = hssfWorkbook.getNumberOfSheets(): null

2018-06-27 15:35:30 - [TEST_STEP][PASSED] - Statement - println(sc): null

2018-06-27 15:35:30 - [TEST_STEP][PASSED] - Statement - hssfSheet = hssfWorkbook.getSheetAt(0): null

2018-06-27 15:35:30 - [TEST_STEP][PASSED] - Statement - hssfRow = hssfSheet.getRow(1): null

2018-06-27 15:35:30 - [TEST_STEP][PASSED] - Statement - For ([i = 0, i <= j, (i++)]): null

2018-06-27 15:35:30 - [TEST_STEP][PASSED] - Statement - id = hssfRow.getCell(i): null

2018-06-27 15:35:30 - [TEST_STEP][PASSED] - Statement - selectForm = "//span[contains(text(), '" + id + "')]": null

2018-06-27 15:35:30 - [TEST_STEP][PASSED] - Statement - println(selectForm): null

2018-06-27 15:35:30 - [TEST_STEP][PASSED] - Statement - dynamicObject = new com.kms.katalon.core.testobject.TestObject(selectForm).addProperty("xpath", EQUALS, selectForm, true): null

2018-06-27 15:35:30 - [TEST_STEP][PASSED] - Statement - present = com.kms.katalon.core.webui.keyword.WebUiBuiltInKeywords.verifyElementNotPresent(dynamicObject, 4, CONTINUE_ON_FAILURE): Web element with id: '//span[contains(text(), 'A001')]' located by 'By.xpath: //span[contains(text(), 'A001')]' is not present after '4' second(s)

2018-06-27 15:35:30 - [MESSAGE][PASSED] - Web element with id: '//span[contains(text(), 'A001')]' located by 'By.xpath: //span[contains(text(), 'A001')]' is not present after '4' second(s)

2018-06-27 15:35:30 - [TEST_STEP][PASSED] - Statement - If (java.lang.String.valueOf(present) == "false"): null

2018-06-27 15:35:30 - [TEST_STEP][PASSED] - Statement - Else: null

2018-06-27 15:35:30 - [TEST_STEP][PASSED] - Statement - println("No View exist"): null

2018-06-27 15:35:30 - [TEST_STEP][PASSED] - Statement - id = hssfRow.getCell(i): null

2018-06-27 15:35:30 - [TEST_STEP][PASSED] - Statement - selectForm = "//span[contains(text(), '" + id + "')]": null

2018-06-27 15:35:30 - [TEST_STEP][PASSED] - Statement - println(selectForm): null

2018-06-27 15:35:30 - [TEST_STEP][PASSED] - Statement - dynamicObject = new com.kms.katalon.core.testobject.TestObject(selectForm).addProperty("xpath", EQUALS, selectForm, true): null

2018-06-27 15:35:30 - [TEST_STEP][PASSED] - Statement - present = com.kms.katalon.core.webui.keyword.WebUiBuiltInKeywords.verifyElementNotPresent(dynamicObject, 4, CONTINUE_ON_FAILURE): Web element with id: '//span[contains(text(), 'A002')]' located by 'By.xpath: //span[contains(text(), 'A002')]' is not present after '4' second(s)

2018-06-27 15:35:30 - [MESSAGE][PASSED] - Web element with id: '//span[contains(text(), 'A002')]' located by 'By.xpath: //span[contains(text(), 'A002')]' is not present after '4' second(s)

2018-06-27 15:35:30 - [TEST_STEP][PASSED] - Statement - If (java.lang.String.valueOf(present) == "false"): null

2018-06-27 15:35:30 - [TEST_STEP][PASSED] - Statement - Else: null

2018-06-27 15:35:30 - [TEST_STEP][PASSED] - Statement - println("No View exist"): null

2018-06-27 15:35:30 - [TEST_STEP][PASSED] - Statement - id = hssfRow.getCell(i): null

2018-06-27 15:35:30 - [TEST_STEP][PASSED] - Statement - selectForm = "//span[contains(text(), '" + id + "')]": null

2018-06-27 15:35:30 - [TEST_STEP][PASSED] - Statement - println(selectForm): null

2018-06-27 15:35:30 - [TEST_STEP][PASSED] - Statement - dynamicObject = new com.kms.katalon.core.testobject.TestObject(selectForm).addProperty("xpath", EQUALS, selectForm, true): null

2018-06-27 15:35:30 - [TEST_STEP][PASSED] - Statement - present = com.kms.katalon.core.webui.keyword.WebUiBuiltInKeywords.verifyElementNotPresent(dynamicObject, 4, CONTINUE_ON_FAILURE): Web element with id: '//span[contains(text(), 'A003')]' located by 'By.xpath: //span[contains(text(), 'A003')]' is not present after '4' second(s)

2018-06-27 15:35:30 - [MESSAGE][PASSED] - Web element with id: '//span[contains(text(), 'A003')]' located by 'By.xpath: //span[contains(text(), 'A003')]' is not present after '4' second(s)

2018-06-27 15:35:31 - [TEST_STEP][PASSED] - Statement - If (java.lang.String.valueOf(present) == "false"): null

2018-06-27 15:35:31 - [TEST_STEP][PASSED] - Statement - Else: null

2018-06-27 15:35:31 - [TEST_STEP][PASSED] - Statement - println("No View exist"): null

2018-06-27 15:35:31 - [TEST_STEP][PASSED] - Statement - id = hssfRow.getCell(i): null

2018-06-27 15:35:31 - [TEST_STEP][PASSED] - Statement - selectForm = "//span[contains(text(), '" + id + "')]": null

2018-06-27 15:35:31 - [TEST_STEP][PASSED] - Statement - println(selectForm): null

2018-06-27 15:35:31 - [TEST_STEP][PASSED] - Statement - dynamicObject = new com.kms.katalon.core.testobject.TestObject(selectForm).addProperty("xpath", EQUALS, selectForm, true): null

2018-06-27 15:35:31 - [TEST_STEP][PASSED] - Statement - present = com.kms.katalon.core.webui.keyword.WebUiBuiltInKeywords.verifyElementNotPresent(dynamicObject, 4, CONTINUE_ON_FAILURE): Web element with id: '//span[contains(text(), 'A004')]' located by 'By.xpath: //span[contains(text(), 'A004')]' is not present after '4' second(s)

2018-06-27 15:35:31 - [MESSAGE][PASSED] - Web element with id: '//span[contains(text(), 'A004')]' located by 'By.xpath: //span[contains(text(), 'A004')]' is not present after '4' second(s)

2018-06-27 15:35:31 - [TEST_STEP][PASSED] - Statement - If (java.lang.String.valueOf(present) == "false"): null

2018-06-27 15:35:31 - [TEST_STEP][PASSED] - Statement - Else: null

2018-06-27 15:35:31 - [TEST_STEP][PASSED] - Statement - println("No View exist"): null

2018-06-27 15:35:31 - [TEST_STEP][PASSED] - Statement - id = hssfRow.getCell(i): null

2018-06-27 15:35:31 - [TEST_STEP][PASSED] - Statement - selectForm = "//span[contains(text(), '" + id + "')]": null

2018-06-27 15:35:31 - [TEST_STEP][PASSED] - Statement - println(selectForm): null

2018-06-27 15:35:31 - [TEST_STEP][PASSED] - Statement - dynamicObject = new com.kms.katalon.core.testobject.TestObject(selectForm).addProperty("xpath", EQUALS, selectForm, true): null

2018-06-27 15:35:31 - [TEST_STEP][PASSED] - Statement - present = com.kms.katalon.core.webui.keyword.WebUiBuiltInKeywords.verifyElementNotPresent(dynamicObject, 4, CONTINUE_ON_FAILURE): Web element with id: '//span[contains(text(), 'A005')]' located by 'By.xpath: //span[contains(text(), 'A005')]' is not present after '4' second(s)

2018-06-27 15:35:31 - [MESSAGE][PASSED] - Web element with id: '//span[contains(text(), 'A005')]' located by 'By.xpath: //span[contains(text(), 'A005')]' is not present after '4' second(s)

2018-06-27 15:35:31 - [TEST_STEP][PASSED] - Statement - If (java.lang.String.valueOf(present) == "false"): null

2018-06-27 15:35:32 - [TEST_STEP][PASSED] - Statement - Else: null

2018-06-27 15:35:32 - [TEST_STEP][PASSED] - Statement - println("No View exist"): null

2018-06-27 15:35:32 - [TEST_STEP][PASSED] - Statement - id = hssfRow.getCell(i): null

2018-06-27 15:35:32 - [TEST_STEP][PASSED] - Statement - selectForm = "//span[contains(text(), '" + id + "')]": null

2018-06-27 15:35:32 - [TEST_STEP][PASSED] - Statement - println(selectForm): null

2018-06-27 15:35:32 - [TEST_STEP][PASSED] - Statement - dynamicObject = new com.kms.katalon.core.testobject.TestObject(selectForm).addProperty("xpath", EQUALS, selectForm, true): null

2018-06-27 15:35:32 - [TEST_STEP][PASSED] - Statement - present = com.kms.katalon.core.webui.keyword.WebUiBuiltInKeywords.verifyElementNotPresent(dynamicObject, 4, CONTINUE_ON_FAILURE): Web element with id: '//span[contains(text(), 'A006')]' located by 'By.xpath: //span[contains(text(), 'A006')]' is not present after '4' second(s)

2018-06-27 15:35:32 - [MESSAGE][PASSED] - Web element with id: '//span[contains(text(), 'A006')]' located by 'By.xpath: //span[contains(text(), 'A006')]' is not present after '4' second(s)

2018-06-27 15:35:32 - [TEST_STEP][PASSED] - Statement - If (java.lang.String.valueOf(present) == "false"): null

2018-06-27 15:35:32 - [TEST_STEP][PASSED] - Statement - Else: null

2018-06-27 15:35:32 - [TEST_STEP][PASSED] - Statement - println("No View exist"): null

2018-06-27 15:35:32 - [TEST_STEP][PASSED] - Statement - id = hssfRow.getCell(i): null

2018-06-27 15:35:32 - [TEST_STEP][PASSED] - Statement - selectForm = "//span[contains(text(), '" + id + "')]": null

2018-06-27 15:35:32 - [TEST_STEP][PASSED] - Statement - println(selectForm): null

2018-06-27 15:35:32 - [TEST_STEP][PASSED] - Statement - dynamicObject = new com.kms.katalon.core.testobject.TestObject(selectForm).addProperty("xpath", EQUALS, selectForm, true): null

2018-06-27 15:35:32 - [TEST_STEP][PASSED] - Statement - present = com.kms.katalon.core.webui.keyword.WebUiBuiltInKeywords.verifyElementNotPresent(dynamicObject, 4, CONTINUE_ON_FAILURE): Web element with id: '//span[contains(text(), 'A007')]' located by 'By.xpath: //span[contains(text(), 'A007')]' is not present after '4' second(s)

2018-06-27 15:35:32 - [MESSAGE][PASSED] - Web element with id: '//span[contains(text(), 'A007')]' located by 'By.xpath: //span[contains(text(), 'A007')]' is not present after '4' second(s)

2018-06-27 15:35:32 - [TEST_STEP][PASSED] - Statement - If (java.lang.String.valueOf(present) == "false"): null

2018-06-27 15:35:32 - [TEST_STEP][PASSED] - Statement - Else: null

2018-06-27 15:35:32 - [TEST_STEP][PASSED] - Statement - println("No View exist"): null

2018-06-27 15:35:32 - [TEST_STEP][PASSED] - Statement - return done: null

2018-06-27 15:35:32 - [TEST_STEP][PASSED] - Statement - println("App " + returnVal_App): null]]></system-out>
         <system-err><![CDATA[]]></system-err>
      </testcase>
      <testcase name="Test Cases/Smoke Test/New_Create_List_Grid_Simple" classname="Test Cases/Smoke Test/New_Create_List_Grid_Simple" status="PASSED">
         <system-out><![CDATA[2018-06-27 15:35:32 - [TEST_CASE][PASSED] - Test Cases/Smoke Test/New_Create_List_Grid_Simple: Test Cases/Smoke Test/New_Create_List_Grid_Simple

2018-06-27 15:35:33 - [TEST_STEP][PASSED] - waitForPageLoad: Wait for page load successfully

2018-06-27 15:35:33 - [MESSAGE][PASSED] - Wait for page load successfully

2018-06-27 15:35:33 - [TEST_STEP][PASSED] - Statement - common = com.kms.katalon.core.webui.keyword.WebUiBuiltInKeywords.callTestCase(com.kms.katalon.core.testcase.TestCaseFactory.findTestCase(Test Cases/Studio Smoke Test Cases/ReadExcel), [:]): Call Test Case 'Test Cases/Studio Smoke Test Cases/ReadExcel' successfully

2018-06-27 15:35:33 - [TEST_CASE][PASSED] - Test Cases/Studio Smoke Test Cases/ReadExcel: Test Cases/Studio Smoke Test Cases/ReadExcel

2018-06-27 15:35:33 - [TEST_STEP][PASSED] - Statement - path = "D:\Sheepa\Katalon\Studio Smoke Test\Studio Smoke Test\Data Files\Data Input.xls": null

2018-06-27 15:35:33 - [TEST_STEP][PASSED] - Statement - fis = new java.io.FileInputStream(path): null

2018-06-27 15:35:33 - [TEST_STEP][PASSED] - Statement - hssfWorkbook = new org.apache.poi.hssf.usermodel.HSSFWorkbook(fis): null

2018-06-27 15:35:33 - [TEST_STEP][PASSED] - Statement - sc = hssfWorkbook.getNumberOfSheets(): null

2018-06-27 15:35:33 - [TEST_STEP][PASSED] - Statement - println(sc): null

2018-06-27 15:35:33 - [TEST_STEP][PASSED] - Statement - hssfSheet = hssfWorkbook.getSheetAt(0): null

2018-06-27 15:35:33 - [TEST_STEP][PASSED] - Statement - hssfRow = hssfSheet.getRow(1): null

2018-06-27 15:35:33 - [TEST_STEP][PASSED] - Statement - fid = hssfRow.getCell(0): null

2018-06-27 15:35:33 - [TEST_STEP][PASSED] - Statement - vid = hssfRow.getCell(1): null

2018-06-27 15:35:33 - [TEST_STEP][PASSED] - Statement - aid = hssfRow.getCell(2): null

2018-06-27 15:35:33 - [TEST_STEP][PASSED] - Statement - subid = hssfRow.getCell(3): null

2018-06-27 15:35:33 - [TEST_STEP][PASSED] - Statement - wsid = hssfRow.getCell(4): null

2018-06-27 15:35:33 - [TEST_STEP][PASSED] - Statement - reqid = hssfRow.getCell(5): null

2018-06-27 15:35:33 - [TEST_STEP][PASSED] - Statement - accNo = hssfRow.getCell(6): null

2018-06-27 15:35:33 - [TEST_STEP][PASSED] - Statement - println(vid): null

2018-06-27 15:35:33 - [TEST_STEP][PASSED] - Statement - map = [:]: null

2018-06-27 15:35:33 - [TEST_STEP][PASSED] - Statement - map.put("formID", fid): null

2018-06-27 15:35:34 - [TEST_STEP][PASSED] - Statement - map.put("viewID", vid): null

2018-06-27 15:35:34 - [TEST_STEP][PASSED] - Statement - map.put("appID", aid): null

2018-06-27 15:35:34 - [TEST_STEP][PASSED] - Statement - map.put("subWSID", subid): null

2018-06-27 15:35:34 - [TEST_STEP][PASSED] - Statement - map.put("WSID", wsid): null

2018-06-27 15:35:34 - [TEST_STEP][PASSED] - Statement - map.put("REQID", reqid): null

2018-06-27 15:35:34 - [TEST_STEP][PASSED] - Statement - map.put("AccNo", accNo): null

2018-06-27 15:35:34 - [TEST_STEP][PASSED] - Statement - return map: null

2018-06-27 15:35:34 - [MESSAGE][PASSED] - Call Test Case 'Test Cases/Studio Smoke Test Cases/ReadExcel' successfully

2018-06-27 15:35:34 - [TEST_STEP][PASSED] - Statement - form_id = common["formID"]: null

2018-06-27 15:35:34 - [TEST_STEP][PASSED] - Statement - println(form_id): null

2018-06-27 15:35:35 - [TEST_STEP][PASSED] - Statement - view_id = common["viewID"]: null

2018-06-27 15:35:35 - [TEST_STEP][PASSED] - Statement - println(view_id): null

2018-06-27 15:35:35 - [TEST_STEP][PASSED] - click: Object: 'Object Repository/New_Test_Create_Form/Page_Canvas World/span_Create' is clicked on

2018-06-27 15:35:35 - [MESSAGE][PASSED] - Object: 'Object Repository/New_Test_Create_Form/Page_Canvas World/span_Create' is clicked on

2018-06-27 15:35:35 - [TEST_STEP][PASSED] - click: Object: 'Object Repository/New_Test_Create_View/Page_Canvas World/span_View' is clicked on

2018-06-27 15:35:35 - [MESSAGE][PASSED] - Object: 'Object Repository/New_Test_Create_View/Page_Canvas World/span_View' is clicked on

2018-06-27 15:35:35 - [TEST_STEP][PASSED] - waitForPageLoad: Wait for page load successfully

2018-06-27 15:35:35 - [MESSAGE][PASSED] - Wait for page load successfully

2018-06-27 15:35:35 - [TEST_STEP][PASSED] - click: Object: 'Object Repository/New_Test_Create_View/Page_Canvas World/enter_ViewId' is clicked on

2018-06-27 15:35:39 - [MESSAGE][PASSED] - Object: 'Object Repository/New_Test_Create_View/Page_Canvas World/enter_ViewId' is clicked on

2018-06-27 15:35:39 - [TEST_STEP][PASSED] - setText: Text 'A001' is set on object 'Object Repository/New_Test_Create_View/Page_Canvas World/enter_ViewId'

2018-06-27 15:35:39 - [MESSAGE][PASSED] - Text 'A001' is set on object 'Object Repository/New_Test_Create_View/Page_Canvas World/enter_ViewId'

2018-06-27 15:35:39 - [TEST_STEP][PASSED] - click: Object: 'Object Repository/New_Test_Create_View/Page_Canvas World/view_DisplayName' is clicked on

2018-06-27 15:35:39 - [MESSAGE][PASSED] - Object: 'Object Repository/New_Test_Create_View/Page_Canvas World/view_DisplayName' is clicked on

2018-06-27 15:35:39 - [TEST_STEP][PASSED] - setText: Text 'A001' is set on object 'Object Repository/New_Test_Create_View/Page_Canvas World/view_DisplayName'

2018-06-27 15:35:40 - [MESSAGE][PASSED] - Text 'A001' is set on object 'Object Repository/New_Test_Create_View/Page_Canvas World/view_DisplayName'

2018-06-27 15:35:40 - [TEST_STEP][PASSED] - selectOptionByValue: All options with value 'CLASSIC_GRID' are selected in object 'Object Repository/New_Test_Create_View/Page_Canvas World/select_ViewType' 

2018-06-27 15:35:40 - [MESSAGE][PASSED] - All options with value 'CLASSIC_GRID' are selected in object 'Object Repository/New_Test_Create_View/Page_Canvas World/select_ViewType' 

2018-06-27 15:35:40 - [TEST_STEP][PASSED] - click: Object: 'Object Repository/New_Test_Create_View/Page_Canvas World/enter_ResourceBundle' is clicked on

2018-06-27 15:35:41 - [MESSAGE][PASSED] - Object: 'Object Repository/New_Test_Create_View/Page_Canvas World/enter_ResourceBundle' is clicked on

2018-06-27 15:35:41 - [TEST_STEP][PASSED] - setText: Text 'common' is set on object 'Object Repository/New_Test_Create_View/Page_Canvas World/enter_ResourceBundle'

2018-06-27 15:35:41 - [MESSAGE][PASSED] - Text 'common' is set on object 'Object Repository/New_Test_Create_View/Page_Canvas World/enter_ResourceBundle'

2018-06-27 15:35:41 - [TEST_STEP][PASSED] - delay: Delayed 10 second(s)

2018-06-27 15:35:51 - [MESSAGE][PASSED] - Delayed 10 second(s)

2018-06-27 15:35:51 - [TEST_STEP][PASSED] - waitForElementVisible: Object 'Object Repository/New_Test_Create_List_Grid/Page_Canvas World/click_selectForm' is visible

2018-06-27 15:35:51 - [MESSAGE][PASSED] - Object 'Object Repository/New_Test_Create_List_Grid/Page_Canvas World/click_selectForm' is visible

2018-06-27 15:35:51 - [TEST_STEP][PASSED] - click: Object: 'Object Repository/New_Test_Create_List_Grid/Page_Canvas World/click_selectForm' is clicked on

2018-06-27 15:35:52 - [MESSAGE][PASSED] - Object: 'Object Repository/New_Test_Create_List_Grid/Page_Canvas World/click_selectForm' is clicked on

2018-06-27 15:35:52 - [TEST_STEP][PASSED] - Statement - selectForm = "//span[starts-with(text(), '" + "ACCOUNT_TABLE" + "')]": null

2018-06-27 15:35:52 - [TEST_STEP][PASSED] - Statement - println(selectForm): null

2018-06-27 15:35:52 - [TEST_STEP][PASSED] - Statement - dynamicObject = new com.kms.katalon.core.testobject.TestObject(selectForm).addProperty("xpath", EQUALS, selectForm, true): null

2018-06-27 15:35:52 - [TEST_STEP][PASSED] - waitForElementVisible: Object '//span[starts-with(text(), 'ACCOUNT_TABLE')]' is visible

2018-06-27 15:35:52 - [MESSAGE][PASSED] - Object '//span[starts-with(text(), 'ACCOUNT_TABLE')]' is visible

2018-06-27 15:35:52 - [TEST_STEP][PASSED] - doubleClick: Object: '//span[starts-with(text(), 'ACCOUNT_TABLE')]' is double clicked on

2018-06-27 15:35:52 - [MESSAGE][PASSED] - Object: '//span[starts-with(text(), 'ACCOUNT_TABLE')]' is double clicked on

2018-06-27 15:35:52 - [TEST_STEP][PASSED] - doubleClick: Object: '//span[starts-with(text(), 'ACCOUNT_TABLE')]' is double clicked on

2018-06-27 15:35:53 - [MESSAGE][PASSED] - Object: '//span[starts-with(text(), 'ACCOUNT_TABLE')]' is double clicked on

2018-06-27 15:35:53 - [TEST_STEP][PASSED] - delay: Delayed 3 second(s)

2018-06-27 15:35:56 - [MESSAGE][PASSED] - Delayed 3 second(s)

2018-06-27 15:35:56 - [TEST_STEP][PASSED] - click: Object: 'Object Repository/New_Test_Create_List_Grid/Page_Canvas World/click_default_ins_yes' is clicked on

2018-06-27 15:35:56 - [MESSAGE][PASSED] - Object: 'Object Repository/New_Test_Create_List_Grid/Page_Canvas World/click_default_ins_yes' is clicked on

2018-06-27 15:35:56 - [TEST_STEP][PASSED] - selectOptionByValue: All options with value 'CUSER' are selected in object 'Object Repository/New_Test_Create_View/Page_Canvas World/select_ProductCode' 

2018-06-27 15:35:56 - [MESSAGE][PASSED] - All options with value 'CUSER' are selected in object 'Object Repository/New_Test_Create_View/Page_Canvas World/select_ProductCode' 

2018-06-27 15:35:56 - [TEST_STEP][PASSED] - selectOptionByValue: All options with value 'CUSER' are selected in object 'Object Repository/New_Test_Create_View/Page_Canvas World/select_SubProductCode' 

2018-06-27 15:35:56 - [MESSAGE][PASSED] - All options with value 'CUSER' are selected in object 'Object Repository/New_Test_Create_View/Page_Canvas World/select_SubProductCode' 

2018-06-27 15:35:56 - [TEST_STEP][PASSED] - selectOptionByValue: All options with value 'VSBLTY' are selected in object 'Object Repository/New_Test_Create_View/Page_Canvas World/select_FunctionCode' 

2018-06-27 15:35:57 - [MESSAGE][PASSED] - All options with value 'VSBLTY' are selected in object 'Object Repository/New_Test_Create_View/Page_Canvas World/select_FunctionCode' 

2018-06-27 15:35:57 - [TEST_STEP][PASSED] - delay: Delayed 3 second(s)

2018-06-27 15:36:00 - [MESSAGE][PASSED] - Delayed 3 second(s)

2018-06-27 15:36:00 - [TEST_STEP][PASSED] - click: Object: 'Object Repository/New_Test_Create_List_Grid/Page_Canvas World/expand_gridConfig' is clicked on

2018-06-27 15:36:00 - [MESSAGE][PASSED] - Object: 'Object Repository/New_Test_Create_List_Grid/Page_Canvas World/expand_gridConfig' is clicked on

2018-06-27 15:36:00 - [TEST_STEP][PASSED] - setText: Text '2' is set on object 'Object Repository/New_Test_Create_List_Grid/Page_Canvas World/enter_numberPerPage'

2018-06-27 15:36:00 - [MESSAGE][PASSED] - Text '2' is set on object 'Object Repository/New_Test_Create_List_Grid/Page_Canvas World/enter_numberPerPage'

2018-06-27 15:36:00 - [TEST_STEP][PASSED] - delay: Delayed 3 second(s)

2018-06-27 15:36:03 - [MESSAGE][PASSED] - Delayed 3 second(s)

2018-06-27 15:36:03 - [TEST_STEP][PASSED] - click: Object: 'Object Repository/New_Test_Create_View/Page_Canvas World/view_Submit' is clicked on

2018-06-27 15:36:04 - [MESSAGE][PASSED] - Object: 'Object Repository/New_Test_Create_View/Page_Canvas World/view_Submit' is clicked on

2018-06-27 15:36:04 - [TEST_STEP][PASSED] - click: Object: 'Object Repository/New_Test_Create_View/Page_Canvas World/view_Submission' is clicked on

2018-06-27 15:36:06 - [MESSAGE][PASSED] - Object: 'Object Repository/New_Test_Create_View/Page_Canvas World/view_Submission' is clicked on]]></system-out>
         <system-err><![CDATA[]]></system-err>
      </testcase>
      <testcase name="Test Cases/Smoke Test/New_Create_List_Grid_Property" classname="Test Cases/Smoke Test/New_Create_List_Grid_Property" status="PASSED">
         <system-out><![CDATA[2018-06-27 15:36:06 - [TEST_CASE][PASSED] - Test Cases/Smoke Test/New_Create_List_Grid_Property: Test Cases/Smoke Test/New_Create_List_Grid_Property

2018-06-27 15:36:06 - [TEST_STEP][PASSED] - Statement - common = com.kms.katalon.core.webui.keyword.WebUiBuiltInKeywords.callTestCase(com.kms.katalon.core.testcase.TestCaseFactory.findTestCase(Test Cases/Studio Smoke Test Cases/ReadExcel), [:]): Call Test Case 'Test Cases/Studio Smoke Test Cases/ReadExcel' successfully

2018-06-27 15:36:06 - [TEST_CASE][PASSED] - Test Cases/Studio Smoke Test Cases/ReadExcel: Test Cases/Studio Smoke Test Cases/ReadExcel

2018-06-27 15:36:06 - [TEST_STEP][PASSED] - Statement - path = "D:\Sheepa\Katalon\Studio Smoke Test\Studio Smoke Test\Data Files\Data Input.xls": null

2018-06-27 15:36:06 - [TEST_STEP][PASSED] - Statement - fis = new java.io.FileInputStream(path): null

2018-06-27 15:36:06 - [TEST_STEP][PASSED] - Statement - hssfWorkbook = new org.apache.poi.hssf.usermodel.HSSFWorkbook(fis): null

2018-06-27 15:36:06 - [TEST_STEP][PASSED] - Statement - sc = hssfWorkbook.getNumberOfSheets(): null

2018-06-27 15:36:06 - [TEST_STEP][PASSED] - Statement - println(sc): null

2018-06-27 15:36:06 - [TEST_STEP][PASSED] - Statement - hssfSheet = hssfWorkbook.getSheetAt(0): null

2018-06-27 15:36:06 - [TEST_STEP][PASSED] - Statement - hssfRow = hssfSheet.getRow(1): null

2018-06-27 15:36:06 - [TEST_STEP][PASSED] - Statement - fid = hssfRow.getCell(0): null

2018-06-27 15:36:06 - [TEST_STEP][PASSED] - Statement - vid = hssfRow.getCell(1): null

2018-06-27 15:36:06 - [TEST_STEP][PASSED] - Statement - aid = hssfRow.getCell(2): null

2018-06-27 15:36:06 - [TEST_STEP][PASSED] - Statement - subid = hssfRow.getCell(3): null

2018-06-27 15:36:06 - [TEST_STEP][PASSED] - Statement - wsid = hssfRow.getCell(4): null

2018-06-27 15:36:06 - [TEST_STEP][PASSED] - Statement - reqid = hssfRow.getCell(5): null

2018-06-27 15:36:06 - [TEST_STEP][PASSED] - Statement - accNo = hssfRow.getCell(6): null

2018-06-27 15:36:06 - [TEST_STEP][PASSED] - Statement - println(vid): null

2018-06-27 15:36:06 - [TEST_STEP][PASSED] - Statement - map = [:]: null

2018-06-27 15:36:06 - [TEST_STEP][PASSED] - Statement - map.put("formID", fid): null

2018-06-27 15:36:06 - [TEST_STEP][PASSED] - Statement - map.put("viewID", vid): null

2018-06-27 15:36:06 - [TEST_STEP][PASSED] - Statement - map.put("appID", aid): null

2018-06-27 15:36:06 - [TEST_STEP][PASSED] - Statement - map.put("subWSID", subid): null

2018-06-27 15:36:06 - [TEST_STEP][PASSED] - Statement - map.put("WSID", wsid): null

2018-06-27 15:36:06 - [TEST_STEP][PASSED] - Statement - map.put("REQID", reqid): null

2018-06-27 15:36:06 - [TEST_STEP][PASSED] - Statement - map.put("AccNo", accNo): null

2018-06-27 15:36:06 - [TEST_STEP][PASSED] - Statement - return map: null

2018-06-27 15:36:06 - [MESSAGE][PASSED] - Call Test Case 'Test Cases/Studio Smoke Test Cases/ReadExcel' successfully

2018-06-27 15:36:06 - [TEST_STEP][PASSED] - Statement - form_id = common["formID"]: null

2018-06-27 15:36:06 - [TEST_STEP][PASSED] - Statement - println(form_id): null

2018-06-27 15:36:06 - [TEST_STEP][PASSED] - Statement - view_id = common["viewID"]: null

2018-06-27 15:36:06 - [TEST_STEP][PASSED] - Statement - println(view_id): null

2018-06-27 15:36:06 - [TEST_STEP][PASSED] - click: Object: 'Object Repository/New_Test_Create_Form/Page_Canvas World/span_Create' is clicked on

2018-06-27 15:36:07 - [MESSAGE][PASSED] - Object: 'Object Repository/New_Test_Create_Form/Page_Canvas World/span_Create' is clicked on

2018-06-27 15:36:07 - [TEST_STEP][PASSED] - click: Object: 'Object Repository/New_Test_Create_View/Page_Canvas World/span_View' is clicked on

2018-06-27 15:36:07 - [MESSAGE][PASSED] - Object: 'Object Repository/New_Test_Create_View/Page_Canvas World/span_View' is clicked on

2018-06-27 15:36:07 - [TEST_STEP][PASSED] - waitForPageLoad: Wait for page load successfully

2018-06-27 15:36:07 - [MESSAGE][PASSED] - Wait for page load successfully

2018-06-27 15:36:07 - [TEST_STEP][PASSED] - click: Object: 'Object Repository/New_Test_Create_View/Page_Canvas World/enter_ViewId' is clicked on

2018-06-27 15:36:09 - [MESSAGE][PASSED] - Object: 'Object Repository/New_Test_Create_View/Page_Canvas World/enter_ViewId' is clicked on

2018-06-27 15:36:09 - [TEST_STEP][PASSED] - setText: Text 'A004' is set on object 'Object Repository/New_Test_Create_View/Page_Canvas World/enter_ViewId'

2018-06-27 15:36:09 - [MESSAGE][PASSED] - Text 'A004' is set on object 'Object Repository/New_Test_Create_View/Page_Canvas World/enter_ViewId'

2018-06-27 15:36:09 - [TEST_STEP][PASSED] - click: Object: 'Object Repository/New_Test_Create_View/Page_Canvas World/view_DisplayName' is clicked on

2018-06-27 15:36:09 - [MESSAGE][PASSED] - Object: 'Object Repository/New_Test_Create_View/Page_Canvas World/view_DisplayName' is clicked on

2018-06-27 15:36:09 - [TEST_STEP][PASSED] - setText: Text 'A004' is set on object 'Object Repository/New_Test_Create_View/Page_Canvas World/view_DisplayName'

2018-06-27 15:36:10 - [MESSAGE][PASSED] - Text 'A004' is set on object 'Object Repository/New_Test_Create_View/Page_Canvas World/view_DisplayName'

2018-06-27 15:36:10 - [TEST_STEP][PASSED] - selectOptionByValue: All options with value 'PROPERTY' are selected in object 'Object Repository/New_Test_Create_View/Page_Canvas World/select_ViewType' 

2018-06-27 15:36:10 - [MESSAGE][PASSED] - All options with value 'PROPERTY' are selected in object 'Object Repository/New_Test_Create_View/Page_Canvas World/select_ViewType' 

2018-06-27 15:36:10 - [TEST_STEP][PASSED] - click: Object: 'Object Repository/New_Test_Create_View/Page_Canvas World/enter_ResourceBundle' is clicked on

2018-06-27 15:36:10 - [MESSAGE][PASSED] - Object: 'Object Repository/New_Test_Create_View/Page_Canvas World/enter_ResourceBundle' is clicked on

2018-06-27 15:36:10 - [TEST_STEP][PASSED] - setText: Text 'common' is set on object 'Object Repository/New_Test_Create_View/Page_Canvas World/enter_ResourceBundle'

2018-06-27 15:36:11 - [MESSAGE][PASSED] - Text 'common' is set on object 'Object Repository/New_Test_Create_View/Page_Canvas World/enter_ResourceBundle'

2018-06-27 15:36:11 - [TEST_STEP][PASSED] - waitForElementVisible: Object 'Object Repository/New_Test_Create_List_Grid/Page_Canvas World/click_selectForm' is visible

2018-06-27 15:36:11 - [MESSAGE][PASSED] - Object 'Object Repository/New_Test_Create_List_Grid/Page_Canvas World/click_selectForm' is visible

2018-06-27 15:36:11 - [TEST_STEP][PASSED] - click: Object: 'Object Repository/New_Test_Create_List_Grid/Page_Canvas World/click_selectForm' is clicked on

2018-06-27 15:36:11 - [MESSAGE][PASSED] - Object: 'Object Repository/New_Test_Create_List_Grid/Page_Canvas World/click_selectForm' is clicked on

2018-06-27 15:36:11 - [TEST_STEP][PASSED] - Statement - selectForm = "//span[starts-with(text(), '" + "ACCOUNT_TABLE" + "')]": null

2018-06-27 15:36:11 - [TEST_STEP][PASSED] - Statement - println(selectForm): null

2018-06-27 15:36:11 - [TEST_STEP][PASSED] - Statement - dynamicObject = new com.kms.katalon.core.testobject.TestObject(selectForm).addProperty("xpath", EQUALS, selectForm, true): null

2018-06-27 15:36:11 - [TEST_STEP][PASSED] - waitForElementVisible: Object '//span[starts-with(text(), 'ACCOUNT_TABLE')]' is visible

2018-06-27 15:36:12 - [MESSAGE][PASSED] - Object '//span[starts-with(text(), 'ACCOUNT_TABLE')]' is visible

2018-06-27 15:36:12 - [TEST_STEP][PASSED] - doubleClick: Object: '//span[starts-with(text(), 'ACCOUNT_TABLE')]' is double clicked on

2018-06-27 15:36:12 - [MESSAGE][PASSED] - Object: '//span[starts-with(text(), 'ACCOUNT_TABLE')]' is double clicked on

2018-06-27 15:36:12 - [TEST_STEP][PASSED] - doubleClick: Object: '//span[starts-with(text(), 'ACCOUNT_TABLE')]' is double clicked on

2018-06-27 15:36:12 - [MESSAGE][PASSED] - Object: '//span[starts-with(text(), 'ACCOUNT_TABLE')]' is double clicked on

2018-06-27 15:36:12 - [TEST_STEP][PASSED] - delay: Delayed 3 second(s)

2018-06-27 15:36:15 - [MESSAGE][PASSED] - Delayed 3 second(s)

2018-06-27 15:36:15 - [TEST_STEP][PASSED] - click: Object: 'Object Repository/New_Test_Create_List_Grid/Page_Canvas World/click_default_ins_yes' is clicked on

2018-06-27 15:36:15 - [MESSAGE][PASSED] - Object: 'Object Repository/New_Test_Create_List_Grid/Page_Canvas World/click_default_ins_yes' is clicked on

2018-06-27 15:36:15 - [TEST_STEP][PASSED] - selectOptionByValue: All options with value 'CUSER' are selected in object 'Object Repository/New_Test_Create_View/Page_Canvas World/select_ProductCode' 

2018-06-27 15:36:15 - [MESSAGE][PASSED] - All options with value 'CUSER' are selected in object 'Object Repository/New_Test_Create_View/Page_Canvas World/select_ProductCode' 

2018-06-27 15:36:15 - [TEST_STEP][PASSED] - selectOptionByValue: All options with value 'CUSER' are selected in object 'Object Repository/New_Test_Create_View/Page_Canvas World/select_SubProductCode' 

2018-06-27 15:36:16 - [MESSAGE][PASSED] - All options with value 'CUSER' are selected in object 'Object Repository/New_Test_Create_View/Page_Canvas World/select_SubProductCode' 

2018-06-27 15:36:16 - [TEST_STEP][PASSED] - selectOptionByValue: All options with value 'VSBLTY' are selected in object 'Object Repository/New_Test_Create_View/Page_Canvas World/select_FunctionCode' 

2018-06-27 15:36:16 - [MESSAGE][PASSED] - All options with value 'VSBLTY' are selected in object 'Object Repository/New_Test_Create_View/Page_Canvas World/select_FunctionCode' 

2018-06-27 15:36:16 - [TEST_STEP][PASSED] - delay: Delayed 3 second(s)

2018-06-27 15:36:19 - [MESSAGE][PASSED] - Delayed 3 second(s)

2018-06-27 15:36:19 - [TEST_STEP][PASSED] - click: Object: 'Object Repository/New_Test_Create_View/Page_Canvas World/view_Submit' is clicked on

2018-06-27 15:36:19 - [MESSAGE][PASSED] - Object: 'Object Repository/New_Test_Create_View/Page_Canvas World/view_Submit' is clicked on

2018-06-27 15:36:19 - [TEST_STEP][PASSED] - click: Object: 'Object Repository/New_Test_Create_View/Page_Canvas World/view_Submission' is clicked on

2018-06-27 15:36:21 - [MESSAGE][PASSED] - Object: 'Object Repository/New_Test_Create_View/Page_Canvas World/view_Submission' is clicked on]]></system-out>
         <system-err><![CDATA[]]></system-err>
      </testcase>
      <testcase name="Test Cases/Smoke Test/New_Create_List_Grid_Paging" classname="Test Cases/Smoke Test/New_Create_List_Grid_Paging" status="PASSED">
         <system-out><![CDATA[2018-06-27 15:36:21 - [TEST_CASE][PASSED] - Test Cases/Smoke Test/New_Create_List_Grid_Paging: Test Cases/Smoke Test/New_Create_List_Grid_Paging

2018-06-27 15:36:22 - [TEST_STEP][PASSED] - openBrowser: Browser is opened with url: ''

2018-06-27 15:36:22 - [MESSAGE][WARNING] - A browser is already opened. Closing browser and opening a new one

2018-06-27 15:36:26 - [MESSAGE][PASSED] - Browser is opened with url: ''

2018-06-27 15:36:26 - [TEST_STEP][PASSED] - maximizeWindow: Current window maximized

2018-06-27 15:36:27 - [MESSAGE][PASSED] - Current window maximized

2018-06-27 15:36:27 - [TEST_STEP][PASSED] - navigateToUrl: Navigate to 'http://localhost:8080/expertctstudio' successfully

2018-06-27 15:36:49 - [MESSAGE][PASSED] - Navigate to 'http://localhost:8080/expertctstudio' successfully

2018-06-27 15:36:49 - [TEST_STEP][PASSED] - setText: Text 'CTSTUD1' is set on object 'Object Repository/New_Test_Create_Form/Page_Expert CT Studio/input_loginID'

2018-06-27 15:36:49 - [MESSAGE][PASSED] - Text 'CTSTUD1' is set on object 'Object Repository/New_Test_Create_Form/Page_Expert CT Studio/input_loginID'

2018-06-27 15:36:49 - [TEST_STEP][PASSED] - setText: Text 'TEST123' is set on object 'Object Repository/New_Test_Create_Form/Page_Expert CT Studio/input_loginPSW'

2018-06-27 15:36:49 - [MESSAGE][PASSED] - Text 'TEST123' is set on object 'Object Repository/New_Test_Create_Form/Page_Expert CT Studio/input_loginPSW'

2018-06-27 15:36:49 - [TEST_STEP][PASSED] - click: Object: 'Object Repository/New_Test_Create_Form/Page_Expert CT Studio/input_commit' is clicked on

2018-06-27 15:36:51 - [MESSAGE][PASSED] - Object: 'Object Repository/New_Test_Create_Form/Page_Expert CT Studio/input_commit' is clicked on

2018-06-27 15:36:51 - [TEST_STEP][PASSED] - waitForPageLoad: Wait for page load successfully

2018-06-27 15:36:51 - [MESSAGE][PASSED] - Wait for page load successfully

2018-06-27 15:36:51 - [TEST_STEP][PASSED] - Statement - common = com.kms.katalon.core.webui.keyword.WebUiBuiltInKeywords.callTestCase(com.kms.katalon.core.testcase.TestCaseFactory.findTestCase(Test Cases/Studio Smoke Test Cases/ReadExcel), [:]): Call Test Case 'Test Cases/Studio Smoke Test Cases/ReadExcel' successfully

2018-06-27 15:36:51 - [TEST_CASE][PASSED] - Test Cases/Studio Smoke Test Cases/ReadExcel: Test Cases/Studio Smoke Test Cases/ReadExcel

2018-06-27 15:36:51 - [TEST_STEP][PASSED] - Statement - path = "D:\Sheepa\Katalon\Studio Smoke Test\Studio Smoke Test\Data Files\Data Input.xls": null

2018-06-27 15:36:51 - [TEST_STEP][PASSED] - Statement - fis = new java.io.FileInputStream(path): null

2018-06-27 15:36:51 - [TEST_STEP][PASSED] - Statement - hssfWorkbook = new org.apache.poi.hssf.usermodel.HSSFWorkbook(fis): null

2018-06-27 15:36:51 - [TEST_STEP][PASSED] - Statement - sc = hssfWorkbook.getNumberOfSheets(): null

2018-06-27 15:36:51 - [TEST_STEP][PASSED] - Statement - println(sc): null

2018-06-27 15:36:51 - [TEST_STEP][PASSED] - Statement - hssfSheet = hssfWorkbook.getSheetAt(0): null

2018-06-27 15:36:51 - [TEST_STEP][PASSED] - Statement - hssfRow = hssfSheet.getRow(1): null

2018-06-27 15:36:51 - [TEST_STEP][PASSED] - Statement - fid = hssfRow.getCell(0): null

2018-06-27 15:36:51 - [TEST_STEP][PASSED] - Statement - vid = hssfRow.getCell(1): null

2018-06-27 15:36:51 - [TEST_STEP][PASSED] - Statement - aid = hssfRow.getCell(2): null

2018-06-27 15:36:51 - [TEST_STEP][PASSED] - Statement - subid = hssfRow.getCell(3): null

2018-06-27 15:36:51 - [TEST_STEP][PASSED] - Statement - wsid = hssfRow.getCell(4): null

2018-06-27 15:36:51 - [TEST_STEP][PASSED] - Statement - reqid = hssfRow.getCell(5): null

2018-06-27 15:36:51 - [TEST_STEP][PASSED] - Statement - accNo = hssfRow.getCell(6): null

2018-06-27 15:36:51 - [TEST_STEP][PASSED] - Statement - println(vid): null

2018-06-27 15:36:51 - [TEST_STEP][PASSED] - Statement - map = [:]: null

2018-06-27 15:36:51 - [TEST_STEP][PASSED] - Statement - map.put("formID", fid): null

2018-06-27 15:36:51 - [TEST_STEP][PASSED] - Statement - map.put("viewID", vid): null

2018-06-27 15:36:51 - [TEST_STEP][PASSED] - Statement - map.put("appID", aid): null

2018-06-27 15:36:51 - [TEST_STEP][PASSED] - Statement - map.put("subWSID", subid): null

2018-06-27 15:36:51 - [TEST_STEP][PASSED] - Statement - map.put("WSID", wsid): null

2018-06-27 15:36:51 - [TEST_STEP][PASSED] - Statement - map.put("REQID", reqid): null

2018-06-27 15:36:51 - [TEST_STEP][PASSED] - Statement - map.put("AccNo", accNo): null

2018-06-27 15:36:51 - [TEST_STEP][PASSED] - Statement - return map: null

2018-06-27 15:36:51 - [MESSAGE][PASSED] - Call Test Case 'Test Cases/Studio Smoke Test Cases/ReadExcel' successfully

2018-06-27 15:36:51 - [TEST_STEP][PASSED] - Statement - form_id = common["formID"]: null

2018-06-27 15:36:51 - [TEST_STEP][PASSED] - Statement - println(form_id): null

2018-06-27 15:36:51 - [TEST_STEP][PASSED] - Statement - view_id = common["viewID"]: null

2018-06-27 15:36:51 - [TEST_STEP][PASSED] - Statement - println(view_id): null

2018-06-27 15:36:51 - [TEST_STEP][PASSED] - click: Object: 'Object Repository/New_Test_Create_Form/Page_Canvas World/span_Create' is clicked on

2018-06-27 15:36:52 - [MESSAGE][PASSED] - Object: 'Object Repository/New_Test_Create_Form/Page_Canvas World/span_Create' is clicked on

2018-06-27 15:36:52 - [TEST_STEP][PASSED] - click: Object: 'Object Repository/New_Test_Create_View/Page_Canvas World/span_View' is clicked on

2018-06-27 15:36:52 - [MESSAGE][PASSED] - Object: 'Object Repository/New_Test_Create_View/Page_Canvas World/span_View' is clicked on

2018-06-27 15:36:52 - [TEST_STEP][PASSED] - waitForPageLoad: Wait for page load successfully

2018-06-27 15:36:52 - [MESSAGE][PASSED] - Wait for page load successfully

2018-06-27 15:36:52 - [TEST_STEP][PASSED] - click: Object: 'Object Repository/New_Test_Create_View/Page_Canvas World/enter_ViewId' is clicked on

2018-06-27 15:36:56 - [MESSAGE][PASSED] - Object: 'Object Repository/New_Test_Create_View/Page_Canvas World/enter_ViewId' is clicked on

2018-06-27 15:36:56 - [TEST_STEP][PASSED] - setText: Text 'A003' is set on object 'Object Repository/New_Test_Create_View/Page_Canvas World/enter_ViewId'

2018-06-27 15:36:56 - [MESSAGE][PASSED] - Text 'A003' is set on object 'Object Repository/New_Test_Create_View/Page_Canvas World/enter_ViewId'

2018-06-27 15:36:56 - [TEST_STEP][PASSED] - click: Object: 'Object Repository/New_Test_Create_View/Page_Canvas World/view_DisplayName' is clicked on

2018-06-27 15:36:56 - [MESSAGE][PASSED] - Object: 'Object Repository/New_Test_Create_View/Page_Canvas World/view_DisplayName' is clicked on

2018-06-27 15:36:56 - [TEST_STEP][PASSED] - setText: Text 'A003' is set on object 'Object Repository/New_Test_Create_View/Page_Canvas World/view_DisplayName'

2018-06-27 15:36:57 - [MESSAGE][PASSED] - Text 'A003' is set on object 'Object Repository/New_Test_Create_View/Page_Canvas World/view_DisplayName'

2018-06-27 15:36:57 - [TEST_STEP][PASSED] - selectOptionByValue: All options with value 'PAGING' are selected in object 'Object Repository/New_Test_Create_View/Page_Canvas World/select_ViewType' 

2018-06-27 15:36:57 - [MESSAGE][PASSED] - All options with value 'PAGING' are selected in object 'Object Repository/New_Test_Create_View/Page_Canvas World/select_ViewType' 

2018-06-27 15:36:57 - [TEST_STEP][PASSED] - click: Object: 'Object Repository/New_Test_Create_View/Page_Canvas World/enter_ResourceBundle' is clicked on

2018-06-27 15:36:57 - [MESSAGE][PASSED] - Object: 'Object Repository/New_Test_Create_View/Page_Canvas World/enter_ResourceBundle' is clicked on

2018-06-27 15:36:57 - [TEST_STEP][PASSED] - setText: Text 'common' is set on object 'Object Repository/New_Test_Create_View/Page_Canvas World/enter_ResourceBundle'

2018-06-27 15:36:58 - [MESSAGE][PASSED] - Text 'common' is set on object 'Object Repository/New_Test_Create_View/Page_Canvas World/enter_ResourceBundle'

2018-06-27 15:36:58 - [TEST_STEP][PASSED] - delay: Delayed 10 second(s)

2018-06-27 15:37:08 - [MESSAGE][PASSED] - Delayed 10 second(s)

2018-06-27 15:37:08 - [TEST_STEP][PASSED] - waitForElementVisible: Object 'Object Repository/New_Test_Create_List_Grid/Page_Canvas World/click_selectForm' is visible

2018-06-27 15:37:08 - [MESSAGE][PASSED] - Object 'Object Repository/New_Test_Create_List_Grid/Page_Canvas World/click_selectForm' is visible

2018-06-27 15:37:08 - [TEST_STEP][PASSED] - click: Object: 'Object Repository/New_Test_Create_List_Grid/Page_Canvas World/click_selectForm' is clicked on

2018-06-27 15:37:08 - [MESSAGE][PASSED] - Object: 'Object Repository/New_Test_Create_List_Grid/Page_Canvas World/click_selectForm' is clicked on

2018-06-27 15:37:08 - [TEST_STEP][PASSED] - Statement - selectForm = "//span[starts-with(text(), '" + "ACCOUNT_TABLE" + "')]": null

2018-06-27 15:37:08 - [TEST_STEP][PASSED] - Statement - println(selectForm): null

2018-06-27 15:37:08 - [TEST_STEP][PASSED] - Statement - dynamicObject = new com.kms.katalon.core.testobject.TestObject(selectForm).addProperty("xpath", EQUALS, selectForm, true): null

2018-06-27 15:37:08 - [TEST_STEP][PASSED] - waitForElementVisible: Object '//span[starts-with(text(), 'ACCOUNT_TABLE')]' is visible

2018-06-27 15:37:09 - [MESSAGE][PASSED] - Object '//span[starts-with(text(), 'ACCOUNT_TABLE')]' is visible

2018-06-27 15:37:09 - [TEST_STEP][PASSED] - doubleClick: Object: '//span[starts-with(text(), 'ACCOUNT_TABLE')]' is double clicked on

2018-06-27 15:37:09 - [MESSAGE][PASSED] - Object: '//span[starts-with(text(), 'ACCOUNT_TABLE')]' is double clicked on

2018-06-27 15:37:09 - [TEST_STEP][PASSED] - doubleClick: Object: '//span[starts-with(text(), 'ACCOUNT_TABLE')]' is double clicked on

2018-06-27 15:37:09 - [MESSAGE][PASSED] - Object: '//span[starts-with(text(), 'ACCOUNT_TABLE')]' is double clicked on

2018-06-27 15:37:09 - [TEST_STEP][PASSED] - delay: Delayed 3 second(s)

2018-06-27 15:37:12 - [MESSAGE][PASSED] - Delayed 3 second(s)

2018-06-27 15:37:12 - [TEST_STEP][PASSED] - click: Object: 'Object Repository/New_Test_Create_List_Grid/Page_Canvas World/click_default_ins_yes' is clicked on

2018-06-27 15:37:12 - [MESSAGE][PASSED] - Object: 'Object Repository/New_Test_Create_List_Grid/Page_Canvas World/click_default_ins_yes' is clicked on

2018-06-27 15:37:12 - [TEST_STEP][PASSED] - selectOptionByValue: All options with value 'CUSER' are selected in object 'Object Repository/New_Test_Create_View/Page_Canvas World/select_ProductCode' 

2018-06-27 15:37:12 - [MESSAGE][PASSED] - All options with value 'CUSER' are selected in object 'Object Repository/New_Test_Create_View/Page_Canvas World/select_ProductCode' 

2018-06-27 15:37:12 - [TEST_STEP][PASSED] - selectOptionByValue: All options with value 'CUSER' are selected in object 'Object Repository/New_Test_Create_View/Page_Canvas World/select_SubProductCode' 

2018-06-27 15:37:13 - [MESSAGE][PASSED] - All options with value 'CUSER' are selected in object 'Object Repository/New_Test_Create_View/Page_Canvas World/select_SubProductCode' 

2018-06-27 15:37:13 - [TEST_STEP][PASSED] - selectOptionByValue: All options with value 'VSBLTY' are selected in object 'Object Repository/New_Test_Create_View/Page_Canvas World/select_FunctionCode' 

2018-06-27 15:37:13 - [MESSAGE][PASSED] - All options with value 'VSBLTY' are selected in object 'Object Repository/New_Test_Create_View/Page_Canvas World/select_FunctionCode' 

2018-06-27 15:37:13 - [TEST_STEP][PASSED] - delay: Delayed 3 second(s)

2018-06-27 15:37:16 - [MESSAGE][PASSED] - Delayed 3 second(s)

2018-06-27 15:37:16 - [TEST_STEP][PASSED] - click: Object: 'Object Repository/New_Test_Create_List_Grid/Page_Canvas World/expand_gridConfig' is clicked on

2018-06-27 15:37:16 - [MESSAGE][PASSED] - Object: 'Object Repository/New_Test_Create_List_Grid/Page_Canvas World/expand_gridConfig' is clicked on

2018-06-27 15:37:16 - [TEST_STEP][PASSED] - setText: Text '2' is set on object 'Object Repository/New_Test_Create_List_Grid/Page_Canvas World/enter_numberPerPage'

2018-06-27 15:37:16 - [MESSAGE][PASSED] - Text '2' is set on object 'Object Repository/New_Test_Create_List_Grid/Page_Canvas World/enter_numberPerPage'

2018-06-27 15:37:16 - [TEST_STEP][PASSED] - delay: Delayed 3 second(s)

2018-06-27 15:37:19 - [MESSAGE][PASSED] - Delayed 3 second(s)

2018-06-27 15:37:19 - [TEST_STEP][PASSED] - click: Object: 'Object Repository/New_Test_Create_View/Page_Canvas World/view_Submit' is clicked on

2018-06-27 15:37:20 - [MESSAGE][PASSED] - Object: 'Object Repository/New_Test_Create_View/Page_Canvas World/view_Submit' is clicked on

2018-06-27 15:37:20 - [TEST_STEP][PASSED] - click: Object: 'Object Repository/New_Test_Create_View/Page_Canvas World/view_Submission' is clicked on

2018-06-27 15:37:22 - [MESSAGE][PASSED] - Object: 'Object Repository/New_Test_Create_View/Page_Canvas World/view_Submission' is clicked on]]></system-out>
         <system-err><![CDATA[]]></system-err>
      </testcase>
      <testcase name="Test Cases/Smoke Test/New_Create_List_Grid" classname="Test Cases/Smoke Test/New_Create_List_Grid" status="PASSED">
         <system-out><![CDATA[2018-06-27 15:37:22 - [TEST_CASE][PASSED] - Test Cases/Smoke Test/New_Create_List_Grid: Test Cases/Smoke Test/New_Create_List_Grid

2018-06-27 15:37:22 - [TEST_STEP][PASSED] - waitForPageLoad: Wait for page load successfully

2018-06-27 15:37:22 - [MESSAGE][PASSED] - Wait for page load successfully

2018-06-27 15:37:22 - [TEST_STEP][PASSED] - Statement - common = com.kms.katalon.core.webui.keyword.WebUiBuiltInKeywords.callTestCase(com.kms.katalon.core.testcase.TestCaseFactory.findTestCase(Test Cases/Studio Smoke Test Cases/ReadExcel), [:]): Call Test Case 'Test Cases/Studio Smoke Test Cases/ReadExcel' successfully

2018-06-27 15:37:22 - [TEST_CASE][PASSED] - Test Cases/Studio Smoke Test Cases/ReadExcel: Test Cases/Studio Smoke Test Cases/ReadExcel

2018-06-27 15:37:22 - [TEST_STEP][PASSED] - Statement - path = "D:\Sheepa\Katalon\Studio Smoke Test\Studio Smoke Test\Data Files\Data Input.xls": null

2018-06-27 15:37:22 - [TEST_STEP][PASSED] - Statement - fis = new java.io.FileInputStream(path): null

2018-06-27 15:37:22 - [TEST_STEP][PASSED] - Statement - hssfWorkbook = new org.apache.poi.hssf.usermodel.HSSFWorkbook(fis): null

2018-06-27 15:37:22 - [TEST_STEP][PASSED] - Statement - sc = hssfWorkbook.getNumberOfSheets(): null

2018-06-27 15:37:22 - [TEST_STEP][PASSED] - Statement - println(sc): null

2018-06-27 15:37:22 - [TEST_STEP][PASSED] - Statement - hssfSheet = hssfWorkbook.getSheetAt(0): null

2018-06-27 15:37:22 - [TEST_STEP][PASSED] - Statement - hssfRow = hssfSheet.getRow(1): null

2018-06-27 15:37:22 - [TEST_STEP][PASSED] - Statement - fid = hssfRow.getCell(0): null

2018-06-27 15:37:22 - [TEST_STEP][PASSED] - Statement - vid = hssfRow.getCell(1): null

2018-06-27 15:37:22 - [TEST_STEP][PASSED] - Statement - aid = hssfRow.getCell(2): null

2018-06-27 15:37:22 - [TEST_STEP][PASSED] - Statement - subid = hssfRow.getCell(3): null

2018-06-27 15:37:22 - [TEST_STEP][PASSED] - Statement - wsid = hssfRow.getCell(4): null

2018-06-27 15:37:22 - [TEST_STEP][PASSED] - Statement - reqid = hssfRow.getCell(5): null

2018-06-27 15:37:22 - [TEST_STEP][PASSED] - Statement - accNo = hssfRow.getCell(6): null

2018-06-27 15:37:22 - [TEST_STEP][PASSED] - Statement - println(vid): null

2018-06-27 15:37:22 - [TEST_STEP][PASSED] - Statement - map = [:]: null

2018-06-27 15:37:22 - [TEST_STEP][PASSED] - Statement - map.put("formID", fid): null

2018-06-27 15:37:22 - [TEST_STEP][PASSED] - Statement - map.put("viewID", vid): null

2018-06-27 15:37:22 - [TEST_STEP][PASSED] - Statement - map.put("appID", aid): null

2018-06-27 15:37:22 - [TEST_STEP][PASSED] - Statement - map.put("subWSID", subid): null

2018-06-27 15:37:22 - [TEST_STEP][PASSED] - Statement - map.put("WSID", wsid): null

2018-06-27 15:37:22 - [TEST_STEP][PASSED] - Statement - map.put("REQID", reqid): null

2018-06-27 15:37:22 - [TEST_STEP][PASSED] - Statement - map.put("AccNo", accNo): null

2018-06-27 15:37:22 - [TEST_STEP][PASSED] - Statement - return map: null

2018-06-27 15:37:22 - [MESSAGE][PASSED] - Call Test Case 'Test Cases/Studio Smoke Test Cases/ReadExcel' successfully

2018-06-27 15:37:22 - [TEST_STEP][PASSED] - Statement - form_id = common["formID"]: null

2018-06-27 15:37:22 - [TEST_STEP][PASSED] - Statement - println(form_id): null

2018-06-27 15:37:22 - [TEST_STEP][PASSED] - Statement - view_id = common["viewID"]: null

2018-06-27 15:37:22 - [TEST_STEP][PASSED] - Statement - println(view_id): null

2018-06-27 15:37:22 - [TEST_STEP][PASSED] - click: Object: 'Object Repository/New_Test_Create_Form/Page_Canvas World/span_Create' is clicked on

2018-06-27 15:37:22 - [MESSAGE][PASSED] - Object: 'Object Repository/New_Test_Create_Form/Page_Canvas World/span_Create' is clicked on

2018-06-27 15:37:22 - [TEST_STEP][PASSED] - click: Object: 'Object Repository/New_Test_Create_View/Page_Canvas World/span_View' is clicked on

2018-06-27 15:37:22 - [MESSAGE][PASSED] - Object: 'Object Repository/New_Test_Create_View/Page_Canvas World/span_View' is clicked on

2018-06-27 15:37:22 - [TEST_STEP][PASSED] - waitForPageLoad: Wait for page load successfully

2018-06-27 15:37:23 - [MESSAGE][PASSED] - Wait for page load successfully

2018-06-27 15:37:23 - [TEST_STEP][PASSED] - click: Object: 'Object Repository/New_Test_Create_View/Page_Canvas World/enter_ViewId' is clicked on

2018-06-27 15:37:24 - [MESSAGE][PASSED] - Object: 'Object Repository/New_Test_Create_View/Page_Canvas World/enter_ViewId' is clicked on

2018-06-27 15:37:24 - [TEST_STEP][PASSED] - setText: Text 'A002' is set on object 'Object Repository/New_Test_Create_View/Page_Canvas World/enter_ViewId'

2018-06-27 15:37:24 - [MESSAGE][PASSED] - Text 'A002' is set on object 'Object Repository/New_Test_Create_View/Page_Canvas World/enter_ViewId'

2018-06-27 15:37:24 - [TEST_STEP][PASSED] - click: Object: 'Object Repository/New_Test_Create_View/Page_Canvas World/view_DisplayName' is clicked on

2018-06-27 15:37:25 - [MESSAGE][PASSED] - Object: 'Object Repository/New_Test_Create_View/Page_Canvas World/view_DisplayName' is clicked on

2018-06-27 15:37:25 - [TEST_STEP][PASSED] - setText: Text 'A002' is set on object 'Object Repository/New_Test_Create_View/Page_Canvas World/view_DisplayName'

2018-06-27 15:37:25 - [MESSAGE][PASSED] - Text 'A002' is set on object 'Object Repository/New_Test_Create_View/Page_Canvas World/view_DisplayName'

2018-06-27 15:37:25 - [TEST_STEP][PASSED] - selectOptionByValue: All options with value 'LIST' are selected in object 'Object Repository/New_Test_Create_View/Page_Canvas World/select_ViewType' 

2018-06-27 15:37:25 - [MESSAGE][PASSED] - All options with value 'LIST' are selected in object 'Object Repository/New_Test_Create_View/Page_Canvas World/select_ViewType' 

2018-06-27 15:37:25 - [TEST_STEP][PASSED] - click: Object: 'Object Repository/New_Test_Create_View/Page_Canvas World/enter_ResourceBundle' is clicked on

2018-06-27 15:37:25 - [MESSAGE][PASSED] - Object: 'Object Repository/New_Test_Create_View/Page_Canvas World/enter_ResourceBundle' is clicked on

2018-06-27 15:37:25 - [TEST_STEP][PASSED] - setText: Text 'common' is set on object 'Object Repository/New_Test_Create_View/Page_Canvas World/enter_ResourceBundle'

2018-06-27 15:37:26 - [MESSAGE][PASSED] - Text 'common' is set on object 'Object Repository/New_Test_Create_View/Page_Canvas World/enter_ResourceBundle'

2018-06-27 15:37:26 - [TEST_STEP][PASSED] - delay: Delayed 10 second(s)

2018-06-27 15:37:36 - [MESSAGE][PASSED] - Delayed 10 second(s)

2018-06-27 15:37:36 - [TEST_STEP][PASSED] - waitForElementVisible: Object 'Object Repository/New_Test_Create_List_Grid/Page_Canvas World/click_selectForm' is visible

2018-06-27 15:37:36 - [MESSAGE][PASSED] - Object 'Object Repository/New_Test_Create_List_Grid/Page_Canvas World/click_selectForm' is visible

2018-06-27 15:37:36 - [TEST_STEP][PASSED] - click: Object: 'Object Repository/New_Test_Create_List_Grid/Page_Canvas World/click_selectForm' is clicked on

2018-06-27 15:37:36 - [MESSAGE][PASSED] - Object: 'Object Repository/New_Test_Create_List_Grid/Page_Canvas World/click_selectForm' is clicked on

2018-06-27 15:37:36 - [TEST_STEP][PASSED] - Statement - selectForm = "//span[starts-with(text(), '" + "ACCOUNT_TABLE" + "')]": null

2018-06-27 15:37:36 - [TEST_STEP][PASSED] - Statement - println(selectForm): null

2018-06-27 15:37:36 - [TEST_STEP][PASSED] - Statement - dynamicObject = new com.kms.katalon.core.testobject.TestObject(selectForm).addProperty("xpath", EQUALS, selectForm, true): null

2018-06-27 15:37:36 - [TEST_STEP][PASSED] - waitForElementVisible: Object '//span[starts-with(text(), 'ACCOUNT_TABLE')]' is visible

2018-06-27 15:37:37 - [MESSAGE][PASSED] - Object '//span[starts-with(text(), 'ACCOUNT_TABLE')]' is visible

2018-06-27 15:37:37 - [TEST_STEP][PASSED] - doubleClick: Object: '//span[starts-with(text(), 'ACCOUNT_TABLE')]' is double clicked on

2018-06-27 15:37:37 - [MESSAGE][PASSED] - Object: '//span[starts-with(text(), 'ACCOUNT_TABLE')]' is double clicked on

2018-06-27 15:37:37 - [TEST_STEP][PASSED] - doubleClick: Object: '//span[starts-with(text(), 'ACCOUNT_TABLE')]' is double clicked on

2018-06-27 15:37:37 - [MESSAGE][PASSED] - Object: '//span[starts-with(text(), 'ACCOUNT_TABLE')]' is double clicked on

2018-06-27 15:37:37 - [TEST_STEP][PASSED] - delay: Delayed 3 second(s)

2018-06-27 15:37:40 - [MESSAGE][PASSED] - Delayed 3 second(s)

2018-06-27 15:37:40 - [TEST_STEP][PASSED] - click: Object: 'Object Repository/New_Test_Create_List_Grid/Page_Canvas World/click_default_ins_yes' is clicked on

2018-06-27 15:37:41 - [MESSAGE][PASSED] - Object: 'Object Repository/New_Test_Create_List_Grid/Page_Canvas World/click_default_ins_yes' is clicked on

2018-06-27 15:37:41 - [TEST_STEP][PASSED] - selectOptionByValue: All options with value 'CUSER' are selected in object 'Object Repository/New_Test_Create_View/Page_Canvas World/select_ProductCode' 

2018-06-27 15:37:41 - [MESSAGE][PASSED] - All options with value 'CUSER' are selected in object 'Object Repository/New_Test_Create_View/Page_Canvas World/select_ProductCode' 

2018-06-27 15:37:41 - [TEST_STEP][PASSED] - selectOptionByValue: All options with value 'CUSER' are selected in object 'Object Repository/New_Test_Create_View/Page_Canvas World/select_SubProductCode' 

2018-06-27 15:37:41 - [MESSAGE][PASSED] - All options with value 'CUSER' are selected in object 'Object Repository/New_Test_Create_View/Page_Canvas World/select_SubProductCode' 

2018-06-27 15:37:41 - [TEST_STEP][PASSED] - selectOptionByValue: All options with value 'VSBLTY' are selected in object 'Object Repository/New_Test_Create_View/Page_Canvas World/select_FunctionCode' 

2018-06-27 15:37:41 - [MESSAGE][PASSED] - All options with value 'VSBLTY' are selected in object 'Object Repository/New_Test_Create_View/Page_Canvas World/select_FunctionCode' 

2018-06-27 15:37:41 - [TEST_STEP][PASSED] - delay: Delayed 3 second(s)

2018-06-27 15:37:44 - [MESSAGE][PASSED] - Delayed 3 second(s)

2018-06-27 15:37:44 - [TEST_STEP][PASSED] - click: Object: 'Object Repository/New_Test_Create_List_Grid/Page_Canvas World/expand_gridConfig' is clicked on

2018-06-27 15:37:44 - [MESSAGE][PASSED] - Object: 'Object Repository/New_Test_Create_List_Grid/Page_Canvas World/expand_gridConfig' is clicked on

2018-06-27 15:37:44 - [TEST_STEP][PASSED] - setText: Text '2' is set on object 'Object Repository/New_Test_Create_List_Grid/Page_Canvas World/enter_numberPerPage'

2018-06-27 15:37:45 - [MESSAGE][PASSED] - Text '2' is set on object 'Object Repository/New_Test_Create_List_Grid/Page_Canvas World/enter_numberPerPage'

2018-06-27 15:37:45 - [TEST_STEP][PASSED] - delay: Delayed 3 second(s)

2018-06-27 15:37:48 - [MESSAGE][PASSED] - Delayed 3 second(s)

2018-06-27 15:37:48 - [TEST_STEP][PASSED] - click: Object: 'Object Repository/New_Test_Create_View/Page_Canvas World/view_Submit' is clicked on

2018-06-27 15:37:48 - [MESSAGE][PASSED] - Object: 'Object Repository/New_Test_Create_View/Page_Canvas World/view_Submit' is clicked on

2018-06-27 15:37:48 - [TEST_STEP][PASSED] - click: Object: 'Object Repository/New_Test_Create_View/Page_Canvas World/view_Submission' is clicked on

2018-06-27 15:37:50 - [MESSAGE][PASSED] - Object: 'Object Repository/New_Test_Create_View/Page_Canvas World/view_Submission' is clicked on]]></system-out>
         <system-err><![CDATA[]]></system-err>
      </testcase>
      <testcase name="Test Cases/Smoke Test/New_Create_Group_Single" classname="Test Cases/Smoke Test/New_Create_Group_Single" status="PASSED">
         <system-out><![CDATA[2018-06-27 15:37:50 - [TEST_CASE][PASSED] - Test Cases/Smoke Test/New_Create_Group_Single: Test Cases/Smoke Test/New_Create_Group_Single

2018-06-27 15:37:50 - [TEST_STEP][PASSED] - waitForPageLoad: Wait for page load successfully

2018-06-27 15:37:50 - [MESSAGE][PASSED] - Wait for page load successfully

2018-06-27 15:37:50 - [TEST_STEP][PASSED] - Statement - common = com.kms.katalon.core.webui.keyword.WebUiBuiltInKeywords.callTestCase(com.kms.katalon.core.testcase.TestCaseFactory.findTestCase(Test Cases/Studio Smoke Test Cases/ReadExcel), [:]): Call Test Case 'Test Cases/Studio Smoke Test Cases/ReadExcel' successfully

2018-06-27 15:37:50 - [TEST_CASE][PASSED] - Test Cases/Studio Smoke Test Cases/ReadExcel: Test Cases/Studio Smoke Test Cases/ReadExcel

2018-06-27 15:37:50 - [TEST_STEP][PASSED] - Statement - path = "D:\Sheepa\Katalon\Studio Smoke Test\Studio Smoke Test\Data Files\Data Input.xls": null

2018-06-27 15:37:50 - [TEST_STEP][PASSED] - Statement - fis = new java.io.FileInputStream(path): null

2018-06-27 15:37:50 - [TEST_STEP][PASSED] - Statement - hssfWorkbook = new org.apache.poi.hssf.usermodel.HSSFWorkbook(fis): null

2018-06-27 15:37:50 - [TEST_STEP][PASSED] - Statement - sc = hssfWorkbook.getNumberOfSheets(): null

2018-06-27 15:37:50 - [TEST_STEP][PASSED] - Statement - println(sc): null

2018-06-27 15:37:50 - [TEST_STEP][PASSED] - Statement - hssfSheet = hssfWorkbook.getSheetAt(0): null

2018-06-27 15:37:50 - [TEST_STEP][PASSED] - Statement - hssfRow = hssfSheet.getRow(1): null

2018-06-27 15:37:50 - [TEST_STEP][PASSED] - Statement - fid = hssfRow.getCell(0): null

2018-06-27 15:37:50 - [TEST_STEP][PASSED] - Statement - vid = hssfRow.getCell(1): null

2018-06-27 15:37:50 - [TEST_STEP][PASSED] - Statement - aid = hssfRow.getCell(2): null

2018-06-27 15:37:50 - [TEST_STEP][PASSED] - Statement - subid = hssfRow.getCell(3): null

2018-06-27 15:37:50 - [TEST_STEP][PASSED] - Statement - wsid = hssfRow.getCell(4): null

2018-06-27 15:37:50 - [TEST_STEP][PASSED] - Statement - reqid = hssfRow.getCell(5): null

2018-06-27 15:37:50 - [TEST_STEP][PASSED] - Statement - accNo = hssfRow.getCell(6): null

2018-06-27 15:37:50 - [TEST_STEP][PASSED] - Statement - println(vid): null

2018-06-27 15:37:50 - [TEST_STEP][PASSED] - Statement - map = [:]: null

2018-06-27 15:37:50 - [TEST_STEP][PASSED] - Statement - map.put("formID", fid): null

2018-06-27 15:37:50 - [TEST_STEP][PASSED] - Statement - map.put("viewID", vid): null

2018-06-27 15:37:50 - [TEST_STEP][PASSED] - Statement - map.put("appID", aid): null

2018-06-27 15:37:50 - [TEST_STEP][PASSED] - Statement - map.put("subWSID", subid): null

2018-06-27 15:37:50 - [TEST_STEP][PASSED] - Statement - map.put("WSID", wsid): null

2018-06-27 15:37:50 - [TEST_STEP][PASSED] - Statement - map.put("REQID", reqid): null

2018-06-27 15:37:50 - [TEST_STEP][PASSED] - Statement - map.put("AccNo", accNo): null

2018-06-27 15:37:50 - [TEST_STEP][PASSED] - Statement - return map: null

2018-06-27 15:37:50 - [MESSAGE][PASSED] - Call Test Case 'Test Cases/Studio Smoke Test Cases/ReadExcel' successfully

2018-06-27 15:37:50 - [TEST_STEP][PASSED] - Statement - form_id = common["formID"]: null

2018-06-27 15:37:50 - [TEST_STEP][PASSED] - Statement - println(form_id): null

2018-06-27 15:37:50 - [TEST_STEP][PASSED] - Statement - view_id = common["viewID"]: null

2018-06-27 15:37:50 - [TEST_STEP][PASSED] - Statement - println(view_id): null

2018-06-27 15:37:50 - [TEST_STEP][PASSED] - click: Object: 'Object Repository/New_Test_Create_Form/Page_Canvas World/span_Create' is clicked on

2018-06-27 15:37:51 - [MESSAGE][PASSED] - Object: 'Object Repository/New_Test_Create_Form/Page_Canvas World/span_Create' is clicked on

2018-06-27 15:37:51 - [TEST_STEP][PASSED] - click: Object: 'Object Repository/New_Test_Create_View/Page_Canvas World/span_View' is clicked on

2018-06-27 15:37:51 - [MESSAGE][PASSED] - Object: 'Object Repository/New_Test_Create_View/Page_Canvas World/span_View' is clicked on

2018-06-27 15:37:51 - [TEST_STEP][PASSED] - waitForPageLoad: Wait for page load successfully

2018-06-27 15:37:51 - [MESSAGE][PASSED] - Wait for page load successfully

2018-06-27 15:37:51 - [TEST_STEP][PASSED] - click: Object: 'Object Repository/New_Test_Create_View/Page_Canvas World/enter_ViewId' is clicked on

2018-06-27 15:37:52 - [MESSAGE][PASSED] - Object: 'Object Repository/New_Test_Create_View/Page_Canvas World/enter_ViewId' is clicked on

2018-06-27 15:37:52 - [TEST_STEP][PASSED] - setText: Text 'A005' is set on object 'Object Repository/New_Test_Create_View/Page_Canvas World/enter_ViewId'

2018-06-27 15:37:53 - [MESSAGE][PASSED] - Text 'A005' is set on object 'Object Repository/New_Test_Create_View/Page_Canvas World/enter_ViewId'

2018-06-27 15:37:53 - [TEST_STEP][PASSED] - click: Object: 'Object Repository/New_Test_Create_View/Page_Canvas World/view_DisplayName' is clicked on

2018-06-27 15:37:53 - [MESSAGE][PASSED] - Object: 'Object Repository/New_Test_Create_View/Page_Canvas World/view_DisplayName' is clicked on

2018-06-27 15:37:53 - [TEST_STEP][PASSED] - setText: Text 'A005' is set on object 'Object Repository/New_Test_Create_View/Page_Canvas World/view_DisplayName'

2018-06-27 15:37:53 - [MESSAGE][PASSED] - Text 'A005' is set on object 'Object Repository/New_Test_Create_View/Page_Canvas World/view_DisplayName'

2018-06-27 15:37:53 - [TEST_STEP][PASSED] - selectOptionByValue: All options with value 'GROUP' are selected in object 'Object Repository/New_Test_Create_View/Page_Canvas World/select_ViewType' 

2018-06-27 15:37:54 - [MESSAGE][PASSED] - All options with value 'GROUP' are selected in object 'Object Repository/New_Test_Create_View/Page_Canvas World/select_ViewType' 

2018-06-27 15:37:54 - [TEST_STEP][PASSED] - click: Object: 'Object Repository/New_Test_Create_View/Page_Canvas World/enter_ResourceBundle' is clicked on

2018-06-27 15:37:54 - [MESSAGE][PASSED] - Object: 'Object Repository/New_Test_Create_View/Page_Canvas World/enter_ResourceBundle' is clicked on

2018-06-27 15:37:54 - [TEST_STEP][PASSED] - setText: Text 'common' is set on object 'Object Repository/New_Test_Create_View/Page_Canvas World/enter_ResourceBundle'

2018-06-27 15:37:54 - [MESSAGE][PASSED] - Text 'common' is set on object 'Object Repository/New_Test_Create_View/Page_Canvas World/enter_ResourceBundle'

2018-06-27 15:37:54 - [TEST_STEP][PASSED] - delay: Delayed 10 second(s)

2018-06-27 15:38:04 - [MESSAGE][PASSED] - Delayed 10 second(s)

2018-06-27 15:38:04 - [TEST_STEP][PASSED] - waitForElementVisible: Object 'Object Repository/New_Test_Create_List_Grid/Page_Canvas World/click_selectForm' is visible

2018-06-27 15:38:04 - [MESSAGE][PASSED] - Object 'Object Repository/New_Test_Create_List_Grid/Page_Canvas World/click_selectForm' is visible

2018-06-27 15:38:04 - [TEST_STEP][PASSED] - click: Object: 'Object Repository/New_Test_Create_List_Grid/Page_Canvas World/click_selectForm' is clicked on

2018-06-27 15:38:05 - [MESSAGE][PASSED] - Object: 'Object Repository/New_Test_Create_List_Grid/Page_Canvas World/click_selectForm' is clicked on

2018-06-27 15:38:05 - [TEST_STEP][PASSED] - Statement - selectForm = "//span[starts-with(text(), '" + "ACCOUNT_TABLE" + "')]": null

2018-06-27 15:38:05 - [TEST_STEP][PASSED] - Statement - println(selectForm): null

2018-06-27 15:38:05 - [TEST_STEP][PASSED] - Statement - dynamicObject = new com.kms.katalon.core.testobject.TestObject(selectForm).addProperty("xpath", EQUALS, selectForm, true): null

2018-06-27 15:38:05 - [TEST_STEP][PASSED] - waitForElementVisible: Object '//span[starts-with(text(), 'ACCOUNT_TABLE')]' is visible

2018-06-27 15:38:06 - [MESSAGE][PASSED] - Object '//span[starts-with(text(), 'ACCOUNT_TABLE')]' is visible

2018-06-27 15:38:06 - [TEST_STEP][PASSED] - doubleClick: Object: '//span[starts-with(text(), 'ACCOUNT_TABLE')]' is double clicked on

2018-06-27 15:38:06 - [MESSAGE][PASSED] - Object: '//span[starts-with(text(), 'ACCOUNT_TABLE')]' is double clicked on

2018-06-27 15:38:06 - [TEST_STEP][PASSED] - doubleClick: Object: '//span[starts-with(text(), 'ACCOUNT_TABLE')]' is double clicked on

2018-06-27 15:38:06 - [MESSAGE][PASSED] - Object: '//span[starts-with(text(), 'ACCOUNT_TABLE')]' is double clicked on

2018-06-27 15:38:06 - [TEST_STEP][PASSED] - delay: Delayed 3 second(s)

2018-06-27 15:38:09 - [MESSAGE][PASSED] - Delayed 3 second(s)

2018-06-27 15:38:09 - [TEST_STEP][PASSED] - click: Object: 'Object Repository/New_Test_Create_List_Grid/Page_Canvas World/click_default_ins_yes' is clicked on

2018-06-27 15:38:09 - [MESSAGE][PASSED] - Object: 'Object Repository/New_Test_Create_List_Grid/Page_Canvas World/click_default_ins_yes' is clicked on

2018-06-27 15:38:09 - [TEST_STEP][PASSED] - selectOptionByValue: All options with value 'CUSER' are selected in object 'Object Repository/New_Test_Create_View/Page_Canvas World/select_ProductCode' 

2018-06-27 15:38:09 - [MESSAGE][PASSED] - All options with value 'CUSER' are selected in object 'Object Repository/New_Test_Create_View/Page_Canvas World/select_ProductCode' 

2018-06-27 15:38:09 - [TEST_STEP][PASSED] - selectOptionByValue: All options with value 'CUSER' are selected in object 'Object Repository/New_Test_Create_View/Page_Canvas World/select_SubProductCode' 

2018-06-27 15:38:09 - [MESSAGE][PASSED] - All options with value 'CUSER' are selected in object 'Object Repository/New_Test_Create_View/Page_Canvas World/select_SubProductCode' 

2018-06-27 15:38:09 - [TEST_STEP][PASSED] - selectOptionByValue: All options with value 'VSBLTY' are selected in object 'Object Repository/New_Test_Create_View/Page_Canvas World/select_FunctionCode' 

2018-06-27 15:38:10 - [MESSAGE][PASSED] - All options with value 'VSBLTY' are selected in object 'Object Repository/New_Test_Create_View/Page_Canvas World/select_FunctionCode' 

2018-06-27 15:38:10 - [TEST_STEP][PASSED] - delay: Delayed 3 second(s)

2018-06-27 15:38:13 - [MESSAGE][PASSED] - Delayed 3 second(s)

2018-06-27 15:38:13 - [TEST_STEP][PASSED] - click: Object: 'Object Repository/New_Test_Create_List_Grid/Page_Canvas World/expand_gridConfig' is clicked on

2018-06-27 15:38:13 - [MESSAGE][PASSED] - Object: 'Object Repository/New_Test_Create_List_Grid/Page_Canvas World/expand_gridConfig' is clicked on

2018-06-27 15:38:13 - [TEST_STEP][PASSED] - setText: Text '2' is set on object 'Object Repository/New_Test_Create_List_Grid/Page_Canvas World/enter_numberPerPage'

2018-06-27 15:38:13 - [MESSAGE][PASSED] - Text '2' is set on object 'Object Repository/New_Test_Create_List_Grid/Page_Canvas World/enter_numberPerPage'

2018-06-27 15:38:13 - [TEST_STEP][PASSED] - delay: Delayed 3 second(s)

2018-06-27 15:38:16 - [MESSAGE][PASSED] - Delayed 3 second(s)

2018-06-27 15:38:16 - [TEST_STEP][PASSED] - click: Object: 'Object Repository/New_Test_Create_List_Grid/Page_Canvas World/button_more' is clicked on

2018-06-27 15:38:17 - [MESSAGE][PASSED] - Object: 'Object Repository/New_Test_Create_List_Grid/Page_Canvas World/button_more' is clicked on

2018-06-27 15:38:17 - [TEST_STEP][PASSED] - click: Object: 'Object Repository/New_Test_Create_List_Grid/Page_Canvas World/is_grpable' is clicked on

2018-06-27 15:38:18 - [MESSAGE][PASSED] - Object: 'Object Repository/New_Test_Create_List_Grid/Page_Canvas World/is_grpable' is clicked on

2018-06-27 15:38:18 - [TEST_STEP][PASSED] - click: Object: 'Object Repository/New_Test_Create_List_Grid/Page_Canvas World/is_grpd' is clicked on

2018-06-27 15:38:18 - [MESSAGE][PASSED] - Object: 'Object Repository/New_Test_Create_List_Grid/Page_Canvas World/is_grpd' is clicked on

2018-06-27 15:38:18 - [TEST_STEP][PASSED] - delay: Delayed 3 second(s)

2018-06-27 15:38:21 - [MESSAGE][PASSED] - Delayed 3 second(s)

2018-06-27 15:38:21 - [TEST_STEP][PASSED] - click: Object: 'Object Repository/New_Test_Create_List_Grid/Page_Canvas World/view_item_submit' is clicked on

2018-06-27 15:38:22 - [MESSAGE][PASSED] - Object: 'Object Repository/New_Test_Create_List_Grid/Page_Canvas World/view_item_submit' is clicked on

2018-06-27 15:38:22 - [TEST_STEP][PASSED] - delay: Delayed 3 second(s)

2018-06-27 15:38:25 - [MESSAGE][PASSED] - Delayed 3 second(s)

2018-06-27 15:38:25 - [TEST_STEP][PASSED] - click: Object: 'Object Repository/New_Test_Create_View/Page_Canvas World/view_Submit' is clicked on

2018-06-27 15:38:25 - [MESSAGE][PASSED] - Object: 'Object Repository/New_Test_Create_View/Page_Canvas World/view_Submit' is clicked on

2018-06-27 15:38:25 - [TEST_STEP][PASSED] - delay: Delayed 3 second(s)

2018-06-27 15:38:28 - [MESSAGE][PASSED] - Delayed 3 second(s)

2018-06-27 15:38:28 - [TEST_STEP][PASSED] - click: Object: 'Object Repository/New_Test_Create_View/Page_Canvas World/view_Submission' is clicked on

2018-06-27 15:38:28 - [MESSAGE][PASSED] - Object: 'Object Repository/New_Test_Create_View/Page_Canvas World/view_Submission' is clicked on]]></system-out>
         <system-err><![CDATA[]]></system-err>
      </testcase>
      <testcase name="Test Cases/Smoke Test/New_Create_Group_Multi" classname="Test Cases/Smoke Test/New_Create_Group_Multi" status="PASSED">
         <system-out><![CDATA[2018-06-27 15:38:28 - [TEST_CASE][PASSED] - Test Cases/Smoke Test/New_Create_Group_Multi: Test Cases/Smoke Test/New_Create_Group_Multi

2018-06-27 15:38:28 - [TEST_STEP][PASSED] - waitForPageLoad: Wait for page load successfully

2018-06-27 15:38:28 - [MESSAGE][PASSED] - Wait for page load successfully

2018-06-27 15:38:28 - [TEST_STEP][PASSED] - Statement - common = com.kms.katalon.core.webui.keyword.WebUiBuiltInKeywords.callTestCase(com.kms.katalon.core.testcase.TestCaseFactory.findTestCase(Test Cases/Studio Smoke Test Cases/ReadExcel), [:]): Call Test Case 'Test Cases/Studio Smoke Test Cases/ReadExcel' successfully

2018-06-27 15:38:29 - [TEST_CASE][PASSED] - Test Cases/Studio Smoke Test Cases/ReadExcel: Test Cases/Studio Smoke Test Cases/ReadExcel

2018-06-27 15:38:29 - [TEST_STEP][PASSED] - Statement - path = "D:\Sheepa\Katalon\Studio Smoke Test\Studio Smoke Test\Data Files\Data Input.xls": null

2018-06-27 15:38:29 - [TEST_STEP][PASSED] - Statement - fis = new java.io.FileInputStream(path): null

2018-06-27 15:38:29 - [TEST_STEP][PASSED] - Statement - hssfWorkbook = new org.apache.poi.hssf.usermodel.HSSFWorkbook(fis): null

2018-06-27 15:38:29 - [TEST_STEP][PASSED] - Statement - sc = hssfWorkbook.getNumberOfSheets(): null

2018-06-27 15:38:29 - [TEST_STEP][PASSED] - Statement - println(sc): null

2018-06-27 15:38:29 - [TEST_STEP][PASSED] - Statement - hssfSheet = hssfWorkbook.getSheetAt(0): null

2018-06-27 15:38:29 - [TEST_STEP][PASSED] - Statement - hssfRow = hssfSheet.getRow(1): null

2018-06-27 15:38:29 - [TEST_STEP][PASSED] - Statement - fid = hssfRow.getCell(0): null

2018-06-27 15:38:29 - [TEST_STEP][PASSED] - Statement - vid = hssfRow.getCell(1): null

2018-06-27 15:38:29 - [TEST_STEP][PASSED] - Statement - aid = hssfRow.getCell(2): null

2018-06-27 15:38:29 - [TEST_STEP][PASSED] - Statement - subid = hssfRow.getCell(3): null

2018-06-27 15:38:29 - [TEST_STEP][PASSED] - Statement - wsid = hssfRow.getCell(4): null

2018-06-27 15:38:29 - [TEST_STEP][PASSED] - Statement - reqid = hssfRow.getCell(5): null

2018-06-27 15:38:29 - [TEST_STEP][PASSED] - Statement - accNo = hssfRow.getCell(6): null

2018-06-27 15:38:29 - [TEST_STEP][PASSED] - Statement - println(vid): null

2018-06-27 15:38:29 - [TEST_STEP][PASSED] - Statement - map = [:]: null

2018-06-27 15:38:29 - [TEST_STEP][PASSED] - Statement - map.put("formID", fid): null

2018-06-27 15:38:29 - [TEST_STEP][PASSED] - Statement - map.put("viewID", vid): null

2018-06-27 15:38:29 - [TEST_STEP][PASSED] - Statement - map.put("appID", aid): null

2018-06-27 15:38:29 - [TEST_STEP][PASSED] - Statement - map.put("subWSID", subid): null

2018-06-27 15:38:29 - [TEST_STEP][PASSED] - Statement - map.put("WSID", wsid): null

2018-06-27 15:38:29 - [TEST_STEP][PASSED] - Statement - map.put("REQID", reqid): null

2018-06-27 15:38:29 - [TEST_STEP][PASSED] - Statement - map.put("AccNo", accNo): null

2018-06-27 15:38:29 - [TEST_STEP][PASSED] - Statement - return map: null

2018-06-27 15:38:29 - [MESSAGE][PASSED] - Call Test Case 'Test Cases/Studio Smoke Test Cases/ReadExcel' successfully

2018-06-27 15:38:29 - [TEST_STEP][PASSED] - Statement - form_id = common["formID"]: null

2018-06-27 15:38:29 - [TEST_STEP][PASSED] - Statement - println(form_id): null

2018-06-27 15:38:29 - [TEST_STEP][PASSED] - Statement - view_id = common["viewID"]: null

2018-06-27 15:38:29 - [TEST_STEP][PASSED] - Statement - println(view_id): null

2018-06-27 15:38:29 - [TEST_STEP][PASSED] - click: Object: 'Object Repository/New_Test_Create_Form/Page_Canvas World/span_Create' is clicked on

2018-06-27 15:38:29 - [MESSAGE][PASSED] - Object: 'Object Repository/New_Test_Create_Form/Page_Canvas World/span_Create' is clicked on

2018-06-27 15:38:29 - [TEST_STEP][PASSED] - click: Object: 'Object Repository/New_Test_Create_View/Page_Canvas World/span_View' is clicked on

2018-06-27 15:38:29 - [MESSAGE][PASSED] - Object: 'Object Repository/New_Test_Create_View/Page_Canvas World/span_View' is clicked on

2018-06-27 15:38:29 - [TEST_STEP][PASSED] - waitForPageLoad: Wait for page load successfully

2018-06-27 15:38:29 - [MESSAGE][PASSED] - Wait for page load successfully

2018-06-27 15:38:29 - [TEST_STEP][PASSED] - click: Object: 'Object Repository/New_Test_Create_View/Page_Canvas World/enter_ViewId' is clicked on

2018-06-27 15:38:31 - [MESSAGE][PASSED] - Object: 'Object Repository/New_Test_Create_View/Page_Canvas World/enter_ViewId' is clicked on

2018-06-27 15:38:31 - [TEST_STEP][PASSED] - setText: Text 'A006' is set on object 'Object Repository/New_Test_Create_View/Page_Canvas World/enter_ViewId'

2018-06-27 15:38:32 - [MESSAGE][PASSED] - Text 'A006' is set on object 'Object Repository/New_Test_Create_View/Page_Canvas World/enter_ViewId'

2018-06-27 15:38:32 - [TEST_STEP][PASSED] - click: Object: 'Object Repository/New_Test_Create_View/Page_Canvas World/view_DisplayName' is clicked on

2018-06-27 15:38:32 - [MESSAGE][PASSED] - Object: 'Object Repository/New_Test_Create_View/Page_Canvas World/view_DisplayName' is clicked on

2018-06-27 15:38:32 - [TEST_STEP][PASSED] - setText: Text 'A006' is set on object 'Object Repository/New_Test_Create_View/Page_Canvas World/view_DisplayName'

2018-06-27 15:38:32 - [MESSAGE][PASSED] - Text 'A006' is set on object 'Object Repository/New_Test_Create_View/Page_Canvas World/view_DisplayName'

2018-06-27 15:38:32 - [TEST_STEP][PASSED] - selectOptionByValue: All options with value 'ADVGROUP' are selected in object 'Object Repository/New_Test_Create_View/Page_Canvas World/select_ViewType' 

2018-06-27 15:38:32 - [MESSAGE][PASSED] - All options with value 'ADVGROUP' are selected in object 'Object Repository/New_Test_Create_View/Page_Canvas World/select_ViewType' 

2018-06-27 15:38:32 - [TEST_STEP][PASSED] - click: Object: 'Object Repository/New_Test_Create_View/Page_Canvas World/enter_ResourceBundle' is clicked on

2018-06-27 15:38:33 - [MESSAGE][PASSED] - Object: 'Object Repository/New_Test_Create_View/Page_Canvas World/enter_ResourceBundle' is clicked on

2018-06-27 15:38:33 - [TEST_STEP][PASSED] - setText: Text 'common' is set on object 'Object Repository/New_Test_Create_View/Page_Canvas World/enter_ResourceBundle'

2018-06-27 15:38:33 - [MESSAGE][PASSED] - Text 'common' is set on object 'Object Repository/New_Test_Create_View/Page_Canvas World/enter_ResourceBundle'

2018-06-27 15:38:33 - [TEST_STEP][PASSED] - delay: Delayed 10 second(s)

2018-06-27 15:38:43 - [MESSAGE][PASSED] - Delayed 10 second(s)

2018-06-27 15:38:43 - [TEST_STEP][PASSED] - waitForElementVisible: Object 'Object Repository/New_Test_Create_List_Grid/Page_Canvas World/click_selectForm' is visible

2018-06-27 15:38:43 - [MESSAGE][PASSED] - Object 'Object Repository/New_Test_Create_List_Grid/Page_Canvas World/click_selectForm' is visible

2018-06-27 15:38:43 - [TEST_STEP][PASSED] - click: Object: 'Object Repository/New_Test_Create_List_Grid/Page_Canvas World/click_selectForm' is clicked on

2018-06-27 15:38:43 - [MESSAGE][PASSED] - Object: 'Object Repository/New_Test_Create_List_Grid/Page_Canvas World/click_selectForm' is clicked on

2018-06-27 15:38:43 - [TEST_STEP][PASSED] - Statement - selectForm = "//span[starts-with(text(), '" + "ACCOUNT_TABLE" + "')]": null

2018-06-27 15:38:43 - [TEST_STEP][PASSED] - Statement - println(selectForm): null

2018-06-27 15:38:43 - [TEST_STEP][PASSED] - Statement - dynamicObject = new com.kms.katalon.core.testobject.TestObject(selectForm).addProperty("xpath", EQUALS, selectForm, true): null

2018-06-27 15:38:43 - [TEST_STEP][PASSED] - waitForElementVisible: Object '//span[starts-with(text(), 'ACCOUNT_TABLE')]' is visible

2018-06-27 15:38:45 - [MESSAGE][PASSED] - Object '//span[starts-with(text(), 'ACCOUNT_TABLE')]' is visible

2018-06-27 15:38:45 - [TEST_STEP][PASSED] - doubleClick: Object: '//span[starts-with(text(), 'ACCOUNT_TABLE')]' is double clicked on

2018-06-27 15:38:45 - [MESSAGE][PASSED] - Object: '//span[starts-with(text(), 'ACCOUNT_TABLE')]' is double clicked on

2018-06-27 15:38:45 - [TEST_STEP][PASSED] - doubleClick: Object: '//span[starts-with(text(), 'ACCOUNT_TABLE')]' is double clicked on

2018-06-27 15:38:45 - [MESSAGE][PASSED] - Object: '//span[starts-with(text(), 'ACCOUNT_TABLE')]' is double clicked on

2018-06-27 15:38:45 - [TEST_STEP][PASSED] - delay: Delayed 3 second(s)

2018-06-27 15:38:48 - [MESSAGE][PASSED] - Delayed 3 second(s)

2018-06-27 15:38:48 - [TEST_STEP][PASSED] - click: Object: 'Object Repository/New_Test_Create_List_Grid/Page_Canvas World/click_default_ins_yes' is clicked on

2018-06-27 15:38:48 - [MESSAGE][PASSED] - Object: 'Object Repository/New_Test_Create_List_Grid/Page_Canvas World/click_default_ins_yes' is clicked on

2018-06-27 15:38:48 - [TEST_STEP][PASSED] - selectOptionByValue: All options with value 'CUSER' are selected in object 'Object Repository/New_Test_Create_View/Page_Canvas World/select_ProductCode' 

2018-06-27 15:38:48 - [MESSAGE][PASSED] - All options with value 'CUSER' are selected in object 'Object Repository/New_Test_Create_View/Page_Canvas World/select_ProductCode' 

2018-06-27 15:38:48 - [TEST_STEP][PASSED] - selectOptionByValue: All options with value 'CUSER' are selected in object 'Object Repository/New_Test_Create_View/Page_Canvas World/select_SubProductCode' 

2018-06-27 15:38:48 - [MESSAGE][PASSED] - All options with value 'CUSER' are selected in object 'Object Repository/New_Test_Create_View/Page_Canvas World/select_SubProductCode' 

2018-06-27 15:38:48 - [TEST_STEP][PASSED] - selectOptionByValue: All options with value 'VSBLTY' are selected in object 'Object Repository/New_Test_Create_View/Page_Canvas World/select_FunctionCode' 

2018-06-27 15:38:49 - [MESSAGE][PASSED] - All options with value 'VSBLTY' are selected in object 'Object Repository/New_Test_Create_View/Page_Canvas World/select_FunctionCode' 

2018-06-27 15:38:49 - [TEST_STEP][PASSED] - delay: Delayed 3 second(s)

2018-06-27 15:38:52 - [MESSAGE][PASSED] - Delayed 3 second(s)

2018-06-27 15:38:52 - [TEST_STEP][PASSED] - click: Object: 'Object Repository/New_Test_Create_List_Grid/Page_Canvas World/expand_gridConfig' is clicked on

2018-06-27 15:38:52 - [MESSAGE][PASSED] - Object: 'Object Repository/New_Test_Create_List_Grid/Page_Canvas World/expand_gridConfig' is clicked on

2018-06-27 15:38:52 - [TEST_STEP][PASSED] - setText: Text '2' is set on object 'Object Repository/New_Test_Create_List_Grid/Page_Canvas World/enter_numberPerPage'

2018-06-27 15:38:52 - [MESSAGE][PASSED] - Text '2' is set on object 'Object Repository/New_Test_Create_List_Grid/Page_Canvas World/enter_numberPerPage'

2018-06-27 15:38:52 - [TEST_STEP][PASSED] - delay: Delayed 3 second(s)

2018-06-27 15:38:55 - [MESSAGE][PASSED] - Delayed 3 second(s)

2018-06-27 15:38:55 - [TEST_STEP][PASSED] - click: Object: 'Object Repository/New_Test_Create_List_Grid/Page_Canvas World/button_more' is clicked on

2018-06-27 15:38:56 - [MESSAGE][PASSED] - Object: 'Object Repository/New_Test_Create_List_Grid/Page_Canvas World/button_more' is clicked on

2018-06-27 15:38:56 - [TEST_STEP][PASSED] - click: Object: 'Object Repository/New_Test_Create_List_Grid/Page_Canvas World/is_grpable' is clicked on

2018-06-27 15:38:57 - [MESSAGE][PASSED] - Object: 'Object Repository/New_Test_Create_List_Grid/Page_Canvas World/is_grpable' is clicked on

2018-06-27 15:38:57 - [TEST_STEP][PASSED] - click: Object: 'Object Repository/New_Test_Create_List_Grid/Page_Canvas World/is_grpd' is clicked on

2018-06-27 15:38:57 - [MESSAGE][PASSED] - Object: 'Object Repository/New_Test_Create_List_Grid/Page_Canvas World/is_grpd' is clicked on

2018-06-27 15:38:57 - [TEST_STEP][PASSED] - delay: Delayed 1 second(s)

2018-06-27 15:38:58 - [MESSAGE][PASSED] - Delayed 1 second(s)

2018-06-27 15:38:58 - [TEST_STEP][PASSED] - selectOptionByValue: All options with value 'COUNT' are selected in object 'Object Repository/New_Test_Create_List_Grid/Page_Canvas World/aggregate_using' 

2018-06-27 15:38:58 - [MESSAGE][PASSED] - All options with value 'COUNT' are selected in object 'Object Repository/New_Test_Create_List_Grid/Page_Canvas World/aggregate_using' 

2018-06-27 15:38:58 - [TEST_STEP][PASSED] - delay: Delayed 1 second(s)

2018-06-27 15:38:59 - [MESSAGE][PASSED] - Delayed 1 second(s)

2018-06-27 15:38:59 - [TEST_STEP][PASSED] - click: Object: 'Object Repository/New_Test_Create_List_Grid/Page_Canvas World/view_item_submit' is clicked on

2018-06-27 15:39:00 - [MESSAGE][PASSED] - Object: 'Object Repository/New_Test_Create_List_Grid/Page_Canvas World/view_item_submit' is clicked on

2018-06-27 15:39:00 - [TEST_STEP][PASSED] - delay: Delayed 3 second(s)

2018-06-27 15:39:03 - [MESSAGE][PASSED] - Delayed 3 second(s)

2018-06-27 15:39:03 - [TEST_STEP][PASSED] - click: Object: 'Object Repository/New_Test_Create_List_Grid/Page_Canvas World/currency_more' is clicked on

2018-06-27 15:39:03 - [MESSAGE][PASSED] - Object: 'Object Repository/New_Test_Create_List_Grid/Page_Canvas World/currency_more' is clicked on

2018-06-27 15:39:03 - [TEST_STEP][PASSED] - click: Object: 'Object Repository/New_Test_Create_List_Grid/Page_Canvas World/is_grpable' is clicked on

2018-06-27 15:39:04 - [MESSAGE][PASSED] - Object: 'Object Repository/New_Test_Create_List_Grid/Page_Canvas World/is_grpable' is clicked on

2018-06-27 15:39:04 - [TEST_STEP][PASSED] - click: Object: 'Object Repository/New_Test_Create_List_Grid/Page_Canvas World/is_grpd' is clicked on

2018-06-27 15:39:04 - [MESSAGE][PASSED] - Object: 'Object Repository/New_Test_Create_List_Grid/Page_Canvas World/is_grpd' is clicked on

2018-06-27 15:39:04 - [TEST_STEP][PASSED] - delay: Delayed 3 second(s)

2018-06-27 15:39:07 - [MESSAGE][PASSED] - Delayed 3 second(s)

2018-06-27 15:39:07 - [TEST_STEP][PASSED] - selectOptionByValue: All options with value 'COUNT' are selected in object 'Object Repository/New_Test_Create_List_Grid/Page_Canvas World/aggregate_using' 

2018-06-27 15:39:07 - [MESSAGE][PASSED] - All options with value 'COUNT' are selected in object 'Object Repository/New_Test_Create_List_Grid/Page_Canvas World/aggregate_using' 

2018-06-27 15:39:07 - [TEST_STEP][PASSED] - delay: Delayed 3 second(s)

2018-06-27 15:39:10 - [MESSAGE][PASSED] - Delayed 3 second(s)

2018-06-27 15:39:10 - [TEST_STEP][PASSED] - click: Object: 'Object Repository/New_Test_Create_List_Grid/Page_Canvas World/view_item_submit' is clicked on

2018-06-27 15:39:11 - [MESSAGE][PASSED] - Object: 'Object Repository/New_Test_Create_List_Grid/Page_Canvas World/view_item_submit' is clicked on

2018-06-27 15:39:11 - [TEST_STEP][PASSED] - delay: Delayed 3 second(s)

2018-06-27 15:39:14 - [MESSAGE][PASSED] - Delayed 3 second(s)

2018-06-27 15:39:14 - [TEST_STEP][PASSED] - click: Object: 'Object Repository/New_Test_Create_View/Page_Canvas World/view_Submit' is clicked on

2018-06-27 15:39:14 - [MESSAGE][PASSED] - Object: 'Object Repository/New_Test_Create_View/Page_Canvas World/view_Submit' is clicked on

2018-06-27 15:39:14 - [TEST_STEP][PASSED] - delay: Delayed 3 second(s)

2018-06-27 15:39:17 - [MESSAGE][PASSED] - Delayed 3 second(s)

2018-06-27 15:39:17 - [TEST_STEP][PASSED] - click: Object: 'Object Repository/New_Test_Create_View/Page_Canvas World/view_Submission' is clicked on

2018-06-27 15:39:17 - [MESSAGE][PASSED] - Object: 'Object Repository/New_Test_Create_View/Page_Canvas World/view_Submission' is clicked on]]></system-out>
         <system-err><![CDATA[]]></system-err>
      </testcase>
      <testcase name="Test Cases/Smoke Test/New_App_Grid" classname="Test Cases/Smoke Test/New_App_Grid" status="FAILED">
         <failure type="FAILED" message="Unable to click on object 'Object Repository/New_Test_Create_App/Page_Canvas World/enter_AppId' (Root cause: org.openqa.selenium.ElementNotVisibleException: element not visible
  (Session info: chrome=67.0.3396.99)
  (Driver info: chromedriver=2.35.528161 (5b82f2d2aae0ca24b877009200ced9065a772e73),platform=Windows NT 6.1.7601 SP1 x86_64) (WARNING: The server did not provide any stacktrace information)
Command duration or timeout: 0 milliseconds
Build info: version: '3.7.1', revision: '8a0099a', time: '2017-11-06T21:07:36.161Z'
System info: host: 'N9449', ip: '172.29.24.220', os.name: 'Windows 7', os.arch: 'amd64', os.version: '6.1', java.version: '1.8.0_102'
Driver info: com.kms.katalon.selenium.driver.CChromeDriver
Capabilities {acceptInsecureCerts: false, acceptSslCerts: false, applicationCacheEnabled: false, browserConnectionEnabled: false, browserName: chrome, chrome: {chromedriverVersion: 2.35.528161 (5b82f2d2aae0ca..., userDataDir: C:\Users\arokia.raj\AppData...}, cssSelectorsEnabled: true, databaseEnabled: false, handlesAlerts: true, hasTouchScreen: false, javascriptEnabled: true, locationContextEnabled: true, mobileEmulationEnabled: false, nativeEvents: true, networkConnectionEnabled: false, pageLoadStrategy: normal, platform: XP, platformName: XP, rotatable: false, setWindowRect: true, takesHeapSnapshot: true, takesScreenshot: true, unexpectedAlertBehaviour: , unhandledPromptBehavior: , version: 67.0.3396.99, webStorageEnabled: true}
Session ID: 7a2953a217689c3967fcca9e31b5d437)"/>
         <system-out><![CDATA[2018-06-27 15:39:17 - [TEST_CASE][FAILED] - Test Cases/Smoke Test/New_App_Grid: Test Cases/Smoke Test/New_App_Grid FAILED because (of) Unable to click on object 'Object Repository/New_Test_Create_App/Page_Canvas World/enter_AppId' (Root cause: org.openqa.selenium.ElementNotVisibleException: element not visible
  (Session info: chrome=67.0.3396.99)
  (Driver info: chromedriver=2.35.528161 (5b82f2d2aae0ca24b877009200ced9065a772e73),platform=Windows NT 6.1.7601 SP1 x86_64) (WARNING: The server did not provide any stacktrace information)
Command duration or timeout: 0 milliseconds
Build info: version: '3.7.1', revision: '8a0099a', time: '2017-11-06T21:07:36.161Z'
System info: host: 'N9449', ip: '172.29.24.220', os.name: 'Windows 7', os.arch: 'amd64', os.version: '6.1', java.version: '1.8.0_102'
Driver info: com.kms.katalon.selenium.driver.CChromeDriver
Capabilities {acceptInsecureCerts: false, acceptSslCerts: false, applicationCacheEnabled: false, browserConnectionEnabled: false, browserName: chrome, chrome: {chromedriverVersion: 2.35.528161 (5b82f2d2aae0ca..., userDataDir: C:\Users\arokia.raj\AppData...}, cssSelectorsEnabled: true, databaseEnabled: false, handlesAlerts: true, hasTouchScreen: false, javascriptEnabled: true, locationContextEnabled: true, mobileEmulationEnabled: false, nativeEvents: true, networkConnectionEnabled: false, pageLoadStrategy: normal, platform: XP, platformName: XP, rotatable: false, setWindowRect: true, takesHeapSnapshot: true, takesScreenshot: true, unexpectedAlertBehaviour: , unhandledPromptBehavior: , version: 67.0.3396.99, webStorageEnabled: true}
Session ID: 7a2953a217689c3967fcca9e31b5d437)

2018-06-27 15:39:17 - [TEST_STEP][PASSED] - Statement - path = "D:\Sheepa\Katalon\Studio Smoke Test\Studio Smoke Test\Data Files\Grid_view_id.xls": null

2018-06-27 15:39:17 - [TEST_STEP][PASSED] - Statement - fis = new java.io.FileInputStream(path): null

2018-06-27 15:39:17 - [TEST_STEP][PASSED] - Statement - hssfWorkbook = new org.apache.poi.hssf.usermodel.HSSFWorkbook(fis): null

2018-06-27 15:39:17 - [TEST_STEP][PASSED] - Statement - sc = hssfWorkbook.getNumberOfSheets(): null

2018-06-27 15:39:17 - [TEST_STEP][PASSED] - Statement - println(sc): null

2018-06-27 15:39:17 - [TEST_STEP][PASSED] - Statement - hssfSheet = hssfWorkbook.getSheetAt(0): null

2018-06-27 15:39:17 - [TEST_STEP][PASSED] - Statement - hssfRow = hssfSheet.getRow(1): null

2018-06-27 15:39:17 - [TEST_STEP][PASSED] - waitForPageLoad: Wait for page load successfully

2018-06-27 15:39:18 - [MESSAGE][PASSED] - Wait for page load successfully

2018-06-27 15:39:18 - [TEST_STEP][FAILED] - Statement - For ([i = 0, i <= 5, (i++)]): Finding Test Object with id 'Object Repository/New_Test_Create_App/Page_Canvas World/enter_AppId'

2018-06-27 15:39:18 - [TEST_STEP][PASSED] - Statement - id = hssfRow.getCell(i): null

2018-06-27 15:39:18 - [TEST_STEP][PASSED] - click: Object: 'Object Repository/New_Test_Create_Form/Page_Canvas World/span_Create' is clicked on

2018-06-27 15:39:18 - [MESSAGE][PASSED] - Object: 'Object Repository/New_Test_Create_Form/Page_Canvas World/span_Create' is clicked on

2018-06-27 15:39:18 - [TEST_STEP][PASSED] - click: Object: 'Object Repository/New_Test_Create_App/Page_Canvas World/span_App' is clicked on

2018-06-27 15:39:18 - [MESSAGE][PASSED] - Object: 'Object Repository/New_Test_Create_App/Page_Canvas World/span_App' is clicked on

2018-06-27 15:39:18 - [TEST_STEP][PASSED] - waitForPageLoad: Wait for page load successfully

2018-06-27 15:39:18 - [MESSAGE][PASSED] - Wait for page load successfully

2018-06-27 15:39:18 - [TEST_STEP][FAILED] - click: Unable to click on object 'Object Repository/New_Test_Create_App/Page_Canvas World/enter_AppId' (Root cause: org.openqa.selenium.ElementNotVisibleException: element not visible
  (Session info: chrome=67.0.3396.99)
  (Driver info: chromedriver=2.35.528161 (5b82f2d2aae0ca24b877009200ced9065a772e73),platform=Windows NT 6.1.7601 SP1 x86_64) (WARNING: The server did not provide any stacktrace information)
Command duration or timeout: 0 milliseconds
Build info: version: '3.7.1', revision: '8a0099a', time: '2017-11-06T21:07:36.161Z'
System info: host: 'N9449', ip: '172.29.24.220', os.name: 'Windows 7', os.arch: 'amd64', os.version: '6.1', java.version: '1.8.0_102'
Driver info: com.kms.katalon.selenium.driver.CChromeDriver
Capabilities {acceptInsecureCerts: false, acceptSslCerts: false, applicationCacheEnabled: false, browserConnectionEnabled: false, browserName: chrome, chrome: {chromedriverVersion: 2.35.528161 (5b82f2d2aae0ca..., userDataDir: C:\Users\arokia.raj\AppData...}, cssSelectorsEnabled: true, databaseEnabled: false, handlesAlerts: true, hasTouchScreen: false, javascriptEnabled: true, locationContextEnabled: true, mobileEmulationEnabled: false, nativeEvents: true, networkConnectionEnabled: false, pageLoadStrategy: normal, platform: XP, platformName: XP, rotatable: false, setWindowRect: true, takesHeapSnapshot: true, takesScreenshot: true, unexpectedAlertBehaviour: , unhandledPromptBehavior: , version: 67.0.3396.99, webStorageEnabled: true}
Session ID: 7a2953a217689c3967fcca9e31b5d437)

2018-06-27 15:39:20 - [MESSAGE][FAILED] - Unable to click on object 'Object Repository/New_Test_Create_App/Page_Canvas World/enter_AppId' (Root cause: org.openqa.selenium.ElementNotVisibleException: element not visible
  (Session info: chrome=67.0.3396.99)
  (Driver info: chromedriver=2.35.528161 (5b82f2d2aae0ca24b877009200ced9065a772e73),platform=Windows NT 6.1.7601 SP1 x86_64) (WARNING: The server did not provide any stacktrace information)
Command duration or timeout: 0 milliseconds
Build info: version: '3.7.1', revision: '8a0099a', time: '2017-11-06T21:07:36.161Z'
System info: host: 'N9449', ip: '172.29.24.220', os.name: 'Windows 7', os.arch: 'amd64', os.version: '6.1', java.version: '1.8.0_102'
Driver info: com.kms.katalon.selenium.driver.CChromeDriver
Capabilities {acceptInsecureCerts: false, acceptSslCerts: false, applicationCacheEnabled: false, browserConnectionEnabled: false, browserName: chrome, chrome: {chromedriverVersion: 2.35.528161 (5b82f2d2aae0ca..., userDataDir: C:\Users\arokia.raj\AppData...}, cssSelectorsEnabled: true, databaseEnabled: false, handlesAlerts: true, hasTouchScreen: false, javascriptEnabled: true, locationContextEnabled: true, mobileEmulationEnabled: false, nativeEvents: true, networkConnectionEnabled: false, pageLoadStrategy: normal, platform: XP, platformName: XP, rotatable: false, setWindowRect: true, takesHeapSnapshot: true, takesScreenshot: true, unexpectedAlertBehaviour: , unhandledPromptBehavior: , version: 67.0.3396.99, webStorageEnabled: true}
Session ID: 7a2953a217689c3967fcca9e31b5d437)
[[ATTACHMENT|D:\\Sheepa\\Katalon\\Studio Smoke Test\\Studio Smoke Test\\Reports\\Grid_Suite\\20180627_153446\\1530094159693.png]]

2018-06-27 15:39:20 - [TEST_STEP][PASSED] - setText: Finding Test Object with id 'Object Repository/New_Test_Create_App/Page_Canvas World/enter_AppId']]></system-out>
         <system-err><![CDATA[2018-06-27 15:39:17 - [TEST_CASE][FAILED] - Test Cases/Smoke Test/New_App_Grid: Test Cases/Smoke Test/New_App_Grid FAILED because (of) Unable to click on object 'Object Repository/New_Test_Create_App/Page_Canvas World/enter_AppId' (Root cause: org.openqa.selenium.ElementNotVisibleException: element not visible
  (Session info: chrome=67.0.3396.99)
  (Driver info: chromedriver=2.35.528161 (5b82f2d2aae0ca24b877009200ced9065a772e73),platform=Windows NT 6.1.7601 SP1 x86_64) (WARNING: The server did not provide any stacktrace information)
Command duration or timeout: 0 milliseconds
Build info: version: '3.7.1', revision: '8a0099a', time: '2017-11-06T21:07:36.161Z'
System info: host: 'N9449', ip: '172.29.24.220', os.name: 'Windows 7', os.arch: 'amd64', os.version: '6.1', java.version: '1.8.0_102'
Driver info: com.kms.katalon.selenium.driver.CChromeDriver
Capabilities {acceptInsecureCerts: false, acceptSslCerts: false, applicationCacheEnabled: false, browserConnectionEnabled: false, browserName: chrome, chrome: {chromedriverVersion: 2.35.528161 (5b82f2d2aae0ca..., userDataDir: C:\Users\arokia.raj\AppData...}, cssSelectorsEnabled: true, databaseEnabled: false, handlesAlerts: true, hasTouchScreen: false, javascriptEnabled: true, locationContextEnabled: true, mobileEmulationEnabled: false, nativeEvents: true, networkConnectionEnabled: false, pageLoadStrategy: normal, platform: XP, platformName: XP, rotatable: false, setWindowRect: true, takesHeapSnapshot: true, takesScreenshot: true, unexpectedAlertBehaviour: , unhandledPromptBehavior: , version: 67.0.3396.99, webStorageEnabled: true}
Session ID: 7a2953a217689c3967fcca9e31b5d437)]]></system-err>
      </testcase>
      <system-out><![CDATA[2018-06-27 15:34:48 - [TEST_SUITE][FAILED] - Grid_Suite: Test Cases/Smoke Test/New_App_Grid FAILED because (of) Unable to click on object 'Object Repository/New_Test_Create_App/Page_Canvas World/enter_AppId' (Root cause: org.openqa.selenium.ElementNotVisibleException: element not visible
  (Session info: chrome=67.0.3396.99)
  (Driver info: chromedriver=2.35.528161 (5b82f2d2aae0ca24b877009200ced9065a772e73),platform=Windows NT 6.1.7601 SP1 x86_64) (WARNING: The server did not provide any stacktrace information)
Command duration or timeout: 0 milliseconds
Build info: version: '3.7.1', revision: '8a0099a', time: '2017-11-06T21:07:36.161Z'
System info: host: 'N9449', ip: '172.29.24.220', os.name: 'Windows 7', os.arch: 'amd64', os.version: '6.1', java.version: '1.8.0_102'
Driver info: com.kms.katalon.selenium.driver.CChromeDriver
Capabilities {acceptInsecureCerts: false, acceptSslCerts: false, applicationCacheEnabled: false, browserConnectionEnabled: false, browserName: chrome, chrome: {chromedriverVersion: 2.35.528161 (5b82f2d2aae0ca..., userDataDir: C:\Users\arokia.raj\AppData...}, cssSelectorsEnabled: true, databaseEnabled: false, handlesAlerts: true, hasTouchScreen: false, javascriptEnabled: true, locationContextEnabled: true, mobileEmulationEnabled: false, nativeEvents: true, networkConnectionEnabled: false, pageLoadStrategy: normal, platform: XP, platformName: XP, rotatable: false, setWindowRect: true, takesHeapSnapshot: true, takesScreenshot: true, unexpectedAlertBehaviour: , unhandledPromptBehavior: , version: 67.0.3396.99, webStorageEnabled: true}
Session ID: 7a2953a217689c3967fcca9e31b5d437)]]></system-out>
      <system-err><![CDATA[2018-06-27 15:34:48 - [TEST_SUITE][FAILED] - Grid_Suite: Test Cases/Smoke Test/New_App_Grid FAILED because (of) Unable to click on object 'Object Repository/New_Test_Create_App/Page_Canvas World/enter_AppId' (Root cause: org.openqa.selenium.ElementNotVisibleException: element not visible
  (Session info: chrome=67.0.3396.99)
  (Driver info: chromedriver=2.35.528161 (5b82f2d2aae0ca24b877009200ced9065a772e73),platform=Windows NT 6.1.7601 SP1 x86_64) (WARNING: The server did not provide any stacktrace information)
Command duration or timeout: 0 milliseconds
Build info: version: '3.7.1', revision: '8a0099a', time: '2017-11-06T21:07:36.161Z'
System info: host: 'N9449', ip: '172.29.24.220', os.name: 'Windows 7', os.arch: 'amd64', os.version: '6.1', java.version: '1.8.0_102'
Driver info: com.kms.katalon.selenium.driver.CChromeDriver
Capabilities {acceptInsecureCerts: false, acceptSslCerts: false, applicationCacheEnabled: false, browserConnectionEnabled: false, browserName: chrome, chrome: {chromedriverVersion: 2.35.528161 (5b82f2d2aae0ca..., userDataDir: C:\Users\arokia.raj\AppData...}, cssSelectorsEnabled: true, databaseEnabled: false, handlesAlerts: true, hasTouchScreen: false, javascriptEnabled: true, locationContextEnabled: true, mobileEmulationEnabled: false, nativeEvents: true, networkConnectionEnabled: false, pageLoadStrategy: normal, platform: XP, platformName: XP, rotatable: false, setWindowRect: true, takesHeapSnapshot: true, takesScreenshot: true, unexpectedAlertBehaviour: , unhandledPromptBehavior: , version: 67.0.3396.99, webStorageEnabled: true}
Session ID: 7a2953a217689c3967fcca9e31b5d437)]]></system-err>
   </testsuite>
</testsuites>
