<?xml version="1.0" encoding="UTF-8"?>
<testsuites name="Req_Mod_Demo" time="497" tests="4" failures="1" errors="0">
   <testsuite name="Req_Mod_Demo" tests="4" failures="1" errors="0" time="497" timestamp="2018-07-10 14:55:24" hostname="arokia.raj - N9449.intellectdesign.com" id="Test Suites/Req_Mod_Demo">
      <properties>
         <property name="deviceName" value=""/>
         <property name="devicePlatform" value=""/>
         <property name="logFolder" value="D:\\Sheepa\\Katalon\\Studio Smoke Test\\Studio Smoke Test\\Reports\\Req_Mod_Demo\\20180710_145522"/>
         <property name="logFiles" value="D:\\Sheepa\\Katalon\\Studio Smoke Test\\Studio Smoke Test\\Reports\\Req_Mod_Demo\\20180710_145522\\execution0.log"/>
         <property name="attachments" value="D:\\Sheepa\\Katalon\\Studio Smoke Test\\Studio Smoke Test\\Reports\\Req_Mod_Demo\\20180710_145522\\1531214863417.png"/>
         <property name="hostName" value="arokia.raj - N9449.intellectdesign.com"/>
         <property name="os" value="Windows 7 64bit"/>
         <property name="katalonVersion" value="5.4.1.1"/>
         <property name="browser" value="Chrome 67.0.3396.99"/>
         <property name="hostAddress" value="172.29.24.220"/>
         <property name="sessionId" value="17bb215dcc75bd609d8fd1cfd67e3622"/>
         <property name="seleniumVersion" value="3.7.1"/>
         <property name="proxyInformation" value="ProxyInformation{proxyOption=NO_PROXY, proxyServerType=HTTP, password=, proxyServerAddress=, proxyServerPort=0}"/>
         <property name="platform" value="Windows 7"/>
      </properties>
      <testcase name="Test Cases/Smoke Test/Common Functions" classname="Test Cases/Smoke Test/Common Functions" status="PASSED">
         <system-out><![CDATA[2018-07-10 14:55:25 - [TEST_CASE][PASSED] - Test Cases/Smoke Test/Common Functions: Test Cases/Smoke Test/Common Functions

2018-07-10 14:55:25 - [TEST_STEP][PASSED] - Statement - digi = generateRandomInt(9999999): null

2018-07-10 14:55:25 - [TEST_STEP][PASSED] - Statement - random = new java.util.Random(): null

2018-07-10 14:55:26 - [TEST_STEP][PASSED] - Statement - return random.nextInt(upperRange): null

2018-07-10 14:55:26 - [TEST_STEP][PASSED] - Statement - acc = generateRandomInt(999999999): null

2018-07-10 14:55:26 - [TEST_STEP][PASSED] - Statement - random = new java.util.Random(): null

2018-07-10 14:55:26 - [TEST_STEP][PASSED] - Statement - return random.nextInt(upperRange): null

2018-07-10 14:55:26 - [TEST_STEP][PASSED] - Statement - accNo = java.lang.String.valueOf(acc): null

2018-07-10 14:55:26 - [TEST_STEP][PASSED] - Statement - println(accNo): null

2018-07-10 14:55:26 - [TEST_STEP][PASSED] - Statement - form_id = "F" + digi: null

2018-07-10 14:55:26 - [TEST_STEP][PASSED] - Statement - println(form_id): null

2018-07-10 14:55:26 - [TEST_STEP][PASSED] - Statement - view_id = "AV" + digi: null

2018-07-10 14:55:26 - [TEST_STEP][PASSED] - Statement - println(view_id): null

2018-07-10 14:55:26 - [TEST_STEP][PASSED] - Statement - app_id = "AA" + digi: null

2018-07-10 14:55:26 - [TEST_STEP][PASSED] - Statement - println(app_id): null

2018-07-10 14:55:26 - [TEST_STEP][PASSED] - Statement - subWS_id = "ASUB" + digi: null

2018-07-10 14:55:26 - [TEST_STEP][PASSED] - Statement - println(subWS_id): null

2018-07-10 14:55:26 - [TEST_STEP][PASSED] - Statement - WS_id = "AWS" + digi: null

2018-07-10 14:55:26 - [TEST_STEP][PASSED] - Statement - println(WS_id): null

2018-07-10 14:55:26 - [TEST_STEP][PASSED] - Statement - req_id = "AR" + digi: null

2018-07-10 14:55:26 - [TEST_STEP][PASSED] - Statement - println(req_id): null

2018-07-10 14:55:26 - [TEST_STEP][PASSED] - Statement - filePath = "D:\Sheepa\Katalon\Studio Smoke Test\Studio Smoke Test\Data Files\Data Input.xls": null

2018-07-10 14:55:26 - [TEST_STEP][PASSED] - Statement - file = new java.io.File(filePath): null

2018-07-10 14:55:26 - [TEST_STEP][PASSED] - Statement - fis = new java.io.FileInputStream(file): null

2018-07-10 14:55:26 - [TEST_STEP][PASSED] - Statement - fileOut = new java.io.FileOutputStream(filePath): null

2018-07-10 14:55:26 - [TEST_STEP][PASSED] - Statement - workbook = new org.apache.poi.hssf.usermodel.HSSFWorkbook(): null

2018-07-10 14:55:26 - [TEST_STEP][PASSED] - Statement - st = workbook.createSheet("POI Worksheet"): null

2018-07-10 14:55:26 - [TEST_STEP][PASSED] - Statement - row = st.createRow(0): null

2018-07-10 14:55:26 - [TEST_STEP][PASSED] - Statement - cell0 = row.createCell(0): null

2018-07-10 14:55:26 - [TEST_STEP][PASSED] - Statement - cell0.setCellValue("FormID"): null

2018-07-10 14:55:26 - [TEST_STEP][PASSED] - Statement - cell1 = row.createCell(1): null

2018-07-10 14:55:26 - [TEST_STEP][PASSED] - Statement - cell1.setCellValue("ViewID"): null

2018-07-10 14:55:26 - [TEST_STEP][PASSED] - Statement - cell2 = row.createCell(2): null

2018-07-10 14:55:26 - [TEST_STEP][PASSED] - Statement - cell2.setCellValue("AppID"): null

2018-07-10 14:55:26 - [TEST_STEP][PASSED] - Statement - cell3 = row.createCell(3): null

2018-07-10 14:55:26 - [TEST_STEP][PASSED] - Statement - cell3.setCellValue("SubWSID"): null

2018-07-10 14:55:26 - [TEST_STEP][PASSED] - Statement - cell4 = row.createCell(4): null

2018-07-10 14:55:26 - [TEST_STEP][PASSED] - Statement - cell4.setCellValue("WSID"): null

2018-07-10 14:55:26 - [TEST_STEP][PASSED] - Statement - cell5 = row.createCell(5): null

2018-07-10 14:55:26 - [TEST_STEP][PASSED] - Statement - cell5.setCellValue("ReqMod_id"): null

2018-07-10 14:55:26 - [TEST_STEP][PASSED] - Statement - cell6 = row.createCell(6): null

2018-07-10 14:55:26 - [TEST_STEP][PASSED] - Statement - cell6.setCellValue("Acc_No"): null

2018-07-10 14:55:26 - [TEST_STEP][PASSED] - Statement - row1 = st.createRow(1): null

2018-07-10 14:55:26 - [TEST_STEP][PASSED] - Statement - cell01 = row1.createCell(0): null

2018-07-10 14:55:26 - [TEST_STEP][PASSED] - Statement - cell01.setCellValue(form_id): null

2018-07-10 14:55:26 - [TEST_STEP][PASSED] - Statement - cell11 = row1.createCell(1): null

2018-07-10 14:55:26 - [TEST_STEP][PASSED] - Statement - cell11.setCellValue(view_id): null

2018-07-10 14:55:26 - [TEST_STEP][PASSED] - Statement - cell21 = row1.createCell(2): null

2018-07-10 14:55:26 - [TEST_STEP][PASSED] - Statement - cell21.setCellValue(app_id): null

2018-07-10 14:55:26 - [TEST_STEP][PASSED] - Statement - cell31 = row1.createCell(3): null

2018-07-10 14:55:26 - [TEST_STEP][PASSED] - Statement - cell31.setCellValue(subWS_id): null

2018-07-10 14:55:26 - [TEST_STEP][PASSED] - Statement - cell41 = row1.createCell(4): null

2018-07-10 14:55:26 - [TEST_STEP][PASSED] - Statement - cell41.setCellValue(WS_id): null

2018-07-10 14:55:26 - [TEST_STEP][PASSED] - Statement - cell51 = row1.createCell(5): null

2018-07-10 14:55:26 - [TEST_STEP][PASSED] - Statement - cell51.setCellValue(req_id): null

2018-07-10 14:55:26 - [TEST_STEP][PASSED] - Statement - cell61 = row1.createCell(6): null

2018-07-10 14:55:26 - [TEST_STEP][PASSED] - Statement - cell61.setCellValue(accNo): null

2018-07-10 14:55:26 - [TEST_STEP][PASSED] - Statement - workbook.write(fileOut): null

2018-07-10 14:55:26 - [TEST_STEP][PASSED] - Statement - f_id = row1.getCell(0): null

2018-07-10 14:55:26 - [TEST_STEP][PASSED] - Statement - println(f_id): null

2018-07-10 14:55:26 - [TEST_STEP][PASSED] - Statement - Map_TC1 = [:]: null

2018-07-10 14:55:26 - [TEST_STEP][PASSED] - Statement - Map_TC1.put("formID", f_id): null

2018-07-10 14:55:26 - [TEST_STEP][PASSED] - Statement - Map_TC1.put("viewID", row1.getCell(1)): null

2018-07-10 14:55:26 - [TEST_STEP][PASSED] - Statement - Map_TC1.put("appID", row1.getCell(2)): null

2018-07-10 14:55:26 - [TEST_STEP][PASSED] - Statement - Map_TC1.put("subWSID", row1.getCell(3)): null

2018-07-10 14:55:26 - [TEST_STEP][PASSED] - Statement - Map_TC1.put("WSID", row1.getCell(4)): null

2018-07-10 14:55:26 - [TEST_STEP][PASSED] - Statement - Map_TC1.put("REQID", row1.getCell(5)): null

2018-07-10 14:55:26 - [TEST_STEP][PASSED] - Statement - Map_TC1.put("AccNo", row1.getCell(6)): null

2018-07-10 14:55:27 - [TEST_STEP][PASSED] - Statement - fileOut.flush(): null

2018-07-10 14:55:27 - [TEST_STEP][PASSED] - Statement - fileOut.close(): null

2018-07-10 14:55:27 - [TEST_STEP][PASSED] - Statement - return Map_TC1: null]]></system-out>
         <system-err><![CDATA[]]></system-err>
      </testcase>
      <testcase name="Test Cases/Smoke Test/ReadExcel" classname="Test Cases/Smoke Test/ReadExcel" status="PASSED">
         <system-out><![CDATA[2018-07-10 14:55:27 - [TEST_CASE][PASSED] - Test Cases/Smoke Test/ReadExcel: Test Cases/Smoke Test/ReadExcel

2018-07-10 14:55:27 - [TEST_STEP][PASSED] - Statement - path = "D:\Sheepa\Katalon\Studio Smoke Test\Studio Smoke Test\Data Files\Data Input.xls": null

2018-07-10 14:55:27 - [TEST_STEP][PASSED] - Statement - fis = new java.io.FileInputStream(path): null

2018-07-10 14:55:27 - [TEST_STEP][PASSED] - Statement - hssfWorkbook = new org.apache.poi.hssf.usermodel.HSSFWorkbook(fis): null

2018-07-10 14:55:27 - [TEST_STEP][PASSED] - Statement - sc = hssfWorkbook.getNumberOfSheets(): null

2018-07-10 14:55:27 - [TEST_STEP][PASSED] - Statement - println(sc): null

2018-07-10 14:55:27 - [TEST_STEP][PASSED] - Statement - hssfSheet = hssfWorkbook.getSheetAt(0): null

2018-07-10 14:55:27 - [TEST_STEP][PASSED] - Statement - hssfRow = hssfSheet.getRow(1): null

2018-07-10 14:55:27 - [TEST_STEP][PASSED] - Statement - fid = hssfRow.getCell(0): null

2018-07-10 14:55:27 - [TEST_STEP][PASSED] - Statement - vid = hssfRow.getCell(1): null

2018-07-10 14:55:27 - [TEST_STEP][PASSED] - Statement - aid = hssfRow.getCell(2): null

2018-07-10 14:55:27 - [TEST_STEP][PASSED] - Statement - subid = hssfRow.getCell(3): null

2018-07-10 14:55:27 - [TEST_STEP][PASSED] - Statement - wsid = hssfRow.getCell(4): null

2018-07-10 14:55:27 - [TEST_STEP][PASSED] - Statement - reqid = hssfRow.getCell(5): null

2018-07-10 14:55:27 - [TEST_STEP][PASSED] - Statement - accNo = hssfRow.getCell(6): null

2018-07-10 14:55:28 - [TEST_STEP][PASSED] - Statement - println(vid): null

2018-07-10 14:55:28 - [TEST_STEP][PASSED] - Statement - map = [:]: null

2018-07-10 14:55:28 - [TEST_STEP][PASSED] - Statement - map.put("formID", fid): null

2018-07-10 14:55:28 - [TEST_STEP][PASSED] - Statement - map.put("viewID", vid): null

2018-07-10 14:55:28 - [TEST_STEP][PASSED] - Statement - map.put("appID", aid): null

2018-07-10 14:55:28 - [TEST_STEP][PASSED] - Statement - map.put("subWSID", subid): null

2018-07-10 14:55:28 - [TEST_STEP][PASSED] - Statement - map.put("WSID", wsid): null

2018-07-10 14:55:28 - [TEST_STEP][PASSED] - Statement - map.put("REQID", reqid): null

2018-07-10 14:55:28 - [TEST_STEP][PASSED] - Statement - map.put("AccNo", accNo): null

2018-07-10 14:55:28 - [TEST_STEP][PASSED] - Statement - return map: null]]></system-out>
         <system-err><![CDATA[]]></system-err>
      </testcase>
      <testcase name="Test Cases/Smoke Test/New Test Request Moduler DEMO" classname="Test Cases/Smoke Test/New Test Request Moduler DEMO" status="FAILED">
         <failure type="FAILED" message="Unable to click on object 'Object Repository/New_Test_Create_Request Moduler/Page_Canvas World/enter_workspaceId' (Root cause: org.openqa.selenium.WebDriverException: unknown error: Element &lt;input id=&quot;REQ_DEFAULT_PREF_WSMENU-WORKSPACE_ID&quot; type=&quot;AUTO_SUGGEST&quot; name=&quot;WORKSPACE_ID&quot; data-toggle=&quot;tooltip&quot; data-placement=&quot;auto&quot; data-original-title=&quot;&quot; class=&quot;form-control ct-form__ip ct-form__ip-AUTO_SUGGEST&quot; aria-labelledby=&quot;lbl_WORKSPACE_ID fbl_WORKSPACE_ID&quot; autocomplete=&quot;off&quot;> is not clickable at point (668, 130). Other element would receive the click: &lt;div class=&quot;col-xs-12 col-sm-12 col-md-12 col-lg-12&quot;>...&lt;/div>
  (Session info: chrome=67.0.3396.99)
  (Driver info: chromedriver=2.35.528161 (5b82f2d2aae0ca24b877009200ced9065a772e73),platform=Windows NT 6.1.7601 SP1 x86_64) (WARNING: The server did not provide any stacktrace information)
Command duration or timeout: 0 milliseconds
Build info: version: '3.7.1', revision: '8a0099a', time: '2017-11-06T21:07:36.161Z'
System info: host: 'N9449', ip: '172.29.24.220', os.name: 'Windows 7', os.arch: 'amd64', os.version: '6.1', java.version: '1.8.0_102'
Driver info: com.kms.katalon.selenium.driver.CChromeDriver
Capabilities {acceptInsecureCerts: false, acceptSslCerts: false, applicationCacheEnabled: false, browserConnectionEnabled: false, browserName: chrome, chrome: {chromedriverVersion: 2.35.528161 (5b82f2d2aae0ca..., userDataDir: C:\Users\arokia.raj\AppData...}, cssSelectorsEnabled: true, databaseEnabled: false, handlesAlerts: true, hasTouchScreen: false, javascriptEnabled: true, locationContextEnabled: true, mobileEmulationEnabled: false, nativeEvents: true, networkConnectionEnabled: false, pageLoadStrategy: normal, platform: XP, platformName: XP, rotatable: false, setWindowRect: true, takesHeapSnapshot: true, takesScreenshot: true, unexpectedAlertBehaviour: , unhandledPromptBehavior: , version: 67.0.3396.99, webStorageEnabled: true}
Session ID: a43360742f5fd7ec44669163f89ec6aa)"/>
         <system-out><![CDATA[2018-07-10 14:55:28 - [TEST_CASE][FAILED] - Test Cases/Smoke Test/New Test Request Moduler DEMO: Test Cases/Smoke Test/New Test Request Moduler DEMO FAILED because (of) Unable to click on object 'Object Repository/New_Test_Create_Request Moduler/Page_Canvas World/enter_workspaceId' (Root cause: org.openqa.selenium.WebDriverException: unknown error: Element <input id="REQ_DEFAULT_PREF_WSMENU-WORKSPACE_ID" type="AUTO_SUGGEST" name="WORKSPACE_ID" data-toggle="tooltip" data-placement="auto" data-original-title="" class="form-control ct-form__ip ct-form__ip-AUTO_SUGGEST" aria-labelledby="lbl_WORKSPACE_ID fbl_WORKSPACE_ID" autocomplete="off"> is not clickable at point (668, 130). Other element would receive the click: <div class="col-xs-12 col-sm-12 col-md-12 col-lg-12">...</div>
  (Session info: chrome=67.0.3396.99)
  (Driver info: chromedriver=2.35.528161 (5b82f2d2aae0ca24b877009200ced9065a772e73),platform=Windows NT 6.1.7601 SP1 x86_64) (WARNING: The server did not provide any stacktrace information)
Command duration or timeout: 0 milliseconds
Build info: version: '3.7.1', revision: '8a0099a', time: '2017-11-06T21:07:36.161Z'
System info: host: 'N9449', ip: '172.29.24.220', os.name: 'Windows 7', os.arch: 'amd64', os.version: '6.1', java.version: '1.8.0_102'
Driver info: com.kms.katalon.selenium.driver.CChromeDriver
Capabilities {acceptInsecureCerts: false, acceptSslCerts: false, applicationCacheEnabled: false, browserConnectionEnabled: false, browserName: chrome, chrome: {chromedriverVersion: 2.35.528161 (5b82f2d2aae0ca..., userDataDir: C:\Users\arokia.raj\AppData...}, cssSelectorsEnabled: true, databaseEnabled: false, handlesAlerts: true, hasTouchScreen: false, javascriptEnabled: true, locationContextEnabled: true, mobileEmulationEnabled: false, nativeEvents: true, networkConnectionEnabled: false, pageLoadStrategy: normal, platform: XP, platformName: XP, rotatable: false, setWindowRect: true, takesHeapSnapshot: true, takesScreenshot: true, unexpectedAlertBehaviour: , unhandledPromptBehavior: , version: 67.0.3396.99, webStorageEnabled: true}
Session ID: a43360742f5fd7ec44669163f89ec6aa)

2018-07-10 14:55:29 - [TEST_STEP][PASSED] - Statement - common = com.kms.katalon.core.webui.keyword.WebUiBuiltInKeywords.callTestCase(com.kms.katalon.core.testcase.TestCaseFactory.findTestCase(Test Cases/Studio Smoke Test Cases/ReadExcel), [:]): Call Test Case 'Test Cases/Studio Smoke Test Cases/ReadExcel' successfully

2018-07-10 14:55:29 - [TEST_CASE][PASSED] - Test Cases/Studio Smoke Test Cases/ReadExcel: Test Cases/Studio Smoke Test Cases/ReadExcel

2018-07-10 14:55:29 - [TEST_STEP][PASSED] - Statement - path = "D:\Sheepa\Katalon\Studio Smoke Test\Studio Smoke Test\Data Files\Data Input.xls": null

2018-07-10 14:55:29 - [TEST_STEP][PASSED] - Statement - fis = new java.io.FileInputStream(path): null

2018-07-10 14:55:29 - [TEST_STEP][PASSED] - Statement - hssfWorkbook = new org.apache.poi.hssf.usermodel.HSSFWorkbook(fis): null

2018-07-10 14:55:29 - [TEST_STEP][PASSED] - Statement - sc = hssfWorkbook.getNumberOfSheets(): null

2018-07-10 14:55:29 - [TEST_STEP][PASSED] - Statement - println(sc): null

2018-07-10 14:55:29 - [TEST_STEP][PASSED] - Statement - hssfSheet = hssfWorkbook.getSheetAt(0): null

2018-07-10 14:55:29 - [TEST_STEP][PASSED] - Statement - hssfRow = hssfSheet.getRow(1): null

2018-07-10 14:55:29 - [TEST_STEP][PASSED] - Statement - fid = hssfRow.getCell(0): null

2018-07-10 14:55:29 - [TEST_STEP][PASSED] - Statement - vid = hssfRow.getCell(1): null

2018-07-10 14:55:29 - [TEST_STEP][PASSED] - Statement - aid = hssfRow.getCell(2): null

2018-07-10 14:55:29 - [TEST_STEP][PASSED] - Statement - subid = hssfRow.getCell(3): null

2018-07-10 14:55:29 - [TEST_STEP][PASSED] - Statement - wsid = hssfRow.getCell(4): null

2018-07-10 14:55:29 - [TEST_STEP][PASSED] - Statement - reqid = hssfRow.getCell(5): null

2018-07-10 14:55:29 - [TEST_STEP][PASSED] - Statement - accNo = hssfRow.getCell(6): null

2018-07-10 14:55:29 - [TEST_STEP][PASSED] - Statement - println(vid): null

2018-07-10 14:55:30 - [TEST_STEP][PASSED] - Statement - map = [:]: null

2018-07-10 14:55:30 - [TEST_STEP][PASSED] - Statement - map.put("formID", fid): null

2018-07-10 14:55:30 - [TEST_STEP][PASSED] - Statement - map.put("viewID", vid): null

2018-07-10 14:55:30 - [TEST_STEP][PASSED] - Statement - map.put("appID", aid): null

2018-07-10 14:55:30 - [TEST_STEP][PASSED] - Statement - map.put("subWSID", subid): null

2018-07-10 14:55:30 - [TEST_STEP][PASSED] - Statement - map.put("WSID", wsid): null

2018-07-10 14:55:30 - [TEST_STEP][PASSED] - Statement - map.put("REQID", reqid): null

2018-07-10 14:55:30 - [TEST_STEP][PASSED] - Statement - map.put("AccNo", accNo): null

2018-07-10 14:55:30 - [TEST_STEP][PASSED] - Statement - return map: null

2018-07-10 14:55:30 - [MESSAGE][PASSED] - Call Test Case 'Test Cases/Studio Smoke Test Cases/ReadExcel' successfully

2018-07-10 14:55:30 - [TEST_STEP][PASSED] - Statement - req_id = common["REQID"]: null

2018-07-10 14:55:30 - [TEST_STEP][PASSED] - Statement - println(req_id): null

2018-07-10 14:55:30 - [TEST_STEP][PASSED] - Statement - ws_id = common["WSID"]: null

2018-07-10 14:55:30 - [TEST_STEP][PASSED] - Statement - println(ws_id): null

2018-07-10 14:55:30 - [TEST_STEP][PASSED] - openBrowser: Browser is opened with url: ''

2018-07-10 14:55:35 - [MESSAGE][PASSED] - Browser is opened with url: ''

2018-07-10 14:55:35 - [TEST_STEP][PASSED] - maximizeWindow: Current window maximized

2018-07-10 14:55:36 - [MESSAGE][PASSED] - Current window maximized

2018-07-10 14:55:36 - [TEST_STEP][PASSED] - navigateToUrl: Navigate to 'http://localhost:8082/expertctstudio/' successfully

2018-07-10 14:55:58 - [MESSAGE][PASSED] - Navigate to 'http://localhost:8082/expertctstudio/' successfully

2018-07-10 14:55:58 - [TEST_STEP][PASSED] - Statement - java.lang.Thread.sleep(3000): null

2018-07-10 14:56:01 - [TEST_STEP][PASSED] - setText: Text 'CTSTUD1' is set on object 'Object Repository/New_Test_Create_Form/Page_Expert CT Studio/input_loginID'

2018-07-10 14:56:01 - [MESSAGE][PASSED] - Text 'CTSTUD1' is set on object 'Object Repository/New_Test_Create_Form/Page_Expert CT Studio/input_loginID'

2018-07-10 14:56:01 - [TEST_STEP][PASSED] - setText: Text 'TEST123' is set on object 'Object Repository/New_Test_Create_Form/Page_Expert CT Studio/input_loginPSW'

2018-07-10 14:56:02 - [MESSAGE][PASSED] - Text 'TEST123' is set on object 'Object Repository/New_Test_Create_Form/Page_Expert CT Studio/input_loginPSW'

2018-07-10 14:56:02 - [TEST_STEP][PASSED] - click: Object: 'Object Repository/New_Test_Create_Form/Page_Expert CT Studio/input_commit' is clicked on

2018-07-10 14:56:04 - [MESSAGE][PASSED] - Object: 'Object Repository/New_Test_Create_Form/Page_Expert CT Studio/input_commit' is clicked on

2018-07-10 14:56:04 - [TEST_STEP][PASSED] - waitForPageLoad: Wait for page load successfully

2018-07-10 14:56:04 - [MESSAGE][PASSED] - Wait for page load successfully

2018-07-10 14:56:04 - [TEST_STEP][NOT_RUN] - Statement - pageHeader = com.kms.katalon.core.webui.keyword.WebUiBuiltInKeywords.getText(com.kms.katalon.core.testobject.ObjectRepository.findTestObject(New_Test_Create_Form/Page_Canvas World/get_HomePage_Header)): NOT_RUN: Statement - pageHeader = com.kms.katalon.core.webui.keyword.WebUiBuiltInKeywords.getText(com.kms.katalon.core.testobject.ObjectRepository.findTestObject(New_Test_Create_Form/Page_Canvas World/get_HomePage_Header))

2018-07-10 14:56:04 - [MESSAGE][NOT_RUN] - NOT_RUN: Statement - pageHeader = com.kms.katalon.core.webui.keyword.WebUiBuiltInKeywords.getText(com.kms.katalon.core.testobject.ObjectRepository.findTestObject(New_Test_Create_Form/Page_Canvas World/get_HomePage_Header))

2018-07-10 14:56:04 - [TEST_STEP][NOT_RUN] - Statement - println(pageHeader): NOT_RUN: Statement - println(pageHeader)

2018-07-10 14:56:04 - [MESSAGE][NOT_RUN] - NOT_RUN: Statement - println(pageHeader)

2018-07-10 14:56:04 - [TEST_STEP][NOT_RUN] - Statement - assert pageHeader == "WORKSPACE CANVAS LIST": NOT_RUN: Statement - assert pageHeader == "WORKSPACE CANVAS LIST"

2018-07-10 14:56:04 - [MESSAGE][NOT_RUN] - NOT_RUN: Statement - assert pageHeader == "WORKSPACE CANVAS LIST"

2018-07-10 14:56:04 - [TEST_STEP][PASSED] - click: Object: 'Object Repository/New_Test_Create_Request Moduler/Page_Canvas World/span_Create' is clicked on

2018-07-10 14:56:05 - [MESSAGE][PASSED] - Object: 'Object Repository/New_Test_Create_Request Moduler/Page_Canvas World/span_Create' is clicked on

2018-07-10 14:56:05 - [TEST_STEP][PASSED] - click: Object: 'Object Repository/New_Test_Create_Request Moduler/Page_Canvas World/span_Request_Modular' is clicked on

2018-07-10 14:56:05 - [MESSAGE][PASSED] - Object: 'Object Repository/New_Test_Create_Request Moduler/Page_Canvas World/span_Request_Modular' is clicked on

2018-07-10 14:56:05 - [TEST_STEP][PASSED] - waitForPageLoad: Wait for page load successfully

2018-07-10 14:56:05 - [MESSAGE][PASSED] - Wait for page load successfully

2018-07-10 14:56:05 - [TEST_STEP][PASSED] - click: Object: 'Object Repository/New_Test_Create_Request Moduler/Page_Canvas World/click_Req_id' is clicked on

2018-07-10 14:56:07 - [MESSAGE][PASSED] - Object: 'Object Repository/New_Test_Create_Request Moduler/Page_Canvas World/click_Req_id' is clicked on

2018-07-10 14:56:07 - [TEST_STEP][PASSED] - setText: Text 'AR3577923' is set on object 'Object Repository/New_Test_Create_Request Moduler/Page_Canvas World/click_Req_id'

2018-07-10 14:56:08 - [MESSAGE][PASSED] - Text 'AR3577923' is set on object 'Object Repository/New_Test_Create_Request Moduler/Page_Canvas World/click_Req_id'

2018-07-10 14:56:08 - [TEST_STEP][PASSED] - click: Object: 'Object Repository/New_Test_Create_Request Moduler/Page_Canvas World/click_Req_Name' is clicked on

2018-07-10 14:56:08 - [MESSAGE][PASSED] - Object: 'Object Repository/New_Test_Create_Request Moduler/Page_Canvas World/click_Req_Name' is clicked on

2018-07-10 14:56:08 - [TEST_STEP][PASSED] - setText: Text 'AR3577923' is set on object 'Object Repository/New_Test_Create_Request Moduler/Page_Canvas World/click_Req_Name'

2018-07-10 14:56:08 - [MESSAGE][PASSED] - Text 'AR3577923' is set on object 'Object Repository/New_Test_Create_Request Moduler/Page_Canvas World/click_Req_Name'

2018-07-10 14:56:08 - [TEST_STEP][PASSED] - Statement - service_type = com.kms.katalon.core.testdata.TestDataFactory.findTestData(Req_Mod_Test Data).getValue("Service_Type", 1): Reading excel file with source file 'C:\Users\arokia.raj\Desktop\Req_Mod_Test Data.xls' and sheet name 'Login'

2018-07-10 14:56:08 - [TEST_STEP][PASSED] - Statement - If (service_type == "HAL"): null

2018-07-10 14:56:08 - [TEST_STEP][PASSED] - Statement - Else If (service_type == "Web Service"): null

2018-07-10 14:56:08 - [TEST_STEP][PASSED] - Statement - Else: null

2018-07-10 14:56:08 - [TEST_STEP][PASSED] - Statement - println("Service Type is DATABASE"): null

2018-07-10 14:56:08 - [TEST_STEP][PASSED] - Statement - request_type = com.kms.katalon.core.testdata.TestDataFactory.findTestData(Req_Mod_Test Data).getValue("Req_type", 1): Reading excel file with source file 'C:\Users\arokia.raj\Desktop\Req_Mod_Test Data.xls' and sheet name 'Login'

2018-07-10 14:56:08 - [TEST_STEP][PASSED] - Statement - If (request_type == "Admin"): Object: 'Object Repository/New_Test_Create_Request Moduler/Page_Canvas World/Req_Type_Admin' is clicked on

2018-07-10 14:56:08 - [TEST_STEP][PASSED] - click: Object: 'Object Repository/New_Test_Create_Request Moduler/Page_Canvas World/Req_Type_Admin' is clicked on

2018-07-10 14:56:09 - [MESSAGE][PASSED] - Object: 'Object Repository/New_Test_Create_Request Moduler/Page_Canvas World/Req_Type_Admin' is clicked on

2018-07-10 14:56:09 - [TEST_STEP][PASSED] - Statement - request_mode = com.kms.katalon.core.testdata.TestDataFactory.findTestData(Req_Mod_Test Data).getValue("Req_mode", 1): Reading excel file with source file 'C:\Users\arokia.raj\Desktop\Req_Mod_Test Data.xls' and sheet name 'Login'

2018-07-10 14:56:09 - [TEST_STEP][PASSED] - Statement - If (request_mode == "Private"): null

2018-07-10 14:56:09 - [TEST_STEP][PASSED] - Statement - Else If (request_mode == "Public"): Object: 'Object Repository/New_Test_Create_Request Moduler/Page_Canvas World/req_mode_public' is clicked on

2018-07-10 14:56:09 - [TEST_STEP][PASSED] - click: Object: 'Object Repository/New_Test_Create_Request Moduler/Page_Canvas World/req_mode_public' is clicked on

2018-07-10 14:56:09 - [MESSAGE][PASSED] - Object: 'Object Repository/New_Test_Create_Request Moduler/Page_Canvas World/req_mode_public' is clicked on

2018-07-10 14:56:09 - [TEST_STEP][PASSED] - click: Object: 'Object Repository/New_Test_Create_Request Moduler/Page_Canvas World/bundle_key' is clicked on

2018-07-10 14:56:09 - [MESSAGE][PASSED] - Object: 'Object Repository/New_Test_Create_Request Moduler/Page_Canvas World/bundle_key' is clicked on

2018-07-10 14:56:09 - [TEST_STEP][PASSED] - setText: Text 'COMMON' is set on object 'Object Repository/New_Test_Create_Request Moduler/Page_Canvas World/bundle_key'

2018-07-10 14:56:09 - [MESSAGE][PASSED] - Text 'COMMON' is set on object 'Object Repository/New_Test_Create_Request Moduler/Page_Canvas World/bundle_key'

2018-07-10 14:56:09 - [TEST_STEP][PASSED] - Statement - req_category = com.kms.katalon.core.testdata.TestDataFactory.findTestData(Req_Mod_Test Data).getValue("Req_category", 1): Reading excel file with source file 'C:\Users\arokia.raj\Desktop\Req_Mod_Test Data.xls' and sheet name 'Login'

2018-07-10 14:56:09 - [TEST_STEP][PASSED] - selectOptionByValue: All options with value 'LIBRARY' are selected in object 'Object Repository/New_Test_Create_Request Moduler/Page_Canvas World/req_category' 

2018-07-10 14:56:09 - [MESSAGE][PASSED] - All options with value 'LIBRARY' are selected in object 'Object Repository/New_Test_Create_Request Moduler/Page_Canvas World/req_category' 

2018-07-10 14:56:09 - [TEST_STEP][PASSED] - click: Object: 'Object Repository/New_Test_Create_Request Moduler/Page_Canvas World/req_desc' is clicked on

2018-07-10 14:56:10 - [MESSAGE][PASSED] - Object: 'Object Repository/New_Test_Create_Request Moduler/Page_Canvas World/req_desc' is clicked on

2018-07-10 14:56:10 - [TEST_STEP][PASSED] - setText: Text 'This is a new request' is set on object 'Object Repository/New_Test_Create_Request Moduler/Page_Canvas World/req_desc'

2018-07-10 14:56:10 - [MESSAGE][PASSED] - Text 'This is a new request' is set on object 'Object Repository/New_Test_Create_Request Moduler/Page_Canvas World/req_desc'

2018-07-10 14:56:10 - [TEST_STEP][PASSED] - click: Object: 'Object Repository/New_Test_Create_Request Moduler/Page_Canvas World/search_connection' is clicked on

2018-07-10 14:56:10 - [MESSAGE][PASSED] - Object: 'Object Repository/New_Test_Create_Request Moduler/Page_Canvas World/search_connection' is clicked on

2018-07-10 14:56:10 - [TEST_STEP][PASSED] - delay: Delayed 4 second(s)

2018-07-10 14:56:14 - [MESSAGE][PASSED] - Delayed 4 second(s)

2018-07-10 14:56:14 - [TEST_STEP][PASSED] - Statement - selectDB = "(//td[@data-item-id='CONNECTION_NAME']/span[contains(text(),'" + com.kms.katalon.core.testdata.TestDataFactory.findTestData(Req_Mod_Test Data).getValue("DB_Name", 3) + "')])[2]": Reading excel file with source file 'C:\Users\arokia.raj\Desktop\Req_Mod_Test Data.xls' and sheet name 'Login'

2018-07-10 14:56:14 - [TEST_STEP][PASSED] - Statement - println(selectDB): null

2018-07-10 14:56:14 - [TEST_STEP][PASSED] - Statement - dynamicObject = new com.kms.katalon.core.testobject.TestObject(selectDB).addProperty("xpath", EQUALS, selectDB, true): null

2018-07-10 14:56:14 - [TEST_STEP][PASSED] - waitForElementVisible: Object '(//td[@data-item-id='CONNECTION_NAME']/span[contains(text(),'TEST_AUTO')])[2]' is visible

2018-07-10 14:56:14 - [MESSAGE][PASSED] - Object '(//td[@data-item-id='CONNECTION_NAME']/span[contains(text(),'TEST_AUTO')])[2]' is visible

2018-07-10 14:56:14 - [TEST_STEP][PASSED] - doubleClick: Object: '(//td[@data-item-id='CONNECTION_NAME']/span[contains(text(),'TEST_AUTO')])[2]' is double clicked on

2018-07-10 14:56:15 - [MESSAGE][PASSED] - Object: '(//td[@data-item-id='CONNECTION_NAME']/span[contains(text(),'TEST_AUTO')])[2]' is double clicked on

2018-07-10 14:56:15 - [TEST_STEP][PASSED] - doubleClick: Object: '(//td[@data-item-id='CONNECTION_NAME']/span[contains(text(),'TEST_AUTO')])[2]' is double clicked on

2018-07-10 14:56:15 - [MESSAGE][PASSED] - Object: '(//td[@data-item-id='CONNECTION_NAME']/span[contains(text(),'TEST_AUTO')])[2]' is double clicked on

2018-07-10 14:56:15 - [TEST_STEP][PASSED] - delay: Delayed 6 second(s)

2018-07-10 14:56:21 - [MESSAGE][PASSED] - Delayed 6 second(s)

2018-07-10 14:56:21 - [TEST_STEP][PASSED] - Statement - For ([i = 1, i <= 3, (i++)]): All options with value 'CUSER' are selected in object '(//select[@id='REQ_ENTITLEMENT_FRM-REQ_PRODUCT'])[3]' 

2018-07-10 14:56:21 - [TEST_STEP][PASSED] - Statement - prdtDetails = "(//select[@id='REQ_ENTITLEMENT_FRM-REQ_PRODUCT'])[" + i + "]": null

2018-07-10 14:56:21 - [TEST_STEP][PASSED] - Statement - println(prdtDetails): null

2018-07-10 14:56:21 - [TEST_STEP][PASSED] - Statement - dynamicObject1 = new com.kms.katalon.core.testobject.TestObject(prdtDetails).addProperty("xpath", EQUALS, prdtDetails, true): null

2018-07-10 14:56:21 - [TEST_STEP][PASSED] - waitForElementVisible: Object '(//select[@id='REQ_ENTITLEMENT_FRM-REQ_PRODUCT'])[1]' is visible

2018-07-10 14:56:21 - [MESSAGE][PASSED] - Object '(//select[@id='REQ_ENTITLEMENT_FRM-REQ_PRODUCT'])[1]' is visible

2018-07-10 14:56:21 - [TEST_STEP][PASSED] - selectOptionByValue: All options with value 'CUSER' are selected in object '(//select[@id='REQ_ENTITLEMENT_FRM-REQ_PRODUCT'])[1]' 

2018-07-10 14:56:21 - [MESSAGE][PASSED] - All options with value 'CUSER' are selected in object '(//select[@id='REQ_ENTITLEMENT_FRM-REQ_PRODUCT'])[1]' 

2018-07-10 14:56:21 - [TEST_STEP][PASSED] - Statement - prdtDetails = "(//select[@id='REQ_ENTITLEMENT_FRM-REQ_PRODUCT'])[" + i + "]": null

2018-07-10 14:56:21 - [TEST_STEP][PASSED] - Statement - println(prdtDetails): null

2018-07-10 14:56:21 - [TEST_STEP][PASSED] - Statement - dynamicObject1 = new com.kms.katalon.core.testobject.TestObject(prdtDetails).addProperty("xpath", EQUALS, prdtDetails, true): null

2018-07-10 14:56:21 - [TEST_STEP][PASSED] - waitForElementVisible: Object '(//select[@id='REQ_ENTITLEMENT_FRM-REQ_PRODUCT'])[2]' is visible

2018-07-10 14:56:21 - [MESSAGE][PASSED] - Object '(//select[@id='REQ_ENTITLEMENT_FRM-REQ_PRODUCT'])[2]' is visible

2018-07-10 14:56:21 - [TEST_STEP][PASSED] - selectOptionByValue: All options with value 'CUSER' are selected in object '(//select[@id='REQ_ENTITLEMENT_FRM-REQ_PRODUCT'])[2]' 

2018-07-10 14:56:22 - [MESSAGE][PASSED] - All options with value 'CUSER' are selected in object '(//select[@id='REQ_ENTITLEMENT_FRM-REQ_PRODUCT'])[2]' 

2018-07-10 14:56:22 - [TEST_STEP][PASSED] - Statement - prdtDetails = "(//select[@id='REQ_ENTITLEMENT_FRM-REQ_PRODUCT'])[" + i + "]": null

2018-07-10 14:56:22 - [TEST_STEP][PASSED] - Statement - println(prdtDetails): null

2018-07-10 14:56:22 - [TEST_STEP][PASSED] - Statement - dynamicObject1 = new com.kms.katalon.core.testobject.TestObject(prdtDetails).addProperty("xpath", EQUALS, prdtDetails, true): null

2018-07-10 14:56:22 - [TEST_STEP][PASSED] - waitForElementVisible: Object '(//select[@id='REQ_ENTITLEMENT_FRM-REQ_PRODUCT'])[3]' is visible

2018-07-10 14:56:22 - [MESSAGE][PASSED] - Object '(//select[@id='REQ_ENTITLEMENT_FRM-REQ_PRODUCT'])[3]' is visible

2018-07-10 14:56:22 - [TEST_STEP][PASSED] - selectOptionByValue: All options with value 'CUSER' are selected in object '(//select[@id='REQ_ENTITLEMENT_FRM-REQ_PRODUCT'])[3]' 

2018-07-10 14:56:22 - [MESSAGE][PASSED] - All options with value 'CUSER' are selected in object '(//select[@id='REQ_ENTITLEMENT_FRM-REQ_PRODUCT'])[3]' 

2018-07-10 14:56:22 - [TEST_STEP][PASSED] - Statement - For ([j = 1, j <= 3, (j++)]): All options with value 'CUSER' are selected in object '(//select[@id='REQ_ENTITLEMENT_FRM-REQ_SUB_PRODUCT'])[3]' 

2018-07-10 14:56:22 - [TEST_STEP][PASSED] - Statement - subprdtDetails = "(//select[@id='REQ_ENTITLEMENT_FRM-REQ_SUB_PRODUCT'])[" + j + "]": null

2018-07-10 14:56:22 - [TEST_STEP][PASSED] - Statement - println(subprdtDetails): null

2018-07-10 14:56:22 - [TEST_STEP][PASSED] - Statement - dynamicObject2 = new com.kms.katalon.core.testobject.TestObject(subprdtDetails).addProperty("xpath", EQUALS, subprdtDetails, true): null

2018-07-10 14:56:22 - [TEST_STEP][PASSED] - waitForElementVisible: Object '(//select[@id='REQ_ENTITLEMENT_FRM-REQ_SUB_PRODUCT'])[1]' is visible

2018-07-10 14:56:22 - [MESSAGE][PASSED] - Object '(//select[@id='REQ_ENTITLEMENT_FRM-REQ_SUB_PRODUCT'])[1]' is visible

2018-07-10 14:56:22 - [TEST_STEP][PASSED] - selectOptionByValue: All options with value 'CUSER' are selected in object '(//select[@id='REQ_ENTITLEMENT_FRM-REQ_SUB_PRODUCT'])[1]' 

2018-07-10 14:56:22 - [MESSAGE][PASSED] - All options with value 'CUSER' are selected in object '(//select[@id='REQ_ENTITLEMENT_FRM-REQ_SUB_PRODUCT'])[1]' 

2018-07-10 14:56:22 - [TEST_STEP][PASSED] - Statement - subprdtDetails = "(//select[@id='REQ_ENTITLEMENT_FRM-REQ_SUB_PRODUCT'])[" + j + "]": null

2018-07-10 14:56:22 - [TEST_STEP][PASSED] - Statement - println(subprdtDetails): null

2018-07-10 14:56:22 - [TEST_STEP][PASSED] - Statement - dynamicObject2 = new com.kms.katalon.core.testobject.TestObject(subprdtDetails).addProperty("xpath", EQUALS, subprdtDetails, true): null

2018-07-10 14:56:22 - [TEST_STEP][PASSED] - waitForElementVisible: Object '(//select[@id='REQ_ENTITLEMENT_FRM-REQ_SUB_PRODUCT'])[2]' is visible

2018-07-10 14:56:23 - [MESSAGE][PASSED] - Object '(//select[@id='REQ_ENTITLEMENT_FRM-REQ_SUB_PRODUCT'])[2]' is visible

2018-07-10 14:56:23 - [TEST_STEP][PASSED] - selectOptionByValue: All options with value 'CUSER' are selected in object '(//select[@id='REQ_ENTITLEMENT_FRM-REQ_SUB_PRODUCT'])[2]' 

2018-07-10 14:56:23 - [MESSAGE][PASSED] - All options with value 'CUSER' are selected in object '(//select[@id='REQ_ENTITLEMENT_FRM-REQ_SUB_PRODUCT'])[2]' 

2018-07-10 14:56:23 - [TEST_STEP][PASSED] - Statement - subprdtDetails = "(//select[@id='REQ_ENTITLEMENT_FRM-REQ_SUB_PRODUCT'])[" + j + "]": null

2018-07-10 14:56:23 - [TEST_STEP][PASSED] - Statement - println(subprdtDetails): null

2018-07-10 14:56:23 - [TEST_STEP][PASSED] - Statement - dynamicObject2 = new com.kms.katalon.core.testobject.TestObject(subprdtDetails).addProperty("xpath", EQUALS, subprdtDetails, true): null

2018-07-10 14:56:23 - [TEST_STEP][PASSED] - waitForElementVisible: Object '(//select[@id='REQ_ENTITLEMENT_FRM-REQ_SUB_PRODUCT'])[3]' is visible

2018-07-10 14:56:23 - [MESSAGE][PASSED] - Object '(//select[@id='REQ_ENTITLEMENT_FRM-REQ_SUB_PRODUCT'])[3]' is visible

2018-07-10 14:56:23 - [TEST_STEP][PASSED] - selectOptionByValue: All options with value 'CUSER' are selected in object '(//select[@id='REQ_ENTITLEMENT_FRM-REQ_SUB_PRODUCT'])[3]' 

2018-07-10 14:56:24 - [MESSAGE][PASSED] - All options with value 'CUSER' are selected in object '(//select[@id='REQ_ENTITLEMENT_FRM-REQ_SUB_PRODUCT'])[3]' 

2018-07-10 14:56:24 - [TEST_STEP][PASSED] - selectOptionByValue: All options with value 'INIT' are selected in object 'Object Repository/New_Test_Create_Request Moduler/Page_Canvas World/func_initiate' 

2018-07-10 14:56:24 - [MESSAGE][PASSED] - All options with value 'INIT' are selected in object 'Object Repository/New_Test_Create_Request Moduler/Page_Canvas World/func_initiate' 

2018-07-10 14:56:24 - [TEST_STEP][PASSED] - selectOptionByValue: All options with value 'APPROVE' are selected in object 'Object Repository/New_Test_Create_Request Moduler/Page_Canvas World/func_approve' 

2018-07-10 14:56:24 - [MESSAGE][PASSED] - All options with value 'APPROVE' are selected in object 'Object Repository/New_Test_Create_Request Moduler/Page_Canvas World/func_approve' 

2018-07-10 14:56:24 - [TEST_STEP][PASSED] - selectOptionByValue: All options with value 'VIEW' are selected in object 'Object Repository/New_Test_Create_Request Moduler/Page_Canvas World/func_enquiry' 

2018-07-10 14:56:25 - [MESSAGE][PASSED] - All options with value 'VIEW' are selected in object 'Object Repository/New_Test_Create_Request Moduler/Page_Canvas World/func_enquiry' 

2018-07-10 14:56:25 - [TEST_STEP][PASSED] - click: Object: 'Object Repository/New_Test_Create_Request Moduler/Page_Canvas World/addTable_button' is clicked on

2018-07-10 14:56:25 - [MESSAGE][PASSED] - Object: 'Object Repository/New_Test_Create_Request Moduler/Page_Canvas World/addTable_button' is clicked on

2018-07-10 14:56:25 - [TEST_STEP][PASSED] - delay: Delayed 10 second(s)

2018-07-10 14:56:35 - [MESSAGE][PASSED] - Delayed 10 second(s)

2018-07-10 14:56:35 - [TEST_STEP][PASSED] - click: Object: 'Object Repository/New_Test_Create_Request Moduler/Page_Canvas World/select_Table' is clicked on

2018-07-10 14:56:35 - [MESSAGE][PASSED] - Object: 'Object Repository/New_Test_Create_Request Moduler/Page_Canvas World/select_Table' is clicked on

2018-07-10 14:56:35 - [TEST_STEP][PASSED] - delay: Delayed 5 second(s)

2018-07-10 14:56:40 - [MESSAGE][PASSED] - Delayed 5 second(s)

2018-07-10 14:56:40 - [TEST_STEP][PASSED] - mouseOver: Object: 'Object Repository/New_Test_Create_Request Moduler/Page_Canvas World/enter_tableName' is hovered

2018-07-10 14:56:41 - [MESSAGE][PASSED] - Object: 'Object Repository/New_Test_Create_Request Moduler/Page_Canvas World/enter_tableName' is hovered

2018-07-10 14:56:41 - [TEST_STEP][PASSED] - click: Object: 'Object Repository/New_Test_Create_Request Moduler/Page_Canvas World/click_contains' is clicked on

2018-07-10 14:56:41 - [MESSAGE][PASSED] - Object: 'Object Repository/New_Test_Create_Request Moduler/Page_Canvas World/click_contains' is clicked on

2018-07-10 14:56:41 - [TEST_STEP][PASSED] - delay: Delayed 2 second(s)

2018-07-10 14:56:43 - [MESSAGE][PASSED] - Delayed 2 second(s)

2018-07-10 14:56:43 - [TEST_STEP][PASSED] - setText: Text 'user_online_registration' is set on object 'Object Repository/New_Test_Create_Request Moduler/Page_Canvas World/input_tableName_contains'

2018-07-10 14:56:44 - [MESSAGE][PASSED] - Text 'user_online_registration' is set on object 'Object Repository/New_Test_Create_Request Moduler/Page_Canvas World/input_tableName_contains'

2018-07-10 14:56:44 - [TEST_STEP][PASSED] - click: Object: 'Object Repository/New_Test_Create_Request Moduler/Page_Canvas World/table_search' is clicked on

2018-07-10 14:56:44 - [MESSAGE][PASSED] - Object: 'Object Repository/New_Test_Create_Request Moduler/Page_Canvas World/table_search' is clicked on

2018-07-10 14:56:44 - [TEST_STEP][PASSED] - delay: Delayed 4 second(s)

2018-07-10 14:56:48 - [MESSAGE][PASSED] - Delayed 4 second(s)

2018-07-10 14:56:48 - [TEST_STEP][PASSED] - Statement - resultTable = "(//span[contains(text(),'" + com.kms.katalon.core.testdata.TestDataFactory.findTestData(Req_Mod_Test Data).getValue("Table_Name", 3) + "')])[1]": Reading excel file with source file 'C:\Users\arokia.raj\Desktop\Req_Mod_Test Data.xls' and sheet name 'Login'

2018-07-10 14:56:48 - [TEST_STEP][PASSED] - Statement - println(resultTable): null

2018-07-10 14:56:48 - [TEST_STEP][PASSED] - Statement - dynamicObject3 = new com.kms.katalon.core.testobject.TestObject(resultTable).addProperty("xpath", EQUALS, resultTable, true): null

2018-07-10 14:56:48 - [TEST_STEP][PASSED] - waitForElementVisible: Object '(//span[contains(text(),'user_online_registration')])[1]' is visible

2018-07-10 14:56:48 - [MESSAGE][PASSED] - Object '(//span[contains(text(),'user_online_registration')])[1]' is visible

2018-07-10 14:56:48 - [TEST_STEP][PASSED] - doubleClick: Object: '(//span[contains(text(),'user_online_registration')])[1]' is double clicked on

2018-07-10 14:56:48 - [MESSAGE][PASSED] - Object: '(//span[contains(text(),'user_online_registration')])[1]' is double clicked on

2018-07-10 14:56:48 - [TEST_STEP][PASSED] - doubleClick: Object: '(//span[contains(text(),'user_online_registration')])[1]' is double clicked on

2018-07-10 14:56:48 - [MESSAGE][PASSED] - Object: '(//span[contains(text(),'user_online_registration')])[1]' is double clicked on

2018-07-10 14:56:48 - [TEST_STEP][PASSED] - delay: Delayed 15 second(s)

2018-07-10 14:57:03 - [MESSAGE][PASSED] - Delayed 15 second(s)

2018-07-10 14:57:03 - [TEST_STEP][PASSED] - scrollToElement: Scroll to object 'Object Repository/Create Request Modeler/Page_Canvas World/SummaryColumn' successfully

2018-07-10 14:57:03 - [MESSAGE][PASSED] - Scroll to object 'Object Repository/Create Request Modeler/Page_Canvas World/SummaryColumn' successfully

2018-07-10 14:57:03 - [TEST_STEP][PASSED] - focus: Object: 'Object Repository/Create Request Modeler/Page_Canvas World/SummaryColumn' is focused

2018-07-10 14:57:04 - [MESSAGE][PASSED] - Object: 'Object Repository/Create Request Modeler/Page_Canvas World/SummaryColumn' is focused

2018-07-10 14:57:04 - [TEST_STEP][PASSED] - sendKeys: Keys 'ACCOUNT_ID' sent to object: 'Object Repository/Create Request Modeler/Page_Canvas World/SummaryColumn'

2018-07-10 14:57:04 - [MESSAGE][PASSED] - Keys 'ACCOUNT_ID' sent to object: 'Object Repository/Create Request Modeler/Page_Canvas World/SummaryColumn'

2018-07-10 14:57:04 - [TEST_STEP][PASSED] - delay: Delayed 4 second(s)

2018-07-10 14:57:08 - [MESSAGE][PASSED] - Delayed 4 second(s)

2018-07-10 14:57:08 - [TEST_STEP][PASSED] - sendKeys: Keys 'DOWN + ' sent to object: 'Object Repository/Create Request Modeler/Page_Canvas World/SummaryColumn'

2018-07-10 14:57:08 - [MESSAGE][PASSED] - Keys 'DOWN + ' sent to object: 'Object Repository/Create Request Modeler/Page_Canvas World/SummaryColumn'

2018-07-10 14:57:08 - [TEST_STEP][PASSED] - sendKeys: Keys 'ENTER + ' sent to object: 'Object Repository/Create Request Modeler/Page_Canvas World/SummaryColumn'

2018-07-10 14:57:08 - [MESSAGE][PASSED] - Keys 'ENTER + ' sent to object: 'Object Repository/Create Request Modeler/Page_Canvas World/SummaryColumn'

2018-07-10 14:57:08 - [TEST_STEP][PASSED] - Statement - If (request_mode == "Private"): null

2018-07-10 14:57:08 - [TEST_STEP][PASSED] - focus: Object: 'Object Repository/New_Test_Create_Request Moduler/Page_Canvas World/business_key' is focused

2018-07-10 14:57:08 - [MESSAGE][PASSED] - Object: 'Object Repository/New_Test_Create_Request Moduler/Page_Canvas World/business_key' is focused

2018-07-10 14:57:08 - [TEST_STEP][PASSED] - sendKeys: Keys 'ACCOUNT_ID' sent to object: 'Object Repository/New_Test_Create_Request Moduler/Page_Canvas World/business_key'

2018-07-10 14:57:09 - [MESSAGE][PASSED] - Keys 'ACCOUNT_ID' sent to object: 'Object Repository/New_Test_Create_Request Moduler/Page_Canvas World/business_key'

2018-07-10 14:57:09 - [TEST_STEP][PASSED] - delay: Delayed 4 second(s)

2018-07-10 14:57:13 - [MESSAGE][PASSED] - Delayed 4 second(s)

2018-07-10 14:57:13 - [TEST_STEP][PASSED] - sendKeys: Keys 'DOWN + ' sent to object: 'Object Repository/New_Test_Create_Request Moduler/Page_Canvas World/business_key'

2018-07-10 14:57:13 - [MESSAGE][PASSED] - Keys 'DOWN + ' sent to object: 'Object Repository/New_Test_Create_Request Moduler/Page_Canvas World/business_key'

2018-07-10 14:57:13 - [TEST_STEP][PASSED] - delay: Delayed 1 second(s)

2018-07-10 14:57:14 - [MESSAGE][PASSED] - Delayed 1 second(s)

2018-07-10 14:57:14 - [TEST_STEP][PASSED] - sendKeys: Keys 'ENTER + ' sent to object: 'Object Repository/New_Test_Create_Request Moduler/Page_Canvas World/business_key'

2018-07-10 14:57:14 - [MESSAGE][PASSED] - Keys 'ENTER + ' sent to object: 'Object Repository/New_Test_Create_Request Moduler/Page_Canvas World/business_key'

2018-07-10 14:57:14 - [TEST_STEP][PASSED] - delay: Delayed 3 second(s)

2018-07-10 14:57:17 - [MESSAGE][PASSED] - Delayed 3 second(s)

2018-07-10 14:57:17 - [TEST_STEP][PASSED] - click: Object: 'Object Repository/New_Test_Create_Request Moduler/Page_Canvas World/click_save' is clicked on

2018-07-10 14:57:18 - [MESSAGE][PASSED] - Object: 'Object Repository/New_Test_Create_Request Moduler/Page_Canvas World/click_save' is clicked on

2018-07-10 14:57:18 - [TEST_STEP][PASSED] - setText: Text '{}' is set on object 'Object Repository/New_Test_Create_Request Moduler/Page_Canvas World/json_textarea'

2018-07-10 14:57:18 - [MESSAGE][PASSED] - Text '{}' is set on object 'Object Repository/New_Test_Create_Request Moduler/Page_Canvas World/json_textarea'

2018-07-10 14:57:18 - [TEST_STEP][PASSED] - delay: Delayed 3 second(s)

2018-07-10 14:57:21 - [MESSAGE][PASSED] - Delayed 3 second(s)

2018-07-10 14:57:21 - [TEST_STEP][PASSED] - click: Object: 'Object Repository/New_Test_Create_Request Moduler/Page_Canvas World/reqMod_save' is clicked on

2018-07-10 14:57:21 - [MESSAGE][PASSED] - Object: 'Object Repository/New_Test_Create_Request Moduler/Page_Canvas World/reqMod_save' is clicked on

2018-07-10 14:57:21 - [TEST_STEP][PASSED] - delay: Delayed 3 second(s)

2018-07-10 14:57:24 - [MESSAGE][PASSED] - Delayed 3 second(s)

2018-07-10 14:57:24 - [TEST_STEP][FAILED] - click: Unable to click on object 'Object Repository/New_Test_Create_Request Moduler/Page_Canvas World/enter_workspaceId' (Root cause: org.openqa.selenium.WebDriverException: unknown error: Element <input id="REQ_DEFAULT_PREF_WSMENU-WORKSPACE_ID" type="AUTO_SUGGEST" name="WORKSPACE_ID" data-toggle="tooltip" data-placement="auto" data-original-title="" class="form-control ct-form__ip ct-form__ip-AUTO_SUGGEST" aria-labelledby="lbl_WORKSPACE_ID fbl_WORKSPACE_ID" autocomplete="off"> is not clickable at point (668, 130). Other element would receive the click: <div class="col-xs-12 col-sm-12 col-md-12 col-lg-12">...</div>
  (Session info: chrome=67.0.3396.99)
  (Driver info: chromedriver=2.35.528161 (5b82f2d2aae0ca24b877009200ced9065a772e73),platform=Windows NT 6.1.7601 SP1 x86_64) (WARNING: The server did not provide any stacktrace information)
Command duration or timeout: 0 milliseconds
Build info: version: '3.7.1', revision: '8a0099a', time: '2017-11-06T21:07:36.161Z'
System info: host: 'N9449', ip: '172.29.24.220', os.name: 'Windows 7', os.arch: 'amd64', os.version: '6.1', java.version: '1.8.0_102'
Driver info: com.kms.katalon.selenium.driver.CChromeDriver
Capabilities {acceptInsecureCerts: false, acceptSslCerts: false, applicationCacheEnabled: false, browserConnectionEnabled: false, browserName: chrome, chrome: {chromedriverVersion: 2.35.528161 (5b82f2d2aae0ca..., userDataDir: C:\Users\arokia.raj\AppData...}, cssSelectorsEnabled: true, databaseEnabled: false, handlesAlerts: true, hasTouchScreen: false, javascriptEnabled: true, locationContextEnabled: true, mobileEmulationEnabled: false, nativeEvents: true, networkConnectionEnabled: false, pageLoadStrategy: normal, platform: XP, platformName: XP, rotatable: false, setWindowRect: true, takesHeapSnapshot: true, takesScreenshot: true, unexpectedAlertBehaviour: , unhandledPromptBehavior: , version: 67.0.3396.99, webStorageEnabled: true}
Session ID: a43360742f5fd7ec44669163f89ec6aa)

2018-07-10 14:57:43 - [MESSAGE][FAILED] - Unable to click on object 'Object Repository/New_Test_Create_Request Moduler/Page_Canvas World/enter_workspaceId' (Root cause: org.openqa.selenium.WebDriverException: unknown error: Element <input id="REQ_DEFAULT_PREF_WSMENU-WORKSPACE_ID" type="AUTO_SUGGEST" name="WORKSPACE_ID" data-toggle="tooltip" data-placement="auto" data-original-title="" class="form-control ct-form__ip ct-form__ip-AUTO_SUGGEST" aria-labelledby="lbl_WORKSPACE_ID fbl_WORKSPACE_ID" autocomplete="off"> is not clickable at point (668, 130). Other element would receive the click: <div class="col-xs-12 col-sm-12 col-md-12 col-lg-12">...</div>
  (Session info: chrome=67.0.3396.99)
  (Driver info: chromedriver=2.35.528161 (5b82f2d2aae0ca24b877009200ced9065a772e73),platform=Windows NT 6.1.7601 SP1 x86_64) (WARNING: The server did not provide any stacktrace information)
Command duration or timeout: 0 milliseconds
Build info: version: '3.7.1', revision: '8a0099a', time: '2017-11-06T21:07:36.161Z'
System info: host: 'N9449', ip: '172.29.24.220', os.name: 'Windows 7', os.arch: 'amd64', os.version: '6.1', java.version: '1.8.0_102'
Driver info: com.kms.katalon.selenium.driver.CChromeDriver
Capabilities {acceptInsecureCerts: false, acceptSslCerts: false, applicationCacheEnabled: false, browserConnectionEnabled: false, browserName: chrome, chrome: {chromedriverVersion: 2.35.528161 (5b82f2d2aae0ca..., userDataDir: C:\Users\arokia.raj\AppData...}, cssSelectorsEnabled: true, databaseEnabled: false, handlesAlerts: true, hasTouchScreen: false, javascriptEnabled: true, locationContextEnabled: true, mobileEmulationEnabled: false, nativeEvents: true, networkConnectionEnabled: false, pageLoadStrategy: normal, platform: XP, platformName: XP, rotatable: false, setWindowRect: true, takesHeapSnapshot: true, takesScreenshot: true, unexpectedAlertBehaviour: , unhandledPromptBehavior: , version: 67.0.3396.99, webStorageEnabled: true}
Session ID: a43360742f5fd7ec44669163f89ec6aa)
[[ATTACHMENT|D:\\Sheepa\\Katalon\\Studio Smoke Test\\Studio Smoke Test\\Reports\\Req_Mod_Demo\\20180710_145522\\1531214863417.png]]

2018-07-10 14:57:43 - [TEST_STEP][PASSED] - delay: Delayed 5 second(s)

2018-07-10 14:57:48 - [MESSAGE][PASSED] - Delayed 5 second(s)

2018-07-10 14:57:48 - [TEST_STEP][PASSED] - sendKeys: Keys 'Pay' sent to object: 'Object Repository/New_Test_Create_Request Moduler/Page_Canvas World/enter_workspaceId'

2018-07-10 14:57:49 - [MESSAGE][PASSED] - Keys 'Pay' sent to object: 'Object Repository/New_Test_Create_Request Moduler/Page_Canvas World/enter_workspaceId'

2018-07-10 14:57:49 - [TEST_STEP][PASSED] - delay: Delayed 2 second(s)

2018-07-10 14:57:51 - [MESSAGE][PASSED] - Delayed 2 second(s)

2018-07-10 14:57:51 - [TEST_STEP][PASSED] - sendKeys: Keys 'DOWN + ' sent to object: 'Object Repository/New_Test_Create_Request Moduler/Page_Canvas World/enter_workspaceId'

2018-07-10 14:57:51 - [MESSAGE][PASSED] - Keys 'DOWN + ' sent to object: 'Object Repository/New_Test_Create_Request Moduler/Page_Canvas World/enter_workspaceId'

2018-07-10 14:57:51 - [TEST_STEP][PASSED] - delay: Delayed 2 second(s)

2018-07-10 14:57:53 - [MESSAGE][PASSED] - Delayed 2 second(s)

2018-07-10 14:57:53 - [TEST_STEP][PASSED] - sendKeys: Keys 'TAB + ' sent to object: 'Object Repository/New_Test_Create_Request Moduler/Page_Canvas World/enter_workspaceId'

2018-07-10 14:57:53 - [MESSAGE][PASSED] - Keys 'TAB + ' sent to object: 'Object Repository/New_Test_Create_Request Moduler/Page_Canvas World/enter_workspaceId'

2018-07-10 14:57:53 - [TEST_STEP][PASSED] - getText: Text of object 'Object Repository/New_Test_Create_Request Moduler/Page_Canvas World/getLable' is: 'Workspace Id'

2018-07-10 14:57:53 - [MESSAGE][PASSED] - Text of object 'Object Repository/New_Test_Create_Request Moduler/Page_Canvas World/getLable' is: 'Workspace Id'

2018-07-10 14:57:53 - [TEST_STEP][PASSED] - delay: Delayed 3 second(s)

2018-07-10 14:57:56 - [MESSAGE][PASSED] - Delayed 3 second(s)

2018-07-10 14:57:56 - [TEST_STEP][PASSED] - click: Object: 'Object Repository/New_Test_Create_Request Moduler/Page_Canvas World/WS_Save' is clicked on

2018-07-10 14:57:56 - [MESSAGE][PASSED] - Object: 'Object Repository/New_Test_Create_Request Moduler/Page_Canvas World/WS_Save' is clicked on

2018-07-10 14:57:56 - [TEST_STEP][PASSED] - delay: Delayed 3 second(s)

2018-07-10 14:57:59 - [MESSAGE][PASSED] - Delayed 3 second(s)

2018-07-10 14:57:59 - [TEST_STEP][PASSED] - click: Object: 'Object Repository/New_Test_Create_Request Moduler/Page_Canvas World/WS_dialog' is clicked on

2018-07-10 14:57:59 - [MESSAGE][PASSED] - Object: 'Object Repository/New_Test_Create_Request Moduler/Page_Canvas World/WS_dialog' is clicked on

2018-07-10 14:57:59 - [TEST_STEP][PASSED] - delay: Delayed 8 second(s)

2018-07-10 14:58:07 - [MESSAGE][PASSED] - Delayed 8 second(s)

2018-07-10 14:58:07 - [TEST_STEP][PASSED] - click: Object: 'Object Repository/New_Test_Create_Request Moduler/Page_Canvas World/WS_for_widget' is clicked on

2018-07-10 14:58:07 - [MESSAGE][PASSED] - Object: 'Object Repository/New_Test_Create_Request Moduler/Page_Canvas World/WS_for_widget' is clicked on

2018-07-10 14:58:07 - [TEST_STEP][PASSED] - Statement - selectReqWS = "//span[contains(text(),'" + com.kms.katalon.core.testdata.TestDataFactory.findTestData(Req_Mod_Test Data).getValue("Edit_WS", 1) + "')]": Reading excel file with source file 'C:\Users\arokia.raj\Desktop\Req_Mod_Test Data.xls' and sheet name 'Login'

2018-07-10 14:58:07 - [TEST_STEP][PASSED] - Statement - println(selectReqWS): null

2018-07-10 14:58:07 - [TEST_STEP][PASSED] - Statement - wdgt = new com.kms.katalon.core.testobject.TestObject(selectReqWS).addProperty("xpath", EQUALS, selectReqWS, true): null

2018-07-10 14:58:07 - [TEST_STEP][PASSED] - waitForElementVisible: Object '//span[contains(text(),'PAYMENT_WS')]' is visible

2018-07-10 14:58:09 - [MESSAGE][PASSED] - Object '//span[contains(text(),'PAYMENT_WS')]' is visible

2018-07-10 14:58:09 - [TEST_STEP][PASSED] - rightClick: Object: '//span[contains(text(),'PAYMENT_WS')]' is right clicked on

2018-07-10 14:58:09 - [MESSAGE][PASSED] - Object: '//span[contains(text(),'PAYMENT_WS')]' is right clicked on

2018-07-10 14:58:09 - [TEST_STEP][PASSED] - delay: Delayed 2 second(s)

2018-07-10 14:58:11 - [MESSAGE][PASSED] - Delayed 2 second(s)

2018-07-10 14:58:11 - [TEST_STEP][PASSED] - click: Object: 'Object Repository/New_Test_Create_Request Moduler/Page_Canvas World/edit_sub_WS' is clicked on

2018-07-10 14:58:11 - [MESSAGE][PASSED] - Object: 'Object Repository/New_Test_Create_Request Moduler/Page_Canvas World/edit_sub_WS' is clicked on

2018-07-10 14:58:11 - [TEST_STEP][PASSED] - delay: Delayed 4 second(s)

2018-07-10 14:58:15 - [MESSAGE][PASSED] - Delayed 4 second(s)

2018-07-10 14:58:15 - [TEST_STEP][PASSED] - click: Object: 'Object Repository/New_Test_Create_Request Moduler/Page_Canvas World/add_childApp' is clicked on

2018-07-10 14:58:15 - [MESSAGE][PASSED] - Object: 'Object Repository/New_Test_Create_Request Moduler/Page_Canvas World/add_childApp' is clicked on

2018-07-10 14:58:15 - [TEST_STEP][PASSED] - delay: Delayed 4 second(s)

2018-07-10 14:58:19 - [MESSAGE][PASSED] - Delayed 4 second(s)

2018-07-10 14:58:19 - [TEST_STEP][PASSED] - click: Object: 'Object Repository/New_Test_Create_Request Moduler/Page_Canvas World/app_filter' is clicked on

2018-07-10 14:58:19 - [MESSAGE][PASSED] - Object: 'Object Repository/New_Test_Create_Request Moduler/Page_Canvas World/app_filter' is clicked on

2018-07-10 14:58:19 - [TEST_STEP][PASSED] - delay: Delayed 4 second(s)

2018-07-10 14:58:23 - [MESSAGE][PASSED] - Delayed 4 second(s)

2018-07-10 14:58:23 - [TEST_STEP][PASSED] - mouseOver: Object: 'Object Repository/New_Test_Create_Request Moduler/Page_Canvas World/click_appId' is hovered

2018-07-10 14:58:24 - [MESSAGE][PASSED] - Object: 'Object Repository/New_Test_Create_Request Moduler/Page_Canvas World/click_appId' is hovered

2018-07-10 14:58:24 - [TEST_STEP][PASSED] - delay: Delayed 4 second(s)

2018-07-10 14:58:28 - [MESSAGE][PASSED] - Delayed 4 second(s)

2018-07-10 14:58:28 - [TEST_STEP][PASSED] - click: Object: 'Object Repository/New_Test_Create_Request Moduler/Page_Canvas World/RM_wdgt_contains' is clicked on

2018-07-10 14:58:28 - [MESSAGE][PASSED] - Object: 'Object Repository/New_Test_Create_Request Moduler/Page_Canvas World/RM_wdgt_contains' is clicked on

2018-07-10 14:58:28 - [TEST_STEP][PASSED] - delay: Delayed 4 second(s)

2018-07-10 14:58:32 - [MESSAGE][PASSED] - Delayed 4 second(s)

2018-07-10 14:58:32 - [TEST_STEP][PASSED] - setText: Text 'RM_ACTSUM_APP' is set on object 'Object Repository/New_Test_Create_Request Moduler/Page_Canvas World/app_search'

2018-07-10 14:58:32 - [MESSAGE][PASSED] - Text 'RM_ACTSUM_APP' is set on object 'Object Repository/New_Test_Create_Request Moduler/Page_Canvas World/app_search'

2018-07-10 14:58:32 - [TEST_STEP][PASSED] - delay: Delayed 4 second(s)

2018-07-10 14:58:36 - [MESSAGE][PASSED] - Delayed 4 second(s)

2018-07-10 14:58:36 - [TEST_STEP][PASSED] - click: Object: 'Object Repository/New_Test_Create_Request Moduler/Page_Canvas World/button_search' is clicked on

2018-07-10 14:58:37 - [MESSAGE][PASSED] - Object: 'Object Repository/New_Test_Create_Request Moduler/Page_Canvas World/button_search' is clicked on

2018-07-10 14:58:37 - [TEST_STEP][PASSED] - delay: Delayed 4 second(s)

2018-07-10 14:58:41 - [MESSAGE][PASSED] - Delayed 4 second(s)

2018-07-10 14:58:41 - [TEST_STEP][PASSED] - doubleClick: Object: 'Object Repository/New_Test_Create_Request Moduler/Page_Canvas World/add_approve_wdgt' is double clicked on

2018-07-10 14:58:41 - [MESSAGE][PASSED] - Object: 'Object Repository/New_Test_Create_Request Moduler/Page_Canvas World/add_approve_wdgt' is double clicked on

2018-07-10 14:58:41 - [TEST_STEP][PASSED] - doubleClick: Object: 'Object Repository/New_Test_Create_Request Moduler/Page_Canvas World/add_approve_wdgt' is double clicked on

2018-07-10 14:58:41 - [MESSAGE][PASSED] - Object: 'Object Repository/New_Test_Create_Request Moduler/Page_Canvas World/add_approve_wdgt' is double clicked on

2018-07-10 14:58:41 - [TEST_STEP][PASSED] - delay: Delayed 2 second(s)

2018-07-10 14:58:43 - [MESSAGE][PASSED] - Delayed 2 second(s)

2018-07-10 14:58:43 - [TEST_STEP][PASSED] - Statement - error_msg = com.kms.katalon.core.webui.keyword.WebUiBuiltInKeywords.verifyElementPresent(com.kms.katalon.core.testobject.ObjectRepository.findTestObject(New_Test_Create_Request Moduler/Page_Canvas World/error_msg), 5): Object 'Object Repository/New_Test_Create_Request Moduler/Page_Canvas World/error_msg' is present

2018-07-10 14:58:43 - [MESSAGE][PASSED] - Object 'Object Repository/New_Test_Create_Request Moduler/Page_Canvas World/error_msg' is present

2018-07-10 14:58:43 - [TEST_STEP][PASSED] - Statement - If (java.lang.String.valueOf(error_msg) == "true"): Object: 'Object Repository/New_Test_Create_Request Moduler/Page_Canvas World/error_ok' is clicked on

2018-07-10 14:58:43 - [TEST_STEP][PASSED] - delay: Delayed 4 second(s)

2018-07-10 14:58:47 - [MESSAGE][PASSED] - Delayed 4 second(s)

2018-07-10 14:58:47 - [TEST_STEP][PASSED] - click: Object: 'Object Repository/New_Test_Create_Request Moduler/Page_Canvas World/error_ok' is clicked on

2018-07-10 14:58:47 - [MESSAGE][PASSED] - Object: 'Object Repository/New_Test_Create_Request Moduler/Page_Canvas World/error_ok' is clicked on

2018-07-10 14:58:47 - [TEST_STEP][PASSED] - click: Object: 'Object Repository/New_Test_Create_Request Moduler/Page_Canvas World/button_submit' is clicked on

2018-07-10 14:58:47 - [MESSAGE][PASSED] - Object: 'Object Repository/New_Test_Create_Request Moduler/Page_Canvas World/button_submit' is clicked on

2018-07-10 14:58:47 - [TEST_STEP][PASSED] - delay: Delayed 4 second(s)

2018-07-10 14:58:51 - [MESSAGE][PASSED] - Delayed 4 second(s)

2018-07-10 14:58:51 - [TEST_STEP][PASSED] - click: Object: 'Object Repository/New_Test_Create_Request Moduler/Page_Canvas World/layout_dialog_ok' is clicked on

2018-07-10 14:58:51 - [MESSAGE][PASSED] - Object: 'Object Repository/New_Test_Create_Request Moduler/Page_Canvas World/layout_dialog_ok' is clicked on

2018-07-10 14:58:51 - [TEST_STEP][PASSED] - delay: Delayed 3 second(s)

2018-07-10 14:58:54 - [MESSAGE][PASSED] - Delayed 3 second(s)

2018-07-10 14:58:54 - [TEST_STEP][PASSED] - click: Object: 'Object Repository/Req_Mod_Demo/select_Form_Def' is clicked on

2018-07-10 14:58:55 - [MESSAGE][PASSED] - Object: 'Object Repository/Req_Mod_Demo/select_Form_Def' is clicked on

2018-07-10 14:58:55 - [TEST_STEP][PASSED] - Statement - selectForm = "(//span[contains(text(),'" + req_id + "_FORM')])[1]": null

2018-07-10 14:58:55 - [TEST_STEP][PASSED] - Statement - println(selectReqWS): null

2018-07-10 14:58:55 - [TEST_STEP][PASSED] - Statement - edit = new com.kms.katalon.core.testobject.TestObject(selectForm).addProperty("xpath", EQUALS, selectForm, true): null

2018-07-10 14:58:55 - [TEST_STEP][PASSED] - waitForElementVisible: Object '(//span[contains(text(),'AR3577923_FORM')])[1]' is visible

2018-07-10 14:58:56 - [MESSAGE][PASSED] - Object '(//span[contains(text(),'AR3577923_FORM')])[1]' is visible

2018-07-10 14:58:56 - [TEST_STEP][PASSED] - rightClick: Object: '(//span[contains(text(),'AR3577923_FORM')])[1]' is right clicked on

2018-07-10 14:58:56 - [MESSAGE][PASSED] - Object: '(//span[contains(text(),'AR3577923_FORM')])[1]' is right clicked on

2018-07-10 14:58:56 - [TEST_STEP][PASSED] - delay: Delayed 2 second(s)

2018-07-10 14:58:58 - [MESSAGE][PASSED] - Delayed 2 second(s)

2018-07-10 14:58:58 - [TEST_STEP][PASSED] - click: Object: 'Object Repository/Req_Mod_Demo/edit_form' is clicked on

2018-07-10 14:58:58 - [MESSAGE][PASSED] - Object: 'Object Repository/Req_Mod_Demo/edit_form' is clicked on

2018-07-10 14:58:58 - [TEST_STEP][PASSED] - delay: Delayed 4 second(s)

2018-07-10 14:59:02 - [MESSAGE][PASSED] - Delayed 4 second(s)

2018-07-10 14:59:02 - [TEST_STEP][PASSED] - click: Object: 'Object Repository/Req_Mod_Demo/delete_subMenu' is clicked on

2018-07-10 14:59:02 - [MESSAGE][PASSED] - Object: 'Object Repository/Req_Mod_Demo/delete_subMenu' is clicked on

2018-07-10 14:59:02 - [TEST_STEP][PASSED] - delay: Delayed 2 second(s)

2018-07-10 14:59:04 - [MESSAGE][PASSED] - Delayed 2 second(s)

2018-07-10 14:59:04 - [TEST_STEP][PASSED] - click: Object: 'Object Repository/Req_Mod_Demo/click_ok' is clicked on

2018-07-10 14:59:05 - [MESSAGE][PASSED] - Object: 'Object Repository/Req_Mod_Demo/click_ok' is clicked on

2018-07-10 14:59:05 - [TEST_STEP][PASSED] - delay: Delayed 2 second(s)

2018-07-10 14:59:07 - [MESSAGE][PASSED] - Delayed 2 second(s)

2018-07-10 14:59:07 - [TEST_STEP][PASSED] - click: Object: 'Object Repository/Req_Mod_Demo/delete_form' is clicked on

2018-07-10 14:59:07 - [MESSAGE][PASSED] - Object: 'Object Repository/Req_Mod_Demo/delete_form' is clicked on

2018-07-10 14:59:07 - [TEST_STEP][NOT_RUN] - delay: NOT_RUN: delay

2018-07-10 14:59:07 - [MESSAGE][NOT_RUN] - NOT_RUN: delay

2018-07-10 14:59:07 - [TEST_STEP][NOT_RUN] - click: NOT_RUN: click

2018-07-10 14:59:07 - [MESSAGE][NOT_RUN] - NOT_RUN: click

2018-07-10 14:59:07 - [TEST_STEP][PASSED] - delay: Delayed 2 second(s)

2018-07-10 14:59:09 - [MESSAGE][PASSED] - Delayed 2 second(s)

2018-07-10 14:59:09 - [TEST_STEP][PASSED] - click: Object: 'Object Repository/Req_Mod_Demo/click_Form_Wiz' is clicked on

2018-07-10 14:59:09 - [MESSAGE][PASSED] - Object: 'Object Repository/Req_Mod_Demo/click_Form_Wiz' is clicked on

2018-07-10 14:59:09 - [TEST_STEP][PASSED] - delay: Delayed 2 second(s)

2018-07-10 14:59:11 - [MESSAGE][PASSED] - Delayed 2 second(s)

2018-07-10 14:59:11 - [TEST_STEP][PASSED] - click: Object: 'Object Repository/Req_Mod_Demo/select_Login_Form' is clicked on

2018-07-10 14:59:12 - [MESSAGE][PASSED] - Object: 'Object Repository/Req_Mod_Demo/select_Login_Form' is clicked on

2018-07-10 14:59:12 - [TEST_STEP][PASSED] - click: Object: 'Object Repository/Req_Mod_Demo/select_Pers_detail' is clicked on

2018-07-10 14:59:12 - [MESSAGE][PASSED] - Object: 'Object Repository/Req_Mod_Demo/select_Pers_detail' is clicked on

2018-07-10 14:59:12 - [TEST_STEP][PASSED] - click: Object: 'Object Repository/Req_Mod_Demo/select_Bank_details' is clicked on

2018-07-10 14:59:12 - [MESSAGE][PASSED] - Object: 'Object Repository/Req_Mod_Demo/select_Bank_details' is clicked on

2018-07-10 14:59:12 - [TEST_STEP][PASSED] - delay: Delayed 2 second(s)

2018-07-10 14:59:14 - [MESSAGE][PASSED] - Delayed 2 second(s)

2018-07-10 14:59:14 - [TEST_STEP][PASSED] - click: Object: 'Object Repository/Req_Mod_Demo/save_Wiz' is clicked on

2018-07-10 14:59:14 - [MESSAGE][PASSED] - Object: 'Object Repository/Req_Mod_Demo/save_Wiz' is clicked on

2018-07-10 14:59:14 - [TEST_STEP][PASSED] - delay: Delayed 6 second(s)

2018-07-10 14:59:20 - [MESSAGE][PASSED] - Delayed 6 second(s)

2018-07-10 14:59:20 - [TEST_STEP][PASSED] - click: Object: 'Object Repository/Req_Mod_Demo/step_click' is clicked on

2018-07-10 14:59:21 - [MESSAGE][PASSED] - Object: 'Object Repository/Req_Mod_Demo/step_click' is clicked on

2018-07-10 14:59:21 - [TEST_STEP][PASSED] - delay: Delayed 3 second(s)

2018-07-10 14:59:24 - [MESSAGE][PASSED] - Delayed 3 second(s)

2018-07-10 14:59:24 - [TEST_STEP][PASSED] - click: Object: 'Object Repository/Req_Mod_Demo/back_nav' is clicked on

2018-07-10 14:59:24 - [MESSAGE][PASSED] - Object: 'Object Repository/Req_Mod_Demo/back_nav' is clicked on

2018-07-10 14:59:24 - [TEST_STEP][PASSED] - delay: Delayed 3 second(s)

2018-07-10 14:59:27 - [MESSAGE][PASSED] - Delayed 3 second(s)

2018-07-10 14:59:27 - [TEST_STEP][PASSED] - click: Object: 'Object Repository/Req_Mod_Demo/fwd_Nav' is clicked on

2018-07-10 14:59:28 - [MESSAGE][PASSED] - Object: 'Object Repository/Req_Mod_Demo/fwd_Nav' is clicked on

2018-07-10 14:59:28 - [TEST_STEP][PASSED] - delay: Delayed 3 second(s)

2018-07-10 14:59:31 - [MESSAGE][PASSED] - Delayed 3 second(s)

2018-07-10 14:59:31 - [TEST_STEP][PASSED] - click: Object: 'Object Repository/Req_Mod_Demo/newForm_save' is clicked on

2018-07-10 14:59:31 - [MESSAGE][PASSED] - Object: 'Object Repository/Req_Mod_Demo/newForm_save' is clicked on

2018-07-10 14:59:31 - [TEST_STEP][PASSED] - delay: Delayed 3 second(s)

2018-07-10 14:59:34 - [MESSAGE][PASSED] - Delayed 3 second(s)

2018-07-10 14:59:34 - [TEST_STEP][PASSED] - click: Object: 'Object Repository/Req_Mod_Demo/click_ok' is clicked on

2018-07-10 14:59:35 - [MESSAGE][PASSED] - Object: 'Object Repository/Req_Mod_Demo/click_ok' is clicked on]]></system-out>
         <system-err><![CDATA[2018-07-10 14:55:28 - [TEST_CASE][FAILED] - Test Cases/Smoke Test/New Test Request Moduler DEMO: Test Cases/Smoke Test/New Test Request Moduler DEMO FAILED because (of) Unable to click on object 'Object Repository/New_Test_Create_Request Moduler/Page_Canvas World/enter_workspaceId' (Root cause: org.openqa.selenium.WebDriverException: unknown error: Element <input id="REQ_DEFAULT_PREF_WSMENU-WORKSPACE_ID" type="AUTO_SUGGEST" name="WORKSPACE_ID" data-toggle="tooltip" data-placement="auto" data-original-title="" class="form-control ct-form__ip ct-form__ip-AUTO_SUGGEST" aria-labelledby="lbl_WORKSPACE_ID fbl_WORKSPACE_ID" autocomplete="off"> is not clickable at point (668, 130). Other element would receive the click: <div class="col-xs-12 col-sm-12 col-md-12 col-lg-12">...</div>
  (Session info: chrome=67.0.3396.99)
  (Driver info: chromedriver=2.35.528161 (5b82f2d2aae0ca24b877009200ced9065a772e73),platform=Windows NT 6.1.7601 SP1 x86_64) (WARNING: The server did not provide any stacktrace information)
Command duration or timeout: 0 milliseconds
Build info: version: '3.7.1', revision: '8a0099a', time: '2017-11-06T21:07:36.161Z'
System info: host: 'N9449', ip: '172.29.24.220', os.name: 'Windows 7', os.arch: 'amd64', os.version: '6.1', java.version: '1.8.0_102'
Driver info: com.kms.katalon.selenium.driver.CChromeDriver
Capabilities {acceptInsecureCerts: false, acceptSslCerts: false, applicationCacheEnabled: false, browserConnectionEnabled: false, browserName: chrome, chrome: {chromedriverVersion: 2.35.528161 (5b82f2d2aae0ca..., userDataDir: C:\Users\arokia.raj\AppData...}, cssSelectorsEnabled: true, databaseEnabled: false, handlesAlerts: true, hasTouchScreen: false, javascriptEnabled: true, locationContextEnabled: true, mobileEmulationEnabled: false, nativeEvents: true, networkConnectionEnabled: false, pageLoadStrategy: normal, platform: XP, platformName: XP, rotatable: false, setWindowRect: true, takesHeapSnapshot: true, takesScreenshot: true, unexpectedAlertBehaviour: , unhandledPromptBehavior: , version: 67.0.3396.99, webStorageEnabled: true}
Session ID: a43360742f5fd7ec44669163f89ec6aa)]]></system-err>
      </testcase>
      <testcase name="Test Cases/Smoke Test/Model House Req Mod Demo" classname="Test Cases/Smoke Test/Model House Req Mod Demo" status="PASSED">
         <system-out><![CDATA[2018-07-10 14:59:35 - [TEST_CASE][PASSED] - Test Cases/Smoke Test/Model House Req Mod Demo: Test Cases/Smoke Test/Model House Req Mod Demo

2018-07-10 14:59:35 - [TEST_STEP][PASSED] - Statement - common = com.kms.katalon.core.webui.keyword.WebUiBuiltInKeywords.callTestCase(com.kms.katalon.core.testcase.TestCaseFactory.findTestCase(Test Cases/Studio Smoke Test Cases/ReadExcel), [:]): Call Test Case 'Test Cases/Studio Smoke Test Cases/ReadExcel' successfully

2018-07-10 14:59:35 - [TEST_CASE][PASSED] - Test Cases/Studio Smoke Test Cases/ReadExcel: Test Cases/Studio Smoke Test Cases/ReadExcel

2018-07-10 14:59:35 - [TEST_STEP][PASSED] - Statement - path = "D:\Sheepa\Katalon\Studio Smoke Test\Studio Smoke Test\Data Files\Data Input.xls": null

2018-07-10 14:59:35 - [TEST_STEP][PASSED] - Statement - fis = new java.io.FileInputStream(path): null

2018-07-10 14:59:35 - [TEST_STEP][PASSED] - Statement - hssfWorkbook = new org.apache.poi.hssf.usermodel.HSSFWorkbook(fis): null

2018-07-10 14:59:35 - [TEST_STEP][PASSED] - Statement - sc = hssfWorkbook.getNumberOfSheets(): null

2018-07-10 14:59:35 - [TEST_STEP][PASSED] - Statement - println(sc): null

2018-07-10 14:59:35 - [TEST_STEP][PASSED] - Statement - hssfSheet = hssfWorkbook.getSheetAt(0): null

2018-07-10 14:59:35 - [TEST_STEP][PASSED] - Statement - hssfRow = hssfSheet.getRow(1): null

2018-07-10 14:59:35 - [TEST_STEP][PASSED] - Statement - fid = hssfRow.getCell(0): null

2018-07-10 14:59:35 - [TEST_STEP][PASSED] - Statement - vid = hssfRow.getCell(1): null

2018-07-10 14:59:35 - [TEST_STEP][PASSED] - Statement - aid = hssfRow.getCell(2): null

2018-07-10 14:59:35 - [TEST_STEP][PASSED] - Statement - subid = hssfRow.getCell(3): null

2018-07-10 14:59:35 - [TEST_STEP][PASSED] - Statement - wsid = hssfRow.getCell(4): null

2018-07-10 14:59:35 - [TEST_STEP][PASSED] - Statement - reqid = hssfRow.getCell(5): null

2018-07-10 14:59:35 - [TEST_STEP][PASSED] - Statement - accNo = hssfRow.getCell(6): null

2018-07-10 14:59:35 - [TEST_STEP][PASSED] - Statement - println(vid): null

2018-07-10 14:59:35 - [TEST_STEP][PASSED] - Statement - map = [:]: null

2018-07-10 14:59:35 - [TEST_STEP][PASSED] - Statement - map.put("formID", fid): null

2018-07-10 14:59:35 - [TEST_STEP][PASSED] - Statement - map.put("viewID", vid): null

2018-07-10 14:59:35 - [TEST_STEP][PASSED] - Statement - map.put("appID", aid): null

2018-07-10 14:59:35 - [TEST_STEP][PASSED] - Statement - map.put("subWSID", subid): null

2018-07-10 14:59:35 - [TEST_STEP][PASSED] - Statement - map.put("WSID", wsid): null

2018-07-10 14:59:35 - [TEST_STEP][PASSED] - Statement - map.put("REQID", reqid): null

2018-07-10 14:59:35 - [TEST_STEP][PASSED] - Statement - map.put("AccNo", accNo): null

2018-07-10 14:59:35 - [TEST_STEP][PASSED] - Statement - return map: null

2018-07-10 14:59:35 - [MESSAGE][PASSED] - Call Test Case 'Test Cases/Studio Smoke Test Cases/ReadExcel' successfully

2018-07-10 14:59:35 - [TEST_STEP][PASSED] - Statement - ws_id = common["WSID"]: null

2018-07-10 14:59:35 - [TEST_STEP][PASSED] - Statement - println(ws_id): null

2018-07-10 14:59:35 - [TEST_STEP][PASSED] - Statement - req_id = common["REQID"]: null

2018-07-10 14:59:36 - [TEST_STEP][PASSED] - Statement - println(req_id): null

2018-07-10 14:59:36 - [TEST_STEP][PASSED] - Statement - acc_No = common["AccNo"]: null

2018-07-10 14:59:36 - [TEST_STEP][PASSED] - Statement - println(acc_No): null

2018-07-10 14:59:36 - [TEST_STEP][PASSED] - openBrowser: Browser is opened with url: ''

2018-07-10 14:59:36 - [MESSAGE][WARNING] - A browser is already opened. Closing browser and opening a new one

2018-07-10 14:59:41 - [MESSAGE][PASSED] - Browser is opened with url: ''

2018-07-10 14:59:41 - [TEST_STEP][PASSED] - maximizeWindow: Current window maximized

2018-07-10 14:59:42 - [MESSAGE][PASSED] - Current window maximized

2018-07-10 14:59:42 - [TEST_STEP][PASSED] - navigateToUrl: Navigate to 'http://localhost:8082/ctmodelhouse/cacheReset.jsp' successfully

2018-07-10 14:59:42 - [MESSAGE][PASSED] - Navigate to 'http://localhost:8082/ctmodelhouse/cacheReset.jsp' successfully

2018-07-10 14:59:42 - [TEST_STEP][PASSED] - closeBrowser: Browser is closed

2018-07-10 14:59:43 - [MESSAGE][PASSED] - Browser is closed

2018-07-10 14:59:43 - [TEST_STEP][PASSED] - openBrowser: Browser is opened with url: ''

2018-07-10 14:59:47 - [MESSAGE][PASSED] - Browser is opened with url: ''

2018-07-10 14:59:47 - [TEST_STEP][PASSED] - maximizeWindow: Current window maximized

2018-07-10 14:59:48 - [MESSAGE][PASSED] - Current window maximized

2018-07-10 14:59:48 - [TEST_STEP][PASSED] - navigateToUrl: Navigate to 'http://localhost:8082/ctmodelhouse/' successfully

2018-07-10 15:00:10 - [MESSAGE][PASSED] - Navigate to 'http://localhost:8082/ctmodelhouse/' successfully

2018-07-10 15:00:10 - [TEST_STEP][PASSED] - waitForPageLoad: Wait for page load successfully

2018-07-10 15:00:10 - [MESSAGE][PASSED] - Wait for page load successfully

2018-07-10 15:00:10 - [TEST_STEP][PASSED] - setText: Text 'terrim' is set on object 'Object Repository/Model House Login/Page_Model House/input_loginID'

2018-07-10 15:00:10 - [MESSAGE][PASSED] - Text 'terrim' is set on object 'Object Repository/Model House Login/Page_Model House/input_loginID'

2018-07-10 15:00:10 - [TEST_STEP][PASSED] - setText: Text 'canvas' is set on object 'Object Repository/Model House Login/Page_Model House/input_loginPSW'

2018-07-10 15:00:10 - [MESSAGE][PASSED] - Text 'canvas' is set on object 'Object Repository/Model House Login/Page_Model House/input_loginPSW'

2018-07-10 15:00:10 - [TEST_STEP][PASSED] - click: Object: 'Object Repository/Model House Login/Page_Model House/input_commit' is clicked on

2018-07-10 15:00:13 - [MESSAGE][PASSED] - Object: 'Object Repository/Model House Login/Page_Model House/input_commit' is clicked on

2018-07-10 15:00:13 - [TEST_STEP][PASSED] - waitForPageLoad: Wait for page load successfully

2018-07-10 15:00:13 - [MESSAGE][PASSED] - Wait for page load successfully

2018-07-10 15:00:13 - [TEST_STEP][PASSED] - Statement - pageHeader = com.kms.katalon.core.webui.keyword.WebUiBuiltInKeywords.getAttribute(com.kms.katalon.core.testobject.ObjectRepository.findTestObject(Model House Home Page/Page_Canvas World/Home_Page_Title), "title"): Attribute 'title' of object 'Object Repository/Model House Home Page/Page_Canvas World/Home_Page_Title' is: 'Canvas Technology'

2018-07-10 15:00:13 - [MESSAGE][PASSED] - Attribute 'title' of object 'Object Repository/Model House Home Page/Page_Canvas World/Home_Page_Title' is: 'Canvas Technology'

2018-07-10 15:00:13 - [TEST_STEP][PASSED] - Statement - println(pageHeader): null

2018-07-10 15:00:13 - [TEST_STEP][PASSED] - Statement - assert pageHeader == "Canvas Technology": null

2018-07-10 15:00:13 - [TEST_STEP][PASSED] - Statement - selectWS = "//div[contains(text(),'" + com.kms.katalon.core.testdata.TestDataFactory.findTestData(Req_Mod_Test Data).getValue("Req_Mod_WS", 1) + "')]": Reading excel file with source file 'C:\Users\arokia.raj\Desktop\Req_Mod_Test Data.xls' and sheet name 'Login'

2018-07-10 15:00:13 - [TEST_STEP][PASSED] - Statement - println(selectWS): null

2018-07-10 15:00:13 - [TEST_STEP][PASSED] - Statement - dynamicObject = new com.kms.katalon.core.testobject.TestObject(selectWS).addProperty("xpath", EQUALS, selectWS, true): null

2018-07-10 15:00:13 - [TEST_STEP][PASSED] - waitForElementVisible: Object '//div[contains(text(),'Payment')]' is visible

2018-07-10 15:00:13 - [MESSAGE][PASSED] - Object '//div[contains(text(),'Payment')]' is visible

2018-07-10 15:00:13 - [TEST_STEP][PASSED] - click: Object: '//div[contains(text(),'Payment')]' is clicked on

2018-07-10 15:00:13 - [MESSAGE][PASSED] - Object: '//div[contains(text(),'Payment')]' is clicked on

2018-07-10 15:00:13 - [TEST_STEP][PASSED] - delay: Delayed 10 second(s)

2018-07-10 15:00:23 - [MESSAGE][PASSED] - Delayed 10 second(s)

2018-07-10 15:00:23 - [TEST_STEP][PASSED] - Statement - selectRM = "//span[starts-with(@class,'workspace_label workspace_label-" + req_id + "')]": null

2018-07-10 15:00:24 - [TEST_STEP][PASSED] - Statement - println(selectRM): null

2018-07-10 15:00:24 - [TEST_STEP][PASSED] - Statement - dynamicObject1 = new com.kms.katalon.core.testobject.TestObject(selectRM).addProperty("xpath", EQUALS, selectRM, true): null

2018-07-10 15:00:24 - [TEST_STEP][PASSED] - waitForElementVisible: Object '//span[starts-with(@class,'workspace_label workspace_label-AR3577923')]' is visible

2018-07-10 15:00:24 - [MESSAGE][PASSED] - Object '//span[starts-with(@class,'workspace_label workspace_label-AR3577923')]' is visible

2018-07-10 15:00:24 - [TEST_STEP][PASSED] - click: Object: '//span[starts-with(@class,'workspace_label workspace_label-AR3577923')]' is clicked on

2018-07-10 15:00:24 - [MESSAGE][PASSED] - Object: '//span[starts-with(@class,'workspace_label workspace_label-AR3577923')]' is clicked on

2018-07-10 15:00:24 - [TEST_STEP][PASSED] - delay: Delayed 10 second(s)

2018-07-10 15:00:34 - [MESSAGE][PASSED] - Delayed 10 second(s)

2018-07-10 15:00:34 - [TEST_STEP][PASSED] - setText: Text '694129764' is set on object 'Object Repository/Model House RM Demo/Page_Canvas World/acc_Id'

2018-07-10 15:00:35 - [MESSAGE][PASSED] - Text '694129764' is set on object 'Object Repository/Model House RM Demo/Page_Canvas World/acc_Id'

2018-07-10 15:00:35 - [TEST_STEP][PASSED] - Statement - For ([i = 17, i <= 19, (i++)]): Delayed 1 second(s)

2018-07-10 15:00:35 - [TEST_STEP][PASSED] - Statement - enterVal = "//input[@name='" + com.kms.katalon.core.testdata.TestDataFactory.findTestData(Req_Mod_Test Data).getValue(i, 2).trim() + "']": Reading excel file with source file 'C:\Users\arokia.raj\Desktop\Req_Mod_Test Data.xls' and sheet name 'Login'

2018-07-10 15:00:35 - [TEST_STEP][PASSED] - Statement - println(enterVal): null

2018-07-10 15:00:35 - [TEST_STEP][PASSED] - Statement - val = new com.kms.katalon.core.testobject.TestObject(enterVal).addProperty("xpath", EQUALS, enterVal, true): null

2018-07-10 15:00:35 - [TEST_STEP][PASSED] - waitForElementVisible: Object '//input[@name='USERNAME']' is visible

2018-07-10 15:00:35 - [MESSAGE][PASSED] - Object '//input[@name='USERNAME']' is visible

2018-07-10 15:00:35 - [TEST_STEP][PASSED] - Statement - dataVal = com.kms.katalon.core.testdata.TestDataFactory.findTestData(Req_Mod_Test Data).getValue(i, 3): Reading excel file with source file 'C:\Users\arokia.raj\Desktop\Req_Mod_Test Data.xls' and sheet name 'Login'

2018-07-10 15:00:35 - [TEST_STEP][PASSED] - Statement - println(dataVal): null

2018-07-10 15:00:35 - [TEST_STEP][PASSED] - setText: Text 'Sheepa' is set on object '//input[@name='USERNAME']'

2018-07-10 15:00:35 - [MESSAGE][PASSED] - Text 'Sheepa' is set on object '//input[@name='USERNAME']'

2018-07-10 15:00:35 - [TEST_STEP][PASSED] - delay: Delayed 1 second(s)

2018-07-10 15:00:36 - [MESSAGE][PASSED] - Delayed 1 second(s)

2018-07-10 15:00:36 - [TEST_STEP][PASSED] - Statement - enterVal = "//input[@name='" + com.kms.katalon.core.testdata.TestDataFactory.findTestData(Req_Mod_Test Data).getValue(i, 2).trim() + "']": Reading excel file with source file 'C:\Users\arokia.raj\Desktop\Req_Mod_Test Data.xls' and sheet name 'Login'

2018-07-10 15:00:36 - [TEST_STEP][PASSED] - Statement - println(enterVal): null

2018-07-10 15:00:36 - [TEST_STEP][PASSED] - Statement - val = new com.kms.katalon.core.testobject.TestObject(enterVal).addProperty("xpath", EQUALS, enterVal, true): null

2018-07-10 15:00:36 - [TEST_STEP][PASSED] - waitForElementVisible: Object '//input[@name='PASSWORD1']' is visible

2018-07-10 15:00:36 - [MESSAGE][PASSED] - Object '//input[@name='PASSWORD1']' is visible

2018-07-10 15:00:36 - [TEST_STEP][PASSED] - Statement - dataVal = com.kms.katalon.core.testdata.TestDataFactory.findTestData(Req_Mod_Test Data).getValue(i, 3): Reading excel file with source file 'C:\Users\arokia.raj\Desktop\Req_Mod_Test Data.xls' and sheet name 'Login'

2018-07-10 15:00:36 - [TEST_STEP][PASSED] - Statement - println(dataVal): null

2018-07-10 15:00:36 - [TEST_STEP][PASSED] - setText: Text '12345' is set on object '//input[@name='PASSWORD1']'

2018-07-10 15:00:37 - [MESSAGE][PASSED] - Text '12345' is set on object '//input[@name='PASSWORD1']'

2018-07-10 15:00:37 - [TEST_STEP][PASSED] - delay: Delayed 1 second(s)

2018-07-10 15:00:38 - [MESSAGE][PASSED] - Delayed 1 second(s)

2018-07-10 15:00:38 - [TEST_STEP][PASSED] - Statement - enterVal = "//input[@name='" + com.kms.katalon.core.testdata.TestDataFactory.findTestData(Req_Mod_Test Data).getValue(i, 2).trim() + "']": Reading excel file with source file 'C:\Users\arokia.raj\Desktop\Req_Mod_Test Data.xls' and sheet name 'Login'

2018-07-10 15:00:38 - [TEST_STEP][PASSED] - Statement - println(enterVal): null

2018-07-10 15:00:38 - [TEST_STEP][PASSED] - Statement - val = new com.kms.katalon.core.testobject.TestObject(enterVal).addProperty("xpath", EQUALS, enterVal, true): null

2018-07-10 15:00:38 - [TEST_STEP][PASSED] - waitForElementVisible: Object '//input[@name='CONFIRM_PASSWORD']' is visible

2018-07-10 15:00:38 - [MESSAGE][PASSED] - Object '//input[@name='CONFIRM_PASSWORD']' is visible

2018-07-10 15:00:38 - [TEST_STEP][PASSED] - Statement - dataVal = com.kms.katalon.core.testdata.TestDataFactory.findTestData(Req_Mod_Test Data).getValue(i, 3): Reading excel file with source file 'C:\Users\arokia.raj\Desktop\Req_Mod_Test Data.xls' and sheet name 'Login'

2018-07-10 15:00:38 - [TEST_STEP][PASSED] - Statement - println(dataVal): null

2018-07-10 15:00:38 - [TEST_STEP][PASSED] - setText: Text '12345' is set on object '//input[@name='CONFIRM_PASSWORD']'

2018-07-10 15:00:38 - [MESSAGE][PASSED] - Text '12345' is set on object '//input[@name='CONFIRM_PASSWORD']'

2018-07-10 15:00:38 - [TEST_STEP][PASSED] - delay: Delayed 1 second(s)

2018-07-10 15:00:39 - [MESSAGE][PASSED] - Delayed 1 second(s)

2018-07-10 15:00:39 - [TEST_STEP][PASSED] - delay: Delayed 1 second(s)

2018-07-10 15:00:40 - [MESSAGE][PASSED] - Delayed 1 second(s)

2018-07-10 15:00:40 - [TEST_STEP][PASSED] - click: Object: 'Object Repository/Req_Mod_Demo/mod_next' is clicked on

2018-07-10 15:00:41 - [MESSAGE][PASSED] - Object: 'Object Repository/Req_Mod_Demo/mod_next' is clicked on

2018-07-10 15:00:41 - [TEST_STEP][PASSED] - delay: Delayed 1 second(s)

2018-07-10 15:00:42 - [MESSAGE][PASSED] - Delayed 1 second(s)

2018-07-10 15:00:42 - [TEST_STEP][PASSED] - Statement - For ([i = 20, i <= 26, (i++)]): Delayed 1 second(s)

2018-07-10 15:00:42 - [TEST_STEP][PASSED] - Statement - enterVal = "//input[@name='" + com.kms.katalon.core.testdata.TestDataFactory.findTestData(Req_Mod_Test Data).getValue(i, 2).trim() + "']": Reading excel file with source file 'C:\Users\arokia.raj\Desktop\Req_Mod_Test Data.xls' and sheet name 'Login'

2018-07-10 15:00:42 - [TEST_STEP][PASSED] - Statement - println(enterVal): null

2018-07-10 15:00:42 - [TEST_STEP][PASSED] - Statement - val = new com.kms.katalon.core.testobject.TestObject(enterVal).addProperty("xpath", EQUALS, enterVal, true): null

2018-07-10 15:00:42 - [TEST_STEP][PASSED] - waitForElementVisible: Object '//input[@name='NAME']' is visible

2018-07-10 15:00:42 - [MESSAGE][PASSED] - Object '//input[@name='NAME']' is visible

2018-07-10 15:00:42 - [TEST_STEP][PASSED] - Statement - dataVal = com.kms.katalon.core.testdata.TestDataFactory.findTestData(Req_Mod_Test Data).getValue(i, 3): Reading excel file with source file 'C:\Users\arokia.raj\Desktop\Req_Mod_Test Data.xls' and sheet name 'Login'

2018-07-10 15:00:42 - [TEST_STEP][PASSED] - Statement - println(dataVal): null

2018-07-10 15:00:42 - [TEST_STEP][PASSED] - setText: Text 'Sheepa' is set on object '//input[@name='NAME']'

2018-07-10 15:00:42 - [MESSAGE][PASSED] - Text 'Sheepa' is set on object '//input[@name='NAME']'

2018-07-10 15:00:42 - [TEST_STEP][PASSED] - delay: Delayed 1 second(s)

2018-07-10 15:00:43 - [MESSAGE][PASSED] - Delayed 1 second(s)

2018-07-10 15:00:43 - [TEST_STEP][PASSED] - Statement - enterVal = "//input[@name='" + com.kms.katalon.core.testdata.TestDataFactory.findTestData(Req_Mod_Test Data).getValue(i, 2).trim() + "']": Reading excel file with source file 'C:\Users\arokia.raj\Desktop\Req_Mod_Test Data.xls' and sheet name 'Login'

2018-07-10 15:00:43 - [TEST_STEP][PASSED] - Statement - println(enterVal): null

2018-07-10 15:00:43 - [TEST_STEP][PASSED] - Statement - val = new com.kms.katalon.core.testobject.TestObject(enterVal).addProperty("xpath", EQUALS, enterVal, true): null

2018-07-10 15:00:43 - [TEST_STEP][PASSED] - waitForElementVisible: Object '//input[@name='EMAIL']' is visible

2018-07-10 15:00:43 - [MESSAGE][PASSED] - Object '//input[@name='EMAIL']' is visible

2018-07-10 15:00:43 - [TEST_STEP][PASSED] - Statement - dataVal = com.kms.katalon.core.testdata.TestDataFactory.findTestData(Req_Mod_Test Data).getValue(i, 3): Reading excel file with source file 'C:\Users\arokia.raj\Desktop\Req_Mod_Test Data.xls' and sheet name 'Login'

2018-07-10 15:00:43 - [TEST_STEP][PASSED] - Statement - println(dataVal): null

2018-07-10 15:00:43 - [TEST_STEP][PASSED] - setText: Text 'sheepa@gmail.com' is set on object '//input[@name='EMAIL']'

2018-07-10 15:00:44 - [MESSAGE][PASSED] - Text 'sheepa@gmail.com' is set on object '//input[@name='EMAIL']'

2018-07-10 15:00:44 - [TEST_STEP][PASSED] - delay: Delayed 1 second(s)

2018-07-10 15:00:45 - [MESSAGE][PASSED] - Delayed 1 second(s)

2018-07-10 15:00:45 - [TEST_STEP][PASSED] - Statement - enterVal = "//input[@name='" + com.kms.katalon.core.testdata.TestDataFactory.findTestData(Req_Mod_Test Data).getValue(i, 2).trim() + "']": Reading excel file with source file 'C:\Users\arokia.raj\Desktop\Req_Mod_Test Data.xls' and sheet name 'Login'

2018-07-10 15:00:45 - [TEST_STEP][PASSED] - Statement - println(enterVal): null

2018-07-10 15:00:45 - [TEST_STEP][PASSED] - Statement - val = new com.kms.katalon.core.testobject.TestObject(enterVal).addProperty("xpath", EQUALS, enterVal, true): null

2018-07-10 15:00:45 - [TEST_STEP][PASSED] - waitForElementVisible: Object '//input[@name='PHONE']' is visible

2018-07-10 15:00:45 - [MESSAGE][PASSED] - Object '//input[@name='PHONE']' is visible

2018-07-10 15:00:45 - [TEST_STEP][PASSED] - Statement - dataVal = com.kms.katalon.core.testdata.TestDataFactory.findTestData(Req_Mod_Test Data).getValue(i, 3): Reading excel file with source file 'C:\Users\arokia.raj\Desktop\Req_Mod_Test Data.xls' and sheet name 'Login'

2018-07-10 15:00:45 - [TEST_STEP][PASSED] - Statement - println(dataVal): null

2018-07-10 15:00:45 - [TEST_STEP][PASSED] - setText: Text '12345678989' is set on object '//input[@name='PHONE']'

2018-07-10 15:00:45 - [MESSAGE][PASSED] - Text '12345678989' is set on object '//input[@name='PHONE']'

2018-07-10 15:00:45 - [TEST_STEP][PASSED] - delay: Delayed 1 second(s)

2018-07-10 15:00:46 - [MESSAGE][PASSED] - Delayed 1 second(s)

2018-07-10 15:00:46 - [TEST_STEP][PASSED] - Statement - enterVal = "//input[@name='" + com.kms.katalon.core.testdata.TestDataFactory.findTestData(Req_Mod_Test Data).getValue(i, 2).trim() + "']": Reading excel file with source file 'C:\Users\arokia.raj\Desktop\Req_Mod_Test Data.xls' and sheet name 'Login'

2018-07-10 15:00:46 - [TEST_STEP][PASSED] - Statement - println(enterVal): null

2018-07-10 15:00:46 - [TEST_STEP][PASSED] - Statement - val = new com.kms.katalon.core.testobject.TestObject(enterVal).addProperty("xpath", EQUALS, enterVal, true): null

2018-07-10 15:00:46 - [TEST_STEP][PASSED] - waitForElementVisible: Object '//input[@name='GENDER']' is visible

2018-07-10 15:00:46 - [MESSAGE][PASSED] - Object '//input[@name='GENDER']' is visible

2018-07-10 15:00:46 - [TEST_STEP][PASSED] - Statement - dataVal = com.kms.katalon.core.testdata.TestDataFactory.findTestData(Req_Mod_Test Data).getValue(i, 3): Reading excel file with source file 'C:\Users\arokia.raj\Desktop\Req_Mod_Test Data.xls' and sheet name 'Login'

2018-07-10 15:00:46 - [TEST_STEP][PASSED] - Statement - println(dataVal): null

2018-07-10 15:00:46 - [TEST_STEP][PASSED] - setText: Text 'Female' is set on object '//input[@name='GENDER']'

2018-07-10 15:00:46 - [MESSAGE][PASSED] - Text 'Female' is set on object '//input[@name='GENDER']'

2018-07-10 15:00:47 - [TEST_STEP][PASSED] - delay: Delayed 1 second(s)

2018-07-10 15:00:48 - [MESSAGE][PASSED] - Delayed 1 second(s)

2018-07-10 15:00:48 - [TEST_STEP][PASSED] - Statement - enterVal = "//input[@name='" + com.kms.katalon.core.testdata.TestDataFactory.findTestData(Req_Mod_Test Data).getValue(i, 2).trim() + "']": Reading excel file with source file 'C:\Users\arokia.raj\Desktop\Req_Mod_Test Data.xls' and sheet name 'Login'

2018-07-10 15:00:48 - [TEST_STEP][PASSED] - Statement - println(enterVal): null

2018-07-10 15:00:48 - [TEST_STEP][PASSED] - Statement - val = new com.kms.katalon.core.testobject.TestObject(enterVal).addProperty("xpath", EQUALS, enterVal, true): null

2018-07-10 15:00:48 - [TEST_STEP][PASSED] - waitForElementVisible: Object '//input[@name='ADDRESS']' is visible

2018-07-10 15:00:48 - [MESSAGE][PASSED] - Object '//input[@name='ADDRESS']' is visible

2018-07-10 15:00:48 - [TEST_STEP][PASSED] - Statement - dataVal = com.kms.katalon.core.testdata.TestDataFactory.findTestData(Req_Mod_Test Data).getValue(i, 3): Reading excel file with source file 'C:\Users\arokia.raj\Desktop\Req_Mod_Test Data.xls' and sheet name 'Login'

2018-07-10 15:00:48 - [TEST_STEP][PASSED] - Statement - println(dataVal): null

2018-07-10 15:00:48 - [TEST_STEP][PASSED] - setText: Text 'Chennai' is set on object '//input[@name='ADDRESS']'

2018-07-10 15:00:49 - [MESSAGE][PASSED] - Text 'Chennai' is set on object '//input[@name='ADDRESS']'

2018-07-10 15:00:49 - [TEST_STEP][PASSED] - delay: Delayed 1 second(s)

2018-07-10 15:00:50 - [MESSAGE][PASSED] - Delayed 1 second(s)

2018-07-10 15:00:50 - [TEST_STEP][PASSED] - Statement - enterVal = "//input[@name='" + com.kms.katalon.core.testdata.TestDataFactory.findTestData(Req_Mod_Test Data).getValue(i, 2).trim() + "']": Reading excel file with source file 'C:\Users\arokia.raj\Desktop\Req_Mod_Test Data.xls' and sheet name 'Login'

2018-07-10 15:00:50 - [TEST_STEP][PASSED] - Statement - println(enterVal): null

2018-07-10 15:00:50 - [TEST_STEP][PASSED] - Statement - val = new com.kms.katalon.core.testobject.TestObject(enterVal).addProperty("xpath", EQUALS, enterVal, true): null

2018-07-10 15:00:50 - [TEST_STEP][PASSED] - waitForElementVisible: Object '//input[@name='ZIP_CODE']' is visible

2018-07-10 15:00:50 - [MESSAGE][PASSED] - Object '//input[@name='ZIP_CODE']' is visible

2018-07-10 15:00:50 - [TEST_STEP][PASSED] - Statement - dataVal = com.kms.katalon.core.testdata.TestDataFactory.findTestData(Req_Mod_Test Data).getValue(i, 3): Reading excel file with source file 'C:\Users\arokia.raj\Desktop\Req_Mod_Test Data.xls' and sheet name 'Login'

2018-07-10 15:00:50 - [TEST_STEP][PASSED] - Statement - println(dataVal): null

2018-07-10 15:00:50 - [TEST_STEP][PASSED] - setText: Text '123456' is set on object '//input[@name='ZIP_CODE']'

2018-07-10 15:00:51 - [MESSAGE][PASSED] - Text '123456' is set on object '//input[@name='ZIP_CODE']'

2018-07-10 15:00:51 - [TEST_STEP][PASSED] - delay: Delayed 1 second(s)

2018-07-10 15:00:52 - [MESSAGE][PASSED] - Delayed 1 second(s)

2018-07-10 15:00:52 - [TEST_STEP][PASSED] - Statement - enterVal = "//input[@name='" + com.kms.katalon.core.testdata.TestDataFactory.findTestData(Req_Mod_Test Data).getValue(i, 2).trim() + "']": Reading excel file with source file 'C:\Users\arokia.raj\Desktop\Req_Mod_Test Data.xls' and sheet name 'Login'

2018-07-10 15:00:52 - [TEST_STEP][PASSED] - Statement - println(enterVal): null

2018-07-10 15:00:52 - [TEST_STEP][PASSED] - Statement - val = new com.kms.katalon.core.testobject.TestObject(enterVal).addProperty("xpath", EQUALS, enterVal, true): null

2018-07-10 15:00:52 - [TEST_STEP][PASSED] - waitForElementVisible: Object '//input[@name='COUNTRY']' is visible

2018-07-10 15:00:52 - [MESSAGE][PASSED] - Object '//input[@name='COUNTRY']' is visible

2018-07-10 15:00:52 - [TEST_STEP][PASSED] - Statement - dataVal = com.kms.katalon.core.testdata.TestDataFactory.findTestData(Req_Mod_Test Data).getValue(i, 3): Reading excel file with source file 'C:\Users\arokia.raj\Desktop\Req_Mod_Test Data.xls' and sheet name 'Login'

2018-07-10 15:00:52 - [TEST_STEP][PASSED] - Statement - println(dataVal): null

2018-07-10 15:00:52 - [TEST_STEP][PASSED] - setText: Text 'India' is set on object '//input[@name='COUNTRY']'

2018-07-10 15:00:53 - [MESSAGE][PASSED] - Text 'India' is set on object '//input[@name='COUNTRY']'

2018-07-10 15:00:53 - [TEST_STEP][PASSED] - delay: Delayed 1 second(s)

2018-07-10 15:00:54 - [MESSAGE][PASSED] - Delayed 1 second(s)

2018-07-10 15:00:54 - [TEST_STEP][PASSED] - delay: Delayed 1 second(s)

2018-07-10 15:00:55 - [MESSAGE][PASSED] - Delayed 1 second(s)

2018-07-10 15:00:55 - [TEST_STEP][PASSED] - click: Object: 'Object Repository/Req_Mod_Demo/mod_next' is clicked on

2018-07-10 15:00:55 - [MESSAGE][PASSED] - Object: 'Object Repository/Req_Mod_Demo/mod_next' is clicked on

2018-07-10 15:00:55 - [TEST_STEP][PASSED] - delay: Delayed 1 second(s)

2018-07-10 15:00:56 - [MESSAGE][PASSED] - Delayed 1 second(s)

2018-07-10 15:00:56 - [TEST_STEP][PASSED] - Statement - For ([i = 27, i <= 36, (i++)]): Delayed 1 second(s)

2018-07-10 15:00:56 - [TEST_STEP][PASSED] - Statement - enterVal = "//input[@name='" + com.kms.katalon.core.testdata.TestDataFactory.findTestData(Req_Mod_Test Data).getValue(i, 2).trim() + "']": Reading excel file with source file 'C:\Users\arokia.raj\Desktop\Req_Mod_Test Data.xls' and sheet name 'Login'

2018-07-10 15:00:56 - [TEST_STEP][PASSED] - Statement - println(enterVal): null

2018-07-10 15:00:56 - [TEST_STEP][PASSED] - Statement - val = new com.kms.katalon.core.testobject.TestObject(enterVal).addProperty("xpath", EQUALS, enterVal, true): null

2018-07-10 15:00:56 - [TEST_STEP][PASSED] - waitForElementVisible: Object '//input[@name='BANK_NAME']' is visible

2018-07-10 15:00:56 - [MESSAGE][PASSED] - Object '//input[@name='BANK_NAME']' is visible

2018-07-10 15:00:56 - [TEST_STEP][PASSED] - Statement - dataVal = com.kms.katalon.core.testdata.TestDataFactory.findTestData(Req_Mod_Test Data).getValue(i, 3): Reading excel file with source file 'C:\Users\arokia.raj\Desktop\Req_Mod_Test Data.xls' and sheet name 'Login'

2018-07-10 15:00:56 - [TEST_STEP][PASSED] - Statement - println(dataVal): null

2018-07-10 15:00:56 - [TEST_STEP][PASSED] - setText: Text 'HDFC' is set on object '//input[@name='BANK_NAME']'

2018-07-10 15:00:56 - [MESSAGE][PASSED] - Text 'HDFC' is set on object '//input[@name='BANK_NAME']'

2018-07-10 15:00:56 - [TEST_STEP][PASSED] - delay: Delayed 1 second(s)

2018-07-10 15:00:57 - [MESSAGE][PASSED] - Delayed 1 second(s)

2018-07-10 15:00:57 - [TEST_STEP][PASSED] - Statement - enterVal = "//input[@name='" + com.kms.katalon.core.testdata.TestDataFactory.findTestData(Req_Mod_Test Data).getValue(i, 2).trim() + "']": Reading excel file with source file 'C:\Users\arokia.raj\Desktop\Req_Mod_Test Data.xls' and sheet name 'Login'

2018-07-10 15:00:57 - [TEST_STEP][PASSED] - Statement - println(enterVal): null

2018-07-10 15:00:57 - [TEST_STEP][PASSED] - Statement - val = new com.kms.katalon.core.testobject.TestObject(enterVal).addProperty("xpath", EQUALS, enterVal, true): null

2018-07-10 15:00:57 - [TEST_STEP][PASSED] - waitForElementVisible: Object '//input[@name='BRANCH_NAME']' is visible

2018-07-10 15:00:57 - [MESSAGE][PASSED] - Object '//input[@name='BRANCH_NAME']' is visible

2018-07-10 15:00:57 - [TEST_STEP][PASSED] - Statement - dataVal = com.kms.katalon.core.testdata.TestDataFactory.findTestData(Req_Mod_Test Data).getValue(i, 3): Reading excel file with source file 'C:\Users\arokia.raj\Desktop\Req_Mod_Test Data.xls' and sheet name 'Login'

2018-07-10 15:00:57 - [TEST_STEP][PASSED] - Statement - println(dataVal): null

2018-07-10 15:00:57 - [TEST_STEP][PASSED] - setText: Text 'Chennai' is set on object '//input[@name='BRANCH_NAME']'

2018-07-10 15:00:58 - [MESSAGE][PASSED] - Text 'Chennai' is set on object '//input[@name='BRANCH_NAME']'

2018-07-10 15:00:58 - [TEST_STEP][PASSED] - delay: Delayed 1 second(s)

2018-07-10 15:00:59 - [MESSAGE][PASSED] - Delayed 1 second(s)

2018-07-10 15:00:59 - [TEST_STEP][PASSED] - Statement - enterVal = "//input[@name='" + com.kms.katalon.core.testdata.TestDataFactory.findTestData(Req_Mod_Test Data).getValue(i, 2).trim() + "']": Reading excel file with source file 'C:\Users\arokia.raj\Desktop\Req_Mod_Test Data.xls' and sheet name 'Login'

2018-07-10 15:00:59 - [TEST_STEP][PASSED] - Statement - println(enterVal): null

2018-07-10 15:00:59 - [TEST_STEP][PASSED] - Statement - val = new com.kms.katalon.core.testobject.TestObject(enterVal).addProperty("xpath", EQUALS, enterVal, true): null

2018-07-10 15:00:59 - [TEST_STEP][PASSED] - waitForElementVisible: Object '//input[@name='IFSC_CODE']' is visible

2018-07-10 15:00:59 - [MESSAGE][PASSED] - Object '//input[@name='IFSC_CODE']' is visible

2018-07-10 15:00:59 - [TEST_STEP][PASSED] - Statement - dataVal = com.kms.katalon.core.testdata.TestDataFactory.findTestData(Req_Mod_Test Data).getValue(i, 3): Reading excel file with source file 'C:\Users\arokia.raj\Desktop\Req_Mod_Test Data.xls' and sheet name 'Login'

2018-07-10 15:00:59 - [TEST_STEP][PASSED] - Statement - println(dataVal): null

2018-07-10 15:00:59 - [TEST_STEP][PASSED] - setText: Text 'HDFC12345' is set on object '//input[@name='IFSC_CODE']'

2018-07-10 15:01:00 - [MESSAGE][PASSED] - Text 'HDFC12345' is set on object '//input[@name='IFSC_CODE']'

2018-07-10 15:01:00 - [TEST_STEP][PASSED] - delay: Delayed 1 second(s)

2018-07-10 15:01:01 - [MESSAGE][PASSED] - Delayed 1 second(s)

2018-07-10 15:01:01 - [TEST_STEP][PASSED] - Statement - enterVal = "//input[@name='" + com.kms.katalon.core.testdata.TestDataFactory.findTestData(Req_Mod_Test Data).getValue(i, 2).trim() + "']": Reading excel file with source file 'C:\Users\arokia.raj\Desktop\Req_Mod_Test Data.xls' and sheet name 'Login'

2018-07-10 15:01:01 - [TEST_STEP][PASSED] - Statement - println(enterVal): null

2018-07-10 15:01:01 - [TEST_STEP][PASSED] - Statement - val = new com.kms.katalon.core.testobject.TestObject(enterVal).addProperty("xpath", EQUALS, enterVal, true): null

2018-07-10 15:01:01 - [TEST_STEP][PASSED] - waitForElementVisible: Object '//input[@name='ADD_NOMINEE']' is visible

2018-07-10 15:01:01 - [MESSAGE][PASSED] - Object '//input[@name='ADD_NOMINEE']' is visible

2018-07-10 15:01:01 - [TEST_STEP][PASSED] - Statement - dataVal = com.kms.katalon.core.testdata.TestDataFactory.findTestData(Req_Mod_Test Data).getValue(i, 3): Reading excel file with source file 'C:\Users\arokia.raj\Desktop\Req_Mod_Test Data.xls' and sheet name 'Login'

2018-07-10 15:01:01 - [TEST_STEP][PASSED] - Statement - println(dataVal): null

2018-07-10 15:01:01 - [TEST_STEP][PASSED] - setText: Text 'Y' is set on object '//input[@name='ADD_NOMINEE']'

2018-07-10 15:01:02 - [MESSAGE][PASSED] - Text 'Y' is set on object '//input[@name='ADD_NOMINEE']'

2018-07-10 15:01:02 - [TEST_STEP][PASSED] - delay: Delayed 1 second(s)

2018-07-10 15:01:03 - [MESSAGE][PASSED] - Delayed 1 second(s)

2018-07-10 15:01:03 - [TEST_STEP][PASSED] - Statement - enterVal = "//input[@name='" + com.kms.katalon.core.testdata.TestDataFactory.findTestData(Req_Mod_Test Data).getValue(i, 2).trim() + "']": Reading excel file with source file 'C:\Users\arokia.raj\Desktop\Req_Mod_Test Data.xls' and sheet name 'Login'

2018-07-10 15:01:03 - [TEST_STEP][PASSED] - Statement - println(enterVal): null

2018-07-10 15:01:03 - [TEST_STEP][PASSED] - Statement - val = new com.kms.katalon.core.testobject.TestObject(enterVal).addProperty("xpath", EQUALS, enterVal, true): null

2018-07-10 15:01:03 - [TEST_STEP][PASSED] - waitForElementVisible: Object '//input[@name='NOMINEE_NAME']' is visible

2018-07-10 15:01:03 - [MESSAGE][PASSED] - Object '//input[@name='NOMINEE_NAME']' is visible

2018-07-10 15:01:03 - [TEST_STEP][PASSED] - Statement - dataVal = com.kms.katalon.core.testdata.TestDataFactory.findTestData(Req_Mod_Test Data).getValue(i, 3): Reading excel file with source file 'C:\Users\arokia.raj\Desktop\Req_Mod_Test Data.xls' and sheet name 'Login'

2018-07-10 15:01:03 - [TEST_STEP][PASSED] - Statement - println(dataVal): null

2018-07-10 15:01:03 - [TEST_STEP][PASSED] - setText: Text 'Vishe' is set on object '//input[@name='NOMINEE_NAME']'

2018-07-10 15:01:03 - [MESSAGE][PASSED] - Text 'Vishe' is set on object '//input[@name='NOMINEE_NAME']'

2018-07-10 15:01:03 - [TEST_STEP][PASSED] - delay: Delayed 1 second(s)

2018-07-10 15:01:04 - [MESSAGE][PASSED] - Delayed 1 second(s)

2018-07-10 15:01:04 - [TEST_STEP][PASSED] - Statement - enterVal = "//input[@name='" + com.kms.katalon.core.testdata.TestDataFactory.findTestData(Req_Mod_Test Data).getValue(i, 2).trim() + "']": Reading excel file with source file 'C:\Users\arokia.raj\Desktop\Req_Mod_Test Data.xls' and sheet name 'Login'

2018-07-10 15:01:04 - [TEST_STEP][PASSED] - Statement - println(enterVal): null

2018-07-10 15:01:04 - [TEST_STEP][PASSED] - Statement - val = new com.kms.katalon.core.testobject.TestObject(enterVal).addProperty("xpath", EQUALS, enterVal, true): null

2018-07-10 15:01:04 - [TEST_STEP][PASSED] - waitForElementVisible: Object '//input[@name='IS_NOMINEE_MINOR']' is visible

2018-07-10 15:01:05 - [MESSAGE][PASSED] - Object '//input[@name='IS_NOMINEE_MINOR']' is visible

2018-07-10 15:01:05 - [TEST_STEP][PASSED] - Statement - dataVal = com.kms.katalon.core.testdata.TestDataFactory.findTestData(Req_Mod_Test Data).getValue(i, 3): Reading excel file with source file 'C:\Users\arokia.raj\Desktop\Req_Mod_Test Data.xls' and sheet name 'Login'

2018-07-10 15:01:05 - [TEST_STEP][PASSED] - Statement - println(dataVal): null

2018-07-10 15:01:05 - [TEST_STEP][PASSED] - setText: Text 'N' is set on object '//input[@name='IS_NOMINEE_MINOR']'

2018-07-10 15:01:05 - [MESSAGE][PASSED] - Text 'N' is set on object '//input[@name='IS_NOMINEE_MINOR']'

2018-07-10 15:01:05 - [TEST_STEP][PASSED] - delay: Delayed 1 second(s)

2018-07-10 15:01:06 - [MESSAGE][PASSED] - Delayed 1 second(s)

2018-07-10 15:01:06 - [TEST_STEP][PASSED] - Statement - enterVal = "//input[@name='" + com.kms.katalon.core.testdata.TestDataFactory.findTestData(Req_Mod_Test Data).getValue(i, 2).trim() + "']": Reading excel file with source file 'C:\Users\arokia.raj\Desktop\Req_Mod_Test Data.xls' and sheet name 'Login'

2018-07-10 15:01:06 - [TEST_STEP][PASSED] - Statement - println(enterVal): null

2018-07-10 15:01:06 - [TEST_STEP][PASSED] - Statement - val = new com.kms.katalon.core.testobject.TestObject(enterVal).addProperty("xpath", EQUALS, enterVal, true): null

2018-07-10 15:01:06 - [TEST_STEP][PASSED] - waitForElementVisible: Object '//input[@name='RELATIONSHIP']' is visible

2018-07-10 15:01:06 - [MESSAGE][PASSED] - Object '//input[@name='RELATIONSHIP']' is visible

2018-07-10 15:01:06 - [TEST_STEP][PASSED] - Statement - dataVal = com.kms.katalon.core.testdata.TestDataFactory.findTestData(Req_Mod_Test Data).getValue(i, 3): Reading excel file with source file 'C:\Users\arokia.raj\Desktop\Req_Mod_Test Data.xls' and sheet name 'Login'

2018-07-10 15:01:07 - [TEST_STEP][PASSED] - Statement - println(dataVal): null

2018-07-10 15:01:07 - [TEST_STEP][PASSED] - setText: Text 'az' is set on object '//input[@name='RELATIONSHIP']'

2018-07-10 15:01:08 - [MESSAGE][PASSED] - Text 'az' is set on object '//input[@name='RELATIONSHIP']'

2018-07-10 15:01:08 - [TEST_STEP][PASSED] - delay: Delayed 1 second(s)

2018-07-10 15:01:09 - [MESSAGE][PASSED] - Delayed 1 second(s)

2018-07-10 15:01:09 - [TEST_STEP][PASSED] - Statement - enterVal = "//input[@name='" + com.kms.katalon.core.testdata.TestDataFactory.findTestData(Req_Mod_Test Data).getValue(i, 2).trim() + "']": Reading excel file with source file 'C:\Users\arokia.raj\Desktop\Req_Mod_Test Data.xls' and sheet name 'Login'

2018-07-10 15:01:09 - [TEST_STEP][PASSED] - Statement - println(enterVal): null

2018-07-10 15:01:09 - [TEST_STEP][PASSED] - Statement - val = new com.kms.katalon.core.testobject.TestObject(enterVal).addProperty("xpath", EQUALS, enterVal, true): null

2018-07-10 15:01:09 - [TEST_STEP][PASSED] - waitForElementVisible: Object '//input[@name='NOMINEE_ADDRESS']' is visible

2018-07-10 15:01:09 - [MESSAGE][PASSED] - Object '//input[@name='NOMINEE_ADDRESS']' is visible

2018-07-10 15:01:09 - [TEST_STEP][PASSED] - Statement - dataVal = com.kms.katalon.core.testdata.TestDataFactory.findTestData(Req_Mod_Test Data).getValue(i, 3): Reading excel file with source file 'C:\Users\arokia.raj\Desktop\Req_Mod_Test Data.xls' and sheet name 'Login'

2018-07-10 15:01:09 - [TEST_STEP][PASSED] - Statement - println(dataVal): null

2018-07-10 15:01:09 - [TEST_STEP][PASSED] - setText: Text 'Chennai' is set on object '//input[@name='NOMINEE_ADDRESS']'

2018-07-10 15:01:10 - [MESSAGE][PASSED] - Text 'Chennai' is set on object '//input[@name='NOMINEE_ADDRESS']'

2018-07-10 15:01:10 - [TEST_STEP][PASSED] - delay: Delayed 1 second(s)

2018-07-10 15:01:11 - [MESSAGE][PASSED] - Delayed 1 second(s)

2018-07-10 15:01:11 - [TEST_STEP][PASSED] - Statement - enterVal = "//input[@name='" + com.kms.katalon.core.testdata.TestDataFactory.findTestData(Req_Mod_Test Data).getValue(i, 2).trim() + "']": Reading excel file with source file 'C:\Users\arokia.raj\Desktop\Req_Mod_Test Data.xls' and sheet name 'Login'

2018-07-10 15:01:11 - [TEST_STEP][PASSED] - Statement - println(enterVal): null

2018-07-10 15:01:11 - [TEST_STEP][PASSED] - Statement - val = new com.kms.katalon.core.testobject.TestObject(enterVal).addProperty("xpath", EQUALS, enterVal, true): null

2018-07-10 15:01:11 - [TEST_STEP][PASSED] - waitForElementVisible: Object '//input[@name='PANCARD']' is visible

2018-07-10 15:01:11 - [MESSAGE][PASSED] - Object '//input[@name='PANCARD']' is visible

2018-07-10 15:01:11 - [TEST_STEP][PASSED] - Statement - dataVal = com.kms.katalon.core.testdata.TestDataFactory.findTestData(Req_Mod_Test Data).getValue(i, 3): Reading excel file with source file 'C:\Users\arokia.raj\Desktop\Req_Mod_Test Data.xls' and sheet name 'Login'

2018-07-10 15:01:11 - [TEST_STEP][PASSED] - Statement - println(dataVal): null

2018-07-10 15:01:11 - [TEST_STEP][PASSED] - setText: Text '123344566' is set on object '//input[@name='PANCARD']'

2018-07-10 15:01:11 - [MESSAGE][PASSED] - Text '123344566' is set on object '//input[@name='PANCARD']'

2018-07-10 15:01:11 - [TEST_STEP][PASSED] - delay: Delayed 1 second(s)

2018-07-10 15:01:12 - [MESSAGE][PASSED] - Delayed 1 second(s)

2018-07-10 15:01:12 - [TEST_STEP][PASSED] - Statement - enterVal = "//input[@name='" + com.kms.katalon.core.testdata.TestDataFactory.findTestData(Req_Mod_Test Data).getValue(i, 2).trim() + "']": Reading excel file with source file 'C:\Users\arokia.raj\Desktop\Req_Mod_Test Data.xls' and sheet name 'Login'

2018-07-10 15:01:12 - [TEST_STEP][PASSED] - Statement - println(enterVal): null

2018-07-10 15:01:12 - [TEST_STEP][PASSED] - Statement - val = new com.kms.katalon.core.testobject.TestObject(enterVal).addProperty("xpath", EQUALS, enterVal, true): null

2018-07-10 15:01:12 - [TEST_STEP][PASSED] - waitForElementVisible: Object '//input[@name='SSN']' is visible

2018-07-10 15:01:13 - [MESSAGE][PASSED] - Object '//input[@name='SSN']' is visible

2018-07-10 15:01:13 - [TEST_STEP][PASSED] - Statement - dataVal = com.kms.katalon.core.testdata.TestDataFactory.findTestData(Req_Mod_Test Data).getValue(i, 3): Reading excel file with source file 'C:\Users\arokia.raj\Desktop\Req_Mod_Test Data.xls' and sheet name 'Login'

2018-07-10 15:01:13 - [TEST_STEP][PASSED] - Statement - println(dataVal): null

2018-07-10 15:01:13 - [TEST_STEP][PASSED] - setText: Text '1234' is set on object '//input[@name='SSN']'

2018-07-10 15:01:13 - [MESSAGE][PASSED] - Text '1234' is set on object '//input[@name='SSN']'

2018-07-10 15:01:13 - [TEST_STEP][PASSED] - delay: Delayed 1 second(s)

2018-07-10 15:01:15 - [MESSAGE][PASSED] - Delayed 1 second(s)

2018-07-10 15:01:15 - [TEST_STEP][PASSED] - delay: Delayed 3 second(s)

2018-07-10 15:01:18 - [MESSAGE][PASSED] - Delayed 3 second(s)

2018-07-10 15:01:18 - [TEST_STEP][PASSED] - click: Object: 'Object Repository/Model House RM Test/Page_Canvas World/click_submit' is clicked on

2018-07-10 15:01:19 - [MESSAGE][PASSED] - Object: 'Object Repository/Model House RM Test/Page_Canvas World/click_submit' is clicked on

2018-07-10 15:01:19 - [TEST_STEP][PASSED] - delay: Delayed 3 second(s)

2018-07-10 15:01:22 - [MESSAGE][PASSED] - Delayed 3 second(s)

2018-07-10 15:01:22 - [TEST_STEP][PASSED] - Statement - readAccNo = "//span[@name='ACCOUNT_ID']": null

2018-07-10 15:01:22 - [TEST_STEP][PASSED] - Statement - println(readAccNo): null

2018-07-10 15:01:22 - [TEST_STEP][PASSED] - Statement - dO = new com.kms.katalon.core.testobject.TestObject(readAccNo).addProperty("xpath", EQUALS, readAccNo, true): null

2018-07-10 15:01:22 - [TEST_STEP][PASSED] - waitForElementVisible: Object '//span[@name='ACCOUNT_ID']' is visible

2018-07-10 15:01:22 - [MESSAGE][PASSED] - Object '//span[@name='ACCOUNT_ID']' is visible

2018-07-10 15:01:22 - [TEST_STEP][PASSED] - Statement - accNo = com.kms.katalon.core.webui.keyword.WebUiBuiltInKeywords.getText(dO): Text of object '//span[@name='ACCOUNT_ID']' is: '694129764'

2018-07-10 15:01:22 - [MESSAGE][PASSED] - Text of object '//span[@name='ACCOUNT_ID']' is: '694129764'

2018-07-10 15:01:22 - [TEST_STEP][PASSED] - Statement - println(accNo): null

2018-07-10 15:01:22 - [TEST_STEP][PASSED] - Statement - assert accNo == acc_No: null

2018-07-10 15:01:22 - [TEST_STEP][PASSED] - delay: Delayed 2 second(s)

2018-07-10 15:01:24 - [MESSAGE][PASSED] - Delayed 2 second(s)

2018-07-10 15:01:24 - [TEST_STEP][PASSED] - Statement - For ([i = 17, i <= 19, (i++)]): Delayed 1 second(s)

2018-07-10 15:01:24 - [TEST_STEP][PASSED] - Statement - readStatus = "//span[@name='" + com.kms.katalon.core.testdata.TestDataFactory.findTestData(Req_Mod_Test Data).getValue(i, 2).trim() + "']": Reading excel file with source file 'C:\Users\arokia.raj\Desktop\Req_Mod_Test Data.xls' and sheet name 'Login'

2018-07-10 15:01:24 - [TEST_STEP][PASSED] - Statement - println(readStatus): null

2018-07-10 15:01:24 - [TEST_STEP][PASSED] - Statement - getVal = new com.kms.katalon.core.testobject.TestObject(readStatus).addProperty("xpath", EQUALS, readStatus, true): null

2018-07-10 15:01:24 - [TEST_STEP][PASSED] - waitForElementVisible: Object '//span[@name='USERNAME']' is visible

2018-07-10 15:01:24 - [MESSAGE][PASSED] - Object '//span[@name='USERNAME']' is visible

2018-07-10 15:01:24 - [TEST_STEP][PASSED] - Statement - value = com.kms.katalon.core.webui.keyword.WebUiBuiltInKeywords.getText(getVal): Text of object '//span[@name='USERNAME']' is: 'Sheepa'

2018-07-10 15:01:24 - [MESSAGE][PASSED] - Text of object '//span[@name='USERNAME']' is: 'Sheepa'

2018-07-10 15:01:24 - [TEST_STEP][PASSED] - Statement - println(value): null

2018-07-10 15:01:24 - [TEST_STEP][PASSED] - Statement - assert value == com.kms.katalon.core.testdata.TestDataFactory.findTestData(Req_Mod_Test Data).getValue(i, 3): Reading excel file with source file 'C:\Users\arokia.raj\Desktop\Req_Mod_Test Data.xls' and sheet name 'Login'

2018-07-10 15:01:24 - [TEST_STEP][PASSED] - delay: Delayed 1 second(s)

2018-07-10 15:01:25 - [MESSAGE][PASSED] - Delayed 1 second(s)

2018-07-10 15:01:25 - [TEST_STEP][PASSED] - Statement - readStatus = "//span[@name='" + com.kms.katalon.core.testdata.TestDataFactory.findTestData(Req_Mod_Test Data).getValue(i, 2).trim() + "']": Reading excel file with source file 'C:\Users\arokia.raj\Desktop\Req_Mod_Test Data.xls' and sheet name 'Login'

2018-07-10 15:01:25 - [TEST_STEP][PASSED] - Statement - println(readStatus): null

2018-07-10 15:01:25 - [TEST_STEP][PASSED] - Statement - getVal = new com.kms.katalon.core.testobject.TestObject(readStatus).addProperty("xpath", EQUALS, readStatus, true): null

2018-07-10 15:01:25 - [TEST_STEP][PASSED] - waitForElementVisible: Object '//span[@name='PASSWORD1']' is visible

2018-07-10 15:01:25 - [MESSAGE][PASSED] - Object '//span[@name='PASSWORD1']' is visible

2018-07-10 15:01:25 - [TEST_STEP][PASSED] - Statement - value = com.kms.katalon.core.webui.keyword.WebUiBuiltInKeywords.getText(getVal): Text of object '//span[@name='PASSWORD1']' is: '12345'

2018-07-10 15:01:25 - [MESSAGE][PASSED] - Text of object '//span[@name='PASSWORD1']' is: '12345'

2018-07-10 15:01:25 - [TEST_STEP][PASSED] - Statement - println(value): null

2018-07-10 15:01:25 - [TEST_STEP][PASSED] - Statement - assert value == com.kms.katalon.core.testdata.TestDataFactory.findTestData(Req_Mod_Test Data).getValue(i, 3): Reading excel file with source file 'C:\Users\arokia.raj\Desktop\Req_Mod_Test Data.xls' and sheet name 'Login'

2018-07-10 15:01:25 - [TEST_STEP][PASSED] - delay: Delayed 1 second(s)

2018-07-10 15:01:26 - [MESSAGE][PASSED] - Delayed 1 second(s)

2018-07-10 15:01:26 - [TEST_STEP][PASSED] - Statement - readStatus = "//span[@name='" + com.kms.katalon.core.testdata.TestDataFactory.findTestData(Req_Mod_Test Data).getValue(i, 2).trim() + "']": Reading excel file with source file 'C:\Users\arokia.raj\Desktop\Req_Mod_Test Data.xls' and sheet name 'Login'

2018-07-10 15:01:26 - [TEST_STEP][PASSED] - Statement - println(readStatus): null

2018-07-10 15:01:26 - [TEST_STEP][PASSED] - Statement - getVal = new com.kms.katalon.core.testobject.TestObject(readStatus).addProperty("xpath", EQUALS, readStatus, true): null

2018-07-10 15:01:26 - [TEST_STEP][PASSED] - waitForElementVisible: Object '//span[@name='CONFIRM_PASSWORD']' is visible

2018-07-10 15:01:26 - [MESSAGE][PASSED] - Object '//span[@name='CONFIRM_PASSWORD']' is visible

2018-07-10 15:01:26 - [TEST_STEP][PASSED] - Statement - value = com.kms.katalon.core.webui.keyword.WebUiBuiltInKeywords.getText(getVal): Text of object '//span[@name='CONFIRM_PASSWORD']' is: '12345'

2018-07-10 15:01:26 - [MESSAGE][PASSED] - Text of object '//span[@name='CONFIRM_PASSWORD']' is: '12345'

2018-07-10 15:01:26 - [TEST_STEP][PASSED] - Statement - println(value): null

2018-07-10 15:01:26 - [TEST_STEP][PASSED] - Statement - assert value == com.kms.katalon.core.testdata.TestDataFactory.findTestData(Req_Mod_Test Data).getValue(i, 3): Reading excel file with source file 'C:\Users\arokia.raj\Desktop\Req_Mod_Test Data.xls' and sheet name 'Login'

2018-07-10 15:01:26 - [TEST_STEP][PASSED] - delay: Delayed 1 second(s)

2018-07-10 15:01:27 - [MESSAGE][PASSED] - Delayed 1 second(s)

2018-07-10 15:01:27 - [TEST_STEP][PASSED] - delay: Delayed 1 second(s)

2018-07-10 15:01:28 - [MESSAGE][PASSED] - Delayed 1 second(s)

2018-07-10 15:01:28 - [TEST_STEP][PASSED] - click: Object: 'Object Repository/Req_Mod_Demo/mod_next' is clicked on

2018-07-10 15:01:29 - [MESSAGE][PASSED] - Object: 'Object Repository/Req_Mod_Demo/mod_next' is clicked on

2018-07-10 15:01:29 - [TEST_STEP][PASSED] - delay: Delayed 1 second(s)

2018-07-10 15:01:30 - [MESSAGE][PASSED] - Delayed 1 second(s)

2018-07-10 15:01:30 - [TEST_STEP][PASSED] - Statement - For ([i = 20, i <= 26, (i++)]): Delayed 1 second(s)

2018-07-10 15:01:30 - [TEST_STEP][PASSED] - Statement - readStatus = "//span[@name='" + com.kms.katalon.core.testdata.TestDataFactory.findTestData(Req_Mod_Test Data).getValue(i, 2).trim() + "']": Reading excel file with source file 'C:\Users\arokia.raj\Desktop\Req_Mod_Test Data.xls' and sheet name 'Login'

2018-07-10 15:01:30 - [TEST_STEP][PASSED] - Statement - println(readStatus): null

2018-07-10 15:01:30 - [TEST_STEP][PASSED] - Statement - getVal = new com.kms.katalon.core.testobject.TestObject(readStatus).addProperty("xpath", EQUALS, readStatus, true): null

2018-07-10 15:01:30 - [TEST_STEP][PASSED] - waitForElementVisible: Object '//span[@name='NAME']' is visible

2018-07-10 15:01:30 - [MESSAGE][PASSED] - Object '//span[@name='NAME']' is visible

2018-07-10 15:01:30 - [TEST_STEP][PASSED] - Statement - value = com.kms.katalon.core.webui.keyword.WebUiBuiltInKeywords.getText(getVal): Text of object '//span[@name='NAME']' is: 'Sheepa'

2018-07-10 15:01:30 - [MESSAGE][PASSED] - Text of object '//span[@name='NAME']' is: 'Sheepa'

2018-07-10 15:01:30 - [TEST_STEP][PASSED] - Statement - println(value): null

2018-07-10 15:01:30 - [TEST_STEP][PASSED] - Statement - assert value == com.kms.katalon.core.testdata.TestDataFactory.findTestData(Req_Mod_Test Data).getValue(i, 3): Reading excel file with source file 'C:\Users\arokia.raj\Desktop\Req_Mod_Test Data.xls' and sheet name 'Login'

2018-07-10 15:01:30 - [TEST_STEP][PASSED] - delay: Delayed 1 second(s)

2018-07-10 15:01:31 - [MESSAGE][PASSED] - Delayed 1 second(s)

2018-07-10 15:01:31 - [TEST_STEP][PASSED] - Statement - readStatus = "//span[@name='" + com.kms.katalon.core.testdata.TestDataFactory.findTestData(Req_Mod_Test Data).getValue(i, 2).trim() + "']": Reading excel file with source file 'C:\Users\arokia.raj\Desktop\Req_Mod_Test Data.xls' and sheet name 'Login'

2018-07-10 15:01:31 - [TEST_STEP][PASSED] - Statement - println(readStatus): null

2018-07-10 15:01:31 - [TEST_STEP][PASSED] - Statement - getVal = new com.kms.katalon.core.testobject.TestObject(readStatus).addProperty("xpath", EQUALS, readStatus, true): null

2018-07-10 15:01:31 - [TEST_STEP][PASSED] - waitForElementVisible: Object '//span[@name='EMAIL']' is visible

2018-07-10 15:01:31 - [MESSAGE][PASSED] - Object '//span[@name='EMAIL']' is visible

2018-07-10 15:01:31 - [TEST_STEP][PASSED] - Statement - value = com.kms.katalon.core.webui.keyword.WebUiBuiltInKeywords.getText(getVal): Text of object '//span[@name='EMAIL']' is: 'sheepa@gmail.com'

2018-07-10 15:01:31 - [MESSAGE][PASSED] - Text of object '//span[@name='EMAIL']' is: 'sheepa@gmail.com'

2018-07-10 15:01:31 - [TEST_STEP][PASSED] - Statement - println(value): null

2018-07-10 15:01:31 - [TEST_STEP][PASSED] - Statement - assert value == com.kms.katalon.core.testdata.TestDataFactory.findTestData(Req_Mod_Test Data).getValue(i, 3): Reading excel file with source file 'C:\Users\arokia.raj\Desktop\Req_Mod_Test Data.xls' and sheet name 'Login'

2018-07-10 15:01:31 - [TEST_STEP][PASSED] - delay: Delayed 1 second(s)

2018-07-10 15:01:32 - [MESSAGE][PASSED] - Delayed 1 second(s)

2018-07-10 15:01:32 - [TEST_STEP][PASSED] - Statement - readStatus = "//span[@name='" + com.kms.katalon.core.testdata.TestDataFactory.findTestData(Req_Mod_Test Data).getValue(i, 2).trim() + "']": Reading excel file with source file 'C:\Users\arokia.raj\Desktop\Req_Mod_Test Data.xls' and sheet name 'Login'

2018-07-10 15:01:32 - [TEST_STEP][PASSED] - Statement - println(readStatus): null

2018-07-10 15:01:32 - [TEST_STEP][PASSED] - Statement - getVal = new com.kms.katalon.core.testobject.TestObject(readStatus).addProperty("xpath", EQUALS, readStatus, true): null

2018-07-10 15:01:32 - [TEST_STEP][PASSED] - waitForElementVisible: Object '//span[@name='PHONE']' is visible

2018-07-10 15:01:32 - [MESSAGE][PASSED] - Object '//span[@name='PHONE']' is visible

2018-07-10 15:01:32 - [TEST_STEP][PASSED] - Statement - value = com.kms.katalon.core.webui.keyword.WebUiBuiltInKeywords.getText(getVal): Text of object '//span[@name='PHONE']' is: '12345678989'

2018-07-10 15:01:32 - [MESSAGE][PASSED] - Text of object '//span[@name='PHONE']' is: '12345678989'

2018-07-10 15:01:32 - [TEST_STEP][PASSED] - Statement - println(value): null

2018-07-10 15:01:32 - [TEST_STEP][PASSED] - Statement - assert value == com.kms.katalon.core.testdata.TestDataFactory.findTestData(Req_Mod_Test Data).getValue(i, 3): Reading excel file with source file 'C:\Users\arokia.raj\Desktop\Req_Mod_Test Data.xls' and sheet name 'Login'

2018-07-10 15:01:32 - [TEST_STEP][PASSED] - delay: Delayed 1 second(s)

2018-07-10 15:01:33 - [MESSAGE][PASSED] - Delayed 1 second(s)

2018-07-10 15:01:33 - [TEST_STEP][PASSED] - Statement - readStatus = "//span[@name='" + com.kms.katalon.core.testdata.TestDataFactory.findTestData(Req_Mod_Test Data).getValue(i, 2).trim() + "']": Reading excel file with source file 'C:\Users\arokia.raj\Desktop\Req_Mod_Test Data.xls' and sheet name 'Login'

2018-07-10 15:01:33 - [TEST_STEP][PASSED] - Statement - println(readStatus): null

2018-07-10 15:01:33 - [TEST_STEP][PASSED] - Statement - getVal = new com.kms.katalon.core.testobject.TestObject(readStatus).addProperty("xpath", EQUALS, readStatus, true): null

2018-07-10 15:01:33 - [TEST_STEP][PASSED] - waitForElementVisible: Object '//span[@name='GENDER']' is visible

2018-07-10 15:01:33 - [MESSAGE][PASSED] - Object '//span[@name='GENDER']' is visible

2018-07-10 15:01:33 - [TEST_STEP][PASSED] - Statement - value = com.kms.katalon.core.webui.keyword.WebUiBuiltInKeywords.getText(getVal): Text of object '//span[@name='GENDER']' is: 'Female'

2018-07-10 15:01:33 - [MESSAGE][PASSED] - Text of object '//span[@name='GENDER']' is: 'Female'

2018-07-10 15:01:33 - [TEST_STEP][PASSED] - Statement - println(value): null

2018-07-10 15:01:33 - [TEST_STEP][PASSED] - Statement - assert value == com.kms.katalon.core.testdata.TestDataFactory.findTestData(Req_Mod_Test Data).getValue(i, 3): Reading excel file with source file 'C:\Users\arokia.raj\Desktop\Req_Mod_Test Data.xls' and sheet name 'Login'

2018-07-10 15:01:33 - [TEST_STEP][PASSED] - delay: Delayed 1 second(s)

2018-07-10 15:01:34 - [MESSAGE][PASSED] - Delayed 1 second(s)

2018-07-10 15:01:34 - [TEST_STEP][PASSED] - Statement - readStatus = "//span[@name='" + com.kms.katalon.core.testdata.TestDataFactory.findTestData(Req_Mod_Test Data).getValue(i, 2).trim() + "']": Reading excel file with source file 'C:\Users\arokia.raj\Desktop\Req_Mod_Test Data.xls' and sheet name 'Login'

2018-07-10 15:01:34 - [TEST_STEP][PASSED] - Statement - println(readStatus): null

2018-07-10 15:01:34 - [TEST_STEP][PASSED] - Statement - getVal = new com.kms.katalon.core.testobject.TestObject(readStatus).addProperty("xpath", EQUALS, readStatus, true): null

2018-07-10 15:01:34 - [TEST_STEP][PASSED] - waitForElementVisible: Object '//span[@name='ADDRESS']' is visible

2018-07-10 15:01:35 - [MESSAGE][PASSED] - Object '//span[@name='ADDRESS']' is visible

2018-07-10 15:01:35 - [TEST_STEP][PASSED] - Statement - value = com.kms.katalon.core.webui.keyword.WebUiBuiltInKeywords.getText(getVal): Text of object '//span[@name='ADDRESS']' is: 'Chennai'

2018-07-10 15:01:35 - [MESSAGE][PASSED] - Text of object '//span[@name='ADDRESS']' is: 'Chennai'

2018-07-10 15:01:35 - [TEST_STEP][PASSED] - Statement - println(value): null

2018-07-10 15:01:35 - [TEST_STEP][PASSED] - Statement - assert value == com.kms.katalon.core.testdata.TestDataFactory.findTestData(Req_Mod_Test Data).getValue(i, 3): Reading excel file with source file 'C:\Users\arokia.raj\Desktop\Req_Mod_Test Data.xls' and sheet name 'Login'

2018-07-10 15:01:35 - [TEST_STEP][PASSED] - delay: Delayed 1 second(s)

2018-07-10 15:01:36 - [MESSAGE][PASSED] - Delayed 1 second(s)

2018-07-10 15:01:36 - [TEST_STEP][PASSED] - Statement - readStatus = "//span[@name='" + com.kms.katalon.core.testdata.TestDataFactory.findTestData(Req_Mod_Test Data).getValue(i, 2).trim() + "']": Reading excel file with source file 'C:\Users\arokia.raj\Desktop\Req_Mod_Test Data.xls' and sheet name 'Login'

2018-07-10 15:01:36 - [TEST_STEP][PASSED] - Statement - println(readStatus): null

2018-07-10 15:01:36 - [TEST_STEP][PASSED] - Statement - getVal = new com.kms.katalon.core.testobject.TestObject(readStatus).addProperty("xpath", EQUALS, readStatus, true): null

2018-07-10 15:01:36 - [TEST_STEP][PASSED] - waitForElementVisible: Object '//span[@name='ZIP_CODE']' is visible

2018-07-10 15:01:36 - [MESSAGE][PASSED] - Object '//span[@name='ZIP_CODE']' is visible

2018-07-10 15:01:36 - [TEST_STEP][PASSED] - Statement - value = com.kms.katalon.core.webui.keyword.WebUiBuiltInKeywords.getText(getVal): Text of object '//span[@name='ZIP_CODE']' is: '123456'

2018-07-10 15:01:36 - [MESSAGE][PASSED] - Text of object '//span[@name='ZIP_CODE']' is: '123456'

2018-07-10 15:01:36 - [TEST_STEP][PASSED] - Statement - println(value): null

2018-07-10 15:01:37 - [TEST_STEP][PASSED] - Statement - assert value == com.kms.katalon.core.testdata.TestDataFactory.findTestData(Req_Mod_Test Data).getValue(i, 3): Reading excel file with source file 'C:\Users\arokia.raj\Desktop\Req_Mod_Test Data.xls' and sheet name 'Login'

2018-07-10 15:01:37 - [TEST_STEP][PASSED] - delay: Delayed 1 second(s)

2018-07-10 15:01:38 - [MESSAGE][PASSED] - Delayed 1 second(s)

2018-07-10 15:01:38 - [TEST_STEP][PASSED] - Statement - readStatus = "//span[@name='" + com.kms.katalon.core.testdata.TestDataFactory.findTestData(Req_Mod_Test Data).getValue(i, 2).trim() + "']": Reading excel file with source file 'C:\Users\arokia.raj\Desktop\Req_Mod_Test Data.xls' and sheet name 'Login'

2018-07-10 15:01:38 - [TEST_STEP][PASSED] - Statement - println(readStatus): null

2018-07-10 15:01:38 - [TEST_STEP][PASSED] - Statement - getVal = new com.kms.katalon.core.testobject.TestObject(readStatus).addProperty("xpath", EQUALS, readStatus, true): null

2018-07-10 15:01:38 - [TEST_STEP][PASSED] - waitForElementVisible: Object '//span[@name='COUNTRY']' is visible

2018-07-10 15:01:38 - [MESSAGE][PASSED] - Object '//span[@name='COUNTRY']' is visible

2018-07-10 15:01:38 - [TEST_STEP][PASSED] - Statement - value = com.kms.katalon.core.webui.keyword.WebUiBuiltInKeywords.getText(getVal): Text of object '//span[@name='COUNTRY']' is: 'India'

2018-07-10 15:01:38 - [MESSAGE][PASSED] - Text of object '//span[@name='COUNTRY']' is: 'India'

2018-07-10 15:01:38 - [TEST_STEP][PASSED] - Statement - println(value): null

2018-07-10 15:01:38 - [TEST_STEP][PASSED] - Statement - assert value == com.kms.katalon.core.testdata.TestDataFactory.findTestData(Req_Mod_Test Data).getValue(i, 3): Reading excel file with source file 'C:\Users\arokia.raj\Desktop\Req_Mod_Test Data.xls' and sheet name 'Login'

2018-07-10 15:01:39 - [TEST_STEP][PASSED] - delay: Delayed 1 second(s)

2018-07-10 15:01:40 - [MESSAGE][PASSED] - Delayed 1 second(s)

2018-07-10 15:01:40 - [TEST_STEP][PASSED] - delay: Delayed 1 second(s)

2018-07-10 15:01:41 - [MESSAGE][PASSED] - Delayed 1 second(s)

2018-07-10 15:01:41 - [TEST_STEP][PASSED] - click: Object: 'Object Repository/Req_Mod_Demo/mod_next' is clicked on

2018-07-10 15:01:41 - [MESSAGE][PASSED] - Object: 'Object Repository/Req_Mod_Demo/mod_next' is clicked on

2018-07-10 15:01:41 - [TEST_STEP][PASSED] - delay: Delayed 1 second(s)

2018-07-10 15:01:42 - [MESSAGE][PASSED] - Delayed 1 second(s)

2018-07-10 15:01:42 - [TEST_STEP][PASSED] - Statement - For ([i = 27, i <= 36, (i++)]): Delayed 1 second(s)

2018-07-10 15:01:42 - [TEST_STEP][PASSED] - Statement - readStatus = "//span[@name='" + com.kms.katalon.core.testdata.TestDataFactory.findTestData(Req_Mod_Test Data).getValue(i, 2).trim() + "']": Reading excel file with source file 'C:\Users\arokia.raj\Desktop\Req_Mod_Test Data.xls' and sheet name 'Login'

2018-07-10 15:01:42 - [TEST_STEP][PASSED] - Statement - println(readStatus): null

2018-07-10 15:01:42 - [TEST_STEP][PASSED] - Statement - getVal = new com.kms.katalon.core.testobject.TestObject(readStatus).addProperty("xpath", EQUALS, readStatus, true): null

2018-07-10 15:01:42 - [TEST_STEP][PASSED] - waitForElementVisible: Object '//span[@name='BANK_NAME']' is visible

2018-07-10 15:01:42 - [MESSAGE][PASSED] - Object '//span[@name='BANK_NAME']' is visible

2018-07-10 15:01:42 - [TEST_STEP][PASSED] - Statement - value = com.kms.katalon.core.webui.keyword.WebUiBuiltInKeywords.getText(getVal): Text of object '//span[@name='BANK_NAME']' is: 'HDFC'

2018-07-10 15:01:42 - [MESSAGE][PASSED] - Text of object '//span[@name='BANK_NAME']' is: 'HDFC'

2018-07-10 15:01:42 - [TEST_STEP][PASSED] - Statement - println(value): null

2018-07-10 15:01:42 - [TEST_STEP][PASSED] - Statement - assert value == com.kms.katalon.core.testdata.TestDataFactory.findTestData(Req_Mod_Test Data).getValue(i, 3): Reading excel file with source file 'C:\Users\arokia.raj\Desktop\Req_Mod_Test Data.xls' and sheet name 'Login'

2018-07-10 15:01:42 - [TEST_STEP][PASSED] - delay: Delayed 1 second(s)

2018-07-10 15:01:43 - [MESSAGE][PASSED] - Delayed 1 second(s)

2018-07-10 15:01:43 - [TEST_STEP][PASSED] - Statement - readStatus = "//span[@name='" + com.kms.katalon.core.testdata.TestDataFactory.findTestData(Req_Mod_Test Data).getValue(i, 2).trim() + "']": Reading excel file with source file 'C:\Users\arokia.raj\Desktop\Req_Mod_Test Data.xls' and sheet name 'Login'

2018-07-10 15:01:43 - [TEST_STEP][PASSED] - Statement - println(readStatus): null

2018-07-10 15:01:43 - [TEST_STEP][PASSED] - Statement - getVal = new com.kms.katalon.core.testobject.TestObject(readStatus).addProperty("xpath", EQUALS, readStatus, true): null

2018-07-10 15:01:43 - [TEST_STEP][PASSED] - waitForElementVisible: Object '//span[@name='BRANCH_NAME']' is visible

2018-07-10 15:01:43 - [MESSAGE][PASSED] - Object '//span[@name='BRANCH_NAME']' is visible

2018-07-10 15:01:43 - [TEST_STEP][PASSED] - Statement - value = com.kms.katalon.core.webui.keyword.WebUiBuiltInKeywords.getText(getVal): Text of object '//span[@name='BRANCH_NAME']' is: 'Chennai'

2018-07-10 15:01:43 - [MESSAGE][PASSED] - Text of object '//span[@name='BRANCH_NAME']' is: 'Chennai'

2018-07-10 15:01:43 - [TEST_STEP][PASSED] - Statement - println(value): null

2018-07-10 15:01:43 - [TEST_STEP][PASSED] - Statement - assert value == com.kms.katalon.core.testdata.TestDataFactory.findTestData(Req_Mod_Test Data).getValue(i, 3): Reading excel file with source file 'C:\Users\arokia.raj\Desktop\Req_Mod_Test Data.xls' and sheet name 'Login'

2018-07-10 15:01:43 - [TEST_STEP][PASSED] - delay: Delayed 1 second(s)

2018-07-10 15:01:44 - [MESSAGE][PASSED] - Delayed 1 second(s)

2018-07-10 15:01:44 - [TEST_STEP][PASSED] - Statement - readStatus = "//span[@name='" + com.kms.katalon.core.testdata.TestDataFactory.findTestData(Req_Mod_Test Data).getValue(i, 2).trim() + "']": Reading excel file with source file 'C:\Users\arokia.raj\Desktop\Req_Mod_Test Data.xls' and sheet name 'Login'

2018-07-10 15:01:44 - [TEST_STEP][PASSED] - Statement - println(readStatus): null

2018-07-10 15:01:44 - [TEST_STEP][PASSED] - Statement - getVal = new com.kms.katalon.core.testobject.TestObject(readStatus).addProperty("xpath", EQUALS, readStatus, true): null

2018-07-10 15:01:44 - [TEST_STEP][PASSED] - waitForElementVisible: Object '//span[@name='IFSC_CODE']' is visible

2018-07-10 15:01:44 - [MESSAGE][PASSED] - Object '//span[@name='IFSC_CODE']' is visible

2018-07-10 15:01:44 - [TEST_STEP][PASSED] - Statement - value = com.kms.katalon.core.webui.keyword.WebUiBuiltInKeywords.getText(getVal): Text of object '//span[@name='IFSC_CODE']' is: 'HDFC12345'

2018-07-10 15:01:44 - [MESSAGE][PASSED] - Text of object '//span[@name='IFSC_CODE']' is: 'HDFC12345'

2018-07-10 15:01:44 - [TEST_STEP][PASSED] - Statement - println(value): null

2018-07-10 15:01:44 - [TEST_STEP][PASSED] - Statement - assert value == com.kms.katalon.core.testdata.TestDataFactory.findTestData(Req_Mod_Test Data).getValue(i, 3): Reading excel file with source file 'C:\Users\arokia.raj\Desktop\Req_Mod_Test Data.xls' and sheet name 'Login'

2018-07-10 15:01:44 - [TEST_STEP][PASSED] - delay: Delayed 1 second(s)

2018-07-10 15:01:46 - [MESSAGE][PASSED] - Delayed 1 second(s)

2018-07-10 15:01:46 - [TEST_STEP][PASSED] - Statement - readStatus = "//span[@name='" + com.kms.katalon.core.testdata.TestDataFactory.findTestData(Req_Mod_Test Data).getValue(i, 2).trim() + "']": Reading excel file with source file 'C:\Users\arokia.raj\Desktop\Req_Mod_Test Data.xls' and sheet name 'Login'

2018-07-10 15:01:46 - [TEST_STEP][PASSED] - Statement - println(readStatus): null

2018-07-10 15:01:46 - [TEST_STEP][PASSED] - Statement - getVal = new com.kms.katalon.core.testobject.TestObject(readStatus).addProperty("xpath", EQUALS, readStatus, true): null

2018-07-10 15:01:46 - [TEST_STEP][PASSED] - waitForElementVisible: Object '//span[@name='ADD_NOMINEE']' is visible

2018-07-10 15:01:46 - [MESSAGE][PASSED] - Object '//span[@name='ADD_NOMINEE']' is visible

2018-07-10 15:01:46 - [TEST_STEP][PASSED] - Statement - value = com.kms.katalon.core.webui.keyword.WebUiBuiltInKeywords.getText(getVal): Text of object '//span[@name='ADD_NOMINEE']' is: 'Y'

2018-07-10 15:01:46 - [MESSAGE][PASSED] - Text of object '//span[@name='ADD_NOMINEE']' is: 'Y'

2018-07-10 15:01:46 - [TEST_STEP][PASSED] - Statement - println(value): null

2018-07-10 15:01:46 - [TEST_STEP][PASSED] - Statement - assert value == com.kms.katalon.core.testdata.TestDataFactory.findTestData(Req_Mod_Test Data).getValue(i, 3): Reading excel file with source file 'C:\Users\arokia.raj\Desktop\Req_Mod_Test Data.xls' and sheet name 'Login'

2018-07-10 15:01:46 - [TEST_STEP][PASSED] - delay: Delayed 1 second(s)

2018-07-10 15:01:47 - [MESSAGE][PASSED] - Delayed 1 second(s)

2018-07-10 15:01:47 - [TEST_STEP][PASSED] - Statement - readStatus = "//span[@name='" + com.kms.katalon.core.testdata.TestDataFactory.findTestData(Req_Mod_Test Data).getValue(i, 2).trim() + "']": Reading excel file with source file 'C:\Users\arokia.raj\Desktop\Req_Mod_Test Data.xls' and sheet name 'Login'

2018-07-10 15:01:47 - [TEST_STEP][PASSED] - Statement - println(readStatus): null

2018-07-10 15:01:47 - [TEST_STEP][PASSED] - Statement - getVal = new com.kms.katalon.core.testobject.TestObject(readStatus).addProperty("xpath", EQUALS, readStatus, true): null

2018-07-10 15:01:47 - [TEST_STEP][PASSED] - waitForElementVisible: Object '//span[@name='NOMINEE_NAME']' is visible

2018-07-10 15:01:47 - [MESSAGE][PASSED] - Object '//span[@name='NOMINEE_NAME']' is visible

2018-07-10 15:01:47 - [TEST_STEP][PASSED] - Statement - value = com.kms.katalon.core.webui.keyword.WebUiBuiltInKeywords.getText(getVal): Text of object '//span[@name='NOMINEE_NAME']' is: 'Vishe'

2018-07-10 15:01:47 - [MESSAGE][PASSED] - Text of object '//span[@name='NOMINEE_NAME']' is: 'Vishe'

2018-07-10 15:01:47 - [TEST_STEP][PASSED] - Statement - println(value): null

2018-07-10 15:01:47 - [TEST_STEP][PASSED] - Statement - assert value == com.kms.katalon.core.testdata.TestDataFactory.findTestData(Req_Mod_Test Data).getValue(i, 3): Reading excel file with source file 'C:\Users\arokia.raj\Desktop\Req_Mod_Test Data.xls' and sheet name 'Login'

2018-07-10 15:01:47 - [TEST_STEP][PASSED] - delay: Delayed 1 second(s)

2018-07-10 15:01:48 - [MESSAGE][PASSED] - Delayed 1 second(s)

2018-07-10 15:01:48 - [TEST_STEP][PASSED] - Statement - readStatus = "//span[@name='" + com.kms.katalon.core.testdata.TestDataFactory.findTestData(Req_Mod_Test Data).getValue(i, 2).trim() + "']": Reading excel file with source file 'C:\Users\arokia.raj\Desktop\Req_Mod_Test Data.xls' and sheet name 'Login'

2018-07-10 15:01:48 - [TEST_STEP][PASSED] - Statement - println(readStatus): null

2018-07-10 15:01:48 - [TEST_STEP][PASSED] - Statement - getVal = new com.kms.katalon.core.testobject.TestObject(readStatus).addProperty("xpath", EQUALS, readStatus, true): null

2018-07-10 15:01:48 - [TEST_STEP][PASSED] - waitForElementVisible: Object '//span[@name='IS_NOMINEE_MINOR']' is visible

2018-07-10 15:01:48 - [MESSAGE][PASSED] - Object '//span[@name='IS_NOMINEE_MINOR']' is visible

2018-07-10 15:01:48 - [TEST_STEP][PASSED] - Statement - value = com.kms.katalon.core.webui.keyword.WebUiBuiltInKeywords.getText(getVal): Text of object '//span[@name='IS_NOMINEE_MINOR']' is: 'N'

2018-07-10 15:01:49 - [MESSAGE][PASSED] - Text of object '//span[@name='IS_NOMINEE_MINOR']' is: 'N'

2018-07-10 15:01:49 - [TEST_STEP][PASSED] - Statement - println(value): null

2018-07-10 15:01:49 - [TEST_STEP][PASSED] - Statement - assert value == com.kms.katalon.core.testdata.TestDataFactory.findTestData(Req_Mod_Test Data).getValue(i, 3): Reading excel file with source file 'C:\Users\arokia.raj\Desktop\Req_Mod_Test Data.xls' and sheet name 'Login'

2018-07-10 15:01:49 - [TEST_STEP][PASSED] - delay: Delayed 1 second(s)

2018-07-10 15:01:50 - [MESSAGE][PASSED] - Delayed 1 second(s)

2018-07-10 15:01:50 - [TEST_STEP][PASSED] - Statement - readStatus = "//span[@name='" + com.kms.katalon.core.testdata.TestDataFactory.findTestData(Req_Mod_Test Data).getValue(i, 2).trim() + "']": Reading excel file with source file 'C:\Users\arokia.raj\Desktop\Req_Mod_Test Data.xls' and sheet name 'Login'

2018-07-10 15:01:50 - [TEST_STEP][PASSED] - Statement - println(readStatus): null

2018-07-10 15:01:50 - [TEST_STEP][PASSED] - Statement - getVal = new com.kms.katalon.core.testobject.TestObject(readStatus).addProperty("xpath", EQUALS, readStatus, true): null

2018-07-10 15:01:50 - [TEST_STEP][PASSED] - waitForElementVisible: Object '//span[@name='RELATIONSHIP']' is visible

2018-07-10 15:01:50 - [MESSAGE][PASSED] - Object '//span[@name='RELATIONSHIP']' is visible

2018-07-10 15:01:50 - [TEST_STEP][PASSED] - Statement - value = com.kms.katalon.core.webui.keyword.WebUiBuiltInKeywords.getText(getVal): Text of object '//span[@name='RELATIONSHIP']' is: 'az'

2018-07-10 15:01:50 - [MESSAGE][PASSED] - Text of object '//span[@name='RELATIONSHIP']' is: 'az'

2018-07-10 15:01:50 - [TEST_STEP][PASSED] - Statement - println(value): null

2018-07-10 15:01:51 - [TEST_STEP][PASSED] - Statement - assert value == com.kms.katalon.core.testdata.TestDataFactory.findTestData(Req_Mod_Test Data).getValue(i, 3): Reading excel file with source file 'C:\Users\arokia.raj\Desktop\Req_Mod_Test Data.xls' and sheet name 'Login'

2018-07-10 15:01:51 - [TEST_STEP][PASSED] - delay: Delayed 1 second(s)

2018-07-10 15:01:52 - [MESSAGE][PASSED] - Delayed 1 second(s)

2018-07-10 15:01:52 - [TEST_STEP][PASSED] - Statement - readStatus = "//span[@name='" + com.kms.katalon.core.testdata.TestDataFactory.findTestData(Req_Mod_Test Data).getValue(i, 2).trim() + "']": Reading excel file with source file 'C:\Users\arokia.raj\Desktop\Req_Mod_Test Data.xls' and sheet name 'Login'

2018-07-10 15:01:52 - [TEST_STEP][PASSED] - Statement - println(readStatus): null

2018-07-10 15:01:52 - [TEST_STEP][PASSED] - Statement - getVal = new com.kms.katalon.core.testobject.TestObject(readStatus).addProperty("xpath", EQUALS, readStatus, true): null

2018-07-10 15:01:52 - [TEST_STEP][PASSED] - waitForElementVisible: Object '//span[@name='NOMINEE_ADDRESS']' is visible

2018-07-10 15:01:52 - [MESSAGE][PASSED] - Object '//span[@name='NOMINEE_ADDRESS']' is visible

2018-07-10 15:01:52 - [TEST_STEP][PASSED] - Statement - value = com.kms.katalon.core.webui.keyword.WebUiBuiltInKeywords.getText(getVal): Text of object '//span[@name='NOMINEE_ADDRESS']' is: 'Chennai'

2018-07-10 15:01:52 - [MESSAGE][PASSED] - Text of object '//span[@name='NOMINEE_ADDRESS']' is: 'Chennai'

2018-07-10 15:01:52 - [TEST_STEP][PASSED] - Statement - println(value): null

2018-07-10 15:01:52 - [TEST_STEP][PASSED] - Statement - assert value == com.kms.katalon.core.testdata.TestDataFactory.findTestData(Req_Mod_Test Data).getValue(i, 3): Reading excel file with source file 'C:\Users\arokia.raj\Desktop\Req_Mod_Test Data.xls' and sheet name 'Login'

2018-07-10 15:01:53 - [TEST_STEP][PASSED] - delay: Delayed 1 second(s)

2018-07-10 15:01:54 - [MESSAGE][PASSED] - Delayed 1 second(s)

2018-07-10 15:01:54 - [TEST_STEP][PASSED] - Statement - readStatus = "//span[@name='" + com.kms.katalon.core.testdata.TestDataFactory.findTestData(Req_Mod_Test Data).getValue(i, 2).trim() + "']": Reading excel file with source file 'C:\Users\arokia.raj\Desktop\Req_Mod_Test Data.xls' and sheet name 'Login'

2018-07-10 15:01:54 - [TEST_STEP][PASSED] - Statement - println(readStatus): null

2018-07-10 15:01:54 - [TEST_STEP][PASSED] - Statement - getVal = new com.kms.katalon.core.testobject.TestObject(readStatus).addProperty("xpath", EQUALS, readStatus, true): null

2018-07-10 15:01:54 - [TEST_STEP][PASSED] - waitForElementVisible: Object '//span[@name='PANCARD']' is visible

2018-07-10 15:01:54 - [MESSAGE][PASSED] - Object '//span[@name='PANCARD']' is visible

2018-07-10 15:01:54 - [TEST_STEP][PASSED] - Statement - value = com.kms.katalon.core.webui.keyword.WebUiBuiltInKeywords.getText(getVal): Text of object '//span[@name='PANCARD']' is: '123344566'

2018-07-10 15:01:54 - [MESSAGE][PASSED] - Text of object '//span[@name='PANCARD']' is: '123344566'

2018-07-10 15:01:54 - [TEST_STEP][PASSED] - Statement - println(value): null

2018-07-10 15:01:54 - [TEST_STEP][PASSED] - Statement - assert value == com.kms.katalon.core.testdata.TestDataFactory.findTestData(Req_Mod_Test Data).getValue(i, 3): Reading excel file with source file 'C:\Users\arokia.raj\Desktop\Req_Mod_Test Data.xls' and sheet name 'Login'

2018-07-10 15:01:54 - [TEST_STEP][PASSED] - delay: Delayed 1 second(s)

2018-07-10 15:01:55 - [MESSAGE][PASSED] - Delayed 1 second(s)

2018-07-10 15:01:55 - [TEST_STEP][PASSED] - Statement - readStatus = "//span[@name='" + com.kms.katalon.core.testdata.TestDataFactory.findTestData(Req_Mod_Test Data).getValue(i, 2).trim() + "']": Reading excel file with source file 'C:\Users\arokia.raj\Desktop\Req_Mod_Test Data.xls' and sheet name 'Login'

2018-07-10 15:01:55 - [TEST_STEP][PASSED] - Statement - println(readStatus): null

2018-07-10 15:01:55 - [TEST_STEP][PASSED] - Statement - getVal = new com.kms.katalon.core.testobject.TestObject(readStatus).addProperty("xpath", EQUALS, readStatus, true): null

2018-07-10 15:01:55 - [TEST_STEP][PASSED] - waitForElementVisible: Object '//span[@name='SSN']' is visible

2018-07-10 15:01:55 - [MESSAGE][PASSED] - Object '//span[@name='SSN']' is visible

2018-07-10 15:01:55 - [TEST_STEP][PASSED] - Statement - value = com.kms.katalon.core.webui.keyword.WebUiBuiltInKeywords.getText(getVal): Text of object '//span[@name='SSN']' is: '1234'

2018-07-10 15:01:55 - [MESSAGE][PASSED] - Text of object '//span[@name='SSN']' is: '1234'

2018-07-10 15:01:55 - [TEST_STEP][PASSED] - Statement - println(value): null

2018-07-10 15:01:55 - [TEST_STEP][PASSED] - Statement - assert value == com.kms.katalon.core.testdata.TestDataFactory.findTestData(Req_Mod_Test Data).getValue(i, 3): Reading excel file with source file 'C:\Users\arokia.raj\Desktop\Req_Mod_Test Data.xls' and sheet name 'Login'

2018-07-10 15:01:55 - [TEST_STEP][PASSED] - delay: Delayed 1 second(s)

2018-07-10 15:01:57 - [MESSAGE][PASSED] - Delayed 1 second(s)

2018-07-10 15:01:57 - [TEST_STEP][PASSED] - delay: Delayed 2 second(s)

2018-07-10 15:01:59 - [MESSAGE][PASSED] - Delayed 2 second(s)

2018-07-10 15:01:59 - [TEST_STEP][PASSED] - click: Object: 'Object Repository/Model House RM Demo/Page_Canvas World/validation_submit' is clicked on

2018-07-10 15:02:00 - [MESSAGE][PASSED] - Object: 'Object Repository/Model House RM Demo/Page_Canvas World/validation_submit' is clicked on

2018-07-10 15:02:00 - [TEST_STEP][PASSED] - delay: Delayed 3 second(s)

2018-07-10 15:02:03 - [MESSAGE][PASSED] - Delayed 3 second(s)

2018-07-10 15:02:03 - [TEST_STEP][PASSED] - click: Object: 'Object Repository/Model House RM Test/Page_Canvas World/success_ok' is clicked on

2018-07-10 15:02:03 - [MESSAGE][PASSED] - Object: 'Object Repository/Model House RM Test/Page_Canvas World/success_ok' is clicked on]]></system-out>
         <system-err><![CDATA[]]></system-err>
      </testcase>
      <testcase name="Test Cases/Smoke Test/Model House Req Mod Approve" classname="Test Cases/Smoke Test/Model House Req Mod Approve" status="PASSED">
         <system-out><![CDATA[2018-07-10 15:02:03 - [TEST_CASE][PASSED] - Test Cases/Smoke Test/Model House Req Mod Approve: Test Cases/Smoke Test/Model House Req Mod Approve

2018-07-10 15:02:03 - [TEST_STEP][PASSED] - Statement - common = com.kms.katalon.core.webui.keyword.WebUiBuiltInKeywords.callTestCase(com.kms.katalon.core.testcase.TestCaseFactory.findTestCase(Test Cases/Studio Smoke Test Cases/ReadExcel), [:]): Call Test Case 'Test Cases/Studio Smoke Test Cases/ReadExcel' successfully

2018-07-10 15:02:04 - [TEST_CASE][PASSED] - Test Cases/Studio Smoke Test Cases/ReadExcel: Test Cases/Studio Smoke Test Cases/ReadExcel

2018-07-10 15:02:04 - [TEST_STEP][PASSED] - Statement - path = "D:\Sheepa\Katalon\Studio Smoke Test\Studio Smoke Test\Data Files\Data Input.xls": null

2018-07-10 15:02:04 - [TEST_STEP][PASSED] - Statement - fis = new java.io.FileInputStream(path): null

2018-07-10 15:02:04 - [TEST_STEP][PASSED] - Statement - hssfWorkbook = new org.apache.poi.hssf.usermodel.HSSFWorkbook(fis): null

2018-07-10 15:02:04 - [TEST_STEP][PASSED] - Statement - sc = hssfWorkbook.getNumberOfSheets(): null

2018-07-10 15:02:04 - [TEST_STEP][PASSED] - Statement - println(sc): null

2018-07-10 15:02:04 - [TEST_STEP][PASSED] - Statement - hssfSheet = hssfWorkbook.getSheetAt(0): null

2018-07-10 15:02:04 - [TEST_STEP][PASSED] - Statement - hssfRow = hssfSheet.getRow(1): null

2018-07-10 15:02:04 - [TEST_STEP][PASSED] - Statement - fid = hssfRow.getCell(0): null

2018-07-10 15:02:04 - [TEST_STEP][PASSED] - Statement - vid = hssfRow.getCell(1): null

2018-07-10 15:02:04 - [TEST_STEP][PASSED] - Statement - aid = hssfRow.getCell(2): null

2018-07-10 15:02:04 - [TEST_STEP][PASSED] - Statement - subid = hssfRow.getCell(3): null

2018-07-10 15:02:04 - [TEST_STEP][PASSED] - Statement - wsid = hssfRow.getCell(4): null

2018-07-10 15:02:04 - [TEST_STEP][PASSED] - Statement - reqid = hssfRow.getCell(5): null

2018-07-10 15:02:04 - [TEST_STEP][PASSED] - Statement - accNo = hssfRow.getCell(6): null

2018-07-10 15:02:04 - [TEST_STEP][PASSED] - Statement - println(vid): null

2018-07-10 15:02:04 - [TEST_STEP][PASSED] - Statement - map = [:]: null

2018-07-10 15:02:04 - [TEST_STEP][PASSED] - Statement - map.put("formID", fid): null

2018-07-10 15:02:04 - [TEST_STEP][PASSED] - Statement - map.put("viewID", vid): null

2018-07-10 15:02:04 - [TEST_STEP][PASSED] - Statement - map.put("appID", aid): null

2018-07-10 15:02:04 - [TEST_STEP][PASSED] - Statement - map.put("subWSID", subid): null

2018-07-10 15:02:04 - [TEST_STEP][PASSED] - Statement - map.put("WSID", wsid): null

2018-07-10 15:02:04 - [TEST_STEP][PASSED] - Statement - map.put("REQID", reqid): null

2018-07-10 15:02:04 - [TEST_STEP][PASSED] - Statement - map.put("AccNo", accNo): null

2018-07-10 15:02:04 - [TEST_STEP][PASSED] - Statement - return map: null

2018-07-10 15:02:04 - [MESSAGE][PASSED] - Call Test Case 'Test Cases/Studio Smoke Test Cases/ReadExcel' successfully

2018-07-10 15:02:04 - [TEST_STEP][PASSED] - Statement - ws_id = common["WSID"]: null

2018-07-10 15:02:04 - [TEST_STEP][PASSED] - Statement - println(ws_id): null

2018-07-10 15:02:04 - [TEST_STEP][PASSED] - Statement - req_id = common["REQID"]: null

2018-07-10 15:02:04 - [TEST_STEP][PASSED] - Statement - println(req_id): null

2018-07-10 15:02:04 - [TEST_STEP][PASSED] - Statement - acc_No = common["AccNo"]: null

2018-07-10 15:02:04 - [TEST_STEP][PASSED] - Statement - println(acc_No): null

2018-07-10 15:02:04 - [TEST_STEP][PASSED] - openBrowser: Browser is opened with url: ''

2018-07-10 15:02:04 - [MESSAGE][WARNING] - A browser is already opened. Closing browser and opening a new one

2018-07-10 15:02:09 - [MESSAGE][PASSED] - Browser is opened with url: ''

2018-07-10 15:02:09 - [TEST_STEP][PASSED] - maximizeWindow: Current window maximized

2018-07-10 15:02:10 - [MESSAGE][PASSED] - Current window maximized

2018-07-10 15:02:10 - [TEST_STEP][PASSED] - navigateToUrl: Navigate to 'http://localhost:8082/ctmodelhouse/' successfully

2018-07-10 15:02:31 - [MESSAGE][PASSED] - Navigate to 'http://localhost:8082/ctmodelhouse/' successfully

2018-07-10 15:02:31 - [TEST_STEP][PASSED] - closeBrowser: Browser is closed

2018-07-10 15:02:32 - [MESSAGE][PASSED] - Browser is closed

2018-07-10 15:02:32 - [TEST_STEP][PASSED] - openBrowser: Browser is opened with url: ''

2018-07-10 15:02:35 - [MESSAGE][PASSED] - Browser is opened with url: ''

2018-07-10 15:02:35 - [TEST_STEP][PASSED] - maximizeWindow: Current window maximized

2018-07-10 15:02:36 - [MESSAGE][PASSED] - Current window maximized

2018-07-10 15:02:36 - [TEST_STEP][PASSED] - navigateToUrl: Navigate to 'http://localhost:8082/ctmodelhouse/' successfully

2018-07-10 15:02:58 - [MESSAGE][PASSED] - Navigate to 'http://localhost:8082/ctmodelhouse/' successfully

2018-07-10 15:02:58 - [TEST_STEP][PASSED] - waitForPageLoad: Wait for page load successfully

2018-07-10 15:02:58 - [MESSAGE][PASSED] - Wait for page load successfully

2018-07-10 15:02:58 - [TEST_STEP][PASSED] - setText: Text 'john' is set on object 'Object Repository/Model House Login/Page_Model House/input_loginID'

2018-07-10 15:02:58 - [MESSAGE][PASSED] - Text 'john' is set on object 'Object Repository/Model House Login/Page_Model House/input_loginID'

2018-07-10 15:02:58 - [TEST_STEP][PASSED] - setText: Text 'canvas' is set on object 'Object Repository/Model House Login/Page_Model House/input_loginPSW'

2018-07-10 15:02:58 - [MESSAGE][PASSED] - Text 'canvas' is set on object 'Object Repository/Model House Login/Page_Model House/input_loginPSW'

2018-07-10 15:02:58 - [TEST_STEP][PASSED] - click: Object: 'Object Repository/Model House Login/Page_Model House/input_commit' is clicked on

2018-07-10 15:03:00 - [MESSAGE][PASSED] - Object: 'Object Repository/Model House Login/Page_Model House/input_commit' is clicked on

2018-07-10 15:03:00 - [TEST_STEP][PASSED] - waitForPageLoad: Wait for page load successfully

2018-07-10 15:03:00 - [MESSAGE][PASSED] - Wait for page load successfully

2018-07-10 15:03:00 - [TEST_STEP][PASSED] - Statement - pageHeader = com.kms.katalon.core.webui.keyword.WebUiBuiltInKeywords.getAttribute(com.kms.katalon.core.testobject.ObjectRepository.findTestObject(Model House Home Page/Page_Canvas World/Home_Page_Title), "title"): Attribute 'title' of object 'Object Repository/Model House Home Page/Page_Canvas World/Home_Page_Title' is: 'Canvas Technology'

2018-07-10 15:03:00 - [MESSAGE][PASSED] - Attribute 'title' of object 'Object Repository/Model House Home Page/Page_Canvas World/Home_Page_Title' is: 'Canvas Technology'

2018-07-10 15:03:00 - [TEST_STEP][PASSED] - Statement - println(pageHeader): null

2018-07-10 15:03:00 - [TEST_STEP][PASSED] - Statement - assert pageHeader == "Canvas Technology": null

2018-07-10 15:03:00 - [TEST_STEP][PASSED] - Statement - selectWS = "//div[contains(text(),'" + com.kms.katalon.core.testdata.TestDataFactory.findTestData(Req_Mod_Test Data).getValue("Req_Mod_WS", 1) + "')]": Reading excel file with source file 'C:\Users\arokia.raj\Desktop\Req_Mod_Test Data.xls' and sheet name 'Login'

2018-07-10 15:03:00 - [TEST_STEP][PASSED] - Statement - println(selectWS): null

2018-07-10 15:03:00 - [TEST_STEP][PASSED] - Statement - dynamicObject = new com.kms.katalon.core.testobject.TestObject(selectWS).addProperty("xpath", EQUALS, selectWS, true): null

2018-07-10 15:03:00 - [TEST_STEP][PASSED] - waitForElementVisible: Object '//div[contains(text(),'Payment')]' is visible

2018-07-10 15:03:01 - [MESSAGE][PASSED] - Object '//div[contains(text(),'Payment')]' is visible

2018-07-10 15:03:01 - [TEST_STEP][PASSED] - click: Object: '//div[contains(text(),'Payment')]' is clicked on

2018-07-10 15:03:01 - [MESSAGE][PASSED] - Object: '//div[contains(text(),'Payment')]' is clicked on

2018-07-10 15:03:01 - [TEST_STEP][PASSED] - delay: Delayed 15 second(s)

2018-07-10 15:03:16 - [MESSAGE][PASSED] - Delayed 15 second(s)

2018-07-10 15:03:16 - [TEST_STEP][PASSED] - scrollToElement: Scroll to object 'Object Repository/Model House RM Test/Page_Canvas World/click_pending' successfully

2018-07-10 15:03:16 - [MESSAGE][PASSED] - Scroll to object 'Object Repository/Model House RM Test/Page_Canvas World/click_pending' successfully

2018-07-10 15:03:16 - [TEST_STEP][PASSED] - click: Object: 'Object Repository/Model House RM Test/Page_Canvas World/click_pending' is clicked on

2018-07-10 15:03:16 - [MESSAGE][PASSED] - Object: 'Object Repository/Model House RM Test/Page_Canvas World/click_pending' is clicked on

2018-07-10 15:03:16 - [TEST_STEP][PASSED] - delay: Delayed 5 second(s)

2018-07-10 15:03:21 - [MESSAGE][PASSED] - Delayed 5 second(s)

2018-07-10 15:03:21 - [TEST_STEP][PASSED] - Statement - listAcc = "//h4[contains(text(),'" + acc_No + "')]": null

2018-07-10 15:03:21 - [TEST_STEP][PASSED] - Statement - println(listAcc): null

2018-07-10 15:03:21 - [TEST_STEP][PASSED] - Statement - selectList = new com.kms.katalon.core.testobject.TestObject(listAcc).addProperty("xpath", EQUALS, listAcc, true): null

2018-07-10 15:03:21 - [TEST_STEP][PASSED] - waitForElementVisible: Object '//h4[contains(text(),'694129764')]' is visible

2018-07-10 15:03:21 - [MESSAGE][PASSED] - Object '//h4[contains(text(),'694129764')]' is visible

2018-07-10 15:03:21 - [TEST_STEP][PASSED] - scrollToElement: Scroll to object '//h4[contains(text(),'694129764')]' successfully

2018-07-10 15:03:21 - [MESSAGE][PASSED] - Scroll to object '//h4[contains(text(),'694129764')]' successfully

2018-07-10 15:03:21 - [TEST_STEP][PASSED] - mouseOver: Object: '//h4[contains(text(),'694129764')]' is hovered

2018-07-10 15:03:21 - [MESSAGE][PASSED] - Object: '//h4[contains(text(),'694129764')]' is hovered

2018-07-10 15:03:21 - [TEST_STEP][PASSED] - delay: Delayed 3 second(s)

2018-07-10 15:03:24 - [MESSAGE][PASSED] - Delayed 3 second(s)

2018-07-10 15:03:24 - [TEST_STEP][PASSED] - Statement - approve = "(//h4[contains(text(),'" + acc_No + "')]/following::div[@class='pull-right buttons-action'])[1]": null

2018-07-10 15:03:24 - [TEST_STEP][PASSED] - Statement - appButton = new com.kms.katalon.core.testobject.TestObject(approve).addProperty("xpath", EQUALS, approve, true): null

2018-07-10 15:03:24 - [TEST_STEP][PASSED] - waitForElementVisible: Object '(//h4[contains(text(),'694129764')]/following::div[@class='pull-right buttons-action'])[1]' is visible

2018-07-10 15:03:24 - [MESSAGE][PASSED] - Object '(//h4[contains(text(),'694129764')]/following::div[@class='pull-right buttons-action'])[1]' is visible

2018-07-10 15:03:24 - [TEST_STEP][PASSED] - Statement - rmApprove = com.kms.katalon.core.webui.keyword.WebUiBuiltInKeywords.verifyElementPresent(appButton, 5): Object '(//h4[contains(text(),'694129764')]/following::div[@class='pull-right buttons-action'])[1]' is present

2018-07-10 15:03:24 - [MESSAGE][PASSED] - Object '(//h4[contains(text(),'694129764')]/following::div[@class='pull-right buttons-action'])[1]' is present

2018-07-10 15:03:24 - [TEST_STEP][PASSED] - Statement - println(rmApprove): null

2018-07-10 15:03:24 - [TEST_STEP][PASSED] - mouseOver: Object: '(//h4[contains(text(),'694129764')]/following::div[@class='pull-right buttons-action'])[1]' is hovered

2018-07-10 15:03:24 - [MESSAGE][PASSED] - Object: '(//h4[contains(text(),'694129764')]/following::div[@class='pull-right buttons-action'])[1]' is hovered

2018-07-10 15:03:24 - [TEST_STEP][PASSED] - Statement - approveButton = "(//h4[contains(text(),'" + acc_No + "')]/following::div[@class='pull-right buttons-action'])[1]/button": null

2018-07-10 15:03:24 - [TEST_STEP][PASSED] - Statement - authButton = new com.kms.katalon.core.testobject.TestObject(approveButton).addProperty("xpath", EQUALS, approveButton, true): null

2018-07-10 15:03:24 - [TEST_STEP][PASSED] - waitForElementVisible: Object '(//h4[contains(text(),'694129764')]/following::div[@class='pull-right buttons-action'])[1]/button' is visible

2018-07-10 15:03:24 - [MESSAGE][PASSED] - Object '(//h4[contains(text(),'694129764')]/following::div[@class='pull-right buttons-action'])[1]/button' is visible

2018-07-10 15:03:24 - [TEST_STEP][PASSED] - Statement - auth = com.kms.katalon.core.webui.keyword.WebUiBuiltInKeywords.verifyElementPresent(authButton, 5): Object '(//h4[contains(text(),'694129764')]/following::div[@class='pull-right buttons-action'])[1]/button' is present

2018-07-10 15:03:24 - [MESSAGE][PASSED] - Object '(//h4[contains(text(),'694129764')]/following::div[@class='pull-right buttons-action'])[1]/button' is present

2018-07-10 15:03:24 - [TEST_STEP][PASSED] - Statement - println(auth): null

2018-07-10 15:03:24 - [TEST_STEP][PASSED] - click: Object: '(//h4[contains(text(),'694129764')]/following::div[@class='pull-right buttons-action'])[1]/button' is clicked on

2018-07-10 15:03:25 - [MESSAGE][PASSED] - Object: '(//h4[contains(text(),'694129764')]/following::div[@class='pull-right buttons-action'])[1]/button' is clicked on

2018-07-10 15:03:25 - [TEST_STEP][PASSED] - delay: Delayed 6 second(s)

2018-07-10 15:03:31 - [MESSAGE][PASSED] - Delayed 6 second(s)

2018-07-10 15:03:31 - [TEST_STEP][PASSED] - click: Object: 'Object Repository/Model House RM Test/Page_Canvas World/approve_button' is clicked on

2018-07-10 15:03:31 - [MESSAGE][PASSED] - Object: 'Object Repository/Model House RM Test/Page_Canvas World/approve_button' is clicked on

2018-07-10 15:03:31 - [TEST_STEP][PASSED] - delay: Delayed 3 second(s)

2018-07-10 15:03:34 - [MESSAGE][PASSED] - Delayed 3 second(s)

2018-07-10 15:03:34 - [TEST_STEP][PASSED] - setText: Text 'Approved' is set on object 'Object Repository/Model House RM Test/Page_Canvas World/approve_comments'

2018-07-10 15:03:34 - [MESSAGE][PASSED] - Text 'Approved' is set on object 'Object Repository/Model House RM Test/Page_Canvas World/approve_comments'

2018-07-10 15:03:34 - [TEST_STEP][PASSED] - delay: Delayed 3 second(s)

2018-07-10 15:03:37 - [MESSAGE][PASSED] - Delayed 3 second(s)

2018-07-10 15:03:37 - [TEST_STEP][PASSED] - click: Object: 'Object Repository/Model House RM Test/Page_Canvas World/approve_submit' is clicked on

2018-07-10 15:03:38 - [MESSAGE][PASSED] - Object: 'Object Repository/Model House RM Test/Page_Canvas World/approve_submit' is clicked on

2018-07-10 15:03:38 - [TEST_STEP][PASSED] - delay: Delayed 3 second(s)

2018-07-10 15:03:41 - [MESSAGE][PASSED] - Delayed 3 second(s)

2018-07-10 15:03:41 - [TEST_STEP][PASSED] - click: Object: 'Object Repository/Model House RM Test/Page_Canvas World/approve_ok' is clicked on

2018-07-10 15:03:41 - [MESSAGE][PASSED] - Object: 'Object Repository/Model House RM Test/Page_Canvas World/approve_ok' is clicked on]]></system-out>
         <system-err><![CDATA[]]></system-err>
      </testcase>
      <system-out><![CDATA[2018-07-10 14:55:24 - [TEST_SUITE][FAILED] - Req_Mod_Demo: Test Cases/Smoke Test/New Test Request Moduler DEMO FAILED because (of) Unable to click on object 'Object Repository/New_Test_Create_Request Moduler/Page_Canvas World/enter_workspaceId' (Root cause: org.openqa.selenium.WebDriverException: unknown error: Element <input id="REQ_DEFAULT_PREF_WSMENU-WORKSPACE_ID" type="AUTO_SUGGEST" name="WORKSPACE_ID" data-toggle="tooltip" data-placement="auto" data-original-title="" class="form-control ct-form__ip ct-form__ip-AUTO_SUGGEST" aria-labelledby="lbl_WORKSPACE_ID fbl_WORKSPACE_ID" autocomplete="off"> is not clickable at point (668, 130). Other element would receive the click: <div class="col-xs-12 col-sm-12 col-md-12 col-lg-12">...</div>
  (Session info: chrome=67.0.3396.99)
  (Driver info: chromedriver=2.35.528161 (5b82f2d2aae0ca24b877009200ced9065a772e73),platform=Windows NT 6.1.7601 SP1 x86_64) (WARNING: The server did not provide any stacktrace information)
Command duration or timeout: 0 milliseconds
Build info: version: '3.7.1', revision: '8a0099a', time: '2017-11-06T21:07:36.161Z'
System info: host: 'N9449', ip: '172.29.24.220', os.name: 'Windows 7', os.arch: 'amd64', os.version: '6.1', java.version: '1.8.0_102'
Driver info: com.kms.katalon.selenium.driver.CChromeDriver
Capabilities {acceptInsecureCerts: false, acceptSslCerts: false, applicationCacheEnabled: false, browserConnectionEnabled: false, browserName: chrome, chrome: {chromedriverVersion: 2.35.528161 (5b82f2d2aae0ca..., userDataDir: C:\Users\arokia.raj\AppData...}, cssSelectorsEnabled: true, databaseEnabled: false, handlesAlerts: true, hasTouchScreen: false, javascriptEnabled: true, locationContextEnabled: true, mobileEmulationEnabled: false, nativeEvents: true, networkConnectionEnabled: false, pageLoadStrategy: normal, platform: XP, platformName: XP, rotatable: false, setWindowRect: true, takesHeapSnapshot: true, takesScreenshot: true, unexpectedAlertBehaviour: , unhandledPromptBehavior: , version: 67.0.3396.99, webStorageEnabled: true}
Session ID: a43360742f5fd7ec44669163f89ec6aa)]]></system-out>
      <system-err><![CDATA[2018-07-10 14:55:24 - [TEST_SUITE][FAILED] - Req_Mod_Demo: Test Cases/Smoke Test/New Test Request Moduler DEMO FAILED because (of) Unable to click on object 'Object Repository/New_Test_Create_Request Moduler/Page_Canvas World/enter_workspaceId' (Root cause: org.openqa.selenium.WebDriverException: unknown error: Element <input id="REQ_DEFAULT_PREF_WSMENU-WORKSPACE_ID" type="AUTO_SUGGEST" name="WORKSPACE_ID" data-toggle="tooltip" data-placement="auto" data-original-title="" class="form-control ct-form__ip ct-form__ip-AUTO_SUGGEST" aria-labelledby="lbl_WORKSPACE_ID fbl_WORKSPACE_ID" autocomplete="off"> is not clickable at point (668, 130). Other element would receive the click: <div class="col-xs-12 col-sm-12 col-md-12 col-lg-12">...</div>
  (Session info: chrome=67.0.3396.99)
  (Driver info: chromedriver=2.35.528161 (5b82f2d2aae0ca24b877009200ced9065a772e73),platform=Windows NT 6.1.7601 SP1 x86_64) (WARNING: The server did not provide any stacktrace information)
Command duration or timeout: 0 milliseconds
Build info: version: '3.7.1', revision: '8a0099a', time: '2017-11-06T21:07:36.161Z'
System info: host: 'N9449', ip: '172.29.24.220', os.name: 'Windows 7', os.arch: 'amd64', os.version: '6.1', java.version: '1.8.0_102'
Driver info: com.kms.katalon.selenium.driver.CChromeDriver
Capabilities {acceptInsecureCerts: false, acceptSslCerts: false, applicationCacheEnabled: false, browserConnectionEnabled: false, browserName: chrome, chrome: {chromedriverVersion: 2.35.528161 (5b82f2d2aae0ca..., userDataDir: C:\Users\arokia.raj\AppData...}, cssSelectorsEnabled: true, databaseEnabled: false, handlesAlerts: true, hasTouchScreen: false, javascriptEnabled: true, locationContextEnabled: true, mobileEmulationEnabled: false, nativeEvents: true, networkConnectionEnabled: false, pageLoadStrategy: normal, platform: XP, platformName: XP, rotatable: false, setWindowRect: true, takesHeapSnapshot: true, takesScreenshot: true, unexpectedAlertBehaviour: , unhandledPromptBehavior: , version: 67.0.3396.99, webStorageEnabled: true}
Session ID: a43360742f5fd7ec44669163f89ec6aa)]]></system-err>
   </testsuite>
</testsuites>
