<?xml version="1.0" encoding="UTF-8"?>
<testsuites name="WebService_Suite" time="274" tests="2" failures="1" errors="0">
   <testsuite name="WebService_Suite" tests="2" failures="1" errors="0" time="274" timestamp="2018-07-26 10:24:47" hostname="arokia.raj - N9449.intellectdesign.com" id="Test Suites/WebService_Suite">
      <properties>
         <property name="deviceName" value=""/>
         <property name="devicePlatform" value=""/>
         <property name="logFolder" value="D:\\Sheepa\\Katalon\\Studio Smoke Test\\Studio Smoke Test\\Reports\\WebService_Suite\\20180726_102442"/>
         <property name="logFiles" value="D:\\Sheepa\\Katalon\\Studio Smoke Test\\Studio Smoke Test\\Reports\\WebService_Suite\\20180726_102442\\execution0.log"/>
         <property name="attachments" value="D:\\Sheepa\\Katalon\\Studio Smoke Test\\Studio Smoke Test\\Reports\\WebService_Suite\\20180726_102442\\1532580940308.png, D:\\Sheepa\\Katalon\\Studio Smoke Test\\Studio Smoke Test\\Reports\\WebService_Suite\\20180726_102442\\1532580958261.png"/>
         <property name="hostName" value="arokia.raj - N9449.intellectdesign.com"/>
         <property name="os" value="Windows 7 64bit"/>
         <property name="katalonVersion" value="5.4.1.1"/>
         <property name="browser" value="Chrome 67.0.3396.99"/>
         <property name="hostAddress" value="172.29.25.83"/>
         <property name="sessionId" value="8421b1f7a17794627b29447956338e8c"/>
         <property name="seleniumVersion" value="3.7.1"/>
         <property name="proxyInformation" value="ProxyInformation{proxyOption=NO_PROXY, proxyServerType=HTTP, password=, proxyServerAddress=, proxyServerPort=0}"/>
         <property name="platform" value="Windows 7"/>
      </properties>
      <testcase name="Test Cases/Smoke Test/New WebService Connection" classname="Test Cases/Smoke Test/New WebService Connection" status="FAILED">
         <failure type="FAILED" message="Unable to select option by value 'NOAUTH ' of object 'Object Repository/New_DataSource/select_auth_type'  (Root cause: org.openqa.selenium.NoSuchElementException: Cannot locate option with value: NOAUTH 
For documentation on this error, please visit: http://seleniumhq.org/exceptions/no_such_element.html
Build info: version: '3.7.1', revision: '8a0099a', time: '2017-11-06T21:07:36.161Z'
System info: host: 'N9449', ip: '172.29.25.83', os.name: 'Windows 7', os.arch: 'amd64', os.version: '6.1', java.version: '1.8.0_102'
Driver info: driver.version: unknown)"/>
         <system-out><![CDATA[2018-07-26 10:24:47 - [TEST_CASE][FAILED] - Test Cases/Smoke Test/New WebService Connection: Test Cases/Smoke Test/New WebService Connection FAILED because (of) Unable to select option by value 'NOAUTH ' of object 'Object Repository/New_DataSource/select_auth_type'  (Root cause: org.openqa.selenium.NoSuchElementException: Cannot locate option with value: NOAUTH 
For documentation on this error, please visit: http://seleniumhq.org/exceptions/no_such_element.html
Build info: version: '3.7.1', revision: '8a0099a', time: '2017-11-06T21:07:36.161Z'
System info: host: 'N9449', ip: '172.29.25.83', os.name: 'Windows 7', os.arch: 'amd64', os.version: '6.1', java.version: '1.8.0_102'
Driver info: driver.version: unknown)

2018-07-26 10:24:48 - [TEST_STEP][PASSED] - openBrowser: Browser is opened with url: ''

2018-07-26 10:24:57 - [MESSAGE][PASSED] - Browser is opened with url: ''

2018-07-26 10:24:57 - [TEST_STEP][PASSED] - maximizeWindow: Current window maximized

2018-07-26 10:24:59 - [MESSAGE][PASSED] - Current window maximized

2018-07-26 10:24:59 - [TEST_STEP][PASSED] - navigateToUrl: Navigate to 'http://localhost:8082/expertctstudio/' successfully

2018-07-26 10:25:21 - [MESSAGE][PASSED] - Navigate to 'http://localhost:8082/expertctstudio/' successfully

2018-07-26 10:25:21 - [TEST_STEP][PASSED] - Statement - java.lang.Thread.sleep(3000): null

2018-07-26 10:25:24 - [TEST_STEP][PASSED] - setText: Text 'CTSTUD1' is set on object 'Object Repository/DB_Connectio/Page_Canvas World/Page_Expert CT Studio/input_loginID'

2018-07-26 10:25:25 - [MESSAGE][PASSED] - Text 'CTSTUD1' is set on object 'Object Repository/DB_Connectio/Page_Canvas World/Page_Expert CT Studio/input_loginID'

2018-07-26 10:25:25 - [TEST_STEP][PASSED] - setText: Text 'TEST123' is set on object 'Object Repository/DB_Connectio/Page_Canvas World/Page_Expert CT Studio/input_loginPSW'

2018-07-26 10:25:25 - [MESSAGE][PASSED] - Text 'TEST123' is set on object 'Object Repository/DB_Connectio/Page_Canvas World/Page_Expert CT Studio/input_loginPSW'

2018-07-26 10:25:25 - [TEST_STEP][PASSED] - click: Object: 'Object Repository/DB_Connectio/Page_Canvas World/Page_Expert CT Studio/input_commit' is clicked on

2018-07-26 10:25:27 - [MESSAGE][PASSED] - Object: 'Object Repository/DB_Connectio/Page_Canvas World/Page_Expert CT Studio/input_commit' is clicked on

2018-07-26 10:25:27 - [TEST_STEP][PASSED] - click: Object: 'Object Repository/DB_Connectio/Page_Canvas World/span_Connection' is clicked on

2018-07-26 10:25:28 - [MESSAGE][PASSED] - Object: 'Object Repository/DB_Connectio/Page_Canvas World/span_Connection' is clicked on

2018-07-26 10:25:28 - [TEST_STEP][PASSED] - click: Object: 'Object Repository/DB_Connectio/Page_Canvas World/span_Create_Connection' is clicked on

2018-07-26 10:25:29 - [MESSAGE][PASSED] - Object: 'Object Repository/DB_Connectio/Page_Canvas World/span_Create_Connection' is clicked on

2018-07-26 10:25:29 - [TEST_STEP][PASSED] - delay: Delayed 3 second(s)

2018-07-26 10:25:32 - [MESSAGE][PASSED] - Delayed 3 second(s)

2018-07-26 10:25:32 - [TEST_STEP][PASSED] - setText: Text 'AUTO_WS' is set on object 'Object Repository/DB_Connectio/Page_Canvas World/input_CONNECTION_NAME'

2018-07-26 10:25:34 - [MESSAGE][PASSED] - Text 'AUTO_WS' is set on object 'Object Repository/DB_Connectio/Page_Canvas World/input_CONNECTION_NAME'

2018-07-26 10:25:34 - [TEST_STEP][PASSED] - click: Object: 'Object Repository/New_DataSource/click_webservice' is clicked on

2018-07-26 10:25:34 - [MESSAGE][PASSED] - Object: 'Object Repository/New_DataSource/click_webservice' is clicked on

2018-07-26 10:25:34 - [TEST_STEP][PASSED] - delay: Delayed 3 second(s)

2018-07-26 10:25:37 - [MESSAGE][PASSED] - Delayed 3 second(s)

2018-07-26 10:25:37 - [TEST_STEP][PASSED] - setText: Text 'http://services.groupkt.com/' is set on object 'Object Repository/New_DataSource/enter_domain_name'

2018-07-26 10:25:38 - [MESSAGE][PASSED] - Text 'http://services.groupkt.com/' is set on object 'Object Repository/New_DataSource/enter_domain_name'

2018-07-26 10:25:38 - [TEST_STEP][PASSED] - delay: Delayed 2 second(s)

2018-07-26 10:25:40 - [MESSAGE][PASSED] - Delayed 2 second(s)

2018-07-26 10:25:40 - [TEST_STEP][FAILED] - selectOptionByValue: Unable to select option by value 'NOAUTH ' of object 'Object Repository/New_DataSource/select_auth_type'  (Root cause: org.openqa.selenium.NoSuchElementException: Cannot locate option with value: NOAUTH 
For documentation on this error, please visit: http://seleniumhq.org/exceptions/no_such_element.html
Build info: version: '3.7.1', revision: '8a0099a', time: '2017-11-06T21:07:36.161Z'
System info: host: 'N9449', ip: '172.29.25.83', os.name: 'Windows 7', os.arch: 'amd64', os.version: '6.1', java.version: '1.8.0_102'
Driver info: driver.version: unknown)

2018-07-26 10:25:40 - [MESSAGE][FAILED] - Unable to select option by value 'NOAUTH ' of object 'Object Repository/New_DataSource/select_auth_type'  (Root cause: org.openqa.selenium.NoSuchElementException: Cannot locate option with value: NOAUTH 
For documentation on this error, please visit: http://seleniumhq.org/exceptions/no_such_element.html
Build info: version: '3.7.1', revision: '8a0099a', time: '2017-11-06T21:07:36.161Z'
System info: host: 'N9449', ip: '172.29.25.83', os.name: 'Windows 7', os.arch: 'amd64', os.version: '6.1', java.version: '1.8.0_102'
Driver info: driver.version: unknown)
[[ATTACHMENT|D:\\Sheepa\\Katalon\\Studio Smoke Test\\Studio Smoke Test\\Reports\\WebService_Suite\\20180726_102442\\1532580940308.png]]

2018-07-26 10:25:40 - [TEST_STEP][PASSED] - delay: Delayed 3 second(s)

2018-07-26 10:25:43 - [MESSAGE][PASSED] - Delayed 3 second(s)

2018-07-26 10:25:43 - [TEST_STEP][PASSED] - click: Object: 'Object Repository/New_DataSource/click_save' is clicked on

2018-07-26 10:25:43 - [MESSAGE][PASSED] - Object: 'Object Repository/New_DataSource/click_save' is clicked on

2018-07-26 10:25:43 - [TEST_STEP][PASSED] - delay: Delayed 3 second(s)

2018-07-26 10:25:46 - [MESSAGE][PASSED] - Delayed 3 second(s)

2018-07-26 10:25:46 - [TEST_STEP][PASSED] - click: Object: 'Object Repository/New_DataSource/click_ok' is clicked on

2018-07-26 10:25:47 - [MESSAGE][PASSED] - Object: 'Object Repository/New_DataSource/click_ok' is clicked on

2018-07-26 10:25:47 - [TEST_STEP][PASSED] - delay: Delayed 3 second(s)

2018-07-26 10:25:50 - [MESSAGE][PASSED] - Delayed 3 second(s)

2018-07-26 10:25:50 - [TEST_STEP][PASSED] - Statement - dataSource = "(//span[contains(text(),'" + com.kms.katalon.core.testdata.TestDataFactory.findTestData(Database).getValue("Connection_Name", 3) + "')])[1]": Reading excel file with source file 'C:\Users\arokia.raj\Desktop\Database.xls' and sheet name 'Login'

2018-07-26 10:25:50 - [TEST_STEP][PASSED] - Statement - println(dataSource): null

2018-07-26 10:25:50 - [TEST_STEP][PASSED] - Statement - dynamicObject = new com.kms.katalon.core.testobject.TestObject(dataSource).addProperty("xpath", EQUALS, dataSource, true): null

2018-07-26 10:25:50 - [TEST_STEP][PASSED] - waitForElementVisible: Object '(//span[contains(text(),'AUTO_WS')])[1]' is visible

2018-07-26 10:25:50 - [MESSAGE][PASSED] - Object '(//span[contains(text(),'AUTO_WS')])[1]' is visible

2018-07-26 10:25:50 - [TEST_STEP][PASSED] - rightClick: Object: '(//span[contains(text(),'AUTO_WS')])[1]' is right clicked on

2018-07-26 10:25:50 - [MESSAGE][PASSED] - Object: '(//span[contains(text(),'AUTO_WS')])[1]' is right clicked on

2018-07-26 10:25:50 - [TEST_STEP][PASSED] - click: Object: 'Object Repository/New_DataSource/manage_datasource' is clicked on

2018-07-26 10:25:50 - [MESSAGE][PASSED] - Object: 'Object Repository/New_DataSource/manage_datasource' is clicked on

2018-07-26 10:25:50 - [TEST_STEP][PASSED] - delay: Delayed 2 second(s)

2018-07-26 10:25:52 - [MESSAGE][PASSED] - Delayed 2 second(s)

2018-07-26 10:25:52 - [TEST_STEP][PASSED] - click: Object: 'Object Repository/New_DataSource/create_datasource' is clicked on

2018-07-26 10:25:53 - [MESSAGE][PASSED] - Object: 'Object Repository/New_DataSource/create_datasource' is clicked on

2018-07-26 10:25:53 - [TEST_STEP][PASSED] - delay: Delayed 2 second(s)

2018-07-26 10:25:55 - [MESSAGE][PASSED] - Delayed 2 second(s)

2018-07-26 10:25:55 - [TEST_STEP][PASSED] - setText: Text 'AUTO_WS' is set on object 'Object Repository/New_DataSource/enter_datasource_name'

2018-07-26 10:25:55 - [MESSAGE][PASSED] - Text 'AUTO_WS' is set on object 'Object Repository/New_DataSource/enter_datasource_name'

2018-07-26 10:25:55 - [TEST_STEP][PASSED] - setText: Text 'state/get/IND/all' is set on object 'Object Repository/New_DataSource/enter_table_name'

2018-07-26 10:25:56 - [MESSAGE][PASSED] - Text 'state/get/IND/all' is set on object 'Object Repository/New_DataSource/enter_table_name'

2018-07-26 10:25:56 - [TEST_STEP][PASSED] - delay: Delayed 2 second(s)

2018-07-26 10:25:58 - [MESSAGE][PASSED] - Delayed 2 second(s)

2018-07-26 10:25:58 - [TEST_STEP][FAILED] - selectOptionByValue: Unable to select option by value 'CANVAS_REST_GET_GATEWAY ' of object 'Object Repository/New_DataSource/select_appID_reqType'  (Root cause: org.openqa.selenium.NoSuchElementException: Cannot locate option with value: CANVAS_REST_GET_GATEWAY 
For documentation on this error, please visit: http://seleniumhq.org/exceptions/no_such_element.html
Build info: version: '3.7.1', revision: '8a0099a', time: '2017-11-06T21:07:36.161Z'
System info: host: 'N9449', ip: '172.29.25.83', os.name: 'Windows 7', os.arch: 'amd64', os.version: '6.1', java.version: '1.8.0_102'
Driver info: driver.version: unknown)

2018-07-26 10:25:58 - [MESSAGE][FAILED] - Unable to select option by value 'CANVAS_REST_GET_GATEWAY ' of object 'Object Repository/New_DataSource/select_appID_reqType'  (Root cause: org.openqa.selenium.NoSuchElementException: Cannot locate option with value: CANVAS_REST_GET_GATEWAY 
For documentation on this error, please visit: http://seleniumhq.org/exceptions/no_such_element.html
Build info: version: '3.7.1', revision: '8a0099a', time: '2017-11-06T21:07:36.161Z'
System info: host: 'N9449', ip: '172.29.25.83', os.name: 'Windows 7', os.arch: 'amd64', os.version: '6.1', java.version: '1.8.0_102'
Driver info: driver.version: unknown)
[[ATTACHMENT|D:\\Sheepa\\Katalon\\Studio Smoke Test\\Studio Smoke Test\\Reports\\WebService_Suite\\20180726_102442\\1532580958261.png]]

2018-07-26 10:25:58 - [TEST_STEP][PASSED] - delay: Delayed 3 second(s)

2018-07-26 10:26:01 - [MESSAGE][PASSED] - Delayed 3 second(s)

2018-07-26 10:26:01 - [TEST_STEP][PASSED] - setText: Text 'RestResponse ' is set on object 'Object Repository/New_DataSource/enter_root'

2018-07-26 10:26:01 - [MESSAGE][PASSED] - Text 'RestResponse ' is set on object 'Object Repository/New_DataSource/enter_root'

2018-07-26 10:26:01 - [TEST_STEP][PASSED] - delay: Delayed 2 second(s)

2018-07-26 10:26:03 - [MESSAGE][PASSED] - Delayed 2 second(s)

2018-07-26 10:26:03 - [TEST_STEP][PASSED] - Statement - j = 3: null

2018-07-26 10:26:03 - [TEST_STEP][PASSED] - Statement - For ([i = 1, i <= 3, (i++)]): null

2018-07-26 10:26:03 - [TEST_STEP][PASSED] - Statement - jsonDetail = "(//input[@id='DS_COL_MAP_MULTIFORM-WS_COLUMN_EXPRESSION'])[" + i + "]": null

2018-07-26 10:26:03 - [TEST_STEP][PASSED] - Statement - println(jsonDetail): null

2018-07-26 10:26:03 - [TEST_STEP][PASSED] - Statement - dynamicObject2 = new com.kms.katalon.core.testobject.TestObject(jsonDetail).addProperty("xpath", EQUALS, jsonDetail, true): null

2018-07-26 10:26:03 - [TEST_STEP][PASSED] - waitForElementVisible: Object '(//input[@id='DS_COL_MAP_MULTIFORM-WS_COLUMN_EXPRESSION'])[1]' is visible

2018-07-26 10:26:04 - [MESSAGE][PASSED] - Object '(//input[@id='DS_COL_MAP_MULTIFORM-WS_COLUMN_EXPRESSION'])[1]' is visible

2018-07-26 10:26:04 - [TEST_STEP][PASSED] - setText: Text 'country ' is set on object '(//input[@id='DS_COL_MAP_MULTIFORM-WS_COLUMN_EXPRESSION'])[1]'

2018-07-26 10:26:04 - [MESSAGE][PASSED] - Text 'country ' is set on object '(//input[@id='DS_COL_MAP_MULTIFORM-WS_COLUMN_EXPRESSION'])[1]'

2018-07-26 10:26:04 - [TEST_STEP][PASSED] - Statement - jsonVal = "(//input[@id='DS_COL_MAP_MULTIFORM-WS_COLUMN_ID'])[" + i + "]": null

2018-07-26 10:26:04 - [TEST_STEP][PASSED] - Statement - println(jsonVal): null

2018-07-26 10:26:04 - [TEST_STEP][PASSED] - Statement - dynamicObject1 = new com.kms.katalon.core.testobject.TestObject(jsonVal).addProperty("xpath", EQUALS, jsonVal, true): null

2018-07-26 10:26:04 - [TEST_STEP][PASSED] - waitForElementVisible: Object '(//input[@id='DS_COL_MAP_MULTIFORM-WS_COLUMN_ID'])[1]' is visible

2018-07-26 10:26:04 - [MESSAGE][PASSED] - Object '(//input[@id='DS_COL_MAP_MULTIFORM-WS_COLUMN_ID'])[1]' is visible

2018-07-26 10:26:04 - [TEST_STEP][PASSED] - setText: Text 'country ' is set on object '(//input[@id='DS_COL_MAP_MULTIFORM-WS_COLUMN_ID'])[1]'

2018-07-26 10:26:04 - [MESSAGE][PASSED] - Text 'country ' is set on object '(//input[@id='DS_COL_MAP_MULTIFORM-WS_COLUMN_ID'])[1]'

2018-07-26 10:26:04 - [TEST_STEP][PASSED] - delay: Delayed 2 second(s)

2018-07-26 10:26:06 - [MESSAGE][PASSED] - Delayed 2 second(s)

2018-07-26 10:26:06 - [TEST_STEP][PASSED] - delay: Delayed 2 second(s)

2018-07-26 10:26:08 - [MESSAGE][PASSED] - Delayed 2 second(s)

2018-07-26 10:26:08 - [TEST_STEP][PASSED] - click: Object: 'Object Repository/New_DataSource/add_button' is clicked on

2018-07-26 10:26:08 - [MESSAGE][PASSED] - Object: 'Object Repository/New_DataSource/add_button' is clicked on

2018-07-26 10:26:08 - [TEST_STEP][PASSED] - Statement - (j++): null

2018-07-26 10:26:08 - [TEST_STEP][PASSED] - Statement - jsonDetail = "(//input[@id='DS_COL_MAP_MULTIFORM-WS_COLUMN_EXPRESSION'])[" + i + "]": null

2018-07-26 10:26:08 - [TEST_STEP][PASSED] - Statement - println(jsonDetail): null

2018-07-26 10:26:08 - [TEST_STEP][PASSED] - Statement - dynamicObject2 = new com.kms.katalon.core.testobject.TestObject(jsonDetail).addProperty("xpath", EQUALS, jsonDetail, true): null

2018-07-26 10:26:08 - [TEST_STEP][PASSED] - waitForElementVisible: Object '(//input[@id='DS_COL_MAP_MULTIFORM-WS_COLUMN_EXPRESSION'])[2]' is visible

2018-07-26 10:26:09 - [MESSAGE][PASSED] - Object '(//input[@id='DS_COL_MAP_MULTIFORM-WS_COLUMN_EXPRESSION'])[2]' is visible

2018-07-26 10:26:09 - [TEST_STEP][PASSED] - setText: Text 'name ' is set on object '(//input[@id='DS_COL_MAP_MULTIFORM-WS_COLUMN_EXPRESSION'])[2]'

2018-07-26 10:26:09 - [MESSAGE][PASSED] - Text 'name ' is set on object '(//input[@id='DS_COL_MAP_MULTIFORM-WS_COLUMN_EXPRESSION'])[2]'

2018-07-26 10:26:09 - [TEST_STEP][PASSED] - Statement - jsonVal = "(//input[@id='DS_COL_MAP_MULTIFORM-WS_COLUMN_ID'])[" + i + "]": null

2018-07-26 10:26:09 - [TEST_STEP][PASSED] - Statement - println(jsonVal): null

2018-07-26 10:26:09 - [TEST_STEP][PASSED] - Statement - dynamicObject1 = new com.kms.katalon.core.testobject.TestObject(jsonVal).addProperty("xpath", EQUALS, jsonVal, true): null

2018-07-26 10:26:09 - [TEST_STEP][PASSED] - waitForElementVisible: Object '(//input[@id='DS_COL_MAP_MULTIFORM-WS_COLUMN_ID'])[2]' is visible

2018-07-26 10:26:09 - [MESSAGE][PASSED] - Object '(//input[@id='DS_COL_MAP_MULTIFORM-WS_COLUMN_ID'])[2]' is visible

2018-07-26 10:26:09 - [TEST_STEP][PASSED] - setText: Text 'name ' is set on object '(//input[@id='DS_COL_MAP_MULTIFORM-WS_COLUMN_ID'])[2]'

2018-07-26 10:26:09 - [MESSAGE][PASSED] - Text 'name ' is set on object '(//input[@id='DS_COL_MAP_MULTIFORM-WS_COLUMN_ID'])[2]'

2018-07-26 10:26:09 - [TEST_STEP][PASSED] - delay: Delayed 2 second(s)

2018-07-26 10:26:11 - [MESSAGE][PASSED] - Delayed 2 second(s)

2018-07-26 10:26:11 - [TEST_STEP][PASSED] - delay: Delayed 2 second(s)

2018-07-26 10:26:13 - [MESSAGE][PASSED] - Delayed 2 second(s)

2018-07-26 10:26:13 - [TEST_STEP][PASSED] - click: Object: 'Object Repository/New_DataSource/add_button' is clicked on

2018-07-26 10:26:13 - [MESSAGE][PASSED] - Object: 'Object Repository/New_DataSource/add_button' is clicked on

2018-07-26 10:26:13 - [TEST_STEP][PASSED] - Statement - (j++): null

2018-07-26 10:26:13 - [TEST_STEP][PASSED] - Statement - jsonDetail = "(//input[@id='DS_COL_MAP_MULTIFORM-WS_COLUMN_EXPRESSION'])[" + i + "]": null

2018-07-26 10:26:13 - [TEST_STEP][PASSED] - Statement - println(jsonDetail): null

2018-07-26 10:26:13 - [TEST_STEP][PASSED] - Statement - dynamicObject2 = new com.kms.katalon.core.testobject.TestObject(jsonDetail).addProperty("xpath", EQUALS, jsonDetail, true): null

2018-07-26 10:26:13 - [TEST_STEP][PASSED] - waitForElementVisible: Object '(//input[@id='DS_COL_MAP_MULTIFORM-WS_COLUMN_EXPRESSION'])[3]' is visible

2018-07-26 10:26:13 - [MESSAGE][PASSED] - Object '(//input[@id='DS_COL_MAP_MULTIFORM-WS_COLUMN_EXPRESSION'])[3]' is visible

2018-07-26 10:26:13 - [TEST_STEP][PASSED] - setText: Text 'abbr ' is set on object '(//input[@id='DS_COL_MAP_MULTIFORM-WS_COLUMN_EXPRESSION'])[3]'

2018-07-26 10:26:14 - [MESSAGE][PASSED] - Text 'abbr ' is set on object '(//input[@id='DS_COL_MAP_MULTIFORM-WS_COLUMN_EXPRESSION'])[3]'

2018-07-26 10:26:14 - [TEST_STEP][PASSED] - Statement - jsonVal = "(//input[@id='DS_COL_MAP_MULTIFORM-WS_COLUMN_ID'])[" + i + "]": null

2018-07-26 10:26:14 - [TEST_STEP][PASSED] - Statement - println(jsonVal): null

2018-07-26 10:26:14 - [TEST_STEP][PASSED] - Statement - dynamicObject1 = new com.kms.katalon.core.testobject.TestObject(jsonVal).addProperty("xpath", EQUALS, jsonVal, true): null

2018-07-26 10:26:14 - [TEST_STEP][PASSED] - waitForElementVisible: Object '(//input[@id='DS_COL_MAP_MULTIFORM-WS_COLUMN_ID'])[3]' is visible

2018-07-26 10:26:14 - [MESSAGE][PASSED] - Object '(//input[@id='DS_COL_MAP_MULTIFORM-WS_COLUMN_ID'])[3]' is visible

2018-07-26 10:26:14 - [TEST_STEP][PASSED] - setText: Text 'abbr ' is set on object '(//input[@id='DS_COL_MAP_MULTIFORM-WS_COLUMN_ID'])[3]'

2018-07-26 10:26:14 - [MESSAGE][PASSED] - Text 'abbr ' is set on object '(//input[@id='DS_COL_MAP_MULTIFORM-WS_COLUMN_ID'])[3]'

2018-07-26 10:26:14 - [TEST_STEP][PASSED] - delay: Delayed 2 second(s)

2018-07-26 10:26:16 - [MESSAGE][PASSED] - Delayed 2 second(s)

2018-07-26 10:26:16 - [TEST_STEP][PASSED] - delay: Delayed 2 second(s)

2018-07-26 10:26:18 - [MESSAGE][PASSED] - Delayed 2 second(s)

2018-07-26 10:26:18 - [TEST_STEP][PASSED] - click: Object: 'Object Repository/New_DataSource/add_button' is clicked on

2018-07-26 10:26:18 - [MESSAGE][PASSED] - Object: 'Object Repository/New_DataSource/add_button' is clicked on

2018-07-26 10:26:18 - [TEST_STEP][PASSED] - Statement - (j++): null

2018-07-26 10:26:18 - [TEST_STEP][PASSED] - delay: Delayed 2 second(s)

2018-07-26 10:26:20 - [MESSAGE][PASSED] - Delayed 2 second(s)

2018-07-26 10:26:20 - [TEST_STEP][PASSED] - click: Object: 'Object Repository/New_DataSource/click_save' is clicked on

2018-07-26 10:26:20 - [MESSAGE][PASSED] - Object: 'Object Repository/New_DataSource/click_save' is clicked on

2018-07-26 10:26:20 - [TEST_STEP][PASSED] - delay: Delayed 3 second(s)

2018-07-26 10:26:23 - [MESSAGE][PASSED] - Delayed 3 second(s)

2018-07-26 10:26:23 - [TEST_STEP][PASSED] - click: Object: 'Object Repository/New_DataSource/click_ok' is clicked on

2018-07-26 10:26:24 - [MESSAGE][PASSED] - Object: 'Object Repository/New_DataSource/click_ok' is clicked on

2018-07-26 10:26:24 - [TEST_STEP][PASSED] - delay: Delayed 3 second(s)

2018-07-26 10:26:27 - [MESSAGE][PASSED] - Delayed 3 second(s)

2018-07-26 10:26:27 - [TEST_STEP][PASSED] - click: Object: 'Object Repository/New_DataSource/close_button' is clicked on

2018-07-26 10:26:27 - [MESSAGE][PASSED] - Object: 'Object Repository/New_DataSource/close_button' is clicked on]]></system-out>
         <system-err><![CDATA[2018-07-26 10:24:47 - [TEST_CASE][FAILED] - Test Cases/Smoke Test/New WebService Connection: Test Cases/Smoke Test/New WebService Connection FAILED because (of) Unable to select option by value 'NOAUTH ' of object 'Object Repository/New_DataSource/select_auth_type'  (Root cause: org.openqa.selenium.NoSuchElementException: Cannot locate option with value: NOAUTH 
For documentation on this error, please visit: http://seleniumhq.org/exceptions/no_such_element.html
Build info: version: '3.7.1', revision: '8a0099a', time: '2017-11-06T21:07:36.161Z'
System info: host: 'N9449', ip: '172.29.25.83', os.name: 'Windows 7', os.arch: 'amd64', os.version: '6.1', java.version: '1.8.0_102'
Driver info: driver.version: unknown)]]></system-err>
      </testcase>
      <testcase name="Test Cases/Smoke Test/New WebService AppDesigner" classname="Test Cases/Smoke Test/New WebService AppDesigner" status="PASSED">
         <system-out><![CDATA[2018-07-26 10:26:27 - [TEST_CASE][PASSED] - Test Cases/Smoke Test/New WebService AppDesigner: Test Cases/Smoke Test/New WebService AppDesigner

2018-07-26 10:26:27 - [TEST_STEP][PASSED] - openBrowser: Browser is opened with url: ''

2018-07-26 10:26:27 - [MESSAGE][WARNING] - A browser is already opened. Closing browser and opening a new one

2018-07-26 10:26:33 - [MESSAGE][PASSED] - Browser is opened with url: ''

2018-07-26 10:26:33 - [TEST_STEP][PASSED] - maximizeWindow: Current window maximized

2018-07-26 10:26:34 - [MESSAGE][PASSED] - Current window maximized

2018-07-26 10:26:34 - [TEST_STEP][PASSED] - navigateToUrl: Navigate to 'http://localhost:8082/expertctstudio/' successfully

2018-07-26 10:26:55 - [MESSAGE][PASSED] - Navigate to 'http://localhost:8082/expertctstudio/' successfully

2018-07-26 10:26:55 - [TEST_STEP][PASSED] - Statement - java.lang.Thread.sleep(3000): null

2018-07-26 10:26:58 - [TEST_STEP][PASSED] - setText: Text 'CTSTUD1' is set on object 'Object Repository/DB_Connectio/Page_Canvas World/Page_Expert CT Studio/input_loginID'

2018-07-26 10:26:58 - [MESSAGE][PASSED] - Text 'CTSTUD1' is set on object 'Object Repository/DB_Connectio/Page_Canvas World/Page_Expert CT Studio/input_loginID'

2018-07-26 10:26:58 - [TEST_STEP][PASSED] - setText: Text 'TEST123' is set on object 'Object Repository/DB_Connectio/Page_Canvas World/Page_Expert CT Studio/input_loginPSW'

2018-07-26 10:26:59 - [MESSAGE][PASSED] - Text 'TEST123' is set on object 'Object Repository/DB_Connectio/Page_Canvas World/Page_Expert CT Studio/input_loginPSW'

2018-07-26 10:26:59 - [TEST_STEP][PASSED] - click: Object: 'Object Repository/DB_Connectio/Page_Canvas World/Page_Expert CT Studio/input_commit' is clicked on

2018-07-26 10:27:01 - [MESSAGE][PASSED] - Object: 'Object Repository/DB_Connectio/Page_Canvas World/Page_Expert CT Studio/input_commit' is clicked on

2018-07-26 10:27:01 - [TEST_STEP][PASSED] - delay: Delayed 3 second(s)

2018-07-26 10:27:04 - [MESSAGE][PASSED] - Delayed 3 second(s)

2018-07-26 10:27:04 - [TEST_STEP][PASSED] - click: Object: 'Object Repository/New_AppDesigner/click_appDesigner' is clicked on

2018-07-26 10:27:04 - [MESSAGE][PASSED] - Object: 'Object Repository/New_AppDesigner/click_appDesigner' is clicked on

2018-07-26 10:27:04 - [TEST_STEP][PASSED] - delay: Delayed 3 second(s)

2018-07-26 10:27:07 - [MESSAGE][PASSED] - Delayed 3 second(s)

2018-07-26 10:27:07 - [TEST_STEP][PASSED] - click: Object: 'Object Repository/New_AppDesigner/click_newApp' is clicked on

2018-07-26 10:27:07 - [MESSAGE][PASSED] - Object: 'Object Repository/New_AppDesigner/click_newApp' is clicked on

2018-07-26 10:27:07 - [TEST_STEP][PASSED] - delay: Delayed 5 second(s)

2018-07-26 10:27:12 - [MESSAGE][PASSED] - Delayed 5 second(s)

2018-07-26 10:27:12 - [TEST_STEP][PASSED] - setText: Text 'Auto_App' is set on object 'Object Repository/New_AppDesigner/enter_appName'

2018-07-26 10:27:13 - [MESSAGE][PASSED] - Text 'Auto_App' is set on object 'Object Repository/New_AppDesigner/enter_appName'

2018-07-26 10:27:13 - [TEST_STEP][PASSED] - delay: Delayed 2 second(s)

2018-07-26 10:27:15 - [MESSAGE][PASSED] - Delayed 2 second(s)

2018-07-26 10:27:15 - [TEST_STEP][PASSED] - setText: Text 'Auto_App' is set on object 'Object Repository/New_AppDesigner/enter_appId'

2018-07-26 10:27:16 - [MESSAGE][PASSED] - Text 'Auto_App' is set on object 'Object Repository/New_AppDesigner/enter_appId'

2018-07-26 10:27:16 - [TEST_STEP][PASSED] - delay: Delayed 2 second(s)

2018-07-26 10:27:18 - [MESSAGE][PASSED] - Delayed 2 second(s)

2018-07-26 10:27:18 - [TEST_STEP][PASSED] - setText: Text 'COMMON' is set on object 'Object Repository/New_AppDesigner/enter_bundleKey'

2018-07-26 10:27:18 - [MESSAGE][PASSED] - Text 'COMMON' is set on object 'Object Repository/New_AppDesigner/enter_bundleKey'

2018-07-26 10:27:18 - [TEST_STEP][PASSED] - delay: Delayed 2 second(s)

2018-07-26 10:27:20 - [MESSAGE][PASSED] - Delayed 2 second(s)

2018-07-26 10:27:20 - [TEST_STEP][PASSED] - selectOptionByIndex: All options with index in [5] are selected on object 'Object Repository/New_AppDesigner/select_prdt'

2018-07-26 10:27:21 - [MESSAGE][PASSED] - All options with index in [5] are selected on object 'Object Repository/New_AppDesigner/select_prdt'

2018-07-26 10:27:21 - [TEST_STEP][PASSED] - delay: Delayed 4 second(s)

2018-07-26 10:27:25 - [MESSAGE][PASSED] - Delayed 4 second(s)

2018-07-26 10:27:25 - [TEST_STEP][PASSED] - selectOptionByIndex: All options with index in [0] are selected on object 'Object Repository/New_AppDesigner/select_subPrdt'

2018-07-26 10:27:25 - [MESSAGE][PASSED] - All options with index in [0] are selected on object 'Object Repository/New_AppDesigner/select_subPrdt'

2018-07-26 10:27:25 - [TEST_STEP][PASSED] - delay: Delayed 2 second(s)

2018-07-26 10:27:27 - [MESSAGE][PASSED] - Delayed 2 second(s)

2018-07-26 10:27:27 - [TEST_STEP][PASSED] - click: Object: 'Object Repository/New_AppDesigner/select_funcCode' is clicked on

2018-07-26 10:27:27 - [MESSAGE][PASSED] - Object: 'Object Repository/New_AppDesigner/select_funcCode' is clicked on

2018-07-26 10:27:27 - [TEST_STEP][PASSED] - selectOptionByIndex: All options with index in [4] are selected on object 'Object Repository/New_AppDesigner/select_funcCode'

2018-07-26 10:27:27 - [MESSAGE][PASSED] - All options with index in [4] are selected on object 'Object Repository/New_AppDesigner/select_funcCode'

2018-07-26 10:27:27 - [TEST_STEP][PASSED] - scrollToElement: Scroll to object 'Object Repository/New_AppDesigner/click_gridType' successfully

2018-07-26 10:27:27 - [MESSAGE][PASSED] - Scroll to object 'Object Repository/New_AppDesigner/click_gridType' successfully

2018-07-26 10:27:27 - [TEST_STEP][PASSED] - delay: Delayed 2 second(s)

2018-07-26 10:27:29 - [MESSAGE][PASSED] - Delayed 2 second(s)

2018-07-26 10:27:29 - [TEST_STEP][PASSED] - Statement - result = com.kms.katalon.core.webui.keyword.WebUiBuiltInKeywords.verifyElementVisible(com.kms.katalon.core.testobject.ObjectRepository.findTestObject(New_AppDesigner/click_classicGrid)): Object 'Object Repository/New_AppDesigner/click_classicGrid' is visible

2018-07-26 10:27:30 - [MESSAGE][PASSED] - Object 'Object Repository/New_AppDesigner/click_classicGrid' is visible

2018-07-26 10:27:30 - [TEST_STEP][PASSED] - Statement - println(result): null

2018-07-26 10:27:30 - [TEST_STEP][PASSED] - delay: Delayed 3 second(s)

2018-07-26 10:27:33 - [MESSAGE][PASSED] - Delayed 3 second(s)

2018-07-26 10:27:33 - [TEST_STEP][PASSED] - doubleClick: Object: 'Object Repository/New_AppDesigner/click_classicGrid' is double clicked on

2018-07-26 10:27:33 - [MESSAGE][PASSED] - Object: 'Object Repository/New_AppDesigner/click_classicGrid' is double clicked on

2018-07-26 10:27:33 - [TEST_STEP][PASSED] - delay: Delayed 3 second(s)

2018-07-26 10:27:36 - [MESSAGE][PASSED] - Delayed 3 second(s)

2018-07-26 10:27:36 - [TEST_STEP][PASSED] - click: Object: 'Object Repository/New_AppDesigner/click_datasource' is clicked on

2018-07-26 10:27:36 - [MESSAGE][PASSED] - Object: 'Object Repository/New_AppDesigner/click_datasource' is clicked on

2018-07-26 10:27:36 - [TEST_STEP][PASSED] - delay: Delayed 3 second(s)

2018-07-26 10:27:39 - [MESSAGE][PASSED] - Delayed 3 second(s)

2018-07-26 10:27:39 - [TEST_STEP][PASSED] - Statement - webService = "(//span[contains(text(),'" + com.kms.katalon.core.testdata.TestDataFactory.findTestData(Database).getValue("datasource_name", 3) + "')])[3]": Reading excel file with source file 'C:\Users\arokia.raj\Desktop\Database.xls' and sheet name 'Login'

2018-07-26 10:27:39 - [TEST_STEP][PASSED] - Statement - println(webService): null

2018-07-26 10:27:39 - [TEST_STEP][PASSED] - Statement - dynamicObject2 = new com.kms.katalon.core.testobject.TestObject(webService).addProperty("xpath", EQUALS, webService, true): null

2018-07-26 10:27:39 - [TEST_STEP][PASSED] - waitForElementVisible: Object '(//span[contains(text(),'AUTO_WS')])[3]' is visible

2018-07-26 10:27:39 - [MESSAGE][PASSED] - Object '(//span[contains(text(),'AUTO_WS')])[3]' is visible

2018-07-26 10:27:39 - [TEST_STEP][PASSED] - click: Object: '(//span[contains(text(),'AUTO_WS')])[3]' is clicked on

2018-07-26 10:27:39 - [MESSAGE][PASSED] - Object: '(//span[contains(text(),'AUTO_WS')])[3]' is clicked on

2018-07-26 10:27:39 - [TEST_STEP][PASSED] - delay: Delayed 3 second(s)

2018-07-26 10:27:42 - [MESSAGE][PASSED] - Delayed 3 second(s)

2018-07-26 10:27:42 - [TEST_STEP][PASSED] - click: Object: 'Object Repository/New_AppDesigner/proceed_button' is clicked on

2018-07-26 10:27:42 - [MESSAGE][PASSED] - Object: 'Object Repository/New_AppDesigner/proceed_button' is clicked on

2018-07-26 10:27:42 - [TEST_STEP][PASSED] - delay: Delayed 3 second(s)

2018-07-26 10:27:45 - [MESSAGE][PASSED] - Delayed 3 second(s)

2018-07-26 10:27:45 - [TEST_STEP][PASSED] - click: Object: 'Object Repository/New_AppDesigner/click_columns' is clicked on

2018-07-26 10:27:46 - [MESSAGE][PASSED] - Object: 'Object Repository/New_AppDesigner/click_columns' is clicked on

2018-07-26 10:27:46 - [TEST_STEP][PASSED] - delay: Delayed 3 second(s)

2018-07-26 10:27:49 - [MESSAGE][PASSED] - Delayed 3 second(s)

2018-07-26 10:27:49 - [TEST_STEP][PASSED] - Statement - For ([i = 3, i <= 5, (i++)]): Delayed 2 second(s)

2018-07-26 10:27:49 - [TEST_STEP][PASSED] - Statement - source = "(//div[@column-id='" + com.kms.katalon.core.testdata.TestDataFactory.findTestData(Database).getValue("Json_val", i) + "'])[1]": Reading excel file with source file 'C:\Users\arokia.raj\Desktop\Database.xls' and sheet name 'Login'

2018-07-26 10:27:49 - [TEST_STEP][PASSED] - Statement - println(source): null

2018-07-26 10:27:49 - [TEST_STEP][PASSED] - Statement - drag = new com.kms.katalon.core.testobject.TestObject(source).addProperty("xpath", EQUALS, source, true): null

2018-07-26 10:27:49 - [TEST_STEP][PASSED] - doubleClick: Object: '(//div[@column-id='country '])[1]' is double clicked on

2018-07-26 10:27:49 - [MESSAGE][PASSED] - Object: '(//div[@column-id='country '])[1]' is double clicked on

2018-07-26 10:27:49 - [TEST_STEP][PASSED] - delay: Delayed 2 second(s)

2018-07-26 10:27:51 - [MESSAGE][PASSED] - Delayed 2 second(s)

2018-07-26 10:27:51 - [TEST_STEP][PASSED] - Statement - source = "(//div[@column-id='" + com.kms.katalon.core.testdata.TestDataFactory.findTestData(Database).getValue("Json_val", i) + "'])[1]": Reading excel file with source file 'C:\Users\arokia.raj\Desktop\Database.xls' and sheet name 'Login'

2018-07-26 10:27:51 - [TEST_STEP][PASSED] - Statement - println(source): null

2018-07-26 10:27:51 - [TEST_STEP][PASSED] - Statement - drag = new com.kms.katalon.core.testobject.TestObject(source).addProperty("xpath", EQUALS, source, true): null

2018-07-26 10:27:51 - [TEST_STEP][PASSED] - doubleClick: Object: '(//div[@column-id='name '])[1]' is double clicked on

2018-07-26 10:27:51 - [MESSAGE][PASSED] - Object: '(//div[@column-id='name '])[1]' is double clicked on

2018-07-26 10:27:51 - [TEST_STEP][PASSED] - delay: Delayed 2 second(s)

2018-07-26 10:27:53 - [MESSAGE][PASSED] - Delayed 2 second(s)

2018-07-26 10:27:53 - [TEST_STEP][PASSED] - Statement - source = "(//div[@column-id='" + com.kms.katalon.core.testdata.TestDataFactory.findTestData(Database).getValue("Json_val", i) + "'])[1]": Reading excel file with source file 'C:\Users\arokia.raj\Desktop\Database.xls' and sheet name 'Login'

2018-07-26 10:27:53 - [TEST_STEP][PASSED] - Statement - println(source): null

2018-07-26 10:27:53 - [TEST_STEP][PASSED] - Statement - drag = new com.kms.katalon.core.testobject.TestObject(source).addProperty("xpath", EQUALS, source, true): null

2018-07-26 10:27:53 - [TEST_STEP][PASSED] - doubleClick: Object: '(//div[@column-id='abbr '])[1]' is double clicked on

2018-07-26 10:27:53 - [MESSAGE][PASSED] - Object: '(//div[@column-id='abbr '])[1]' is double clicked on

2018-07-26 10:27:53 - [TEST_STEP][PASSED] - delay: Delayed 2 second(s)

2018-07-26 10:27:55 - [MESSAGE][PASSED] - Delayed 2 second(s)

2018-07-26 10:27:55 - [TEST_STEP][PASSED] - delay: Delayed 3 second(s)

2018-07-26 10:27:58 - [MESSAGE][PASSED] - Delayed 3 second(s)

2018-07-26 10:27:58 - [TEST_STEP][PASSED] - click: Object: 'Object Repository/New_AppDesigner/save_app' is clicked on

2018-07-26 10:27:58 - [MESSAGE][PASSED] - Object: 'Object Repository/New_AppDesigner/save_app' is clicked on

2018-07-26 10:27:58 - [TEST_STEP][PASSED] - delay: Delayed 3 second(s)

2018-07-26 10:28:01 - [MESSAGE][PASSED] - Delayed 3 second(s)

2018-07-26 10:28:01 - [TEST_STEP][PASSED] - click: Object: 'Object Repository/New_AppDesigner/click_ok' is clicked on

2018-07-26 10:28:02 - [MESSAGE][PASSED] - Object: 'Object Repository/New_AppDesigner/click_ok' is clicked on

2018-07-26 10:28:02 - [TEST_STEP][PASSED] - delay: Delayed 3 second(s)

2018-07-26 10:28:05 - [MESSAGE][PASSED] - Delayed 3 second(s)

2018-07-26 10:28:05 - [TEST_STEP][PASSED] - click: Object: 'Object Repository/New_AppDesigner/close_appDesigner' is clicked on

2018-07-26 10:28:05 - [MESSAGE][PASSED] - Object: 'Object Repository/New_AppDesigner/close_appDesigner' is clicked on]]></system-out>
         <system-err><![CDATA[]]></system-err>
      </testcase>
      <testcase name="Test Cases/Smoke Test/New WebService Worksapce Designer" classname="Test Cases/Smoke Test/New WebService Worksapce Designer" status="PASSED">
         <system-out><![CDATA[2018-07-26 10:28:05 - [TEST_CASE][PASSED] - Test Cases/Smoke Test/New WebService Worksapce Designer: Test Cases/Smoke Test/New WebService Worksapce Designer

2018-07-26 10:28:05 - [TEST_STEP][PASSED] - openBrowser: Browser is opened with url: ''

2018-07-26 10:28:05 - [MESSAGE][WARNING] - A browser is already opened. Closing browser and opening a new one

2018-07-26 10:28:11 - [MESSAGE][PASSED] - Browser is opened with url: ''

2018-07-26 10:28:11 - [TEST_STEP][PASSED] - maximizeWindow: Current window maximized

2018-07-26 10:28:12 - [MESSAGE][PASSED] - Current window maximized

2018-07-26 10:28:12 - [TEST_STEP][PASSED] - navigateToUrl: Navigate to 'http://localhost:8082/expertctstudio/' successfully

2018-07-26 10:28:33 - [MESSAGE][PASSED] - Navigate to 'http://localhost:8082/expertctstudio/' successfully

2018-07-26 10:28:33 - [TEST_STEP][PASSED] - Statement - java.lang.Thread.sleep(3000): null

2018-07-26 10:28:36 - [TEST_STEP][PASSED] - setText: Text 'CTSTUD1' is set on object 'Object Repository/DB_Connectio/Page_Canvas World/Page_Expert CT Studio/input_loginID'

2018-07-26 10:28:37 - [MESSAGE][PASSED] - Text 'CTSTUD1' is set on object 'Object Repository/DB_Connectio/Page_Canvas World/Page_Expert CT Studio/input_loginID'

2018-07-26 10:28:37 - [TEST_STEP][PASSED] - setText: Text 'TEST123' is set on object 'Object Repository/DB_Connectio/Page_Canvas World/Page_Expert CT Studio/input_loginPSW'

2018-07-26 10:28:37 - [MESSAGE][PASSED] - Text 'TEST123' is set on object 'Object Repository/DB_Connectio/Page_Canvas World/Page_Expert CT Studio/input_loginPSW'

2018-07-26 10:28:37 - [TEST_STEP][PASSED] - click: Object: 'Object Repository/DB_Connectio/Page_Canvas World/Page_Expert CT Studio/input_commit' is clicked on

2018-07-26 10:28:39 - [MESSAGE][PASSED] - Object: 'Object Repository/DB_Connectio/Page_Canvas World/Page_Expert CT Studio/input_commit' is clicked on

2018-07-26 10:28:39 - [TEST_STEP][PASSED] - delay: Delayed 3 second(s)

2018-07-26 10:28:42 - [MESSAGE][PASSED] - Delayed 3 second(s)

2018-07-26 10:28:42 - [TEST_STEP][PASSED] - click: Object: 'Object Repository/New_WS_Designer/click_WS_Designer' is clicked on

2018-07-26 10:28:42 - [MESSAGE][PASSED] - Object: 'Object Repository/New_WS_Designer/click_WS_Designer' is clicked on

2018-07-26 10:28:42 - [TEST_STEP][PASSED] - delay: Delayed 3 second(s)

2018-07-26 10:28:45 - [MESSAGE][PASSED] - Delayed 3 second(s)

2018-07-26 10:28:45 - [TEST_STEP][PASSED] - click: Object: 'Object Repository/New_WS_Designer/add_WS' is clicked on

2018-07-26 10:28:45 - [MESSAGE][PASSED] - Object: 'Object Repository/New_WS_Designer/add_WS' is clicked on

2018-07-26 10:28:45 - [TEST_STEP][PASSED] - delay: Delayed 5 second(s)

2018-07-26 10:28:50 - [MESSAGE][PASSED] - Delayed 5 second(s)

2018-07-26 10:28:50 - [TEST_STEP][PASSED] - setText: Text 'Auto_App' is set on object 'Object Repository/New_WS_Designer/WS_Title'

2018-07-26 10:28:50 - [MESSAGE][PASSED] - Text 'Auto_App' is set on object 'Object Repository/New_WS_Designer/WS_Title'

2018-07-26 10:28:50 - [TEST_STEP][PASSED] - delay: Delayed 2 second(s)

2018-07-26 10:28:52 - [MESSAGE][PASSED] - Delayed 2 second(s)

2018-07-26 10:28:52 - [TEST_STEP][PASSED] - setText: Text 'Auto_App' is set on object 'Object Repository/New_WS_Designer/WS_bundle'

2018-07-26 10:28:53 - [MESSAGE][PASSED] - Text 'Auto_App' is set on object 'Object Repository/New_WS_Designer/WS_bundle'

2018-07-26 10:28:53 - [TEST_STEP][PASSED] - delay: Delayed 2 second(s)

2018-07-26 10:28:55 - [MESSAGE][PASSED] - Delayed 2 second(s)

2018-07-26 10:28:55 - [TEST_STEP][PASSED] - setText: Text 'Auto_App' is set on object 'Object Repository/New_WS_Designer/WS_id'

2018-07-26 10:28:55 - [MESSAGE][PASSED] - Text 'Auto_App' is set on object 'Object Repository/New_WS_Designer/WS_id'

2018-07-26 10:28:55 - [TEST_STEP][PASSED] - delay: Delayed 2 second(s)

2018-07-26 10:28:57 - [MESSAGE][PASSED] - Delayed 2 second(s)

2018-07-26 10:28:57 - [TEST_STEP][PASSED] - selectOptionByIndex: All options with index in [5] are selected on object 'Object Repository/New_WS_Designer/select_prdt'

2018-07-26 10:28:57 - [MESSAGE][PASSED] - All options with index in [5] are selected on object 'Object Repository/New_WS_Designer/select_prdt'

2018-07-26 10:28:57 - [TEST_STEP][PASSED] - delay: Delayed 2 second(s)

2018-07-26 10:28:59 - [MESSAGE][PASSED] - Delayed 2 second(s)

2018-07-26 10:28:59 - [TEST_STEP][PASSED] - selectOptionByIndex: All options with index in [1] are selected on object 'Object Repository/New_WS_Designer/select_subPrdt'

2018-07-26 10:28:59 - [MESSAGE][PASSED] - All options with index in [1] are selected on object 'Object Repository/New_WS_Designer/select_subPrdt'

2018-07-26 10:28:59 - [TEST_STEP][PASSED] - delay: Delayed 3 second(s)

2018-07-26 10:29:02 - [MESSAGE][PASSED] - Delayed 3 second(s)

2018-07-26 10:29:02 - [TEST_STEP][PASSED] - delay: Delayed 2 second(s)

2018-07-26 10:29:04 - [MESSAGE][PASSED] - Delayed 2 second(s)

2018-07-26 10:29:04 - [TEST_STEP][PASSED] - click: Object: 'Object Repository/New_WS_Designer/proceed_button' is clicked on

2018-07-26 10:29:05 - [MESSAGE][PASSED] - Object: 'Object Repository/New_WS_Designer/proceed_button' is clicked on

2018-07-26 10:29:05 - [TEST_STEP][PASSED] - delay: Delayed 3 second(s)

2018-07-26 10:29:08 - [MESSAGE][PASSED] - Delayed 3 second(s)

2018-07-26 10:29:08 - [TEST_STEP][PASSED] - click: Object: 'Object Repository/New_WS_Designer/add_subws' is clicked on

2018-07-26 10:29:08 - [MESSAGE][PASSED] - Object: 'Object Repository/New_WS_Designer/add_subws' is clicked on

2018-07-26 10:29:08 - [TEST_STEP][PASSED] - delay: Delayed 2 second(s)

2018-07-26 10:29:10 - [MESSAGE][PASSED] - Delayed 2 second(s)

2018-07-26 10:29:10 - [TEST_STEP][PASSED] - setText: Text 'Auto_App' is set on object 'Object Repository/New_WS_Designer/enter_subws_name'

2018-07-26 10:29:10 - [MESSAGE][PASSED] - Text 'Auto_App' is set on object 'Object Repository/New_WS_Designer/enter_subws_name'

2018-07-26 10:29:10 - [TEST_STEP][PASSED] - delay: Delayed 2 second(s)

2018-07-26 10:29:12 - [MESSAGE][PASSED] - Delayed 2 second(s)

2018-07-26 10:29:12 - [TEST_STEP][PASSED] - setText: Text 'Auto_App' is set on object 'Object Repository/New_WS_Designer/subws_id'

2018-07-26 10:29:13 - [MESSAGE][PASSED] - Text 'Auto_App' is set on object 'Object Repository/New_WS_Designer/subws_id'

2018-07-26 10:29:13 - [TEST_STEP][PASSED] - delay: Delayed 2 second(s)

2018-07-26 10:29:15 - [MESSAGE][PASSED] - Delayed 2 second(s)

2018-07-26 10:29:15 - [TEST_STEP][PASSED] - selectOptionByIndex: All options with index in [5] are selected on object 'Object Repository/New_WS_Designer/subws_prdt'

2018-07-26 10:29:15 - [MESSAGE][PASSED] - All options with index in [5] are selected on object 'Object Repository/New_WS_Designer/subws_prdt'

2018-07-26 10:29:15 - [TEST_STEP][PASSED] - delay: Delayed 2 second(s)

2018-07-26 10:29:17 - [MESSAGE][PASSED] - Delayed 2 second(s)

2018-07-26 10:29:17 - [TEST_STEP][PASSED] - click: Object: 'Object Repository/New_WS_Designer/proceed_button' is clicked on

2018-07-26 10:29:17 - [MESSAGE][PASSED] - Object: 'Object Repository/New_WS_Designer/proceed_button' is clicked on

2018-07-26 10:29:17 - [TEST_STEP][PASSED] - delay: Delayed 3 second(s)

2018-07-26 10:29:20 - [MESSAGE][PASSED] - Delayed 3 second(s)

2018-07-26 10:29:20 - [TEST_STEP][PASSED] - click: Object: 'Object Repository/New_WS_Designer/add_app' is clicked on

2018-07-26 10:29:20 - [MESSAGE][PASSED] - Object: 'Object Repository/New_WS_Designer/add_app' is clicked on

2018-07-26 10:29:20 - [TEST_STEP][PASSED] - Statement - addApp = "//label[@data-widget-id='AUTO_APP']": null]]></system-out>
         <system-err><![CDATA[]]></system-err>
      </testcase>
      <system-out><![CDATA[2018-07-26 10:24:47 - [TEST_SUITE][FAILED] - WebService_Suite: Test Cases/Smoke Test/New WebService Connection FAILED because (of) Unable to select option by value 'NOAUTH ' of object 'Object Repository/New_DataSource/select_auth_type'  (Root cause: org.openqa.selenium.NoSuchElementException: Cannot locate option with value: NOAUTH 
For documentation on this error, please visit: http://seleniumhq.org/exceptions/no_such_element.html
Build info: version: '3.7.1', revision: '8a0099a', time: '2017-11-06T21:07:36.161Z'
System info: host: 'N9449', ip: '172.29.25.83', os.name: 'Windows 7', os.arch: 'amd64', os.version: '6.1', java.version: '1.8.0_102'
Driver info: driver.version: unknown)]]></system-out>
      <system-err><![CDATA[2018-07-26 10:24:47 - [TEST_SUITE][FAILED] - WebService_Suite: Test Cases/Smoke Test/New WebService Connection FAILED because (of) Unable to select option by value 'NOAUTH ' of object 'Object Repository/New_DataSource/select_auth_type'  (Root cause: org.openqa.selenium.NoSuchElementException: Cannot locate option with value: NOAUTH 
For documentation on this error, please visit: http://seleniumhq.org/exceptions/no_such_element.html
Build info: version: '3.7.1', revision: '8a0099a', time: '2017-11-06T21:07:36.161Z'
System info: host: 'N9449', ip: '172.29.25.83', os.name: 'Windows 7', os.arch: 'amd64', os.version: '6.1', java.version: '1.8.0_102'
Driver info: driver.version: unknown)]]></system-err>
   </testsuite>
</testsuites>
